/home/ros/docker_simulation_ws/install/rlg_quad_controller/lib/python3.10/site-packages/rlg_quad_controller/inference_controller_robot.py
/home/ros/docker_simulation_ws/install/rlg_quad_controller/lib/python3.10/site-packages/rlg_quad_controller/inference_controller_sim.py
/home/ros/docker_simulation_ws/install/rlg_quad_controller/lib/python3.10/site-packages/rlg_quad_controller/inference_controller_simulation.py
/home/ros/docker_simulation_ws/install/rlg_quad_controller/lib/python3.10/site-packages/rlg_quad_controller/trajectory_publisher.py
/home/ros/docker_simulation_ws/install/rlg_quad_controller/lib/python3.10/site-packages/rlg_quad_controller/force_measure.py
/home/ros/docker_simulation_ws/install/rlg_quad_controller/lib/python3.10/site-packages/rlg_quad_controller/inference_francesco.py
/home/ros/docker_simulation_ws/install/rlg_quad_controller/lib/python3.10/site-packages/rlg_quad_controller/__init__.py
/home/ros/docker_simulation_ws/install/rlg_quad_controller/lib/python3.10/site-packages/rlg_quad_controller/utils/torch_utils.py
/home/ros/docker_simulation_ws/install/rlg_quad_controller/lib/python3.10/site-packages/rlg_quad_controller/utils/rlg_utils.py
/home/ros/docker_simulation_ws/install/rlg_quad_controller/lib/python3.10/site-packages/rlg_quad_controller/utils/__init__.py
/home/ros/docker_simulation_ws/install/rlg_quad_controller/lib/python3.10/site-packages/rlg_quad_controller/__pycache__/inference_controller_robot.cpython-310.pyc
/home/ros/docker_simulation_ws/install/rlg_quad_controller/lib/python3.10/site-packages/rlg_quad_controller/__pycache__/inference_controller_sim.cpython-310.pyc
/home/ros/docker_simulation_ws/install/rlg_quad_controller/lib/python3.10/site-packages/rlg_quad_controller/__pycache__/inference_controller_simulation.cpython-310.pyc
/home/ros/docker_simulation_ws/install/rlg_quad_controller/lib/python3.10/site-packages/rlg_quad_controller/__pycache__/trajectory_publisher.cpython-310.pyc
/home/ros/docker_simulation_ws/install/rlg_quad_controller/lib/python3.10/site-packages/rlg_quad_controller/__pycache__/force_measure.cpython-310.pyc
/home/ros/docker_simulation_ws/install/rlg_quad_controller/lib/python3.10/site-packages/rlg_quad_controller/__pycache__/inference_francesco.cpython-310.pyc
/home/ros/docker_simulation_ws/install/rlg_quad_controller/lib/python3.10/site-packages/rlg_quad_controller/__pycache__/__init__.cpython-310.pyc
/home/ros/docker_simulation_ws/install/rlg_quad_controller/lib/python3.10/site-packages/rlg_quad_controller/utils/__pycache__/torch_utils.cpython-310.pyc
/home/ros/docker_simulation_ws/install/rlg_quad_controller/lib/python3.10/site-packages/rlg_quad_controller/utils/__pycache__/rlg_utils.cpython-310.pyc
/home/ros/docker_simulation_ws/install/rlg_quad_controller/lib/python3.10/site-packages/rlg_quad_controller/utils/__pycache__/__init__.cpython-310.pyc
/home/ros/docker_simulation_ws/install/rlg_quad_controller/share/ament_index/resource_index/packages/rlg_quad_controller
/home/ros/docker_simulation_ws/install/rlg_quad_controller/share/rlg_quad_controller/package.xml
/home/ros/docker_simulation_ws/install/rlg_quad_controller/share/rlg_quad_controller/launch/omniquad_inference_robot.launch.py
/home/ros/docker_simulation_ws/install/rlg_quad_controller/share/rlg_quad_controller/launch/omniquad_inference_sim.launch.py
/home/ros/docker_simulation_ws/install/rlg_quad_controller/share/rlg_quad_controller/config/mulinex_simulation_config.yaml
/home/ros/docker_simulation_ws/install/rlg_quad_controller/share/rlg_quad_controller/config/mulinex_simulation_feedforward.yaml
/home/ros/docker_simulation_ws/install/rlg_quad_controller/share/rlg_quad_controller/config/mulinex_config_feedforward.yaml
/home/ros/docker_simulation_ws/install/rlg_quad_controller/share/rlg_quad_controller/config/mulinex_config.yaml
/home/ros/docker_simulation_ws/install/rlg_quad_controller/share/rlg_quad_controller/models/omniquad_flat.pth
/home/ros/docker_simulation_ws/install/rlg_quad_controller/share/rlg_quad_controller/models/agent.yaml
/home/ros/docker_simulation_ws/install/rlg_quad_controller/share/rlg_quad_controller/models/env.yaml
/home/ros/docker_simulation_ws/install/rlg_quad_controller/share/rlg_quad_controller/models/omni_flat_v1/omniquad_flat.pth
/home/ros/docker_simulation_ws/install/rlg_quad_controller/share/rlg_quad_controller/models/omni_flat_v1/agent.yaml
/home/ros/docker_simulation_ws/install/rlg_quad_controller/share/rlg_quad_controller/models/omni_flat_v1/env.yaml
/home/ros/docker_simulation_ws/install/rlg_quad_controller/lib/python3.10/site-packages/rlg_quad_controller-0.0.0-py3.10.egg-info/dependency_links.txt
/home/ros/docker_simulation_ws/install/rlg_quad_controller/lib/python3.10/site-packages/rlg_quad_controller-0.0.0-py3.10.egg-info/SOURCES.txt
/home/ros/docker_simulation_ws/install/rlg_quad_controller/lib/python3.10/site-packages/rlg_quad_controller-0.0.0-py3.10.egg-info/requires.txt
/home/ros/docker_simulation_ws/install/rlg_quad_controller/lib/python3.10/site-packages/rlg_quad_controller-0.0.0-py3.10.egg-info/entry_points.txt
/home/ros/docker_simulation_ws/install/rlg_quad_controller/lib/python3.10/site-packages/rlg_quad_controller-0.0.0-py3.10.egg-info/top_level.txt
/home/ros/docker_simulation_ws/install/rlg_quad_controller/lib/python3.10/site-packages/rlg_quad_controller-0.0.0-py3.10.egg-info/zip-safe
/home/ros/docker_simulation_ws/install/rlg_quad_controller/lib/python3.10/site-packages/rlg_quad_controller-0.0.0-py3.10.egg-info/PKG-INFO
/home/ros/docker_simulation_ws/install/rlg_quad_controller/lib/rlg_quad_controller/force_measure
/home/ros/docker_simulation_ws/install/rlg_quad_controller/lib/rlg_quad_controller/inference_controller_robot
/home/ros/docker_simulation_ws/install/rlg_quad_controller/lib/rlg_quad_controller/inference_controller_sim
/home/ros/docker_simulation_ws/install/rlg_quad_controller/lib/rlg_quad_controller/trajectory_publisher
