[2.846s] Invoking command in '/home/ros/docker_simulation_ws/build/rlg_quad_controller': CMAKE_PREFIX_PATH=/home/ros/docker_simulation_ws/install/pi3hat_moteus_int_msgs:/home/ros/docker_simulation_ws/install/wheels_vel_cnt:/home/ros/docker_simulation_ws/install/rbt_pd_cnt:/home/ros/docker_simulation_ws/install/omni_vel_controller:/home/ros/docker_simulation_ws/install/omni_mulinex_joystic:/home/ros/docker_simulation_ws/install/ik_quad_foot_control:/home/ros/docker_simulation_ws/install/mulinex_ignition:/home/ros/docker_simulation_ws/install/mulinex_description:/home/ros/docker_simulation_ws/install/custom_interfaces LD_LIBRARY_PATH=/home/ros/docker_simulation_ws/install/pi3hat_moteus_int_msgs/lib:/home/ros/docker_simulation_ws/install/wheels_vel_cnt/lib:/home/ros/docker_simulation_ws/install/rbt_pd_cnt/lib:/home/ros/docker_simulation_ws/install/omni_vel_controller/lib:/home/ros/docker_simulation_ws/install/omni_mulinex_joystic/lib:/home/ros/docker_simulation_ws/install/ik_quad_foot_control/lib:/home/ros/docker_simulation_ws/install/custom_interfaces/lib:/opt/ros/humble/opt/rviz_ogre_vendor/lib:/opt/ros/humble/lib/x86_64-linux-gnu:/opt/ros/humble/lib PYTHONPATH=/home/ros/docker_simulation_ws/build/rlg_quad_controller/prefix_override:/usr/lib/python3/dist-packages/colcon_core/task/python/colcon_distutils_commands:/home/ros/docker_simulation_ws/install/rlg_quad_controller/lib/python3.10/site-packages:${PYTHONPATH} /usr/bin/python3 -W ignore:setup.py install is deprecated -W ignore:easy_install command is deprecated setup.py develop --uninstall --editable --build-directory /home/ros/docker_simulation_ws/build/rlg_quad_controller/build
[3.966s] running develop
[4.434s] Removing /home/ros/docker_simulation_ws/install/rlg_quad_controller/lib/python3.10/site-packages/rlg-quad-controller.egg-link (link to .)
[4.527s] Invoked command in '/home/ros/docker_simulation_ws/build/rlg_quad_controller' returned '0': CMAKE_PREFIX_PATH=/home/ros/docker_simulation_ws/install/pi3hat_moteus_int_msgs:/home/ros/docker_simulation_ws/install/wheels_vel_cnt:/home/ros/docker_simulation_ws/install/rbt_pd_cnt:/home/ros/docker_simulation_ws/install/omni_vel_controller:/home/ros/docker_simulation_ws/install/omni_mulinex_joystic:/home/ros/docker_simulation_ws/install/ik_quad_foot_control:/home/ros/docker_simulation_ws/install/mulinex_ignition:/home/ros/docker_simulation_ws/install/mulinex_description:/home/ros/docker_simulation_ws/install/custom_interfaces LD_LIBRARY_PATH=/home/ros/docker_simulation_ws/install/pi3hat_moteus_int_msgs/lib:/home/ros/docker_simulation_ws/install/wheels_vel_cnt/lib:/home/ros/docker_simulation_ws/install/rbt_pd_cnt/lib:/home/ros/docker_simulation_ws/install/omni_vel_controller/lib:/home/ros/docker_simulation_ws/install/omni_mulinex_joystic/lib:/home/ros/docker_simulation_ws/install/ik_quad_foot_control/lib:/home/ros/docker_simulation_ws/install/custom_interfaces/lib:/opt/ros/humble/opt/rviz_ogre_vendor/lib:/opt/ros/humble/lib/x86_64-linux-gnu:/opt/ros/humble/lib PYTHONPATH=/home/ros/docker_simulation_ws/build/rlg_quad_controller/prefix_override:/usr/lib/python3/dist-packages/colcon_core/task/python/colcon_distutils_commands:/home/ros/docker_simulation_ws/install/rlg_quad_controller/lib/python3.10/site-packages:${PYTHONPATH} /usr/bin/python3 -W ignore:setup.py install is deprecated -W ignore:easy_install command is deprecated setup.py develop --uninstall --editable --build-directory /home/ros/docker_simulation_ws/build/rlg_quad_controller/build
[4.531s] Invoking command in '/home/ros/docker_simulation_ws/src/rlg_quad_controller': CMAKE_PREFIX_PATH=/home/ros/docker_simulation_ws/install/pi3hat_moteus_int_msgs:/home/ros/docker_simulation_ws/install/wheels_vel_cnt:/home/ros/docker_simulation_ws/install/rbt_pd_cnt:/home/ros/docker_simulation_ws/install/omni_vel_controller:/home/ros/docker_simulation_ws/install/omni_mulinex_joystic:/home/ros/docker_simulation_ws/install/ik_quad_foot_control:/home/ros/docker_simulation_ws/install/mulinex_ignition:/home/ros/docker_simulation_ws/install/mulinex_description:/home/ros/docker_simulation_ws/install/custom_interfaces LD_LIBRARY_PATH=/home/ros/docker_simulation_ws/install/pi3hat_moteus_int_msgs/lib:/home/ros/docker_simulation_ws/install/wheels_vel_cnt/lib:/home/ros/docker_simulation_ws/install/rbt_pd_cnt/lib:/home/ros/docker_simulation_ws/install/omni_vel_controller/lib:/home/ros/docker_simulation_ws/install/omni_mulinex_joystic/lib:/home/ros/docker_simulation_ws/install/ik_quad_foot_control/lib:/home/ros/docker_simulation_ws/install/custom_interfaces/lib:/opt/ros/humble/opt/rviz_ogre_vendor/lib:/opt/ros/humble/lib/x86_64-linux-gnu:/opt/ros/humble/lib PYTHONPATH=/home/ros/docker_simulation_ws/build/rlg_quad_controller/prefix_override:/usr/lib/python3/dist-packages/colcon_core/task/python/colcon_distutils_commands:/home/ros/docker_simulation_ws/install/rlg_quad_controller/lib/python3.10/site-packages:${PYTHONPATH} /usr/bin/python3 -W ignore:setup.py install is deprecated -W ignore:easy_install command is deprecated setup.py egg_info --egg-base ../../build/rlg_quad_controller build --build-base /home/ros/docker_simulation_ws/build/rlg_quad_controller/build install --record /home/ros/docker_simulation_ws/build/rlg_quad_controller/install.log --single-version-externally-managed install_data --force
[4.915s] running egg_info
[4.917s] writing ../../build/rlg_quad_controller/rlg_quad_controller.egg-info/PKG-INFO
[4.917s] writing dependency_links to ../../build/rlg_quad_controller/rlg_quad_controller.egg-info/dependency_links.txt
[4.918s] writing entry points to ../../build/rlg_quad_controller/rlg_quad_controller.egg-info/entry_points.txt
[4.918s] writing requirements to ../../build/rlg_quad_controller/rlg_quad_controller.egg-info/requires.txt
[4.919s] writing top-level names to ../../build/rlg_quad_controller/rlg_quad_controller.egg-info/top_level.txt
[4.922s] reading manifest file '../../build/rlg_quad_controller/rlg_quad_controller.egg-info/SOURCES.txt'
[4.925s] writing manifest file '../../build/rlg_quad_controller/rlg_quad_controller.egg-info/SOURCES.txt'
[4.925s] running build
[4.926s] running build_py
[4.926s] creating /home/ros/docker_simulation_ws/build/rlg_quad_controller/build
[4.926s] creating /home/ros/docker_simulation_ws/build/rlg_quad_controller/build/lib
[4.927s] creating /home/ros/docker_simulation_ws/build/rlg_quad_controller/build/lib/rlg_quad_controller
[4.928s] copying rlg_quad_controller/inference_controller_robot.py -> /home/ros/docker_simulation_ws/build/rlg_quad_controller/build/lib/rlg_quad_controller
[4.928s] copying rlg_quad_controller/inference_controller_sim.py -> /home/ros/docker_simulation_ws/build/rlg_quad_controller/build/lib/rlg_quad_controller
[4.929s] copying rlg_quad_controller/inference_controller_simulation.py -> /home/ros/docker_simulation_ws/build/rlg_quad_controller/build/lib/rlg_quad_controller
[4.929s] copying rlg_quad_controller/trajectory_publisher.py -> /home/ros/docker_simulation_ws/build/rlg_quad_controller/build/lib/rlg_quad_controller
[4.930s] copying rlg_quad_controller/force_measure.py -> /home/ros/docker_simulation_ws/build/rlg_quad_controller/build/lib/rlg_quad_controller
[4.930s] copying rlg_quad_controller/inference_francesco.py -> /home/ros/docker_simulation_ws/build/rlg_quad_controller/build/lib/rlg_quad_controller
[4.931s] copying rlg_quad_controller/__init__.py -> /home/ros/docker_simulation_ws/build/rlg_quad_controller/build/lib/rlg_quad_controller
[4.931s] creating /home/ros/docker_simulation_ws/build/rlg_quad_controller/build/lib/rlg_quad_controller/utils
[4.932s] copying rlg_quad_controller/utils/torch_utils.py -> /home/ros/docker_simulation_ws/build/rlg_quad_controller/build/lib/rlg_quad_controller/utils
[4.932s] copying rlg_quad_controller/utils/rlg_utils.py -> /home/ros/docker_simulation_ws/build/rlg_quad_controller/build/lib/rlg_quad_controller/utils
[4.933s] copying rlg_quad_controller/utils/__init__.py -> /home/ros/docker_simulation_ws/build/rlg_quad_controller/build/lib/rlg_quad_controller/utils
[4.933s] running install
[4.934s] running install_lib
[4.935s] creating /home/ros/docker_simulation_ws/install/rlg_quad_controller/lib/python3.10/site-packages/rlg_quad_controller
[4.935s] copying /home/ros/docker_simulation_ws/build/rlg_quad_controller/build/lib/rlg_quad_controller/inference_controller_robot.py -> /home/ros/docker_simulation_ws/install/rlg_quad_controller/lib/python3.10/site-packages/rlg_quad_controller
[4.936s] copying /home/ros/docker_simulation_ws/build/rlg_quad_controller/build/lib/rlg_quad_controller/inference_controller_sim.py -> /home/ros/docker_simulation_ws/install/rlg_quad_controller/lib/python3.10/site-packages/rlg_quad_controller
[4.936s] creating /home/ros/docker_simulation_ws/install/rlg_quad_controller/lib/python3.10/site-packages/rlg_quad_controller/utils
[4.937s] copying /home/ros/docker_simulation_ws/build/rlg_quad_controller/build/lib/rlg_quad_controller/utils/torch_utils.py -> /home/ros/docker_simulation_ws/install/rlg_quad_controller/lib/python3.10/site-packages/rlg_quad_controller/utils
[4.937s] copying /home/ros/docker_simulation_ws/build/rlg_quad_controller/build/lib/rlg_quad_controller/utils/rlg_utils.py -> /home/ros/docker_simulation_ws/install/rlg_quad_controller/lib/python3.10/site-packages/rlg_quad_controller/utils
[4.938s] copying /home/ros/docker_simulation_ws/build/rlg_quad_controller/build/lib/rlg_quad_controller/utils/__init__.py -> /home/ros/docker_simulation_ws/install/rlg_quad_controller/lib/python3.10/site-packages/rlg_quad_controller/utils
[4.938s] copying /home/ros/docker_simulation_ws/build/rlg_quad_controller/build/lib/rlg_quad_controller/inference_controller_simulation.py -> /home/ros/docker_simulation_ws/install/rlg_quad_controller/lib/python3.10/site-packages/rlg_quad_controller
[4.938s] copying /home/ros/docker_simulation_ws/build/rlg_quad_controller/build/lib/rlg_quad_controller/trajectory_publisher.py -> /home/ros/docker_simulation_ws/install/rlg_quad_controller/lib/python3.10/site-packages/rlg_quad_controller
[4.939s] copying /home/ros/docker_simulation_ws/build/rlg_quad_controller/build/lib/rlg_quad_controller/force_measure.py -> /home/ros/docker_simulation_ws/install/rlg_quad_controller/lib/python3.10/site-packages/rlg_quad_controller
[4.939s] copying /home/ros/docker_simulation_ws/build/rlg_quad_controller/build/lib/rlg_quad_controller/inference_francesco.py -> /home/ros/docker_simulation_ws/install/rlg_quad_controller/lib/python3.10/site-packages/rlg_quad_controller
[4.939s] copying /home/ros/docker_simulation_ws/build/rlg_quad_controller/build/lib/rlg_quad_controller/__init__.py -> /home/ros/docker_simulation_ws/install/rlg_quad_controller/lib/python3.10/site-packages/rlg_quad_controller
[4.940s] byte-compiling /home/ros/docker_simulation_ws/install/rlg_quad_controller/lib/python3.10/site-packages/rlg_quad_controller/inference_controller_robot.py to inference_controller_robot.cpython-310.pyc
[4.943s] byte-compiling /home/ros/docker_simulation_ws/install/rlg_quad_controller/lib/python3.10/site-packages/rlg_quad_controller/inference_controller_sim.py to inference_controller_sim.cpython-310.pyc
[4.946s] byte-compiling /home/ros/docker_simulation_ws/install/rlg_quad_controller/lib/python3.10/site-packages/rlg_quad_controller/utils/torch_utils.py to torch_utils.cpython-310.pyc
[4.947s] byte-compiling /home/ros/docker_simulation_ws/install/rlg_quad_controller/lib/python3.10/site-packages/rlg_quad_controller/utils/rlg_utils.py to rlg_utils.cpython-310.pyc
[4.949s] byte-compiling /home/ros/docker_simulation_ws/install/rlg_quad_controller/lib/python3.10/site-packages/rlg_quad_controller/utils/__init__.py to __init__.cpython-310.pyc
[4.950s] byte-compiling /home/ros/docker_simulation_ws/install/rlg_quad_controller/lib/python3.10/site-packages/rlg_quad_controller/inference_controller_simulation.py to inference_controller_simulation.cpython-310.pyc
[4.953s] byte-compiling /home/ros/docker_simulation_ws/install/rlg_quad_controller/lib/python3.10/site-packages/rlg_quad_controller/trajectory_publisher.py to trajectory_publisher.cpython-310.pyc
[4.954s] byte-compiling /home/ros/docker_simulation_ws/install/rlg_quad_controller/lib/python3.10/site-packages/rlg_quad_controller/force_measure.py to force_measure.cpython-310.pyc
[4.955s] byte-compiling /home/ros/docker_simulation_ws/install/rlg_quad_controller/lib/python3.10/site-packages/rlg_quad_controller/inference_francesco.py to inference_francesco.cpython-310.pyc
[4.959s] byte-compiling /home/ros/docker_simulation_ws/install/rlg_quad_controller/lib/python3.10/site-packages/rlg_quad_controller/__init__.py to __init__.cpython-310.pyc
[4.959s] running install_data
[4.960s] copying resource/rlg_quad_controller -> /home/ros/docker_simulation_ws/install/rlg_quad_controller/share/ament_index/resource_index/packages
[4.962s] copying package.xml -> /home/ros/docker_simulation_ws/install/rlg_quad_controller/share/rlg_quad_controller
[4.963s] copying launch/omniquad_inference_robot.launch.py -> /home/ros/docker_simulation_ws/install/rlg_quad_controller/share/rlg_quad_controller/launch
[4.965s] copying launch/omniquad_inference_sim.launch.py -> /home/ros/docker_simulation_ws/install/rlg_quad_controller/share/rlg_quad_controller/launch
[4.965s] copying config/mulinex_simulation_config.yaml -> /home/ros/docker_simulation_ws/install/rlg_quad_controller/share/rlg_quad_controller/config
[4.966s] copying config/mulinex_simulation_feedforward.yaml -> /home/ros/docker_simulation_ws/install/rlg_quad_controller/share/rlg_quad_controller/config
[4.967s] copying config/mulinex_config_feedforward.yaml -> /home/ros/docker_simulation_ws/install/rlg_quad_controller/share/rlg_quad_controller/config
[4.968s] copying config/mulinex_config.yaml -> /home/ros/docker_simulation_ws/install/rlg_quad_controller/share/rlg_quad_controller/config
[4.969s] copying models/omni_flat_v1/omniquad_flat.pth -> /home/ros/docker_simulation_ws/install/rlg_quad_controller/share/rlg_quad_controller/models
[4.971s] copying models/omni_flat_v1/agent.yaml -> /home/ros/docker_simulation_ws/install/rlg_quad_controller/share/rlg_quad_controller/models
[4.971s] copying models/omni_flat_v1/env.yaml -> /home/ros/docker_simulation_ws/install/rlg_quad_controller/share/rlg_quad_controller/models
[4.972s] copying models/omni_flat_v1/omniquad_flat.pth -> /home/ros/docker_simulation_ws/install/rlg_quad_controller/share/rlg_quad_controller/models/omni_flat_v1
[4.974s] copying models/omni_flat_v1/agent.yaml -> /home/ros/docker_simulation_ws/install/rlg_quad_controller/share/rlg_quad_controller/models/omni_flat_v1
[4.975s] copying models/omni_flat_v1/env.yaml -> /home/ros/docker_simulation_ws/install/rlg_quad_controller/share/rlg_quad_controller/models/omni_flat_v1
[4.976s] copying launch/omniquad_inference_robot.launch.py -> /home/ros/docker_simulation_ws/install/rlg_quad_controller/share/rlg_quad_controller/launch/
[4.976s] copying launch/omniquad_inference_sim.launch.py -> /home/ros/docker_simulation_ws/install/rlg_quad_controller/share/rlg_quad_controller/launch/
[4.977s] copying config/mulinex_simulation_config.yaml -> /home/ros/docker_simulation_ws/install/rlg_quad_controller/share/rlg_quad_controller/config/
[4.978s] copying config/mulinex_simulation_feedforward.yaml -> /home/ros/docker_simulation_ws/install/rlg_quad_controller/share/rlg_quad_controller/config/
[4.978s] copying config/mulinex_config_feedforward.yaml -> /home/ros/docker_simulation_ws/install/rlg_quad_controller/share/rlg_quad_controller/config/
[4.978s] copying config/mulinex_config.yaml -> /home/ros/docker_simulation_ws/install/rlg_quad_controller/share/rlg_quad_controller/config/
[4.978s] running install_egg_info
[4.982s] Copying ../../build/rlg_quad_controller/rlg_quad_controller.egg-info to /home/ros/docker_simulation_ws/install/rlg_quad_controller/lib/python3.10/site-packages/rlg_quad_controller-0.0.0-py3.10.egg-info
[4.985s] running install_scripts
[5.013s] Installing force_measure script to /home/ros/docker_simulation_ws/install/rlg_quad_controller/lib/rlg_quad_controller
[5.013s] Installing inference_controller_robot script to /home/ros/docker_simulation_ws/install/rlg_quad_controller/lib/rlg_quad_controller
[5.014s] Installing inference_controller_sim script to /home/ros/docker_simulation_ws/install/rlg_quad_controller/lib/rlg_quad_controller
[5.014s] Installing trajectory_publisher script to /home/ros/docker_simulation_ws/install/rlg_quad_controller/lib/rlg_quad_controller
[5.015s] writing list of installed files to '/home/ros/docker_simulation_ws/build/rlg_quad_controller/install.log'
[5.041s] Invoked command in '/home/ros/docker_simulation_ws/src/rlg_quad_controller' returned '0': CMAKE_PREFIX_PATH=/home/ros/docker_simulation_ws/install/pi3hat_moteus_int_msgs:/home/ros/docker_simulation_ws/install/wheels_vel_cnt:/home/ros/docker_simulation_ws/install/rbt_pd_cnt:/home/ros/docker_simulation_ws/install/omni_vel_controller:/home/ros/docker_simulation_ws/install/omni_mulinex_joystic:/home/ros/docker_simulation_ws/install/ik_quad_foot_control:/home/ros/docker_simulation_ws/install/mulinex_ignition:/home/ros/docker_simulation_ws/install/mulinex_description:/home/ros/docker_simulation_ws/install/custom_interfaces LD_LIBRARY_PATH=/home/ros/docker_simulation_ws/install/pi3hat_moteus_int_msgs/lib:/home/ros/docker_simulation_ws/install/wheels_vel_cnt/lib:/home/ros/docker_simulation_ws/install/rbt_pd_cnt/lib:/home/ros/docker_simulation_ws/install/omni_vel_controller/lib:/home/ros/docker_simulation_ws/install/omni_mulinex_joystic/lib:/home/ros/docker_simulation_ws/install/ik_quad_foot_control/lib:/home/ros/docker_simulation_ws/install/custom_interfaces/lib:/opt/ros/humble/opt/rviz_ogre_vendor/lib:/opt/ros/humble/lib/x86_64-linux-gnu:/opt/ros/humble/lib PYTHONPATH=/home/ros/docker_simulation_ws/build/rlg_quad_controller/prefix_override:/usr/lib/python3/dist-packages/colcon_core/task/python/colcon_distutils_commands:/home/ros/docker_simulation_ws/install/rlg_quad_controller/lib/python3.10/site-packages:${PYTHONPATH} /usr/bin/python3 -W ignore:setup.py install is deprecated -W ignore:easy_install command is deprecated setup.py egg_info --egg-base ../../build/rlg_quad_controller build --build-base /home/ros/docker_simulation_ws/build/rlg_quad_controller/build install --record /home/ros/docker_simulation_ws/build/rlg_quad_controller/install.log --single-version-externally-managed install_data --force
