[100%] Built target omni_vel_controller
-- Install configuration: ""
-- Execute custom install script
-- Up-to-date symlink: /home/ros/docker_simulation_ws/install/omni_vel_controller/share/omni_vel_controller//omni_vel_controller.xml
-- Up-to-date symlink: /home/ros/docker_simulation_ws/install/omni_vel_controller/share/omni_vel_controller/environment/library_path.sh
-- Up-to-date symlink: /home/ros/docker_simulation_ws/install/omni_vel_controller/share/omni_vel_controller/environment/library_path.dsv
-- Up-to-date symlink: /home/ros/docker_simulation_ws/install/omni_vel_controller/share/ament_index/resource_index/package_run_dependencies/omni_vel_controller
-- Up-to-date symlink: /home/ros/docker_simulation_ws/install/omni_vel_controller/share/ament_index/resource_index/parent_prefix_path/omni_vel_controller
-- Up-to-date symlink: /home/ros/docker_simulation_ws/install/omni_vel_controller/share/omni_vel_controller/environment/ament_prefix_path.sh
-- Up-to-date symlink: /home/ros/docker_simulation_ws/install/omni_vel_controller/share/omni_vel_controller/environment/ament_prefix_path.dsv
-- Up-to-date symlink: /home/ros/docker_simulation_ws/install/omni_vel_controller/share/omni_vel_controller/environment/path.sh
-- Up-to-date symlink: /home/ros/docker_simulation_ws/install/omni_vel_controller/share/omni_vel_controller/environment/path.dsv
-- Up-to-date symlink: /home/ros/docker_simulation_ws/install/omni_vel_controller/share/omni_vel_controller/local_setup.bash
-- Up-to-date symlink: /home/ros/docker_simulation_ws/install/omni_vel_controller/share/omni_vel_controller/local_setup.sh
-- Up-to-date symlink: /home/ros/docker_simulation_ws/install/omni_vel_controller/share/omni_vel_controller/local_setup.zsh
-- Up-to-date symlink: /home/ros/docker_simulation_ws/install/omni_vel_controller/share/omni_vel_controller/local_setup.dsv
-- Symlinking: /home/ros/docker_simulation_ws/install/omni_vel_controller/share/omni_vel_controller/package.dsv
-- Up-to-date symlink: /home/ros/docker_simulation_ws/install/omni_vel_controller/share/ament_index/resource_index/packages/omni_vel_controller
-- Up-to-date symlink: /home/ros/docker_simulation_ws/install/omni_vel_controller/share/ament_index/resource_index/controller_interface__pluginlib__plugin/omni_vel_controller
-- Up-to-date symlink: /home/ros/docker_simulation_ws/install/omni_vel_controller/share/omni_vel_controller/cmake/ament_cmake_export_dependencies-extras.cmake
-- Up-to-date symlink: /home/ros/docker_simulation_ws/install/omni_vel_controller/share/omni_vel_controller/cmake/ament_cmake_export_include_directories-extras.cmake
-- Up-to-date symlink: /home/ros/docker_simulation_ws/install/omni_vel_controller/share/omni_vel_controller/cmake/ament_cmake_export_libraries-extras.cmake
-- Up-to-date symlink: /home/ros/docker_simulation_ws/install/omni_vel_controller/share/omni_vel_controller/cmake/omni_vel_controllerConfig.cmake
-- Up-to-date symlink: /home/ros/docker_simulation_ws/install/omni_vel_controller/share/omni_vel_controller/cmake/omni_vel_controllerConfig-version.cmake
-- Up-to-date symlink: /home/ros/docker_simulation_ws/install/omni_vel_controller/share/omni_vel_controller/package.xml
-- Up-to-date: /home/ros/docker_simulation_ws/install/omni_vel_controller/lib/libomni_vel_controller.so
