[0.106s] Invoking command in '/home/ros/docker_simulation_ws/build/mulinex_description': CMAKE_PREFIX_PATH=${CMAKE_PREFIX_PATH}:/home/ros/docker_simulation_ws/install/rlg_quad_controller:/home/ros/docker_simulation_ws/install/mulinex_ignition_py:/opt/ros/humble /usr/bin/cmake /home/ros/docker_simulation_ws/src/mulinex_description -DCMAKE_INSTALL_PREFIX=/home/ros/docker_simulation_ws/install/mulinex_description
[0.151s] -- Found ament_cmake: 1.3.12 (/opt/ros/humble/share/ament_cmake/cmake)
[0.591s] -- Override CMake install command with custom implementation using symlinks instead of copying resources
[0.613s] -- Found ament_lint_auto: 0.12.14 (/opt/ros/humble/share/ament_lint_auto/cmake)
[0.883s] -- Added test 'flake8' to check Python code syntax and style conventions
[0.888s] -- Added test 'lint_cmake' to check CMake code style
[0.891s] -- Added test 'pep257' to check Python code against some of the docstring style conventions in PEP 257
[0.900s] -- Added test 'xmllint' to check XML markup files
[0.902s] -- Configuring done
[0.912s] -- Generating done
[0.919s] -- Build files have been written to: /home/ros/docker_simulation_ws/build/mulinex_description
[1.043s] Invoked command in '/home/ros/docker_simulation_ws/build/mulinex_description' returned '0': CMAKE_PREFIX_PATH=${CMAKE_PREFIX_PATH}:/home/ros/docker_simulation_ws/install/rlg_quad_controller:/home/ros/docker_simulation_ws/install/mulinex_ignition_py:/opt/ros/humble /usr/bin/cmake /home/ros/docker_simulation_ws/src/mulinex_description -DCMAKE_INSTALL_PREFIX=/home/ros/docker_simulation_ws/install/mulinex_description
[1.049s] Invoking command in '/home/ros/docker_simulation_ws/build/mulinex_description': CMAKE_PREFIX_PATH=${CMAKE_PREFIX_PATH}:/home/ros/docker_simulation_ws/install/rlg_quad_controller:/home/ros/docker_simulation_ws/install/mulinex_ignition_py:/opt/ros/humble /usr/bin/cmake --build /home/ros/docker_simulation_ws/build/mulinex_description -- -j12 -l12
[1.165s] Invoked command in '/home/ros/docker_simulation_ws/build/mulinex_description' returned '0': CMAKE_PREFIX_PATH=${CMAKE_PREFIX_PATH}:/home/ros/docker_simulation_ws/install/rlg_quad_controller:/home/ros/docker_simulation_ws/install/mulinex_ignition_py:/opt/ros/humble /usr/bin/cmake --build /home/ros/docker_simulation_ws/build/mulinex_description -- -j12 -l12
[1.203s] Invoking command in '/home/ros/docker_simulation_ws/build/mulinex_description': CMAKE_PREFIX_PATH=${CMAKE_PREFIX_PATH}:/home/ros/docker_simulation_ws/install/rlg_quad_controller:/home/ros/docker_simulation_ws/install/mulinex_ignition_py:/opt/ros/humble /usr/bin/cmake --install /home/ros/docker_simulation_ws/build/mulinex_description
[1.223s] -- Install configuration: ""
[1.225s] -- Execute custom install script
[1.226s] -- Up-to-date symlink: /home/ros/docker_simulation_ws/install/mulinex_description/share/mulinex_description/urdf/base_inertia.xacro
[1.227s] -- Up-to-date symlink: /home/ros/docker_simulation_ws/install/mulinex_description/share/mulinex_description/urdf/camera_sensor.xacro
[1.227s] -- Up-to-date symlink: /home/ros/docker_simulation_ws/install/mulinex_description/share/mulinex_description/urdf/hip_module.xacro
[1.228s] -- Up-to-date symlink: /home/ros/docker_simulation_ws/install/mulinex_description/share/mulinex_description/urdf/imu_sensor.xacro
[1.228s] -- Up-to-date symlink: /home/ros/docker_simulation_ws/install/mulinex_description/share/mulinex_description/urdf/leg.xacro
[1.229s] -- Up-to-date symlink: /home/ros/docker_simulation_ws/install/mulinex_description/share/mulinex_description/urdf/lidar_sensor.xacro
[1.230s] -- Up-to-date symlink: /home/ros/docker_simulation_ws/install/mulinex_description/share/mulinex_description/urdf/links.xacro
[1.230s] -- Up-to-date symlink: /home/ros/docker_simulation_ws/install/mulinex_description/share/mulinex_description/urdf/material.xacro
[1.231s] -- Up-to-date symlink: /home/ros/docker_simulation_ws/install/mulinex_description/share/mulinex_description/urdf/mul_hw_ign.xacro
[1.232s] -- Up-to-date symlink: /home/ros/docker_simulation_ws/install/mulinex_description/share/mulinex_description/urdf/mul_ignition.xacro
[1.233s] -- Up-to-date symlink: /home/ros/docker_simulation_ws/install/mulinex_description/share/mulinex_description/urdf/mulinex.xacro
[1.233s] -- Up-to-date symlink: /home/ros/docker_simulation_ws/install/mulinex_description/share/mulinex_description/urdf/omni_car_module.xacro
[1.234s] -- Up-to-date symlink: /home/ros/docker_simulation_ws/install/mulinex_description/share/mulinex_description/urdf/omnicar.xacro
[1.234s] -- Up-to-date symlink: /home/ros/docker_simulation_ws/install/mulinex_description/share/mulinex_description/urdf/omnicar_gazebo.xacro
[1.234s] -- Up-to-date symlink: /home/ros/docker_simulation_ws/install/mulinex_description/share/mulinex_description/urdf/omnicar_ignition.xacro
[1.234s] -- Up-to-date symlink: /home/ros/docker_simulation_ws/install/mulinex_description/share/mulinex_description/urdf/track.xacro
[1.235s] -- Up-to-date symlink: /home/ros/docker_simulation_ws/install/mulinex_description/share/mulinex_description/urdf/traquad.xacro
[1.235s] -- Up-to-date symlink: /home/ros/docker_simulation_ws/install/mulinex_description/share/mulinex_description/urdf/traquad_hw_ign.xacro
[1.235s] -- Up-to-date symlink: /home/ros/docker_simulation_ws/install/mulinex_description/share/mulinex_description/urdf/wheel.xacro
[1.236s] -- Up-to-date symlink: /home/ros/docker_simulation_ws/install/mulinex_description/share/mulinex_description/launch/display_mulinex.launch.py
[1.236s] -- Up-to-date symlink: /home/ros/docker_simulation_ws/install/mulinex_description/share/mulinex_description/launch/gazebo_mulinex.launch.py
[1.236s] -- Up-to-date symlink: /home/ros/docker_simulation_ws/install/mulinex_description/share/mulinex_description/meshes/Body.stl
[1.237s] -- Up-to-date symlink: /home/ros/docker_simulation_ws/install/mulinex_description/share/mulinex_description/meshes/Lower_leg_left.stl
[1.238s] -- Up-to-date symlink: /home/ros/docker_simulation_ws/install/mulinex_description/share/mulinex_description/meshes/Lower_leg_right.stl
[1.238s] -- Up-to-date symlink: /home/ros/docker_simulation_ws/install/mulinex_description/share/mulinex_description/meshes/Module_2_left.stl
[1.239s] -- Up-to-date symlink: /home/ros/docker_simulation_ws/install/mulinex_description/share/mulinex_description/meshes/Module_2_right.stl
[1.239s] -- Up-to-date symlink: /home/ros/docker_simulation_ws/install/mulinex_description/share/mulinex_description/meshes/Module_left_front.stl
[1.240s] -- Up-to-date symlink: /home/ros/docker_simulation_ws/install/mulinex_description/share/mulinex_description/meshes/Module_left_hind.stl
[1.240s] -- Up-to-date symlink: /home/ros/docker_simulation_ws/install/mulinex_description/share/mulinex_description/meshes/Module_right_front.stl
[1.240s] -- Up-to-date symlink: /home/ros/docker_simulation_ws/install/mulinex_description/share/mulinex_description/meshes/Module_right_hind.stl
[1.241s] -- Up-to-date symlink: /home/ros/docker_simulation_ws/install/mulinex_description/share/mulinex_description/meshes/body_left.stl
[1.242s] -- Up-to-date symlink: /home/ros/docker_simulation_ws/install/mulinex_description/share/mulinex_description/meshes/body_right.stl
[1.243s] -- Up-to-date symlink: /home/ros/docker_simulation_ws/install/mulinex_description/share/mulinex_description/meshes/goat_lower_foot_LF.STL
[1.244s] -- Up-to-date symlink: /home/ros/docker_simulation_ws/install/mulinex_description/share/mulinex_description/meshes/goat_lower_foot_LH.STL
[1.244s] -- Up-to-date symlink: /home/ros/docker_simulation_ws/install/mulinex_description/share/mulinex_description/meshes/goat_lower_foot_RF.STL
[1.245s] -- Up-to-date symlink: /home/ros/docker_simulation_ws/install/mulinex_description/share/mulinex_description/meshes/goat_lower_foot_RH.STL
[1.245s] -- Up-to-date symlink: /home/ros/docker_simulation_ws/install/mulinex_description/share/mulinex_description/meshes/goat_lower_leg_LF.STL
[1.246s] -- Up-to-date symlink: /home/ros/docker_simulation_ws/install/mulinex_description/share/mulinex_description/meshes/goat_lower_leg_LH.STL
[1.246s] -- Up-to-date symlink: /home/ros/docker_simulation_ws/install/mulinex_description/share/mulinex_description/meshes/goat_lower_leg_RF.STL
[1.246s] -- Up-to-date symlink: /home/ros/docker_simulation_ws/install/mulinex_description/share/mulinex_description/meshes/goat_lower_leg_RH.STL
[1.247s] -- Up-to-date symlink: /home/ros/docker_simulation_ws/install/mulinex_description/share/mulinex_description/meshes/goat_upper_foot_LF.STL
[1.247s] -- Up-to-date symlink: /home/ros/docker_simulation_ws/install/mulinex_description/share/mulinex_description/meshes/goat_upper_foot_LH.STL
[1.248s] -- Up-to-date symlink: /home/ros/docker_simulation_ws/install/mulinex_description/share/mulinex_description/meshes/goat_upper_foot_RF.STL
[1.248s] -- Up-to-date symlink: /home/ros/docker_simulation_ws/install/mulinex_description/share/mulinex_description/meshes/goat_upper_foot_RH.STL
[1.249s] -- Up-to-date symlink: /home/ros/docker_simulation_ws/install/mulinex_description/share/mulinex_description/meshes/mecanum_wheel_lf.STL
[1.250s] -- Up-to-date symlink: /home/ros/docker_simulation_ws/install/mulinex_description/share/mulinex_description/meshes/mecanum_wheel_lh.STL
[1.250s] -- Up-to-date symlink: /home/ros/docker_simulation_ws/install/mulinex_description/share/mulinex_description/meshes/mecanum_wheel_rf.STL
[1.251s] -- Up-to-date symlink: /home/ros/docker_simulation_ws/install/mulinex_description/share/mulinex_description/meshes/mecanum_wheel_rh.STL
[1.251s] -- Up-to-date symlink: /home/ros/docker_simulation_ws/install/mulinex_description/share/mulinex_description/meshes/old_Body.stl
[1.252s] -- Up-to-date symlink: /home/ros/docker_simulation_ws/install/mulinex_description/share/mulinex_description/meshes/old_Lower_leg_left.stl
[1.252s] -- Up-to-date symlink: /home/ros/docker_simulation_ws/install/mulinex_description/share/mulinex_description/meshes/old_Lower_leg_right.stl
[1.252s] -- Up-to-date symlink: /home/ros/docker_simulation_ws/install/mulinex_description/share/mulinex_description/meshes/old_Module_2_left.stl
[1.253s] -- Up-to-date symlink: /home/ros/docker_simulation_ws/install/mulinex_description/share/mulinex_description/meshes/old_Module_2_right.stl
[1.254s] -- Up-to-date symlink: /home/ros/docker_simulation_ws/install/mulinex_description/share/mulinex_description/meshes/old_Module_left_front.stl
[1.255s] -- Up-to-date symlink: /home/ros/docker_simulation_ws/install/mulinex_description/share/mulinex_description/meshes/old_Module_left_hind.stl
[1.255s] -- Up-to-date symlink: /home/ros/docker_simulation_ws/install/mulinex_description/share/mulinex_description/meshes/old_Module_right_front.stl
[1.255s] -- Up-to-date symlink: /home/ros/docker_simulation_ws/install/mulinex_description/share/mulinex_description/meshes/old_Module_right_hind.stl
[1.256s] -- Up-to-date symlink: /home/ros/docker_simulation_ws/install/mulinex_description/share/mulinex_description/meshes/omni_lower_leg_LF.STL
[1.256s] -- Up-to-date symlink: /home/ros/docker_simulation_ws/install/mulinex_description/share/mulinex_description/meshes/omni_lower_leg_LH.STL
[1.258s] -- Up-to-date symlink: /home/ros/docker_simulation_ws/install/mulinex_description/share/mulinex_description/meshes/omni_lower_leg_RF.STL
[1.259s] -- Up-to-date symlink: /home/ros/docker_simulation_ws/install/mulinex_description/share/mulinex_description/meshes/omni_lower_leg_RH.STL
[1.259s] -- Up-to-date symlink: /home/ros/docker_simulation_ws/install/mulinex_description/share/mulinex_description/meshes/roller_1.STL
[1.260s] -- Up-to-date symlink: /home/ros/docker_simulation_ws/install/mulinex_description/share/mulinex_description/meshes/simplify_meshes.py
[1.260s] -- Up-to-date symlink: /home/ros/docker_simulation_ws/install/mulinex_description/share/mulinex_description/meshes/wheel.stl
[1.261s] -- Up-to-date symlink: /home/ros/docker_simulation_ws/install/mulinex_description/share/mulinex_description/rviz/config.rviz
[1.261s] -- Up-to-date symlink: /home/ros/docker_simulation_ws/install/mulinex_description/share/mulinex_description/world/empty.world
[1.262s] -- Up-to-date symlink: /home/ros/docker_simulation_ws/install/mulinex_description/share/mulinex_description/world/gap.world
[1.263s] -- Up-to-date symlink: /home/ros/docker_simulation_ws/install/mulinex_description/share/mulinex_description/world/obs_down.world
[1.263s] -- Up-to-date symlink: /home/ros/docker_simulation_ws/install/mulinex_description/share/mulinex_description/world/obs_up.world
[1.263s] -- Up-to-date symlink: /home/ros/docker_simulation_ws/install/mulinex_description/share/ament_index/resource_index/package_run_dependencies/mulinex_description
[1.264s] -- Up-to-date symlink: /home/ros/docker_simulation_ws/install/mulinex_description/share/ament_index/resource_index/parent_prefix_path/mulinex_description
[1.264s] -- Up-to-date symlink: /home/ros/docker_simulation_ws/install/mulinex_description/share/mulinex_description/environment/ament_prefix_path.sh
[1.264s] -- Up-to-date symlink: /home/ros/docker_simulation_ws/install/mulinex_description/share/mulinex_description/environment/ament_prefix_path.dsv
[1.264s] -- Up-to-date symlink: /home/ros/docker_simulation_ws/install/mulinex_description/share/mulinex_description/environment/path.sh
[1.264s] -- Up-to-date symlink: /home/ros/docker_simulation_ws/install/mulinex_description/share/mulinex_description/environment/path.dsv
[1.265s] -- Up-to-date symlink: /home/ros/docker_simulation_ws/install/mulinex_description/share/mulinex_description/local_setup.bash
[1.265s] -- Up-to-date symlink: /home/ros/docker_simulation_ws/install/mulinex_description/share/mulinex_description/local_setup.sh
[1.265s] -- Up-to-date symlink: /home/ros/docker_simulation_ws/install/mulinex_description/share/mulinex_description/local_setup.zsh
[1.265s] -- Up-to-date symlink: /home/ros/docker_simulation_ws/install/mulinex_description/share/mulinex_description/local_setup.dsv
[1.265s] -- Symlinking: /home/ros/docker_simulation_ws/install/mulinex_description/share/mulinex_description/package.dsv
[1.292s] -- Up-to-date symlink: /home/ros/docker_simulation_ws/install/mulinex_description/share/ament_index/resource_index/packages/mulinex_description
[1.292s] -- Up-to-date symlink: /home/ros/docker_simulation_ws/install/mulinex_description/share/mulinex_description/cmake/mulinex_descriptionConfig.cmake
[1.293s] -- Up-to-date symlink: /home/ros/docker_simulation_ws/install/mulinex_description/share/mulinex_description/cmake/mulinex_descriptionConfig-version.cmake
[1.293s] -- Up-to-date symlink: /home/ros/docker_simulation_ws/install/mulinex_description/share/mulinex_description/package.xml
[1.298s] Invoked command in '/home/ros/docker_simulation_ws/build/mulinex_description' returned '0': CMAKE_PREFIX_PATH=${CMAKE_PREFIX_PATH}:/home/ros/docker_simulation_ws/install/rlg_quad_controller:/home/ros/docker_simulation_ws/install/mulinex_ignition_py:/opt/ros/humble /usr/bin/cmake --install /home/ros/docker_simulation_ws/build/mulinex_description
