[0.102s] Invoking command in '/home/ros/docker_simulation_ws/build/mulinex_description': CMAKE_PREFIX_PATH=${CMAKE_PREFIX_PATH}:/home/ros/docker_simulation_ws/install/rlg_quad_controller:/home/ros/docker_simulation_ws/install/mulinex_ignition_py:/opt/ros/humble /usr/bin/cmake --build /home/ros/docker_simulation_ws/build/mulinex_description -- -j12 -l12
[1.053s] Invoked command in '/home/ros/docker_simulation_ws/build/mulinex_description' returned '0': CMAKE_PREFIX_PATH=${CMAKE_PREFIX_PATH}:/home/ros/docker_simulation_ws/install/rlg_quad_controller:/home/ros/docker_simulation_ws/install/mulinex_ignition_py:/opt/ros/humble /usr/bin/cmake --build /home/ros/docker_simulation_ws/build/mulinex_description -- -j12 -l12
[1.080s] Invoking command in '/home/ros/docker_simulation_ws/build/mulinex_description': CMAKE_PREFIX_PATH=${CMAKE_PREFIX_PATH}:/home/ros/docker_simulation_ws/install/rlg_quad_controller:/home/ros/docker_simulation_ws/install/mulinex_ignition_py:/opt/ros/humble /usr/bin/cmake --install /home/ros/docker_simulation_ws/build/mulinex_description
[1.109s] -- Install configuration: ""
[1.109s] -- Execute custom install script
[1.109s] -- Up-to-date symlink: /home/ros/docker_simulation_ws/install/mulinex_description/share/mulinex_description/urdf/base_inertia.xacro
[1.110s] -- Up-to-date symlink: /home/ros/docker_simulation_ws/install/mulinex_description/share/mulinex_description/urdf/camera_sensor.xacro
[1.110s] -- Up-to-date symlink: /home/ros/docker_simulation_ws/install/mulinex_description/share/mulinex_description/urdf/hip_module.xacro
[1.110s] -- Up-to-date symlink: /home/ros/docker_simulation_ws/install/mulinex_description/share/mulinex_description/urdf/imu_sensor.xacro
[1.110s] -- Up-to-date symlink: /home/ros/docker_simulation_ws/install/mulinex_description/share/mulinex_description/urdf/leg.xacro
[1.111s] -- Up-to-date symlink: /home/ros/docker_simulation_ws/install/mulinex_description/share/mulinex_description/urdf/lidar_sensor.xacro
[1.117s] -- Up-to-date symlink: /home/ros/docker_simulation_ws/install/mulinex_description/share/mulinex_description/urdf/links.xacro
[1.117s] -- Up-to-date symlink: /home/ros/docker_simulation_ws/install/mulinex_description/share/mulinex_description/urdf/material.xacro
[1.117s] -- Up-to-date symlink: /home/ros/docker_simulation_ws/install/mulinex_description/share/mulinex_description/urdf/mul_hw_ign.xacro
[1.117s] -- Up-to-date symlink: /home/ros/docker_simulation_ws/install/mulinex_description/share/mulinex_description/urdf/mul_ignition.xacro
[1.118s] -- Up-to-date symlink: /home/ros/docker_simulation_ws/install/mulinex_description/share/mulinex_description/urdf/mulinex.xacro
[1.118s] -- Up-to-date symlink: /home/ros/docker_simulation_ws/install/mulinex_description/share/mulinex_description/urdf/omni_car_module.xacro
[1.118s] -- Up-to-date symlink: /home/ros/docker_simulation_ws/install/mulinex_description/share/mulinex_description/urdf/omnicar.xacro
[1.118s] -- Up-to-date symlink: /home/ros/docker_simulation_ws/install/mulinex_description/share/mulinex_description/urdf/omnicar_gazebo.xacro
[1.119s] -- Up-to-date symlink: /home/ros/docker_simulation_ws/install/mulinex_description/share/mulinex_description/urdf/omnicar_ignition.xacro
[1.119s] -- Up-to-date symlink: /home/ros/docker_simulation_ws/install/mulinex_description/share/mulinex_description/urdf/track.xacro
[1.119s] -- Up-to-date symlink: /home/ros/docker_simulation_ws/install/mulinex_description/share/mulinex_description/urdf/traquad.xacro
[1.119s] -- Up-to-date symlink: /home/ros/docker_simulation_ws/install/mulinex_description/share/mulinex_description/urdf/traquad_hw_ign.xacro
[1.119s] -- Up-to-date symlink: /home/ros/docker_simulation_ws/install/mulinex_description/share/mulinex_description/urdf/wheel.xacro
[1.120s] -- Up-to-date symlink: /home/ros/docker_simulation_ws/install/mulinex_description/share/mulinex_description/launch/display_mulinex.launch.py
[1.120s] -- Up-to-date symlink: /home/ros/docker_simulation_ws/install/mulinex_description/share/mulinex_description/launch/gazebo_mulinex.launch.py
[1.120s] -- Up-to-date symlink: /home/ros/docker_simulation_ws/install/mulinex_description/share/mulinex_description/meshes/Body.stl
[1.121s] -- Up-to-date symlink: /home/ros/docker_simulation_ws/install/mulinex_description/share/mulinex_description/meshes/Lower_leg_left.stl
[1.121s] -- Up-to-date symlink: /home/ros/docker_simulation_ws/install/mulinex_description/share/mulinex_description/meshes/Lower_leg_right.stl
[1.121s] -- Up-to-date symlink: /home/ros/docker_simulation_ws/install/mulinex_description/share/mulinex_description/meshes/Module_2_left.stl
[1.121s] -- Up-to-date symlink: /home/ros/docker_simulation_ws/install/mulinex_description/share/mulinex_description/meshes/Module_2_right.stl
[1.122s] -- Up-to-date symlink: /home/ros/docker_simulation_ws/install/mulinex_description/share/mulinex_description/meshes/Module_left_front.stl
[1.122s] -- Up-to-date symlink: /home/ros/docker_simulation_ws/install/mulinex_description/share/mulinex_description/meshes/Module_left_hind.stl
[1.123s] -- Up-to-date symlink: /home/ros/docker_simulation_ws/install/mulinex_description/share/mulinex_description/meshes/Module_right_front.stl
[1.123s] -- Up-to-date symlink: /home/ros/docker_simulation_ws/install/mulinex_description/share/mulinex_description/meshes/Module_right_hind.stl
[1.124s] -- Up-to-date symlink: /home/ros/docker_simulation_ws/install/mulinex_description/share/mulinex_description/meshes/body_left.stl
[1.124s] -- Up-to-date symlink: /home/ros/docker_simulation_ws/install/mulinex_description/share/mulinex_description/meshes/body_right.stl
[1.125s] -- Up-to-date symlink: /home/ros/docker_simulation_ws/install/mulinex_description/share/mulinex_description/meshes/goat_lower_foot_LF.STL
[1.125s] -- Up-to-date symlink: /home/ros/docker_simulation_ws/install/mulinex_description/share/mulinex_description/meshes/goat_lower_foot_LH.STL
[1.126s] -- Up-to-date symlink: /home/ros/docker_simulation_ws/install/mulinex_description/share/mulinex_description/meshes/goat_lower_foot_RF.STL
[1.126s] -- Up-to-date symlink: /home/ros/docker_simulation_ws/install/mulinex_description/share/mulinex_description/meshes/goat_lower_foot_RH.STL
[1.131s] -- Up-to-date symlink: /home/ros/docker_simulation_ws/install/mulinex_description/share/mulinex_description/meshes/goat_lower_leg_LF.STL
[1.132s] -- Up-to-date symlink: /home/ros/docker_simulation_ws/install/mulinex_description/share/mulinex_description/meshes/goat_lower_leg_LH.STL
[1.132s] -- Up-to-date symlink: /home/ros/docker_simulation_ws/install/mulinex_description/share/mulinex_description/meshes/goat_lower_leg_RF.STL
[1.132s] -- Up-to-date symlink: /home/ros/docker_simulation_ws/install/mulinex_description/share/mulinex_description/meshes/goat_lower_leg_RH.STL
[1.136s] -- Up-to-date symlink: /home/ros/docker_simulation_ws/install/mulinex_description/share/mulinex_description/meshes/goat_upper_foot_LF.STL
[1.137s] -- Up-to-date symlink: /home/ros/docker_simulation_ws/install/mulinex_description/share/mulinex_description/meshes/goat_upper_foot_LH.STL
[1.137s] -- Up-to-date symlink: /home/ros/docker_simulation_ws/install/mulinex_description/share/mulinex_description/meshes/goat_upper_foot_RF.STL
[1.137s] -- Up-to-date symlink: /home/ros/docker_simulation_ws/install/mulinex_description/share/mulinex_description/meshes/goat_upper_foot_RH.STL
[1.137s] -- Up-to-date symlink: /home/ros/docker_simulation_ws/install/mulinex_description/share/mulinex_description/meshes/mecanum_wheel_lf.STL
[1.138s] -- Up-to-date symlink: /home/ros/docker_simulation_ws/install/mulinex_description/share/mulinex_description/meshes/mecanum_wheel_lh.STL
[1.138s] -- Up-to-date symlink: /home/ros/docker_simulation_ws/install/mulinex_description/share/mulinex_description/meshes/mecanum_wheel_rf.STL
[1.138s] -- Up-to-date symlink: /home/ros/docker_simulation_ws/install/mulinex_description/share/mulinex_description/meshes/mecanum_wheel_rh.STL
[1.138s] -- Up-to-date symlink: /home/ros/docker_simulation_ws/install/mulinex_description/share/mulinex_description/meshes/old_Body.stl
[1.139s] -- Up-to-date symlink: /home/ros/docker_simulation_ws/install/mulinex_description/share/mulinex_description/meshes/old_Lower_leg_left.stl
[1.139s] -- Up-to-date symlink: /home/ros/docker_simulation_ws/install/mulinex_description/share/mulinex_description/meshes/old_Lower_leg_right.stl
[1.139s] -- Up-to-date symlink: /home/ros/docker_simulation_ws/install/mulinex_description/share/mulinex_description/meshes/old_Module_2_left.stl
[1.139s] -- Up-to-date symlink: /home/ros/docker_simulation_ws/install/mulinex_description/share/mulinex_description/meshes/old_Module_2_right.stl
[1.140s] -- Up-to-date symlink: /home/ros/docker_simulation_ws/install/mulinex_description/share/mulinex_description/meshes/old_Module_left_front.stl
[1.140s] -- Up-to-date symlink: /home/ros/docker_simulation_ws/install/mulinex_description/share/mulinex_description/meshes/old_Module_left_hind.stl
[1.142s] -- Up-to-date symlink: /home/ros/docker_simulation_ws/install/mulinex_description/share/mulinex_description/meshes/old_Module_right_front.stl
[1.143s] -- Up-to-date symlink: /home/ros/docker_simulation_ws/install/mulinex_description/share/mulinex_description/meshes/old_Module_right_hind.stl
[1.143s] -- Up-to-date symlink: /home/ros/docker_simulation_ws/install/mulinex_description/share/mulinex_description/meshes/omni_lower_leg_LF.STL
[1.143s] -- Up-to-date symlink: /home/ros/docker_simulation_ws/install/mulinex_description/share/mulinex_description/meshes/omni_lower_leg_LH.STL
[1.144s] -- Up-to-date symlink: /home/ros/docker_simulation_ws/install/mulinex_description/share/mulinex_description/meshes/omni_lower_leg_RF.STL
[1.144s] -- Up-to-date symlink: /home/ros/docker_simulation_ws/install/mulinex_description/share/mulinex_description/meshes/omni_lower_leg_RH.STL
[1.144s] -- Up-to-date symlink: /home/ros/docker_simulation_ws/install/mulinex_description/share/mulinex_description/meshes/roller_1.STL
[1.144s] -- Up-to-date symlink: /home/ros/docker_simulation_ws/install/mulinex_description/share/mulinex_description/meshes/simplify_meshes.py
[1.145s] -- Up-to-date symlink: /home/ros/docker_simulation_ws/install/mulinex_description/share/mulinex_description/meshes/wheel.stl
[1.145s] -- Up-to-date symlink: /home/ros/docker_simulation_ws/install/mulinex_description/share/mulinex_description/rviz/config.rviz
[1.145s] -- Up-to-date symlink: /home/ros/docker_simulation_ws/install/mulinex_description/share/mulinex_description/world/empty.world
[1.145s] -- Up-to-date symlink: /home/ros/docker_simulation_ws/install/mulinex_description/share/mulinex_description/world/gap.world
[1.145s] -- Up-to-date symlink: /home/ros/docker_simulation_ws/install/mulinex_description/share/mulinex_description/world/obs_down.world
[1.146s] -- Up-to-date symlink: /home/ros/docker_simulation_ws/install/mulinex_description/share/mulinex_description/world/obs_up.world
[1.146s] -- Up-to-date symlink: /home/ros/docker_simulation_ws/install/mulinex_description/share/ament_index/resource_index/package_run_dependencies/mulinex_description
[1.146s] -- Up-to-date symlink: /home/ros/docker_simulation_ws/install/mulinex_description/share/ament_index/resource_index/parent_prefix_path/mulinex_description
[1.147s] -- Up-to-date symlink: /home/ros/docker_simulation_ws/install/mulinex_description/share/mulinex_description/environment/ament_prefix_path.sh
[1.148s] -- Up-to-date symlink: /home/ros/docker_simulation_ws/install/mulinex_description/share/mulinex_description/environment/ament_prefix_path.dsv
[1.148s] -- Up-to-date symlink: /home/ros/docker_simulation_ws/install/mulinex_description/share/mulinex_description/environment/path.sh
[1.148s] -- Up-to-date symlink: /home/ros/docker_simulation_ws/install/mulinex_description/share/mulinex_description/environment/path.dsv
[1.149s] -- Up-to-date symlink: /home/ros/docker_simulation_ws/install/mulinex_description/share/mulinex_description/local_setup.bash
[1.149s] -- Up-to-date symlink: /home/ros/docker_simulation_ws/install/mulinex_description/share/mulinex_description/local_setup.sh
[1.149s] -- Up-to-date symlink: /home/ros/docker_simulation_ws/install/mulinex_description/share/mulinex_description/local_setup.zsh
[1.150s] -- Up-to-date symlink: /home/ros/docker_simulation_ws/install/mulinex_description/share/mulinex_description/local_setup.dsv
[1.150s] -- Symlinking: /home/ros/docker_simulation_ws/install/mulinex_description/share/mulinex_description/package.dsv
[1.178s] -- Up-to-date symlink: /home/ros/docker_simulation_ws/install/mulinex_description/share/ament_index/resource_index/packages/mulinex_description
[1.179s] -- Up-to-date symlink: /home/ros/docker_simulation_ws/install/mulinex_description/share/mulinex_description/cmake/mulinex_descriptionConfig.cmake
[1.180s] -- Up-to-date symlink: /home/ros/docker_simulation_ws/install/mulinex_description/share/mulinex_description/cmake/mulinex_descriptionConfig-version.cmake
[1.181s] -- Up-to-date symlink: /home/ros/docker_simulation_ws/install/mulinex_description/share/mulinex_description/package.xml
[1.188s] Invoked command in '/home/ros/docker_simulation_ws/build/mulinex_description' returned '0': CMAKE_PREFIX_PATH=${CMAKE_PREFIX_PATH}:/home/ros/docker_simulation_ws/install/rlg_quad_controller:/home/ros/docker_simulation_ws/install/mulinex_ignition_py:/opt/ros/humble /usr/bin/cmake --install /home/ros/docker_simulation_ws/build/mulinex_description
