[0.090s] Invoking command in '/home/ros/docker_simulation_ws/build/ik_quad_foot_control': CMAKE_PREFIX_PATH=${CMAKE_PREFIX_PATH}:/opt/ros/humble /usr/bin/cmake /home/ros/docker_simulation_ws/src/Pi3Hat_Controllers/src/ik_quad_foot_control -DAMENT_CMAKE_SYMLINK_INSTALL=1 -DCMAKE_INSTALL_PREFIX=/home/ros/docker_simulation_ws/install/ik_quad_foot_control
[0.282s] -- The C compiler identification is GNU 11.4.0
[0.488s] -- The CXX compiler identification is GNU 11.4.0
[0.511s] -- Detecting C compiler ABI info
[0.732s] -- Detecting C compiler ABI info - done
[0.767s] -- Check for working C compiler: /usr/bin/cc - skipped
[0.768s] -- Detecting C compile features
[0.769s] -- Detecting C compile features - done
[0.781s] -- Detecting CXX compiler ABI info
[1.098s] -- Detecting CXX compiler ABI info - done
[1.122s] -- Check for working CXX compiler: /usr/bin/c++ - skipped
[1.123s] -- Detecting CXX compile features
[1.125s] -- Detecting CXX compile features - done
[1.139s] -- Found ament_cmake: 1.3.12 (/opt/ros/humble/share/ament_cmake/cmake)
[1.763s] -- Found Python3: /usr/bin/python3 (found version "3.10.12") found components: Interpreter 
[2.009s] -- Override CMake install command with custom implementation using symlinks instead of copying resources
[2.143s] -- Found rclcpp: 16.0.15 (/opt/ros/humble/share/rclcpp/cmake)
[2.356s] -- Found rosidl_generator_c: 3.1.7 (/opt/ros/humble/share/rosidl_generator_c/cmake)
[2.386s] -- Found rosidl_adapter: 3.1.7 (/opt/ros/humble/share/rosidl_adapter/cmake)
[2.431s] -- Found rosidl_generator_cpp: 3.1.7 (/opt/ros/humble/share/rosidl_generator_cpp/cmake)
[2.495s] -- Using all available rosidl_typesupport_c: rosidl_typesupport_fastrtps_c;rosidl_typesupport_introspection_c
[2.579s] -- Using all available rosidl_typesupport_cpp: rosidl_typesupport_fastrtps_cpp;rosidl_typesupport_introspection_cpp
[2.785s] -- Found rmw_implementation_cmake: 6.1.2 (/opt/ros/humble/share/rmw_implementation_cmake/cmake)
[2.799s] -- Found rmw_fastrtps_cpp: 6.2.8 (/opt/ros/humble/share/rmw_fastrtps_cpp/cmake)
[3.135s] -- Found OpenSSL: /usr/lib/x86_64-linux-gnu/libcrypto.so (found version "3.0.2")  
[3.238s] -- Found FastRTPS: /opt/ros/humble/include  
[3.393s] -- Using RMW implementation 'rmw_fastrtps_cpp' as default
[3.440s] -- Looking for pthread.h
[3.704s] -- Looking for pthread.h - found
[3.705s] -- Performing Test CMAKE_HAVE_LIBC_PTHREAD
[3.955s] -- Performing Test CMAKE_HAVE_LIBC_PTHREAD - Success
[3.957s] -- Found Threads: TRUE  
[4.209s] -- Found rclcpp_lifecycle: 16.0.15 (/opt/ros/humble/share/rclcpp_lifecycle/cmake)
[4.328s] -- Found hardware_interface: 2.52.0 (/opt/ros/humble/share/hardware_interface/cmake)
[5.028s] -- Found controller_interface: 2.52.0 (/opt/ros/humble/share/controller_interface/cmake)
[5.042s] -- Found pi3hat_moteus_int_msgs: 0.0.0 (/home/ros/docker_simulation_ws/install/pi3hat_moteus_int_msgs/share/pi3hat_moteus_int_msgs/cmake)
[5.125s] -- Found std_srvs: 4.9.0 (/opt/ros/humble/share/std_srvs/cmake)
[5.192s] -- Found ament_lint_auto: 0.12.14 (/opt/ros/humble/share/ament_lint_auto/cmake)
[5.500s] -- Added test 'cppcheck' to perform static code analysis on C / C++ code
[5.501s] -- Configured cppcheck include dirs: /home/ros/docker_simulation_ws/src/Pi3Hat_Controllers/src/ik_quad_foot_control/include;$<BUILD_INTERFACE:/home/ros/docker_simulation_ws/src/Pi3Hat_Controllers/src/ik_quad_foot_control/include>
[5.501s] -- Configured cppcheck exclude dirs and/or files: 
[5.509s] -- Added test 'flake8' to check Python code syntax and style conventions
[5.511s] -- Added test 'lint_cmake' to check CMake code style
[5.513s] -- Added test 'pep257' to check Python code against some of the docstring style conventions in PEP 257
[5.519s] -- Added test 'uncrustify' to check C / C++ code style
[5.520s] -- Configured uncrustify additional arguments: 
[5.523s] -- Added test 'xmllint' to check XML markup files
[5.543s] -- Configuring done
[5.623s] -- Generating done
[5.644s] -- Build files have been written to: /home/ros/docker_simulation_ws/build/ik_quad_foot_control
[5.701s] Invoked command in '/home/ros/docker_simulation_ws/build/ik_quad_foot_control' returned '0': CMAKE_PREFIX_PATH=${CMAKE_PREFIX_PATH}:/opt/ros/humble /usr/bin/cmake /home/ros/docker_simulation_ws/src/Pi3Hat_Controllers/src/ik_quad_foot_control -DAMENT_CMAKE_SYMLINK_INSTALL=1 -DCMAKE_INSTALL_PREFIX=/home/ros/docker_simulation_ws/install/ik_quad_foot_control
[5.705s] Invoking command in '/home/ros/docker_simulation_ws/build/ik_quad_foot_control': CMAKE_PREFIX_PATH=${CMAKE_PREFIX_PATH}:/opt/ros/humble /usr/bin/cmake --build /home/ros/docker_simulation_ws/build/ik_quad_foot_control -- -j12 -l12
[5.875s] [ 25%] [32mBuilding CXX object CMakeFiles/ik_quad_foot_control.dir/src/ik_quad_foot_control.cpp.o[0m
[5.890s] [ 50%] [32mBuilding CXX object CMakeFiles/base_motion.dir/src/base_twist_cmd.cpp.o[0m
[16.804s] [01m[K/home/ros/docker_simulation_ws/src/Pi3Hat_Controllers/src/ik_quad_foot_control/src/ik_quad_foot_control.cpp:[m[K In member function ‘[01m[Kvoid ik_quad_foot_control::IK_Quad_Foot_Controller::FK_comp(double, double, double&, double&, ik_quad_foot_control::LEG_IND)[m[K’:
[16.806s] [01m[K/home/ros/docker_simulation_ws/src/Pi3Hat_Controllers/src/ik_quad_foot_control/src/ik_quad_foot_control.cpp:75:94:[m[K [01;35m[Kwarning: [m[Kunused parameter ‘[01m[Kleg[m[K’ [[01;35m[K-Wunused-parameter[m[K]
[16.806s]    75 |     void IK_Quad_Foot_Controller::FK_comp(double q1, double q2, double &y, double &x,[01;35m[KLEG_IND leg[m[K)
[16.806s]       |                                                                                      [01;35m[K~~~~~~~~^~~[m[K
[16.847s] [01m[K/home/ros/docker_simulation_ws/src/Pi3Hat_Controllers/src/ik_quad_foot_control/src/ik_quad_foot_control.cpp:[m[K In lambda function:
[16.847s] [01m[K/home/ros/docker_simulation_ws/src/Pi3Hat_Controllers/src/ik_quad_foot_control/src/ik_quad_foot_control.cpp:202:51:[m[K [01;35m[Kwarning: [m[Kunused parameter ‘[01m[Kevent[m[K’ [[01;35m[K-Wunused-parameter[m[K]
[16.847s]   202 |         [this]([01;35m[Krclcpp::QOSDeadlineRequestedInfo & event[m[K)
[16.848s]       |                [01;35m[K~~~~~~~~~~~~~~~~~~~~~~~~~~~~~~~~~~~^~~~~[m[K
[16.922s] In file included from [01m[K/opt/ros/humble/include/rclcpp/rclcpp/logging.hpp:24[m[K,
[16.922s]                  from [01m[K/home/ros/docker_simulation_ws/src/Pi3Hat_Controllers/src/ik_quad_foot_control/src/ik_quad_foot_control.cpp:5[m[K:
[16.922s] [01m[K/home/ros/docker_simulation_ws/src/Pi3Hat_Controllers/src/ik_quad_foot_control/src/ik_quad_foot_control.cpp:[m[K In member function ‘[01m[Kvirtual controller_interface::return_type ik_quad_foot_control::IK_Quad_Foot_Controller::update(const rclcpp::Time&, const rclcpp::Duration&)[m[K’:
[16.923s] [01m[K/home/ros/docker_simulation_ws/src/Pi3Hat_Controllers/src/ik_quad_foot_control/src/ik_quad_foot_control.cpp:375:58:[m[K [01;35m[Kwarning: [m[Kformat ‘[01m[K%d[m[K’ expects argument of type ‘[01m[Kint[m[K’, but argument 5 has type ‘[01m[K__gnu_cxx::__alloc_traits<std::allocator<double>, double>::value_type[m[K’ {aka ‘[01m[Kdouble[m[K’} [[01;35m[K-Wformat=[m[K]
[16.923s]   375 |                     RCLCPP_INFO(get_node()->get_logger(),[01;35m[K"the computed %d IK for pushup are [%f,%f]"[m[K,pushup_jnt_pos[2*i],pushup_jnt_pos[2*i + 1]);
[16.923s]       |                                                          [01;35m[K^~~~~~~~~~~~~~~~~~~~~~~~~~~~~~~~~~~~~~~~~~~[m[K
[16.924s] [01m[K/home/ros/docker_simulation_ws/src/Pi3Hat_Controllers/src/ik_quad_foot_control/src/ik_quad_foot_control.cpp:375:73:[m[K [01;36m[Knote: [m[Kformat string is defined here
[16.924s]   375 |                     RCLCPP_INFO(get_node()->get_logger(),"the computed [01;36m[K%d[m[K IK for pushup are [%f,%f]",pushup_jnt_pos[2*i],pushup_jnt_pos[2*i + 1]);
[16.924s]       |                                                                        [01;36m[K~^[m[K
[16.925s]       |                                                                         [01;36m[K|[m[K
[16.925s]       |                                                                         [01;36m[Kint[m[K
[16.925s]       |                                                                        [32m[K%f[m[K
[16.925s] In file included from [01m[K/opt/ros/humble/include/rclcpp/rclcpp/logging.hpp:24[m[K,
[16.926s]                  from [01m[K/home/ros/docker_simulation_ws/src/Pi3Hat_Controllers/src/ik_quad_foot_control/src/ik_quad_foot_control.cpp:5[m[K:
[16.926s] [01m[K/home/ros/docker_simulation_ws/src/Pi3Hat_Controllers/src/ik_quad_foot_control/src/ik_quad_foot_control.cpp:375:58:[m[K [01;35m[Kwarning: [m[Kformat ‘[01m[K%f[m[K’ expects a matching ‘[01m[Kdouble[m[K’ argument [[01;35m[K-Wformat=[m[K]
[16.926s]   375 |                     RCLCPP_INFO(get_node()->get_logger(),[01;35m[K"the computed %d IK for pushup are [%f,%f]"[m[K,pushup_jnt_pos[2*i],pushup_jnt_pos[2*i + 1]);
[16.927s]       |                                                          [01;35m[K^~~~~~~~~~~~~~~~~~~~~~~~~~~~~~~~~~~~~~~~~~~[m[K
[16.927s] [01m[K/home/ros/docker_simulation_ws/src/Pi3Hat_Controllers/src/ik_quad_foot_control/src/ik_quad_foot_control.cpp:375:98:[m[K [01;36m[Knote: [m[Kformat string is defined here
[16.927s]   375 |                     RCLCPP_INFO(get_node()->get_logger(),"the computed %d IK for pushup are [%f,[01;36m[K%f[m[K]",pushup_jnt_pos[2*i],pushup_jnt_pos[2*i + 1]);
[16.928s]       |                                                                                                 [01;36m[K~^[m[K
[16.928s]       |                                                                                                  [01;36m[K|[m[K
[16.929s]       |                                                                                                  [01;36m[Kdouble[m[K
[16.929s] [01m[K/home/ros/docker_simulation_ws/src/Pi3Hat_Controllers/src/ik_quad_foot_control/src/ik_quad_foot_control.cpp:297:16:[m[K [01;35m[Kwarning: [m[Kunused variable ‘[01m[Kq1[m[K’ [[01;35m[K-Wunused-variable[m[K]
[16.929s]   297 |         double [01;35m[Kq1[m[K=0,q2=0,t,k;
[16.930s]       |                [01;35m[K^~[m[K
[16.930s] [01m[K/home/ros/docker_simulation_ws/src/Pi3Hat_Controllers/src/ik_quad_foot_control/src/ik_quad_foot_control.cpp:297:21:[m[K [01;35m[Kwarning: [m[Kunused variable ‘[01m[Kq2[m[K’ [[01;35m[K-Wunused-variable[m[K]
[16.930s]   297 |         double q1=0,[01;35m[Kq2[m[K=0,t,k;
[16.930s]       |                     [01;35m[K^~[m[K
[16.931s] [01m[K/home/ros/docker_simulation_ws/src/Pi3Hat_Controllers/src/ik_quad_foot_control/src/ik_quad_foot_control.cpp:297:26:[m[K [01;35m[Kwarning: [m[Kunused variable ‘[01m[Kt[m[K’ [[01;35m[K-Wunused-variable[m[K]
[16.931s]   297 |         double q1=0,q2=0,[01;35m[Kt[m[K,k;
[16.931s]       |                          [01;35m[K^[m[K
[16.931s] [01m[K/home/ros/docker_simulation_ws/src/Pi3Hat_Controllers/src/ik_quad_foot_control/src/ik_quad_foot_control.cpp:297:28:[m[K [01;35m[Kwarning: [m[Kunused variable ‘[01m[Kk[m[K’ [[01;35m[K-Wunused-variable[m[K]
[16.931s]   297 |         double q1=0,q2=0,t,[01;35m[Kk[m[K;
[16.932s]       |                            [01;35m[K^[m[K
[16.932s] [01m[K/home/ros/docker_simulation_ws/src/Pi3Hat_Controllers/src/ik_quad_foot_control/src/ik_quad_foot_control.cpp:292:92:[m[K [01;35m[Kwarning: [m[Kunused parameter ‘[01m[Ktime[m[K’ [[01;35m[K-Wunused-parameter[m[K]
[16.932s]   292 |     controller_interface::return_type IK_Quad_Foot_Controller::update([01;35m[Kconst rclcpp::Time & time[m[K, const rclcpp::Duration & period)
[16.933s]       |                                                                       [01;35m[K~~~~~~~~~~~~~~~~~~~~~^~~~[m[K
[35.167s] [ 75%] [32m[1mLinking CXX executable base_motion[0m
[37.247s] [ 75%] Built target base_motion
[51.042s] [100%] [32m[1mLinking CXX shared library libik_quad_foot_control.so[0m
[52.915s] [100%] Built target ik_quad_foot_control
[53.042s] Invoked command in '/home/ros/docker_simulation_ws/build/ik_quad_foot_control' returned '0': CMAKE_PREFIX_PATH=${CMAKE_PREFIX_PATH}:/opt/ros/humble /usr/bin/cmake --build /home/ros/docker_simulation_ws/build/ik_quad_foot_control -- -j12 -l12
[53.050s] Invoking command in '/home/ros/docker_simulation_ws/build/ik_quad_foot_control': CMAKE_PREFIX_PATH=${CMAKE_PREFIX_PATH}:/opt/ros/humble /usr/bin/cmake --install /home/ros/docker_simulation_ws/build/ik_quad_foot_control
[53.233s] -- Install configuration: ""
[53.234s] -- Execute custom install script
[53.234s] -- Symlinking: /home/ros/docker_simulation_ws/install/ik_quad_foot_control/share/ik_quad_foot_control//ik_quad_foot_control.xml
[53.234s] -- Symlinking: /home/ros/docker_simulation_ws/install/ik_quad_foot_control/share/ik_quad_foot_control/environment/library_path.sh
[53.234s] -- Symlinking: /home/ros/docker_simulation_ws/install/ik_quad_foot_control/share/ik_quad_foot_control/environment/library_path.dsv
[53.235s] -- Symlinking: /home/ros/docker_simulation_ws/install/ik_quad_foot_control/lib/ik_quad_foot_control/base_motion
[53.235s] -- Symlinking: /home/ros/docker_simulation_ws/install/ik_quad_foot_control/share/ik_quad_foot_control/launch/base_motion.launch.py
[53.235s] -- Symlinking: /home/ros/docker_simulation_ws/install/ik_quad_foot_control/share/ament_index/resource_index/package_run_dependencies/ik_quad_foot_control
[53.235s] -- Symlinking: /home/ros/docker_simulation_ws/install/ik_quad_foot_control/share/ament_index/resource_index/parent_prefix_path/ik_quad_foot_control
[53.245s] -- Symlinking: /home/ros/docker_simulation_ws/install/ik_quad_foot_control/share/ik_quad_foot_control/environment/ament_prefix_path.sh
[53.270s] -- Symlinking: /home/ros/docker_simulation_ws/install/ik_quad_foot_control/share/ik_quad_foot_control/environment/ament_prefix_path.dsv
[53.295s] -- Symlinking: /home/ros/docker_simulation_ws/install/ik_quad_foot_control/share/ik_quad_foot_control/environment/path.sh
[53.316s] -- Symlinking: /home/ros/docker_simulation_ws/install/ik_quad_foot_control/share/ik_quad_foot_control/environment/path.dsv
[53.335s] -- Symlinking: /home/ros/docker_simulation_ws/install/ik_quad_foot_control/share/ik_quad_foot_control/local_setup.bash
[53.419s] -- Symlinking: /home/ros/docker_simulation_ws/install/ik_quad_foot_control/share/ik_quad_foot_control/local_setup.sh
[53.442s] -- Symlinking: /home/ros/docker_simulation_ws/install/ik_quad_foot_control/share/ik_quad_foot_control/local_setup.zsh
[53.462s] -- Symlinking: /home/ros/docker_simulation_ws/install/ik_quad_foot_control/share/ik_quad_foot_control/local_setup.dsv
[53.484s] -- Symlinking: /home/ros/docker_simulation_ws/install/ik_quad_foot_control/share/ik_quad_foot_control/package.dsv
[53.503s] -- Symlinking: /home/ros/docker_simulation_ws/install/ik_quad_foot_control/share/ament_index/resource_index/packages/ik_quad_foot_control
[53.526s] -- Symlinking: /home/ros/docker_simulation_ws/install/ik_quad_foot_control/share/ament_index/resource_index/controller_interface__pluginlib__plugin/ik_quad_foot_control
[53.561s] -- Symlinking: /home/ros/docker_simulation_ws/install/ik_quad_foot_control/share/ik_quad_foot_control/cmake/ament_cmake_export_dependencies-extras.cmake
[53.593s] -- Symlinking: /home/ros/docker_simulation_ws/install/ik_quad_foot_control/share/ik_quad_foot_control/cmake/ament_cmake_export_include_directories-extras.cmake
[53.627s] -- Symlinking: /home/ros/docker_simulation_ws/install/ik_quad_foot_control/share/ik_quad_foot_control/cmake/ament_cmake_export_libraries-extras.cmake
[53.665s] -- Symlinking: /home/ros/docker_simulation_ws/install/ik_quad_foot_control/share/ik_quad_foot_control/cmake/ik_quad_foot_controlConfig.cmake
[53.688s] -- Symlinking: /home/ros/docker_simulation_ws/install/ik_quad_foot_control/share/ik_quad_foot_control/cmake/ik_quad_foot_controlConfig-version.cmake
[53.713s] -- Symlinking: /home/ros/docker_simulation_ws/install/ik_quad_foot_control/share/ik_quad_foot_control/package.xml
[53.738s] -- Installing: /home/ros/docker_simulation_ws/install/ik_quad_foot_control/lib/libik_quad_foot_control.so
[53.828s] -- Set runtime path of "/home/ros/docker_simulation_ws/install/ik_quad_foot_control/lib/libik_quad_foot_control.so" to ""
[53.836s] Invoked command in '/home/ros/docker_simulation_ws/build/ik_quad_foot_control' returned '0': CMAKE_PREFIX_PATH=${CMAKE_PREFIX_PATH}:/opt/ros/humble /usr/bin/cmake --install /home/ros/docker_simulation_ws/build/ik_quad_foot_control
