[0.132s] Invoking command in '/home/ros/docker_simulation_ws/build/ik_quad_foot_control': CMAKE_PREFIX_PATH=/home/ros/docker_simulation_ws/install/pi3hat_moteus_int_msgs:/home/ros/docker_simulation_ws/install/wheels_vel_cnt:/home/ros/docker_simulation_ws/install/rbt_pd_cnt:/home/ros/docker_simulation_ws/install/omni_vel_controller:/home/ros/docker_simulation_ws/install/omni_mulinex_joystic:/home/ros/docker_simulation_ws/install/ik_quad_foot_control:/home/ros/docker_simulation_ws/install/mulinex_ignition:/home/ros/docker_simulation_ws/install/mulinex_description:/home/ros/docker_simulation_ws/install/custom_interfaces:/home/ros/docker_simulation_ws/install/rlg_quad_controller:/home/ros/docker_simulation_ws/install/mulinex_ignition_py:/opt/ros/humble LD_LIBRARY_PATH=/home/ros/docker_simulation_ws/install/pi3hat_moteus_int_msgs/lib:/home/ros/docker_simulation_ws/install/wheels_vel_cnt/lib:/home/ros/docker_simulation_ws/install/rbt_pd_cnt/lib:/home/ros/docker_simulation_ws/install/omni_vel_controller/lib:/home/ros/docker_simulation_ws/install/omni_mulinex_joystic/lib:/home/ros/docker_simulation_ws/install/ik_quad_foot_control/lib:/home/ros/docker_simulation_ws/install/custom_interfaces/lib:/opt/ros/humble/opt/rviz_ogre_vendor/lib:/opt/ros/humble/lib/x86_64-linux-gnu:/opt/ros/humble/lib /usr/bin/cmake --build /home/ros/docker_simulation_ws/build/ik_quad_foot_control -- -j12 -l12
[1.043s] [ 50%] Built target base_motion
[1.047s] [100%] Built target ik_quad_foot_control
[1.063s] Invoked command in '/home/ros/docker_simulation_ws/build/ik_quad_foot_control' returned '0': CMAKE_PREFIX_PATH=/home/ros/docker_simulation_ws/install/pi3hat_moteus_int_msgs:/home/ros/docker_simulation_ws/install/wheels_vel_cnt:/home/ros/docker_simulation_ws/install/rbt_pd_cnt:/home/ros/docker_simulation_ws/install/omni_vel_controller:/home/ros/docker_simulation_ws/install/omni_mulinex_joystic:/home/ros/docker_simulation_ws/install/ik_quad_foot_control:/home/ros/docker_simulation_ws/install/mulinex_ignition:/home/ros/docker_simulation_ws/install/mulinex_description:/home/ros/docker_simulation_ws/install/custom_interfaces:/home/ros/docker_simulation_ws/install/rlg_quad_controller:/home/ros/docker_simulation_ws/install/mulinex_ignition_py:/opt/ros/humble LD_LIBRARY_PATH=/home/ros/docker_simulation_ws/install/pi3hat_moteus_int_msgs/lib:/home/ros/docker_simulation_ws/install/wheels_vel_cnt/lib:/home/ros/docker_simulation_ws/install/rbt_pd_cnt/lib:/home/ros/docker_simulation_ws/install/omni_vel_controller/lib:/home/ros/docker_simulation_ws/install/omni_mulinex_joystic/lib:/home/ros/docker_simulation_ws/install/ik_quad_foot_control/lib:/home/ros/docker_simulation_ws/install/custom_interfaces/lib:/opt/ros/humble/opt/rviz_ogre_vendor/lib:/opt/ros/humble/lib/x86_64-linux-gnu:/opt/ros/humble/lib /usr/bin/cmake --build /home/ros/docker_simulation_ws/build/ik_quad_foot_control -- -j12 -l12
[1.067s] Invoking command in '/home/ros/docker_simulation_ws/build/ik_quad_foot_control': CMAKE_PREFIX_PATH=/home/ros/docker_simulation_ws/install/pi3hat_moteus_int_msgs:/home/ros/docker_simulation_ws/install/wheels_vel_cnt:/home/ros/docker_simulation_ws/install/rbt_pd_cnt:/home/ros/docker_simulation_ws/install/omni_vel_controller:/home/ros/docker_simulation_ws/install/omni_mulinex_joystic:/home/ros/docker_simulation_ws/install/ik_quad_foot_control:/home/ros/docker_simulation_ws/install/mulinex_ignition:/home/ros/docker_simulation_ws/install/mulinex_description:/home/ros/docker_simulation_ws/install/custom_interfaces:/home/ros/docker_simulation_ws/install/rlg_quad_controller:/home/ros/docker_simulation_ws/install/mulinex_ignition_py:/opt/ros/humble LD_LIBRARY_PATH=/home/ros/docker_simulation_ws/install/pi3hat_moteus_int_msgs/lib:/home/ros/docker_simulation_ws/install/wheels_vel_cnt/lib:/home/ros/docker_simulation_ws/install/rbt_pd_cnt/lib:/home/ros/docker_simulation_ws/install/omni_vel_controller/lib:/home/ros/docker_simulation_ws/install/omni_mulinex_joystic/lib:/home/ros/docker_simulation_ws/install/ik_quad_foot_control/lib:/home/ros/docker_simulation_ws/install/custom_interfaces/lib:/opt/ros/humble/opt/rviz_ogre_vendor/lib:/opt/ros/humble/lib/x86_64-linux-gnu:/opt/ros/humble/lib /usr/bin/cmake --install /home/ros/docker_simulation_ws/build/ik_quad_foot_control
[1.164s] -- Install configuration: ""
[1.165s] -- Execute custom install script
[1.165s] -- Up-to-date symlink: /home/ros/docker_simulation_ws/install/ik_quad_foot_control/share/ik_quad_foot_control//ik_quad_foot_control.xml
[1.166s] -- Up-to-date symlink: /home/ros/docker_simulation_ws/install/ik_quad_foot_control/share/ik_quad_foot_control/environment/library_path.sh
[1.169s] -- Up-to-date symlink: /home/ros/docker_simulation_ws/install/ik_quad_foot_control/share/ik_quad_foot_control/environment/library_path.dsv
[1.173s] -- Up-to-date symlink: /home/ros/docker_simulation_ws/install/ik_quad_foot_control/lib/ik_quad_foot_control/base_motion
[1.174s] -- Up-to-date symlink: /home/ros/docker_simulation_ws/install/ik_quad_foot_control/share/ik_quad_foot_control/launch/base_motion.launch.py
[1.175s] -- Up-to-date symlink: /home/ros/docker_simulation_ws/install/ik_quad_foot_control/share/ament_index/resource_index/package_run_dependencies/ik_quad_foot_control
[1.175s] -- Up-to-date symlink: /home/ros/docker_simulation_ws/install/ik_quad_foot_control/share/ament_index/resource_index/parent_prefix_path/ik_quad_foot_control
[1.176s] -- Up-to-date symlink: /home/ros/docker_simulation_ws/install/ik_quad_foot_control/share/ik_quad_foot_control/environment/ament_prefix_path.sh
[1.176s] -- Up-to-date symlink: /home/ros/docker_simulation_ws/install/ik_quad_foot_control/share/ik_quad_foot_control/environment/ament_prefix_path.dsv
[1.177s] -- Up-to-date symlink: /home/ros/docker_simulation_ws/install/ik_quad_foot_control/share/ik_quad_foot_control/environment/path.sh
[1.178s] -- Up-to-date symlink: /home/ros/docker_simulation_ws/install/ik_quad_foot_control/share/ik_quad_foot_control/environment/path.dsv
[1.178s] -- Up-to-date symlink: /home/ros/docker_simulation_ws/install/ik_quad_foot_control/share/ik_quad_foot_control/local_setup.bash
[1.181s] -- Up-to-date symlink: /home/ros/docker_simulation_ws/install/ik_quad_foot_control/share/ik_quad_foot_control/local_setup.sh
[1.182s] -- Up-to-date symlink: /home/ros/docker_simulation_ws/install/ik_quad_foot_control/share/ik_quad_foot_control/local_setup.zsh
[1.182s] -- Up-to-date symlink: /home/ros/docker_simulation_ws/install/ik_quad_foot_control/share/ik_quad_foot_control/local_setup.dsv
[1.183s] -- Symlinking: /home/ros/docker_simulation_ws/install/ik_quad_foot_control/share/ik_quad_foot_control/package.dsv
[1.202s] -- Up-to-date symlink: /home/ros/docker_simulation_ws/install/ik_quad_foot_control/share/ament_index/resource_index/packages/ik_quad_foot_control
[1.203s] -- Up-to-date symlink: /home/ros/docker_simulation_ws/install/ik_quad_foot_control/share/ament_index/resource_index/controller_interface__pluginlib__plugin/ik_quad_foot_control
[1.204s] -- Up-to-date symlink: /home/ros/docker_simulation_ws/install/ik_quad_foot_control/share/ik_quad_foot_control/cmake/ament_cmake_export_dependencies-extras.cmake
[1.205s] -- Up-to-date symlink: /home/ros/docker_simulation_ws/install/ik_quad_foot_control/share/ik_quad_foot_control/cmake/ament_cmake_export_include_directories-extras.cmake
[1.208s] -- Up-to-date symlink: /home/ros/docker_simulation_ws/install/ik_quad_foot_control/share/ik_quad_foot_control/cmake/ament_cmake_export_libraries-extras.cmake
[1.209s] -- Up-to-date symlink: /home/ros/docker_simulation_ws/install/ik_quad_foot_control/share/ik_quad_foot_control/cmake/ik_quad_foot_controlConfig.cmake
[1.210s] -- Up-to-date symlink: /home/ros/docker_simulation_ws/install/ik_quad_foot_control/share/ik_quad_foot_control/cmake/ik_quad_foot_controlConfig-version.cmake
[1.213s] -- Up-to-date symlink: /home/ros/docker_simulation_ws/install/ik_quad_foot_control/share/ik_quad_foot_control/package.xml
[1.216s] -- Up-to-date: /home/ros/docker_simulation_ws/install/ik_quad_foot_control/lib/libik_quad_foot_control.so
[1.241s] Invoked command in '/home/ros/docker_simulation_ws/build/ik_quad_foot_control' returned '0': CMAKE_PREFIX_PATH=/home/ros/docker_simulation_ws/install/pi3hat_moteus_int_msgs:/home/ros/docker_simulation_ws/install/wheels_vel_cnt:/home/ros/docker_simulation_ws/install/rbt_pd_cnt:/home/ros/docker_simulation_ws/install/omni_vel_controller:/home/ros/docker_simulation_ws/install/omni_mulinex_joystic:/home/ros/docker_simulation_ws/install/ik_quad_foot_control:/home/ros/docker_simulation_ws/install/mulinex_ignition:/home/ros/docker_simulation_ws/install/mulinex_description:/home/ros/docker_simulation_ws/install/custom_interfaces:/home/ros/docker_simulation_ws/install/rlg_quad_controller:/home/ros/docker_simulation_ws/install/mulinex_ignition_py:/opt/ros/humble LD_LIBRARY_PATH=/home/ros/docker_simulation_ws/install/pi3hat_moteus_int_msgs/lib:/home/ros/docker_simulation_ws/install/wheels_vel_cnt/lib:/home/ros/docker_simulation_ws/install/rbt_pd_cnt/lib:/home/ros/docker_simulation_ws/install/omni_vel_controller/lib:/home/ros/docker_simulation_ws/install/omni_mulinex_joystic/lib:/home/ros/docker_simulation_ws/install/ik_quad_foot_control/lib:/home/ros/docker_simulation_ws/install/custom_interfaces/lib:/opt/ros/humble/opt/rviz_ogre_vendor/lib:/opt/ros/humble/lib/x86_64-linux-gnu:/opt/ros/humble/lib /usr/bin/cmake --install /home/ros/docker_simulation_ws/build/ik_quad_foot_control
