[0.200s] Invoking command in '/home/ros/docker_simulation_ws/build/pi3hat_moteus_int_msgs': CMAKE_PREFIX_PATH=${CMAKE_PREFIX_PATH}:/home/ros/docker_simulation_ws/install/rlg_quad_controller:/home/ros/docker_simulation_ws/install/mulinex_ignition_py:/opt/ros/humble /usr/bin/cmake --build /home/ros/docker_simulation_ws/build/pi3hat_moteus_int_msgs -- -j12 -l12
[0.772s] [  1%] Built target pi3hat_moteus_int_msgs__cpp
[0.813s] [  1%] Built target ament_cmake_python_symlink_pi3hat_moteus_int_msgs
[0.877s] [ 12%] Built target pi3hat_moteus_int_msgs__rosidl_generator_c
[0.959s] [ 23%] Built target pi3hat_moteus_int_msgs__rosidl_typesupport_fastrtps_cpp
[0.966s] [ 34%] Built target pi3hat_moteus_int_msgs__rosidl_typesupport_cpp
[0.984s] [ 46%] Built target pi3hat_moteus_int_msgs__rosidl_typesupport_introspection_cpp
[1.015s] [ 57%] Built target pi3hat_moteus_int_msgs__rosidl_typesupport_c
[1.027s] [ 68%] Built target pi3hat_moteus_int_msgs__rosidl_typesupport_introspection_c
[1.039s] [ 79%] Built target pi3hat_moteus_int_msgs__rosidl_typesupport_fastrtps_c
[1.117s] [ 79%] Built target pi3hat_moteus_int_msgs
[1.202s] [ 80%] Built target pi3hat_moteus_int_msgs__py
[1.329s] [ 90%] Built target pi3hat_moteus_int_msgs__rosidl_generator_py
[1.519s] [ 93%] Built target pi3hat_moteus_int_msgs__rosidl_typesupport_introspection_c__pyext
[1.520s] [ 96%] Built target pi3hat_moteus_int_msgs__rosidl_typesupport_fastrtps_c__pyext
[1.529s] [100%] Built target pi3hat_moteus_int_msgs__rosidl_typesupport_c__pyext
[2.076s] running egg_info
[2.079s] writing pi3hat_moteus_int_msgs.egg-info/PKG-INFO
[2.080s] writing dependency_links to pi3hat_moteus_int_msgs.egg-info/dependency_links.txt
[2.080s] writing top-level names to pi3hat_moteus_int_msgs.egg-info/top_level.txt
[2.089s] reading manifest file 'pi3hat_moteus_int_msgs.egg-info/SOURCES.txt'
[2.092s] writing manifest file 'pi3hat_moteus_int_msgs.egg-info/SOURCES.txt'
[2.176s] [100%] Built target ament_cmake_python_build_pi3hat_moteus_int_msgs_egg
[2.216s] Invoked command in '/home/ros/docker_simulation_ws/build/pi3hat_moteus_int_msgs' returned '0': CMAKE_PREFIX_PATH=${CMAKE_PREFIX_PATH}:/home/ros/docker_simulation_ws/install/rlg_quad_controller:/home/ros/docker_simulation_ws/install/mulinex_ignition_py:/opt/ros/humble /usr/bin/cmake --build /home/ros/docker_simulation_ws/build/pi3hat_moteus_int_msgs -- -j12 -l12
[2.222s] Invoking command in '/home/ros/docker_simulation_ws/build/pi3hat_moteus_int_msgs': CMAKE_PREFIX_PATH=${CMAKE_PREFIX_PATH}:/home/ros/docker_simulation_ws/install/rlg_quad_controller:/home/ros/docker_simulation_ws/install/mulinex_ignition_py:/opt/ros/humble /usr/bin/cmake --install /home/ros/docker_simulation_ws/build/pi3hat_moteus_int_msgs
[2.249s] -- Install configuration: ""
[2.251s] -- Execute custom install script
[2.252s] -- Up-to-date symlink: /home/ros/docker_simulation_ws/install/pi3hat_moteus_int_msgs/share/ament_index/resource_index/rosidl_interfaces/pi3hat_moteus_int_msgs
[2.254s] -- Up-to-date symlink: /home/ros/docker_simulation_ws/install/pi3hat_moteus_int_msgs/include/pi3hat_moteus_int_msgs/pi3hat_moteus_int_msgs/msg/detail/joints_command__functions.h
[2.255s] -- Up-to-date symlink: /home/ros/docker_simulation_ws/install/pi3hat_moteus_int_msgs/include/pi3hat_moteus_int_msgs/pi3hat_moteus_int_msgs/msg/detail/joints_command__struct.h
[2.255s] -- Up-to-date symlink: /home/ros/docker_simulation_ws/install/pi3hat_moteus_int_msgs/include/pi3hat_moteus_int_msgs/pi3hat_moteus_int_msgs/msg/detail/joints_command__type_support.h
[2.256s] -- Up-to-date symlink: /home/ros/docker_simulation_ws/install/pi3hat_moteus_int_msgs/include/pi3hat_moteus_int_msgs/pi3hat_moteus_int_msgs/msg/detail/joints_states__functions.h
[2.256s] -- Up-to-date symlink: /home/ros/docker_simulation_ws/install/pi3hat_moteus_int_msgs/include/pi3hat_moteus_int_msgs/pi3hat_moteus_int_msgs/msg/detail/joints_states__struct.h
[2.257s] -- Up-to-date symlink: /home/ros/docker_simulation_ws/install/pi3hat_moteus_int_msgs/include/pi3hat_moteus_int_msgs/pi3hat_moteus_int_msgs/msg/detail/joints_states__type_support.h
[2.258s] -- Up-to-date symlink: /home/ros/docker_simulation_ws/install/pi3hat_moteus_int_msgs/include/pi3hat_moteus_int_msgs/pi3hat_moteus_int_msgs/msg/detail/omni_mulinex_command__functions.h
[2.258s] -- Up-to-date symlink: /home/ros/docker_simulation_ws/install/pi3hat_moteus_int_msgs/include/pi3hat_moteus_int_msgs/pi3hat_moteus_int_msgs/msg/detail/omni_mulinex_command__struct.h
[2.260s] -- Up-to-date symlink: /home/ros/docker_simulation_ws/install/pi3hat_moteus_int_msgs/include/pi3hat_moteus_int_msgs/pi3hat_moteus_int_msgs/msg/detail/omni_mulinex_command__type_support.h
[2.261s] -- Up-to-date symlink: /home/ros/docker_simulation_ws/install/pi3hat_moteus_int_msgs/include/pi3hat_moteus_int_msgs/pi3hat_moteus_int_msgs/msg/detail/packet_pass__functions.h
[2.263s] -- Up-to-date symlink: /home/ros/docker_simulation_ws/install/pi3hat_moteus_int_msgs/include/pi3hat_moteus_int_msgs/pi3hat_moteus_int_msgs/msg/detail/packet_pass__struct.h
[2.264s] -- Up-to-date symlink: /home/ros/docker_simulation_ws/install/pi3hat_moteus_int_msgs/include/pi3hat_moteus_int_msgs/pi3hat_moteus_int_msgs/msg/detail/packet_pass__type_support.h
[2.264s] -- Up-to-date symlink: /home/ros/docker_simulation_ws/install/pi3hat_moteus_int_msgs/include/pi3hat_moteus_int_msgs/pi3hat_moteus_int_msgs/msg/detail/quad_foot_state__functions.h
[2.265s] -- Up-to-date symlink: /home/ros/docker_simulation_ws/install/pi3hat_moteus_int_msgs/include/pi3hat_moteus_int_msgs/pi3hat_moteus_int_msgs/msg/detail/quad_foot_state__struct.h
[2.266s] -- Up-to-date symlink: /home/ros/docker_simulation_ws/install/pi3hat_moteus_int_msgs/include/pi3hat_moteus_int_msgs/pi3hat_moteus_int_msgs/msg/detail/quad_foot_state__type_support.h
[2.268s] -- Up-to-date symlink: /home/ros/docker_simulation_ws/install/pi3hat_moteus_int_msgs/include/pi3hat_moteus_int_msgs/pi3hat_moteus_int_msgs/msg/joints_command.h
[2.269s] -- Up-to-date symlink: /home/ros/docker_simulation_ws/install/pi3hat_moteus_int_msgs/include/pi3hat_moteus_int_msgs/pi3hat_moteus_int_msgs/msg/joints_states.h
[2.269s] -- Up-to-date symlink: /home/ros/docker_simulation_ws/install/pi3hat_moteus_int_msgs/include/pi3hat_moteus_int_msgs/pi3hat_moteus_int_msgs/msg/omni_mulinex_command.h
[2.271s] -- Up-to-date symlink: /home/ros/docker_simulation_ws/install/pi3hat_moteus_int_msgs/include/pi3hat_moteus_int_msgs/pi3hat_moteus_int_msgs/msg/packet_pass.h
[2.272s] -- Up-to-date symlink: /home/ros/docker_simulation_ws/install/pi3hat_moteus_int_msgs/include/pi3hat_moteus_int_msgs/pi3hat_moteus_int_msgs/msg/quad_foot_state.h
[2.273s] -- Up-to-date symlink: /home/ros/docker_simulation_ws/install/pi3hat_moteus_int_msgs/include/pi3hat_moteus_int_msgs/pi3hat_moteus_int_msgs/msg/rosidl_generator_c__visibility_control.h
[2.274s] -- Up-to-date symlink: /home/ros/docker_simulation_ws/install/pi3hat_moteus_int_msgs/share/pi3hat_moteus_int_msgs/environment/library_path.sh
[2.274s] -- Up-to-date symlink: /home/ros/docker_simulation_ws/install/pi3hat_moteus_int_msgs/share/pi3hat_moteus_int_msgs/environment/library_path.dsv
[2.281s] -- Up-to-date symlink: /home/ros/docker_simulation_ws/install/pi3hat_moteus_int_msgs/include/pi3hat_moteus_int_msgs/pi3hat_moteus_int_msgs/msg/detail/joints_command__rosidl_typesupport_fastrtps_c.h
[2.282s] -- Up-to-date symlink: /home/ros/docker_simulation_ws/install/pi3hat_moteus_int_msgs/include/pi3hat_moteus_int_msgs/pi3hat_moteus_int_msgs/msg/detail/joints_states__rosidl_typesupport_fastrtps_c.h
[2.283s] -- Up-to-date symlink: /home/ros/docker_simulation_ws/install/pi3hat_moteus_int_msgs/include/pi3hat_moteus_int_msgs/pi3hat_moteus_int_msgs/msg/detail/omni_mulinex_command__rosidl_typesupport_fastrtps_c.h
[2.284s] -- Up-to-date symlink: /home/ros/docker_simulation_ws/install/pi3hat_moteus_int_msgs/include/pi3hat_moteus_int_msgs/pi3hat_moteus_int_msgs/msg/detail/packet_pass__rosidl_typesupport_fastrtps_c.h
[2.285s] -- Up-to-date symlink: /home/ros/docker_simulation_ws/install/pi3hat_moteus_int_msgs/include/pi3hat_moteus_int_msgs/pi3hat_moteus_int_msgs/msg/detail/quad_foot_state__rosidl_typesupport_fastrtps_c.h
[2.286s] -- Up-to-date symlink: /home/ros/docker_simulation_ws/install/pi3hat_moteus_int_msgs/include/pi3hat_moteus_int_msgs/pi3hat_moteus_int_msgs/msg/rosidl_typesupport_fastrtps_c__visibility_control.h
[2.286s] -- Up-to-date symlink: /home/ros/docker_simulation_ws/install/pi3hat_moteus_int_msgs/include/pi3hat_moteus_int_msgs/pi3hat_moteus_int_msgs/msg/detail/joints_command__builder.hpp
[2.287s] -- Up-to-date symlink: /home/ros/docker_simulation_ws/install/pi3hat_moteus_int_msgs/include/pi3hat_moteus_int_msgs/pi3hat_moteus_int_msgs/msg/detail/joints_command__struct.hpp
[2.288s] -- Up-to-date symlink: /home/ros/docker_simulation_ws/install/pi3hat_moteus_int_msgs/include/pi3hat_moteus_int_msgs/pi3hat_moteus_int_msgs/msg/detail/joints_command__traits.hpp
[2.289s] -- Up-to-date symlink: /home/ros/docker_simulation_ws/install/pi3hat_moteus_int_msgs/include/pi3hat_moteus_int_msgs/pi3hat_moteus_int_msgs/msg/detail/joints_command__type_support.hpp
[2.290s] -- Up-to-date symlink: /home/ros/docker_simulation_ws/install/pi3hat_moteus_int_msgs/include/pi3hat_moteus_int_msgs/pi3hat_moteus_int_msgs/msg/detail/joints_states__builder.hpp
[2.299s] -- Up-to-date symlink: /home/ros/docker_simulation_ws/install/pi3hat_moteus_int_msgs/include/pi3hat_moteus_int_msgs/pi3hat_moteus_int_msgs/msg/detail/joints_states__struct.hpp
[2.299s] -- Up-to-date symlink: /home/ros/docker_simulation_ws/install/pi3hat_moteus_int_msgs/include/pi3hat_moteus_int_msgs/pi3hat_moteus_int_msgs/msg/detail/joints_states__traits.hpp
[2.300s] -- Up-to-date symlink: /home/ros/docker_simulation_ws/install/pi3hat_moteus_int_msgs/include/pi3hat_moteus_int_msgs/pi3hat_moteus_int_msgs/msg/detail/joints_states__type_support.hpp
[2.300s] -- Up-to-date symlink: /home/ros/docker_simulation_ws/install/pi3hat_moteus_int_msgs/include/pi3hat_moteus_int_msgs/pi3hat_moteus_int_msgs/msg/detail/omni_mulinex_command__builder.hpp
[2.301s] -- Up-to-date symlink: /home/ros/docker_simulation_ws/install/pi3hat_moteus_int_msgs/include/pi3hat_moteus_int_msgs/pi3hat_moteus_int_msgs/msg/detail/omni_mulinex_command__struct.hpp
[2.302s] -- Up-to-date symlink: /home/ros/docker_simulation_ws/install/pi3hat_moteus_int_msgs/include/pi3hat_moteus_int_msgs/pi3hat_moteus_int_msgs/msg/detail/omni_mulinex_command__traits.hpp
[2.303s] -- Up-to-date symlink: /home/ros/docker_simulation_ws/install/pi3hat_moteus_int_msgs/include/pi3hat_moteus_int_msgs/pi3hat_moteus_int_msgs/msg/detail/omni_mulinex_command__type_support.hpp
[2.303s] -- Up-to-date symlink: /home/ros/docker_simulation_ws/install/pi3hat_moteus_int_msgs/include/pi3hat_moteus_int_msgs/pi3hat_moteus_int_msgs/msg/detail/packet_pass__builder.hpp
[2.304s] -- Up-to-date symlink: /home/ros/docker_simulation_ws/install/pi3hat_moteus_int_msgs/include/pi3hat_moteus_int_msgs/pi3hat_moteus_int_msgs/msg/detail/packet_pass__struct.hpp
[2.304s] -- Up-to-date symlink: /home/ros/docker_simulation_ws/install/pi3hat_moteus_int_msgs/include/pi3hat_moteus_int_msgs/pi3hat_moteus_int_msgs/msg/detail/packet_pass__traits.hpp
[2.304s] -- Up-to-date symlink: /home/ros/docker_simulation_ws/install/pi3hat_moteus_int_msgs/include/pi3hat_moteus_int_msgs/pi3hat_moteus_int_msgs/msg/detail/packet_pass__type_support.hpp
[2.305s] -- Up-to-date symlink: /home/ros/docker_simulation_ws/install/pi3hat_moteus_int_msgs/include/pi3hat_moteus_int_msgs/pi3hat_moteus_int_msgs/msg/detail/quad_foot_state__builder.hpp
[2.312s] -- Up-to-date symlink: /home/ros/docker_simulation_ws/install/pi3hat_moteus_int_msgs/include/pi3hat_moteus_int_msgs/pi3hat_moteus_int_msgs/msg/detail/quad_foot_state__struct.hpp
[2.312s] -- Up-to-date symlink: /home/ros/docker_simulation_ws/install/pi3hat_moteus_int_msgs/include/pi3hat_moteus_int_msgs/pi3hat_moteus_int_msgs/msg/detail/quad_foot_state__traits.hpp
[2.313s] -- Up-to-date symlink: /home/ros/docker_simulation_ws/install/pi3hat_moteus_int_msgs/include/pi3hat_moteus_int_msgs/pi3hat_moteus_int_msgs/msg/detail/quad_foot_state__type_support.hpp
[2.314s] -- Up-to-date symlink: /home/ros/docker_simulation_ws/install/pi3hat_moteus_int_msgs/include/pi3hat_moteus_int_msgs/pi3hat_moteus_int_msgs/msg/joints_command.hpp
[2.315s] -- Up-to-date symlink: /home/ros/docker_simulation_ws/install/pi3hat_moteus_int_msgs/include/pi3hat_moteus_int_msgs/pi3hat_moteus_int_msgs/msg/joints_states.hpp
[2.315s] -- Up-to-date symlink: /home/ros/docker_simulation_ws/install/pi3hat_moteus_int_msgs/include/pi3hat_moteus_int_msgs/pi3hat_moteus_int_msgs/msg/omni_mulinex_command.hpp
[2.316s] -- Up-to-date symlink: /home/ros/docker_simulation_ws/install/pi3hat_moteus_int_msgs/include/pi3hat_moteus_int_msgs/pi3hat_moteus_int_msgs/msg/packet_pass.hpp
[2.317s] -- Up-to-date symlink: /home/ros/docker_simulation_ws/install/pi3hat_moteus_int_msgs/include/pi3hat_moteus_int_msgs/pi3hat_moteus_int_msgs/msg/quad_foot_state.hpp
[2.318s] -- Up-to-date symlink: /home/ros/docker_simulation_ws/install/pi3hat_moteus_int_msgs/include/pi3hat_moteus_int_msgs/pi3hat_moteus_int_msgs/msg/rosidl_generator_cpp__visibility_control.hpp
[2.322s] -- Up-to-date symlink: /home/ros/docker_simulation_ws/install/pi3hat_moteus_int_msgs/include/pi3hat_moteus_int_msgs/pi3hat_moteus_int_msgs/msg/detail/joints_command__rosidl_typesupport_fastrtps_cpp.hpp
[2.323s] -- Up-to-date symlink: /home/ros/docker_simulation_ws/install/pi3hat_moteus_int_msgs/include/pi3hat_moteus_int_msgs/pi3hat_moteus_int_msgs/msg/detail/joints_states__rosidl_typesupport_fastrtps_cpp.hpp
[2.324s] -- Up-to-date symlink: /home/ros/docker_simulation_ws/install/pi3hat_moteus_int_msgs/include/pi3hat_moteus_int_msgs/pi3hat_moteus_int_msgs/msg/detail/omni_mulinex_command__rosidl_typesupport_fastrtps_cpp.hpp
[2.328s] -- Up-to-date symlink: /home/ros/docker_simulation_ws/install/pi3hat_moteus_int_msgs/include/pi3hat_moteus_int_msgs/pi3hat_moteus_int_msgs/msg/detail/packet_pass__rosidl_typesupport_fastrtps_cpp.hpp
[2.329s] -- Up-to-date symlink: /home/ros/docker_simulation_ws/install/pi3hat_moteus_int_msgs/include/pi3hat_moteus_int_msgs/pi3hat_moteus_int_msgs/msg/detail/quad_foot_state__rosidl_typesupport_fastrtps_cpp.hpp
[2.330s] -- Up-to-date symlink: /home/ros/docker_simulation_ws/install/pi3hat_moteus_int_msgs/include/pi3hat_moteus_int_msgs/pi3hat_moteus_int_msgs/msg/rosidl_typesupport_fastrtps_cpp__visibility_control.h
[2.331s] -- Up-to-date symlink: /home/ros/docker_simulation_ws/install/pi3hat_moteus_int_msgs/include/pi3hat_moteus_int_msgs/pi3hat_moteus_int_msgs/msg/detail/joints_command__rosidl_typesupport_introspection_c.h
[2.332s] -- Up-to-date symlink: /home/ros/docker_simulation_ws/install/pi3hat_moteus_int_msgs/include/pi3hat_moteus_int_msgs/pi3hat_moteus_int_msgs/msg/detail/joints_states__rosidl_typesupport_introspection_c.h
[2.332s] -- Up-to-date symlink: /home/ros/docker_simulation_ws/install/pi3hat_moteus_int_msgs/include/pi3hat_moteus_int_msgs/pi3hat_moteus_int_msgs/msg/detail/omni_mulinex_command__rosidl_typesupport_introspection_c.h
[2.333s] -- Up-to-date symlink: /home/ros/docker_simulation_ws/install/pi3hat_moteus_int_msgs/include/pi3hat_moteus_int_msgs/pi3hat_moteus_int_msgs/msg/detail/packet_pass__rosidl_typesupport_introspection_c.h
[2.333s] -- Up-to-date symlink: /home/ros/docker_simulation_ws/install/pi3hat_moteus_int_msgs/include/pi3hat_moteus_int_msgs/pi3hat_moteus_int_msgs/msg/detail/quad_foot_state__rosidl_typesupport_introspection_c.h
[2.334s] -- Up-to-date symlink: /home/ros/docker_simulation_ws/install/pi3hat_moteus_int_msgs/include/pi3hat_moteus_int_msgs/pi3hat_moteus_int_msgs/msg/rosidl_typesupport_introspection_c__visibility_control.h
[2.337s] -- Up-to-date symlink: /home/ros/docker_simulation_ws/install/pi3hat_moteus_int_msgs/include/pi3hat_moteus_int_msgs/pi3hat_moteus_int_msgs/msg/detail/joints_command__rosidl_typesupport_introspection_cpp.hpp
[2.338s] -- Up-to-date symlink: /home/ros/docker_simulation_ws/install/pi3hat_moteus_int_msgs/include/pi3hat_moteus_int_msgs/pi3hat_moteus_int_msgs/msg/detail/joints_states__rosidl_typesupport_introspection_cpp.hpp
[2.338s] -- Up-to-date symlink: /home/ros/docker_simulation_ws/install/pi3hat_moteus_int_msgs/include/pi3hat_moteus_int_msgs/pi3hat_moteus_int_msgs/msg/detail/omni_mulinex_command__rosidl_typesupport_introspection_cpp.hpp
[2.339s] -- Up-to-date symlink: /home/ros/docker_simulation_ws/install/pi3hat_moteus_int_msgs/include/pi3hat_moteus_int_msgs/pi3hat_moteus_int_msgs/msg/detail/packet_pass__rosidl_typesupport_introspection_cpp.hpp
[2.339s] -- Up-to-date symlink: /home/ros/docker_simulation_ws/install/pi3hat_moteus_int_msgs/include/pi3hat_moteus_int_msgs/pi3hat_moteus_int_msgs/msg/detail/quad_foot_state__rosidl_typesupport_introspection_cpp.hpp
[2.340s] -- Up-to-date symlink: /home/ros/docker_simulation_ws/install/pi3hat_moteus_int_msgs/share/pi3hat_moteus_int_msgs/environment/pythonpath.sh
[2.341s] -- Up-to-date symlink: /home/ros/docker_simulation_ws/install/pi3hat_moteus_int_msgs/share/pi3hat_moteus_int_msgs/environment/pythonpath.dsv
[2.344s] -- Up-to-date symlink: /home/ros/docker_simulation_ws/install/pi3hat_moteus_int_msgs/local/lib/python3.10/dist-packages/pi3hat_moteus_int_msgs-0.0.0-py3.10.egg-info/PKG-INFO
[2.345s] -- Up-to-date symlink: /home/ros/docker_simulation_ws/install/pi3hat_moteus_int_msgs/local/lib/python3.10/dist-packages/pi3hat_moteus_int_msgs-0.0.0-py3.10.egg-info/SOURCES.txt
[2.346s] -- Up-to-date symlink: /home/ros/docker_simulation_ws/install/pi3hat_moteus_int_msgs/local/lib/python3.10/dist-packages/pi3hat_moteus_int_msgs-0.0.0-py3.10.egg-info/dependency_links.txt
[2.347s] -- Up-to-date symlink: /home/ros/docker_simulation_ws/install/pi3hat_moteus_int_msgs/local/lib/python3.10/dist-packages/pi3hat_moteus_int_msgs-0.0.0-py3.10.egg-info/top_level.txt
[2.352s] -- Up-to-date symlink: /home/ros/docker_simulation_ws/install/pi3hat_moteus_int_msgs/local/lib/python3.10/dist-packages/pi3hat_moteus_int_msgs/__init__.py
[2.353s] -- Up-to-date symlink: /home/ros/docker_simulation_ws/install/pi3hat_moteus_int_msgs/local/lib/python3.10/dist-packages/pi3hat_moteus_int_msgs/_pi3hat_moteus_int_msgs_s.ep.rosidl_typesupport_c.c
[2.355s] -- Up-to-date symlink: /home/ros/docker_simulation_ws/install/pi3hat_moteus_int_msgs/local/lib/python3.10/dist-packages/pi3hat_moteus_int_msgs/_pi3hat_moteus_int_msgs_s.ep.rosidl_typesupport_fastrtps_c.c
[2.355s] -- Up-to-date symlink: /home/ros/docker_simulation_ws/install/pi3hat_moteus_int_msgs/local/lib/python3.10/dist-packages/pi3hat_moteus_int_msgs/_pi3hat_moteus_int_msgs_s.ep.rosidl_typesupport_introspection_c.c
[2.356s] -- Up-to-date symlink: /home/ros/docker_simulation_ws/install/pi3hat_moteus_int_msgs/local/lib/python3.10/dist-packages/pi3hat_moteus_int_msgs/libpi3hat_moteus_int_msgs__rosidl_generator_py.so
[2.357s] -- Up-to-date symlink: /home/ros/docker_simulation_ws/install/pi3hat_moteus_int_msgs/local/lib/python3.10/dist-packages/pi3hat_moteus_int_msgs/msg/__init__.py
[2.357s] -- Up-to-date symlink: /home/ros/docker_simulation_ws/install/pi3hat_moteus_int_msgs/local/lib/python3.10/dist-packages/pi3hat_moteus_int_msgs/msg/_joints_command.py
[2.358s] -- Up-to-date symlink: /home/ros/docker_simulation_ws/install/pi3hat_moteus_int_msgs/local/lib/python3.10/dist-packages/pi3hat_moteus_int_msgs/msg/_joints_command_s.c
[2.359s] -- Up-to-date symlink: /home/ros/docker_simulation_ws/install/pi3hat_moteus_int_msgs/local/lib/python3.10/dist-packages/pi3hat_moteus_int_msgs/msg/_joints_states.py
[2.359s] -- Up-to-date symlink: /home/ros/docker_simulation_ws/install/pi3hat_moteus_int_msgs/local/lib/python3.10/dist-packages/pi3hat_moteus_int_msgs/msg/_joints_states_s.c
[2.360s] -- Up-to-date symlink: /home/ros/docker_simulation_ws/install/pi3hat_moteus_int_msgs/local/lib/python3.10/dist-packages/pi3hat_moteus_int_msgs/msg/_omni_mulinex_command.py
[2.360s] -- Up-to-date symlink: /home/ros/docker_simulation_ws/install/pi3hat_moteus_int_msgs/local/lib/python3.10/dist-packages/pi3hat_moteus_int_msgs/msg/_omni_mulinex_command_s.c
[2.361s] -- Up-to-date symlink: /home/ros/docker_simulation_ws/install/pi3hat_moteus_int_msgs/local/lib/python3.10/dist-packages/pi3hat_moteus_int_msgs/msg/_packet_pass.py
[2.362s] -- Up-to-date symlink: /home/ros/docker_simulation_ws/install/pi3hat_moteus_int_msgs/local/lib/python3.10/dist-packages/pi3hat_moteus_int_msgs/msg/_packet_pass_s.c
[2.362s] -- Up-to-date symlink: /home/ros/docker_simulation_ws/install/pi3hat_moteus_int_msgs/local/lib/python3.10/dist-packages/pi3hat_moteus_int_msgs/msg/_quad_foot_state.py
[2.362s] -- Up-to-date symlink: /home/ros/docker_simulation_ws/install/pi3hat_moteus_int_msgs/local/lib/python3.10/dist-packages/pi3hat_moteus_int_msgs/msg/_quad_foot_state_s.c
[2.363s] -- Up-to-date symlink: /home/ros/docker_simulation_ws/install/pi3hat_moteus_int_msgs/local/lib/python3.10/dist-packages/pi3hat_moteus_int_msgs/pi3hat_moteus_int_msgs_s__rosidl_typesupport_c.cpython-310-x86_64-linux-gnu.so
[2.363s] -- Up-to-date symlink: /home/ros/docker_simulation_ws/install/pi3hat_moteus_int_msgs/local/lib/python3.10/dist-packages/pi3hat_moteus_int_msgs/pi3hat_moteus_int_msgs_s__rosidl_typesupport_fastrtps_c.cpython-310-x86_64-linux-gnu.so
[2.364s] -- Up-to-date symlink: /home/ros/docker_simulation_ws/install/pi3hat_moteus_int_msgs/local/lib/python3.10/dist-packages/pi3hat_moteus_int_msgs/pi3hat_moteus_int_msgs_s__rosidl_typesupport_introspection_c.cpython-310-x86_64-linux-gnu.so
[2.364s] -- Up-to-date symlink: /home/ros/docker_simulation_ws/install/pi3hat_moteus_int_msgs/local/lib/python3.10/dist-packages/pi3hat_moteus_int_msgs/pi3hat_moteus_int_msgs_s__rosidl_typesupport_fastrtps_c.cpython-310-x86_64-linux-gnu.so
[2.365s] -- Up-to-date symlink: /home/ros/docker_simulation_ws/install/pi3hat_moteus_int_msgs/local/lib/python3.10/dist-packages/pi3hat_moteus_int_msgs/pi3hat_moteus_int_msgs_s__rosidl_typesupport_introspection_c.cpython-310-x86_64-linux-gnu.so
[2.366s] -- Up-to-date symlink: /home/ros/docker_simulation_ws/install/pi3hat_moteus_int_msgs/local/lib/python3.10/dist-packages/pi3hat_moteus_int_msgs/pi3hat_moteus_int_msgs_s__rosidl_typesupport_c.cpython-310-x86_64-linux-gnu.so
[2.366s] -- Up-to-date symlink: /home/ros/docker_simulation_ws/install/pi3hat_moteus_int_msgs/share/pi3hat_moteus_int_msgs/msg/PacketPass.idl
[2.367s] -- Up-to-date symlink: /home/ros/docker_simulation_ws/install/pi3hat_moteus_int_msgs/share/pi3hat_moteus_int_msgs/msg/JointsStates.idl
[2.367s] -- Up-to-date symlink: /home/ros/docker_simulation_ws/install/pi3hat_moteus_int_msgs/share/pi3hat_moteus_int_msgs/msg/JointsCommand.idl
[2.368s] -- Up-to-date symlink: /home/ros/docker_simulation_ws/install/pi3hat_moteus_int_msgs/share/pi3hat_moteus_int_msgs/msg/OmniMulinexCommand.idl
[2.369s] -- Up-to-date symlink: /home/ros/docker_simulation_ws/install/pi3hat_moteus_int_msgs/share/pi3hat_moteus_int_msgs/msg/QuadFootState.idl
[2.369s] -- Up-to-date symlink: /home/ros/docker_simulation_ws/install/pi3hat_moteus_int_msgs/share/pi3hat_moteus_int_msgs/msg/PacketPass.msg
[2.370s] -- Up-to-date symlink: /home/ros/docker_simulation_ws/install/pi3hat_moteus_int_msgs/share/pi3hat_moteus_int_msgs/msg/JointsStates.msg
[2.370s] -- Up-to-date symlink: /home/ros/docker_simulation_ws/install/pi3hat_moteus_int_msgs/share/pi3hat_moteus_int_msgs/msg/JointsCommand.msg
[2.370s] -- Up-to-date symlink: /home/ros/docker_simulation_ws/install/pi3hat_moteus_int_msgs/share/pi3hat_moteus_int_msgs/msg/OmniMulinexCommand.msg
[2.371s] -- Up-to-date symlink: /home/ros/docker_simulation_ws/install/pi3hat_moteus_int_msgs/share/pi3hat_moteus_int_msgs/msg/QuadFootState.msg
[2.371s] -- Up-to-date symlink: /home/ros/docker_simulation_ws/install/pi3hat_moteus_int_msgs/share/ament_index/resource_index/package_run_dependencies/pi3hat_moteus_int_msgs
[2.371s] -- Up-to-date symlink: /home/ros/docker_simulation_ws/install/pi3hat_moteus_int_msgs/share/ament_index/resource_index/parent_prefix_path/pi3hat_moteus_int_msgs
[2.372s] -- Up-to-date symlink: /home/ros/docker_simulation_ws/install/pi3hat_moteus_int_msgs/share/pi3hat_moteus_int_msgs/environment/ament_prefix_path.sh
[2.372s] -- Up-to-date symlink: /home/ros/docker_simulation_ws/install/pi3hat_moteus_int_msgs/share/pi3hat_moteus_int_msgs/environment/ament_prefix_path.dsv
[2.372s] -- Up-to-date symlink: /home/ros/docker_simulation_ws/install/pi3hat_moteus_int_msgs/share/pi3hat_moteus_int_msgs/environment/path.sh
[2.372s] -- Up-to-date symlink: /home/ros/docker_simulation_ws/install/pi3hat_moteus_int_msgs/share/pi3hat_moteus_int_msgs/environment/path.dsv
[2.373s] -- Up-to-date symlink: /home/ros/docker_simulation_ws/install/pi3hat_moteus_int_msgs/share/pi3hat_moteus_int_msgs/local_setup.bash
[2.373s] -- Up-to-date symlink: /home/ros/docker_simulation_ws/install/pi3hat_moteus_int_msgs/share/pi3hat_moteus_int_msgs/local_setup.sh
[2.373s] -- Up-to-date symlink: /home/ros/docker_simulation_ws/install/pi3hat_moteus_int_msgs/share/pi3hat_moteus_int_msgs/local_setup.zsh
[2.373s] -- Up-to-date symlink: /home/ros/docker_simulation_ws/install/pi3hat_moteus_int_msgs/share/pi3hat_moteus_int_msgs/local_setup.dsv
[2.374s] -- Symlinking: /home/ros/docker_simulation_ws/install/pi3hat_moteus_int_msgs/share/pi3hat_moteus_int_msgs/package.dsv
[2.382s] -- Up-to-date symlink: /home/ros/docker_simulation_ws/install/pi3hat_moteus_int_msgs/share/ament_index/resource_index/packages/pi3hat_moteus_int_msgs
[2.383s] -- Up-to-date symlink: /home/ros/docker_simulation_ws/install/pi3hat_moteus_int_msgs/share/pi3hat_moteus_int_msgs/cmake/rosidl_cmake-extras.cmake
[2.384s] -- Up-to-date symlink: /home/ros/docker_simulation_ws/install/pi3hat_moteus_int_msgs/share/pi3hat_moteus_int_msgs/cmake/ament_cmake_export_dependencies-extras.cmake
[2.384s] -- Up-to-date symlink: /home/ros/docker_simulation_ws/install/pi3hat_moteus_int_msgs/share/pi3hat_moteus_int_msgs/cmake/ament_cmake_export_include_directories-extras.cmake
[2.385s] -- Up-to-date symlink: /home/ros/docker_simulation_ws/install/pi3hat_moteus_int_msgs/share/pi3hat_moteus_int_msgs/cmake/ament_cmake_export_libraries-extras.cmake
[2.386s] -- Up-to-date symlink: /home/ros/docker_simulation_ws/install/pi3hat_moteus_int_msgs/share/pi3hat_moteus_int_msgs/cmake/ament_cmake_export_targets-extras.cmake
[2.386s] -- Up-to-date symlink: /home/ros/docker_simulation_ws/install/pi3hat_moteus_int_msgs/share/pi3hat_moteus_int_msgs/cmake/rosidl_cmake_export_typesupport_targets-extras.cmake
[2.387s] -- Up-to-date symlink: /home/ros/docker_simulation_ws/install/pi3hat_moteus_int_msgs/share/pi3hat_moteus_int_msgs/cmake/rosidl_cmake_export_typesupport_libraries-extras.cmake
[2.389s] -- Up-to-date symlink: /home/ros/docker_simulation_ws/install/pi3hat_moteus_int_msgs/share/pi3hat_moteus_int_msgs/cmake/pi3hat_moteus_int_msgsConfig.cmake
[2.389s] -- Up-to-date symlink: /home/ros/docker_simulation_ws/install/pi3hat_moteus_int_msgs/share/pi3hat_moteus_int_msgs/cmake/pi3hat_moteus_int_msgsConfig-version.cmake
[2.390s] -- Up-to-date symlink: /home/ros/docker_simulation_ws/install/pi3hat_moteus_int_msgs/share/pi3hat_moteus_int_msgs/package.xml
[2.392s] -- Up-to-date: /home/ros/docker_simulation_ws/install/pi3hat_moteus_int_msgs/lib/libpi3hat_moteus_int_msgs__rosidl_generator_c.so
[2.395s] -- Up-to-date: /home/ros/docker_simulation_ws/install/pi3hat_moteus_int_msgs/lib/libpi3hat_moteus_int_msgs__rosidl_typesupport_fastrtps_c.so
[2.397s] -- Up-to-date: /home/ros/docker_simulation_ws/install/pi3hat_moteus_int_msgs/lib/libpi3hat_moteus_int_msgs__rosidl_typesupport_fastrtps_cpp.so
[2.400s] -- Up-to-date: /home/ros/docker_simulation_ws/install/pi3hat_moteus_int_msgs/lib/libpi3hat_moteus_int_msgs__rosidl_typesupport_introspection_c.so
[2.402s] -- Up-to-date: /home/ros/docker_simulation_ws/install/pi3hat_moteus_int_msgs/lib/libpi3hat_moteus_int_msgs__rosidl_typesupport_c.so
[2.404s] -- Up-to-date: /home/ros/docker_simulation_ws/install/pi3hat_moteus_int_msgs/lib/libpi3hat_moteus_int_msgs__rosidl_typesupport_introspection_cpp.so
[2.407s] -- Up-to-date: /home/ros/docker_simulation_ws/install/pi3hat_moteus_int_msgs/lib/libpi3hat_moteus_int_msgs__rosidl_typesupport_cpp.so
[2.574s] Listing '/home/ros/docker_simulation_ws/install/pi3hat_moteus_int_msgs/local/lib/python3.10/dist-packages/pi3hat_moteus_int_msgs'...
[2.574s] Listing '/home/ros/docker_simulation_ws/install/pi3hat_moteus_int_msgs/local/lib/python3.10/dist-packages/pi3hat_moteus_int_msgs/msg'...
[2.598s] -- Up-to-date: /home/ros/docker_simulation_ws/install/pi3hat_moteus_int_msgs/lib/libpi3hat_moteus_int_msgs__rosidl_generator_py.so
[2.601s] -- Up-to-date: /home/ros/docker_simulation_ws/install/pi3hat_moteus_int_msgs/share/pi3hat_moteus_int_msgs/cmake/export_pi3hat_moteus_int_msgs__rosidl_generator_cExport.cmake
[2.604s] -- Up-to-date: /home/ros/docker_simulation_ws/install/pi3hat_moteus_int_msgs/share/pi3hat_moteus_int_msgs/cmake/export_pi3hat_moteus_int_msgs__rosidl_generator_cExport-noconfig.cmake
[2.605s] -- Up-to-date: /home/ros/docker_simulation_ws/install/pi3hat_moteus_int_msgs/share/pi3hat_moteus_int_msgs/cmake/export_pi3hat_moteus_int_msgs__rosidl_typesupport_fastrtps_cExport.cmake
[2.605s] -- Up-to-date: /home/ros/docker_simulation_ws/install/pi3hat_moteus_int_msgs/share/pi3hat_moteus_int_msgs/cmake/export_pi3hat_moteus_int_msgs__rosidl_typesupport_fastrtps_cExport-noconfig.cmake
[2.606s] -- Up-to-date: /home/ros/docker_simulation_ws/install/pi3hat_moteus_int_msgs/share/pi3hat_moteus_int_msgs/cmake/export_pi3hat_moteus_int_msgs__rosidl_generator_cppExport.cmake
[2.612s] -- Up-to-date: /home/ros/docker_simulation_ws/install/pi3hat_moteus_int_msgs/share/pi3hat_moteus_int_msgs/cmake/export_pi3hat_moteus_int_msgs__rosidl_typesupport_fastrtps_cppExport.cmake
[2.614s] -- Up-to-date: /home/ros/docker_simulation_ws/install/pi3hat_moteus_int_msgs/share/pi3hat_moteus_int_msgs/cmake/export_pi3hat_moteus_int_msgs__rosidl_typesupport_fastrtps_cppExport-noconfig.cmake
[2.615s] -- Up-to-date: /home/ros/docker_simulation_ws/install/pi3hat_moteus_int_msgs/share/pi3hat_moteus_int_msgs/cmake/pi3hat_moteus_int_msgs__rosidl_typesupport_introspection_cExport.cmake
[2.616s] -- Up-to-date: /home/ros/docker_simulation_ws/install/pi3hat_moteus_int_msgs/share/pi3hat_moteus_int_msgs/cmake/pi3hat_moteus_int_msgs__rosidl_typesupport_introspection_cExport-noconfig.cmake
[2.618s] -- Up-to-date: /home/ros/docker_simulation_ws/install/pi3hat_moteus_int_msgs/share/pi3hat_moteus_int_msgs/cmake/pi3hat_moteus_int_msgs__rosidl_typesupport_cExport.cmake
[2.619s] -- Up-to-date: /home/ros/docker_simulation_ws/install/pi3hat_moteus_int_msgs/share/pi3hat_moteus_int_msgs/cmake/pi3hat_moteus_int_msgs__rosidl_typesupport_cExport-noconfig.cmake
[2.620s] -- Up-to-date: /home/ros/docker_simulation_ws/install/pi3hat_moteus_int_msgs/share/pi3hat_moteus_int_msgs/cmake/pi3hat_moteus_int_msgs__rosidl_typesupport_introspection_cppExport.cmake
[2.621s] -- Up-to-date: /home/ros/docker_simulation_ws/install/pi3hat_moteus_int_msgs/share/pi3hat_moteus_int_msgs/cmake/pi3hat_moteus_int_msgs__rosidl_typesupport_introspection_cppExport-noconfig.cmake
[2.621s] -- Up-to-date: /home/ros/docker_simulation_ws/install/pi3hat_moteus_int_msgs/share/pi3hat_moteus_int_msgs/cmake/pi3hat_moteus_int_msgs__rosidl_typesupport_cppExport.cmake
[2.623s] -- Up-to-date: /home/ros/docker_simulation_ws/install/pi3hat_moteus_int_msgs/share/pi3hat_moteus_int_msgs/cmake/pi3hat_moteus_int_msgs__rosidl_typesupport_cppExport-noconfig.cmake
[2.624s] -- Up-to-date: /home/ros/docker_simulation_ws/install/pi3hat_moteus_int_msgs/share/pi3hat_moteus_int_msgs/cmake/export_pi3hat_moteus_int_msgs__rosidl_generator_pyExport.cmake
[2.625s] -- Up-to-date: /home/ros/docker_simulation_ws/install/pi3hat_moteus_int_msgs/share/pi3hat_moteus_int_msgs/cmake/export_pi3hat_moteus_int_msgs__rosidl_generator_pyExport-noconfig.cmake
[2.738s] Invoked command in '/home/ros/docker_simulation_ws/build/pi3hat_moteus_int_msgs' returned '0': CMAKE_PREFIX_PATH=${CMAKE_PREFIX_PATH}:/home/ros/docker_simulation_ws/install/rlg_quad_controller:/home/ros/docker_simulation_ws/install/mulinex_ignition_py:/opt/ros/humble /usr/bin/cmake --install /home/ros/docker_simulation_ws/build/pi3hat_moteus_int_msgs
