[2.879s] Invoking command in '/home/ros/docker_simulation_ws/build/rlg_quad_controller': CMAKE_PREFIX_PATH=/home/ros/docker_simulation_ws/install/pi3hat_moteus_int_msgs:/home/ros/docker_simulation_ws/install/wheels_vel_cnt:/home/ros/docker_simulation_ws/install/rbt_pd_cnt:/home/ros/docker_simulation_ws/install/omni_vel_controller:/home/ros/docker_simulation_ws/install/omni_mulinex_joystic:/home/ros/docker_simulation_ws/install/ik_quad_foot_control:/home/ros/docker_simulation_ws/install/mulinex_ignition:/home/ros/docker_simulation_ws/install/mulinex_description:/home/ros/docker_simulation_ws/install/custom_interfaces LD_LIBRARY_PATH=/home/ros/docker_simulation_ws/install/pi3hat_moteus_int_msgs/lib:/home/ros/docker_simulation_ws/install/wheels_vel_cnt/lib:/home/ros/docker_simulation_ws/install/rbt_pd_cnt/lib:/home/ros/docker_simulation_ws/install/omni_vel_controller/lib:/home/ros/docker_simulation_ws/install/omni_mulinex_joystic/lib:/home/ros/docker_simulation_ws/install/ik_quad_foot_control/lib:/home/ros/docker_simulation_ws/install/custom_interfaces/lib:/opt/ros/humble/opt/rviz_ogre_vendor/lib:/opt/ros/humble/lib/x86_64-linux-gnu:/opt/ros/humble/lib PYTHONPATH=/home/ros/docker_simulation_ws/build/rlg_quad_controller/prefix_override:/usr/lib/python3/dist-packages/colcon_core/task/python/colcon_distutils_commands:/home/ros/docker_simulation_ws/install/rlg_quad_controller/lib/python3.10/site-packages:${PYTHONPATH} /usr/bin/python3 -W ignore:setup.py install is deprecated -W ignore:easy_install command is deprecated setup.py develop --uninstall --editable --build-directory /home/ros/docker_simulation_ws/build/rlg_quad_controller/build
[4.015s] running develop
[4.529s] Removing /home/ros/docker_simulation_ws/install/rlg_quad_controller/lib/python3.10/site-packages/rlg-quad-controller.egg-link (link to .)
[4.616s] Invoked command in '/home/ros/docker_simulation_ws/build/rlg_quad_controller' returned '0': CMAKE_PREFIX_PATH=/home/ros/docker_simulation_ws/install/pi3hat_moteus_int_msgs:/home/ros/docker_simulation_ws/install/wheels_vel_cnt:/home/ros/docker_simulation_ws/install/rbt_pd_cnt:/home/ros/docker_simulation_ws/install/omni_vel_controller:/home/ros/docker_simulation_ws/install/omni_mulinex_joystic:/home/ros/docker_simulation_ws/install/ik_quad_foot_control:/home/ros/docker_simulation_ws/install/mulinex_ignition:/home/ros/docker_simulation_ws/install/mulinex_description:/home/ros/docker_simulation_ws/install/custom_interfaces LD_LIBRARY_PATH=/home/ros/docker_simulation_ws/install/pi3hat_moteus_int_msgs/lib:/home/ros/docker_simulation_ws/install/wheels_vel_cnt/lib:/home/ros/docker_simulation_ws/install/rbt_pd_cnt/lib:/home/ros/docker_simulation_ws/install/omni_vel_controller/lib:/home/ros/docker_simulation_ws/install/omni_mulinex_joystic/lib:/home/ros/docker_simulation_ws/install/ik_quad_foot_control/lib:/home/ros/docker_simulation_ws/install/custom_interfaces/lib:/opt/ros/humble/opt/rviz_ogre_vendor/lib:/opt/ros/humble/lib/x86_64-linux-gnu:/opt/ros/humble/lib PYTHONPATH=/home/ros/docker_simulation_ws/build/rlg_quad_controller/prefix_override:/usr/lib/python3/dist-packages/colcon_core/task/python/colcon_distutils_commands:/home/ros/docker_simulation_ws/install/rlg_quad_controller/lib/python3.10/site-packages:${PYTHONPATH} /usr/bin/python3 -W ignore:setup.py install is deprecated -W ignore:easy_install command is deprecated setup.py develop --uninstall --editable --build-directory /home/ros/docker_simulation_ws/build/rlg_quad_controller/build
[4.624s] Invoking command in '/home/ros/docker_simulation_ws/src/rlg_quad_controller': CMAKE_PREFIX_PATH=/home/ros/docker_simulation_ws/install/pi3hat_moteus_int_msgs:/home/ros/docker_simulation_ws/install/wheels_vel_cnt:/home/ros/docker_simulation_ws/install/rbt_pd_cnt:/home/ros/docker_simulation_ws/install/omni_vel_controller:/home/ros/docker_simulation_ws/install/omni_mulinex_joystic:/home/ros/docker_simulation_ws/install/ik_quad_foot_control:/home/ros/docker_simulation_ws/install/mulinex_ignition:/home/ros/docker_simulation_ws/install/mulinex_description:/home/ros/docker_simulation_ws/install/custom_interfaces LD_LIBRARY_PATH=/home/ros/docker_simulation_ws/install/pi3hat_moteus_int_msgs/lib:/home/ros/docker_simulation_ws/install/wheels_vel_cnt/lib:/home/ros/docker_simulation_ws/install/rbt_pd_cnt/lib:/home/ros/docker_simulation_ws/install/omni_vel_controller/lib:/home/ros/docker_simulation_ws/install/omni_mulinex_joystic/lib:/home/ros/docker_simulation_ws/install/ik_quad_foot_control/lib:/home/ros/docker_simulation_ws/install/custom_interfaces/lib:/opt/ros/humble/opt/rviz_ogre_vendor/lib:/opt/ros/humble/lib/x86_64-linux-gnu:/opt/ros/humble/lib PYTHONPATH=/home/ros/docker_simulation_ws/build/rlg_quad_controller/prefix_override:/usr/lib/python3/dist-packages/colcon_core/task/python/colcon_distutils_commands:/home/ros/docker_simulation_ws/install/rlg_quad_controller/lib/python3.10/site-packages:${PYTHONPATH} /usr/bin/python3 -W ignore:setup.py install is deprecated -W ignore:easy_install command is deprecated setup.py egg_info --egg-base ../../build/rlg_quad_controller build --build-base /home/ros/docker_simulation_ws/build/rlg_quad_controller/build install --record /home/ros/docker_simulation_ws/build/rlg_quad_controller/install.log --single-version-externally-managed install_data --force
[5.438s] running egg_info
[5.442s] writing ../../build/rlg_quad_controller/rlg_quad_controller.egg-info/PKG-INFO
[5.443s] writing dependency_links to ../../build/rlg_quad_controller/rlg_quad_controller.egg-info/dependency_links.txt
[5.443s] writing entry points to ../../build/rlg_quad_controller/rlg_quad_controller.egg-info/entry_points.txt
[5.444s] writing requirements to ../../build/rlg_quad_controller/rlg_quad_controller.egg-info/requires.txt
[5.444s] writing top-level names to ../../build/rlg_quad_controller/rlg_quad_controller.egg-info/top_level.txt
[5.452s] reading manifest file '../../build/rlg_quad_controller/rlg_quad_controller.egg-info/SOURCES.txt'
[5.456s] writing manifest file '../../build/rlg_quad_controller/rlg_quad_controller.egg-info/SOURCES.txt'
[5.456s] running build
[5.457s] running build_py
[5.458s] copying rlg_quad_controller/inference_controller_robot.py -> /home/ros/docker_simulation_ws/build/rlg_quad_controller/build/lib/rlg_quad_controller
[5.459s] copying rlg_quad_controller/inference_controller_sim.py -> /home/ros/docker_simulation_ws/build/rlg_quad_controller/build/lib/rlg_quad_controller
[5.460s] copying rlg_quad_controller/inference_controller_simulation.py -> /home/ros/docker_simulation_ws/build/rlg_quad_controller/build/lib/rlg_quad_controller
[5.461s] copying rlg_quad_controller/trajectory_publisher.py -> /home/ros/docker_simulation_ws/build/rlg_quad_controller/build/lib/rlg_quad_controller
[5.462s] copying rlg_quad_controller/force_measure.py -> /home/ros/docker_simulation_ws/build/rlg_quad_controller/build/lib/rlg_quad_controller
[5.464s] copying rlg_quad_controller/inference_francesco.py -> /home/ros/docker_simulation_ws/build/rlg_quad_controller/build/lib/rlg_quad_controller
[5.466s] copying rlg_quad_controller/__init__.py -> /home/ros/docker_simulation_ws/build/rlg_quad_controller/build/lib/rlg_quad_controller
[5.466s] copying rlg_quad_controller/utils/torch_utils.py -> /home/ros/docker_simulation_ws/build/rlg_quad_controller/build/lib/rlg_quad_controller/utils
[5.468s] copying rlg_quad_controller/utils/rlg_utils.py -> /home/ros/docker_simulation_ws/build/rlg_quad_controller/build/lib/rlg_quad_controller/utils
[5.469s] copying rlg_quad_controller/utils/__init__.py -> /home/ros/docker_simulation_ws/build/rlg_quad_controller/build/lib/rlg_quad_controller/utils
[5.474s] running install
[5.475s] running install_lib
[5.478s] creating /home/ros/docker_simulation_ws/install/rlg_quad_controller/lib/python3.10/site-packages/rlg_quad_controller
[5.480s] copying /home/ros/docker_simulation_ws/build/rlg_quad_controller/build/lib/rlg_quad_controller/inference_controller_robot.py -> /home/ros/docker_simulation_ws/install/rlg_quad_controller/lib/python3.10/site-packages/rlg_quad_controller
[5.480s] copying /home/ros/docker_simulation_ws/build/rlg_quad_controller/build/lib/rlg_quad_controller/inference_controller_sim.py -> /home/ros/docker_simulation_ws/install/rlg_quad_controller/lib/python3.10/site-packages/rlg_quad_controller
[5.481s] creating /home/ros/docker_simulation_ws/install/rlg_quad_controller/lib/python3.10/site-packages/rlg_quad_controller/utils
[5.485s] copying /home/ros/docker_simulation_ws/build/rlg_quad_controller/build/lib/rlg_quad_controller/utils/torch_utils.py -> /home/ros/docker_simulation_ws/install/rlg_quad_controller/lib/python3.10/site-packages/rlg_quad_controller/utils
[5.486s] copying /home/ros/docker_simulation_ws/build/rlg_quad_controller/build/lib/rlg_quad_controller/utils/rlg_utils.py -> /home/ros/docker_simulation_ws/install/rlg_quad_controller/lib/python3.10/site-packages/rlg_quad_controller/utils
[5.487s] copying /home/ros/docker_simulation_ws/build/rlg_quad_controller/build/lib/rlg_quad_controller/utils/__init__.py -> /home/ros/docker_simulation_ws/install/rlg_quad_controller/lib/python3.10/site-packages/rlg_quad_controller/utils
[5.487s] copying /home/ros/docker_simulation_ws/build/rlg_quad_controller/build/lib/rlg_quad_controller/inference_controller_simulation.py -> /home/ros/docker_simulation_ws/install/rlg_quad_controller/lib/python3.10/site-packages/rlg_quad_controller
[5.487s] copying /home/ros/docker_simulation_ws/build/rlg_quad_controller/build/lib/rlg_quad_controller/trajectory_publisher.py -> /home/ros/docker_simulation_ws/install/rlg_quad_controller/lib/python3.10/site-packages/rlg_quad_controller
[5.492s] copying /home/ros/docker_simulation_ws/build/rlg_quad_controller/build/lib/rlg_quad_controller/force_measure.py -> /home/ros/docker_simulation_ws/install/rlg_quad_controller/lib/python3.10/site-packages/rlg_quad_controller
[5.492s] copying /home/ros/docker_simulation_ws/build/rlg_quad_controller/build/lib/rlg_quad_controller/inference_francesco.py -> /home/ros/docker_simulation_ws/install/rlg_quad_controller/lib/python3.10/site-packages/rlg_quad_controller
[5.493s] copying /home/ros/docker_simulation_ws/build/rlg_quad_controller/build/lib/rlg_quad_controller/__init__.py -> /home/ros/docker_simulation_ws/install/rlg_quad_controller/lib/python3.10/site-packages/rlg_quad_controller
[5.493s] byte-compiling /home/ros/docker_simulation_ws/install/rlg_quad_controller/lib/python3.10/site-packages/rlg_quad_controller/inference_controller_robot.py to inference_controller_robot.cpython-310.pyc
[5.500s] byte-compiling /home/ros/docker_simulation_ws/install/rlg_quad_controller/lib/python3.10/site-packages/rlg_quad_controller/inference_controller_sim.py to inference_controller_sim.cpython-310.pyc
[5.506s] byte-compiling /home/ros/docker_simulation_ws/install/rlg_quad_controller/lib/python3.10/site-packages/rlg_quad_controller/utils/torch_utils.py to torch_utils.cpython-310.pyc
[5.509s] byte-compiling /home/ros/docker_simulation_ws/install/rlg_quad_controller/lib/python3.10/site-packages/rlg_quad_controller/utils/rlg_utils.py to rlg_utils.cpython-310.pyc
[5.514s] byte-compiling /home/ros/docker_simulation_ws/install/rlg_quad_controller/lib/python3.10/site-packages/rlg_quad_controller/utils/__init__.py to __init__.cpython-310.pyc
[5.515s] byte-compiling /home/ros/docker_simulation_ws/install/rlg_quad_controller/lib/python3.10/site-packages/rlg_quad_controller/inference_controller_simulation.py to inference_controller_simulation.cpython-310.pyc
[5.520s] byte-compiling /home/ros/docker_simulation_ws/install/rlg_quad_controller/lib/python3.10/site-packages/rlg_quad_controller/trajectory_publisher.py to trajectory_publisher.cpython-310.pyc
[5.521s] byte-compiling /home/ros/docker_simulation_ws/install/rlg_quad_controller/lib/python3.10/site-packages/rlg_quad_controller/force_measure.py to force_measure.cpython-310.pyc
[5.523s] byte-compiling /home/ros/docker_simulation_ws/install/rlg_quad_controller/lib/python3.10/site-packages/rlg_quad_controller/inference_francesco.py to inference_francesco.cpython-310.pyc
[5.530s] byte-compiling /home/ros/docker_simulation_ws/install/rlg_quad_controller/lib/python3.10/site-packages/rlg_quad_controller/__init__.py to __init__.cpython-310.pyc
[5.531s] running install_data
[5.531s] copying resource/rlg_quad_controller -> /home/ros/docker_simulation_ws/install/rlg_quad_controller/share/ament_index/resource_index/packages
[5.532s] copying package.xml -> /home/ros/docker_simulation_ws/install/rlg_quad_controller/share/rlg_quad_controller
[5.533s] copying launch/omniquad_inference_robot.launch.py -> /home/ros/docker_simulation_ws/install/rlg_quad_controller/share/rlg_quad_controller/launch
[5.536s] copying launch/omniquad_inference_sim.launch.py -> /home/ros/docker_simulation_ws/install/rlg_quad_controller/share/rlg_quad_controller/launch
[5.537s] copying config/mulinex_simulation_config.yaml -> /home/ros/docker_simulation_ws/install/rlg_quad_controller/share/rlg_quad_controller/config
[5.539s] copying config/mulinex_simulation_feedforward.yaml -> /home/ros/docker_simulation_ws/install/rlg_quad_controller/share/rlg_quad_controller/config
[5.540s] copying config/mulinex_config_feedforward.yaml -> /home/ros/docker_simulation_ws/install/rlg_quad_controller/share/rlg_quad_controller/config
[5.541s] copying config/mulinex_config.yaml -> /home/ros/docker_simulation_ws/install/rlg_quad_controller/share/rlg_quad_controller/config
[5.542s] copying models/omni_flat_v1/omniquad_flat.pth -> /home/ros/docker_simulation_ws/install/rlg_quad_controller/share/rlg_quad_controller/models
[5.546s] copying models/omni_flat_v1/agent.yaml -> /home/ros/docker_simulation_ws/install/rlg_quad_controller/share/rlg_quad_controller/models
[5.547s] copying models/omni_flat_v1/env.yaml -> /home/ros/docker_simulation_ws/install/rlg_quad_controller/share/rlg_quad_controller/models
[5.549s] copying models/omni_flat_v1/omniquad_flat.pth -> /home/ros/docker_simulation_ws/install/rlg_quad_controller/share/rlg_quad_controller/models/omni_flat_v1
[5.552s] copying models/omni_flat_v1/agent.yaml -> /home/ros/docker_simulation_ws/install/rlg_quad_controller/share/rlg_quad_controller/models/omni_flat_v1
[5.552s] copying models/omni_flat_v1/env.yaml -> /home/ros/docker_simulation_ws/install/rlg_quad_controller/share/rlg_quad_controller/models/omni_flat_v1
[5.553s] copying launch/omniquad_inference_robot.launch.py -> /home/ros/docker_simulation_ws/install/rlg_quad_controller/share/rlg_quad_controller/launch/
[5.553s] copying launch/omniquad_inference_sim.launch.py -> /home/ros/docker_simulation_ws/install/rlg_quad_controller/share/rlg_quad_controller/launch/
[5.554s] copying config/mulinex_simulation_config.yaml -> /home/ros/docker_simulation_ws/install/rlg_quad_controller/share/rlg_quad_controller/config/
[5.554s] copying config/mulinex_simulation_feedforward.yaml -> /home/ros/docker_simulation_ws/install/rlg_quad_controller/share/rlg_quad_controller/config/
[5.555s] copying config/mulinex_config_feedforward.yaml -> /home/ros/docker_simulation_ws/install/rlg_quad_controller/share/rlg_quad_controller/config/
[5.556s] copying config/mulinex_config.yaml -> /home/ros/docker_simulation_ws/install/rlg_quad_controller/share/rlg_quad_controller/config/
[5.556s] running install_egg_info
[5.562s] Copying ../../build/rlg_quad_controller/rlg_quad_controller.egg-info to /home/ros/docker_simulation_ws/install/rlg_quad_controller/lib/python3.10/site-packages/rlg_quad_controller-0.0.0-py3.10.egg-info
[5.567s] running install_scripts
[5.638s] Installing force_measure script to /home/ros/docker_simulation_ws/install/rlg_quad_controller/lib/rlg_quad_controller
[5.639s] Installing inference_controller_robot script to /home/ros/docker_simulation_ws/install/rlg_quad_controller/lib/rlg_quad_controller
[5.639s] Installing inference_controller_sim script to /home/ros/docker_simulation_ws/install/rlg_quad_controller/lib/rlg_quad_controller
[5.640s] Installing trajectory_publisher script to /home/ros/docker_simulation_ws/install/rlg_quad_controller/lib/rlg_quad_controller
[5.641s] writing list of installed files to '/home/ros/docker_simulation_ws/build/rlg_quad_controller/install.log'
[5.713s] Invoked command in '/home/ros/docker_simulation_ws/src/rlg_quad_controller' returned '0': CMAKE_PREFIX_PATH=/home/ros/docker_simulation_ws/install/pi3hat_moteus_int_msgs:/home/ros/docker_simulation_ws/install/wheels_vel_cnt:/home/ros/docker_simulation_ws/install/rbt_pd_cnt:/home/ros/docker_simulation_ws/install/omni_vel_controller:/home/ros/docker_simulation_ws/install/omni_mulinex_joystic:/home/ros/docker_simulation_ws/install/ik_quad_foot_control:/home/ros/docker_simulation_ws/install/mulinex_ignition:/home/ros/docker_simulation_ws/install/mulinex_description:/home/ros/docker_simulation_ws/install/custom_interfaces LD_LIBRARY_PATH=/home/ros/docker_simulation_ws/install/pi3hat_moteus_int_msgs/lib:/home/ros/docker_simulation_ws/install/wheels_vel_cnt/lib:/home/ros/docker_simulation_ws/install/rbt_pd_cnt/lib:/home/ros/docker_simulation_ws/install/omni_vel_controller/lib:/home/ros/docker_simulation_ws/install/omni_mulinex_joystic/lib:/home/ros/docker_simulation_ws/install/ik_quad_foot_control/lib:/home/ros/docker_simulation_ws/install/custom_interfaces/lib:/opt/ros/humble/opt/rviz_ogre_vendor/lib:/opt/ros/humble/lib/x86_64-linux-gnu:/opt/ros/humble/lib PYTHONPATH=/home/ros/docker_simulation_ws/build/rlg_quad_controller/prefix_override:/usr/lib/python3/dist-packages/colcon_core/task/python/colcon_distutils_commands:/home/ros/docker_simulation_ws/install/rlg_quad_controller/lib/python3.10/site-packages:${PYTHONPATH} /usr/bin/python3 -W ignore:setup.py install is deprecated -W ignore:easy_install command is deprecated setup.py egg_info --egg-base ../../build/rlg_quad_controller build --build-base /home/ros/docker_simulation_ws/build/rlg_quad_controller/build install --record /home/ros/docker_simulation_ws/build/rlg_quad_controller/install.log --single-version-externally-managed install_data --force
