[0.092s] Invoking command in '/home/ros/docker_simulation_ws/build/mulinex_ignition': AMENT_PREFIX_PATH=/home/ros/docker_simulation_ws/install/mulinex_description:${AMENT_PREFIX_PATH} CMAKE_PREFIX_PATH=/home/ros/docker_simulation_ws/install/mulinex_description:/home/ros/docker_simulation_ws/install/pi3hat_moteus_int_msgs:/opt/ros/humble /usr/bin/cmake --build /home/ros/docker_simulation_ws/build/mulinex_ignition -- -j12 -l12
[0.292s] [35m[1mConsolidate compiler generated dependencies of target gt_odom_pub[0m
[0.296s] [35m[1mConsolidate compiler generated dependencies of target getup_node[0m
[0.301s] [35m[1mConsolidate compiler generated dependencies of target move_wheels[0m
[0.413s] [ 33%] Built target getup_node
[0.422s] [ 66%] Built target move_wheels
[0.431s] [100%] Built target gt_odom_pub
[0.818s] Invoked command in '/home/ros/docker_simulation_ws/build/mulinex_ignition' returned '0': AMENT_PREFIX_PATH=/home/ros/docker_simulation_ws/install/mulinex_description:${AMENT_PREFIX_PATH} CMAKE_PREFIX_PATH=/home/ros/docker_simulation_ws/install/mulinex_description:/home/ros/docker_simulation_ws/install/pi3hat_moteus_int_msgs:/opt/ros/humble /usr/bin/cmake --build /home/ros/docker_simulation_ws/build/mulinex_ignition -- -j12 -l12
[0.829s] Invoking command in '/home/ros/docker_simulation_ws/build/mulinex_ignition': AMENT_PREFIX_PATH=/home/ros/docker_simulation_ws/install/mulinex_description:${AMENT_PREFIX_PATH} CMAKE_PREFIX_PATH=/home/ros/docker_simulation_ws/install/mulinex_description:/home/ros/docker_simulation_ws/install/pi3hat_moteus_int_msgs:/opt/ros/humble /usr/bin/cmake --install /home/ros/docker_simulation_ws/build/mulinex_ignition
[0.875s] -- Install configuration: ""
[0.875s] -- Execute custom install script
[0.892s] -- Up-to-date symlink: /home/ros/docker_simulation_ws/install/mulinex_ignition/lib/mulinex_ignition/gt_odom_pub
[0.892s] -- Up-to-date symlink: /home/ros/docker_simulation_ws/install/mulinex_ignition/lib/mulinex_ignition/move_wheels
[0.893s] -- Up-to-date symlink: /home/ros/docker_simulation_ws/install/mulinex_ignition/lib/mulinex_ignition/getup_node
[0.897s] -- Up-to-date symlink: /home/ros/docker_simulation_ws/install/mulinex_ignition/share/mulinex_ignition/launch/gz_harmonic_sim_w_rbt.launch.py
[0.903s] -- Up-to-date symlink: /home/ros/docker_simulation_ws/install/mulinex_ignition/share/mulinex_ignition/launch/gz_harmonic_sim_w_rbt_PD_wheels.launch.py
[0.904s] -- Up-to-date symlink: /home/ros/docker_simulation_ws/install/mulinex_ignition/share/mulinex_ignition/launch/gz_harmonic_sim_w_rbt_PDonly.launch.py
[0.905s] -- Up-to-date symlink: /home/ros/docker_simulation_ws/install/mulinex_ignition/share/mulinex_ignition/launch/test_lidar.launch.py
[0.906s] -- Up-to-date symlink: /home/ros/docker_simulation_ws/install/mulinex_ignition/share/mulinex_ignition/config/mulinex_mf.yaml
[0.907s] -- Up-to-date symlink: /home/ros/docker_simulation_ws/install/mulinex_ignition/share/mulinex_ignition/config/omnicar.yaml
[0.907s] -- Up-to-date symlink: /home/ros/docker_simulation_ws/install/mulinex_ignition/share/mulinex_ignition/world/empty.sdf
[0.908s] -- Up-to-date symlink: /home/ros/docker_simulation_ws/install/mulinex_ignition/share/mulinex_ignition/world/turtle_arena.sdf
[0.930s] -- Up-to-date symlink: /home/ros/docker_simulation_ws/install/mulinex_ignition/share/mulinex_ignition/models/TurtlebotArena/meshes/hexagon.dae
[0.931s] -- Up-to-date symlink: /home/ros/docker_simulation_ws/install/mulinex_ignition/share/mulinex_ignition/models/TurtlebotArena/meshes/wall.dae
[0.931s] -- Up-to-date symlink: /home/ros/docker_simulation_ws/install/mulinex_ignition/share/mulinex_ignition/models/TurtlebotArena/model.config
[0.932s] -- Up-to-date symlink: /home/ros/docker_simulation_ws/install/mulinex_ignition/share/mulinex_ignition/models/TurtlebotArena/model.sdf
[0.933s] -- Up-to-date symlink: /home/ros/docker_simulation_ws/install/mulinex_ignition/share/ament_index/resource_index/package_run_dependencies/mulinex_ignition
[0.934s] -- Up-to-date symlink: /home/ros/docker_simulation_ws/install/mulinex_ignition/share/ament_index/resource_index/parent_prefix_path/mulinex_ignition
[0.935s] -- Up-to-date symlink: /home/ros/docker_simulation_ws/install/mulinex_ignition/share/mulinex_ignition/environment/ament_prefix_path.sh
[0.939s] -- Up-to-date symlink: /home/ros/docker_simulation_ws/install/mulinex_ignition/share/mulinex_ignition/environment/ament_prefix_path.dsv
[0.939s] -- Up-to-date symlink: /home/ros/docker_simulation_ws/install/mulinex_ignition/share/mulinex_ignition/environment/path.sh
[0.940s] -- Up-to-date symlink: /home/ros/docker_simulation_ws/install/mulinex_ignition/share/mulinex_ignition/environment/path.dsv
[0.940s] -- Up-to-date symlink: /home/ros/docker_simulation_ws/install/mulinex_ignition/share/mulinex_ignition/local_setup.bash
[0.940s] -- Up-to-date symlink: /home/ros/docker_simulation_ws/install/mulinex_ignition/share/mulinex_ignition/local_setup.sh
[0.940s] -- Up-to-date symlink: /home/ros/docker_simulation_ws/install/mulinex_ignition/share/mulinex_ignition/local_setup.zsh
[0.941s] -- Up-to-date symlink: /home/ros/docker_simulation_ws/install/mulinex_ignition/share/mulinex_ignition/local_setup.dsv
[0.941s] -- Symlinking: /home/ros/docker_simulation_ws/install/mulinex_ignition/share/mulinex_ignition/package.dsv
[1.003s] -- Up-to-date symlink: /home/ros/docker_simulation_ws/install/mulinex_ignition/share/ament_index/resource_index/packages/mulinex_ignition
[1.003s] -- Up-to-date symlink: /home/ros/docker_simulation_ws/install/mulinex_ignition/share/mulinex_ignition/cmake/mulinex_ignitionConfig.cmake
[1.004s] -- Up-to-date symlink: /home/ros/docker_simulation_ws/install/mulinex_ignition/share/mulinex_ignition/cmake/mulinex_ignitionConfig-version.cmake
[1.004s] -- Up-to-date symlink: /home/ros/docker_simulation_ws/install/mulinex_ignition/share/mulinex_ignition/package.xml
[1.811s] Invoked command in '/home/ros/docker_simulation_ws/build/mulinex_ignition' returned '0': AMENT_PREFIX_PATH=/home/ros/docker_simulation_ws/install/mulinex_description:${AMENT_PREFIX_PATH} CMAKE_PREFIX_PATH=/home/ros/docker_simulation_ws/install/mulinex_description:/home/ros/docker_simulation_ws/install/pi3hat_moteus_int_msgs:/opt/ros/humble /usr/bin/cmake --install /home/ros/docker_simulation_ws/build/mulinex_ignition
