[0.151s] Invoking command in '/home/ros/docker_simulation_ws/build/omni_vel_controller': CMAKE_PREFIX_PATH=/home/ros/docker_simulation_ws/install/pi3hat_moteus_int_msgs:/home/ros/docker_simulation_ws/install/wheels_vel_cnt:/home/ros/docker_simulation_ws/install/rbt_pd_cnt:/home/ros/docker_simulation_ws/install/omni_vel_controller:/home/ros/docker_simulation_ws/install/omni_mulinex_joystic:/home/ros/docker_simulation_ws/install/ik_quad_foot_control:/home/ros/docker_simulation_ws/install/mulinex_ignition:/home/ros/docker_simulation_ws/install/mulinex_description:/home/ros/docker_simulation_ws/install/custom_interfaces:/home/ros/docker_simulation_ws/install/rlg_quad_controller:/home/ros/docker_simulation_ws/install/mulinex_ignition_py:/opt/ros/humble LD_LIBRARY_PATH=/home/ros/docker_simulation_ws/install/pi3hat_moteus_int_msgs/lib:/home/ros/docker_simulation_ws/install/wheels_vel_cnt/lib:/home/ros/docker_simulation_ws/install/rbt_pd_cnt/lib:/home/ros/docker_simulation_ws/install/omni_vel_controller/lib:/home/ros/docker_simulation_ws/install/omni_mulinex_joystic/lib:/home/ros/docker_simulation_ws/install/ik_quad_foot_control/lib:/home/ros/docker_simulation_ws/install/custom_interfaces/lib:/opt/ros/humble/opt/rviz_ogre_vendor/lib:/opt/ros/humble/lib/x86_64-linux-gnu:/opt/ros/humble/lib /usr/bin/cmake --build /home/ros/docker_simulation_ws/build/omni_vel_controller -- -j12 -l12
[1.477s] -- Found ament_cmake: 1.3.12 (/opt/ros/humble/share/ament_cmake/cmake)
[1.478s] -- Override CMake install command with custom implementation using symlinks instead of copying resources
[1.483s] -- Found rclcpp: 16.0.15 (/opt/ros/humble/share/rclcpp/cmake)
[1.484s] -- Found rosidl_generator_c: 3.1.7 (/opt/ros/humble/share/rosidl_generator_c/cmake)
[1.484s] -- Found rosidl_adapter: 3.1.7 (/opt/ros/humble/share/rosidl_adapter/cmake)
[1.485s] -- Found rosidl_generator_cpp: 3.1.7 (/opt/ros/humble/share/rosidl_generator_cpp/cmake)
[1.486s] -- Using all available rosidl_typesupport_c: rosidl_typesupport_fastrtps_c;rosidl_typesupport_introspection_c
[1.487s] -- Using all available rosidl_typesupport_cpp: rosidl_typesupport_fastrtps_cpp;rosidl_typesupport_introspection_cpp
[1.488s] -- Found rmw_implementation_cmake: 6.1.2 (/opt/ros/humble/share/rmw_implementation_cmake/cmake)
[1.488s] -- Found rmw_fastrtps_cpp: 6.2.8 (/opt/ros/humble/share/rmw_fastrtps_cpp/cmake)
[2.027s] -- Using RMW implementation 'rmw_fastrtps_cpp' as default
[2.288s] -- Found rclcpp_lifecycle: 16.0.15 (/opt/ros/humble/share/rclcpp_lifecycle/cmake)
[2.404s] -- Found hardware_interface: 2.52.0 (/opt/ros/humble/share/hardware_interface/cmake)
[3.092s] -- Found controller_interface: 2.52.0 (/opt/ros/humble/share/controller_interface/cmake)
[3.108s] -- Found pi3hat_moteus_int_msgs: 0.0.0 (/home/ros/docker_simulation_ws/install/pi3hat_moteus_int_msgs/share/pi3hat_moteus_int_msgs/cmake)
[3.189s] -- Found std_srvs: 4.9.0 (/opt/ros/humble/share/std_srvs/cmake)
[3.296s] -- Found ament_lint_auto: 0.12.14 (/opt/ros/humble/share/ament_lint_auto/cmake)
[3.763s] -- Added test 'cppcheck' to perform static code analysis on C / C++ code
[3.763s] -- Configured cppcheck include dirs: /home/ros/docker_simulation_ws/src/Pi3Hat_Controllers/src/omni_vel_controller/include;$<BUILD_INTERFACE:/home/ros/docker_simulation_ws/src/Pi3Hat_Controllers/src/omni_vel_controller/include>
[3.763s] -- Configured cppcheck exclude dirs and/or files: 
[3.765s] -- Added test 'lint_cmake' to check CMake code style
[3.773s] -- Added test 'uncrustify' to check C / C++ code style
[3.773s] -- Configured uncrustify additional arguments: 
[3.778s] -- Added test 'xmllint' to check XML markup files
[3.799s] -- Configuring done
[3.909s] -- Generating done
[3.948s] -- Build files have been written to: /home/ros/docker_simulation_ws/build/omni_vel_controller
[4.128s] [35m[1mConsolidate compiler generated dependencies of target omni_vel_controller[0m
[4.277s] [ 50%] [32mBuilding CXX object CMakeFiles/omni_vel_controller.dir/src/omni_vel_controller.cpp.o[0m
[52.026s] [100%] [32m[1mLinking CXX shared library libomni_vel_controller.so[0m
[53.166s] [100%] Built target omni_vel_controller
[53.202s] Invoked command in '/home/ros/docker_simulation_ws/build/omni_vel_controller' returned '0': CMAKE_PREFIX_PATH=/home/ros/docker_simulation_ws/install/pi3hat_moteus_int_msgs:/home/ros/docker_simulation_ws/install/wheels_vel_cnt:/home/ros/docker_simulation_ws/install/rbt_pd_cnt:/home/ros/docker_simulation_ws/install/omni_vel_controller:/home/ros/docker_simulation_ws/install/omni_mulinex_joystic:/home/ros/docker_simulation_ws/install/ik_quad_foot_control:/home/ros/docker_simulation_ws/install/mulinex_ignition:/home/ros/docker_simulation_ws/install/mulinex_description:/home/ros/docker_simulation_ws/install/custom_interfaces:/home/ros/docker_simulation_ws/install/rlg_quad_controller:/home/ros/docker_simulation_ws/install/mulinex_ignition_py:/opt/ros/humble LD_LIBRARY_PATH=/home/ros/docker_simulation_ws/install/pi3hat_moteus_int_msgs/lib:/home/ros/docker_simulation_ws/install/wheels_vel_cnt/lib:/home/ros/docker_simulation_ws/install/rbt_pd_cnt/lib:/home/ros/docker_simulation_ws/install/omni_vel_controller/lib:/home/ros/docker_simulation_ws/install/omni_mulinex_joystic/lib:/home/ros/docker_simulation_ws/install/ik_quad_foot_control/lib:/home/ros/docker_simulation_ws/install/custom_interfaces/lib:/opt/ros/humble/opt/rviz_ogre_vendor/lib:/opt/ros/humble/lib/x86_64-linux-gnu:/opt/ros/humble/lib /usr/bin/cmake --build /home/ros/docker_simulation_ws/build/omni_vel_controller -- -j12 -l12
[53.207s] Invoking command in '/home/ros/docker_simulation_ws/build/omni_vel_controller': CMAKE_PREFIX_PATH=/home/ros/docker_simulation_ws/install/pi3hat_moteus_int_msgs:/home/ros/docker_simulation_ws/install/wheels_vel_cnt:/home/ros/docker_simulation_ws/install/rbt_pd_cnt:/home/ros/docker_simulation_ws/install/omni_vel_controller:/home/ros/docker_simulation_ws/install/omni_mulinex_joystic:/home/ros/docker_simulation_ws/install/ik_quad_foot_control:/home/ros/docker_simulation_ws/install/mulinex_ignition:/home/ros/docker_simulation_ws/install/mulinex_description:/home/ros/docker_simulation_ws/install/custom_interfaces:/home/ros/docker_simulation_ws/install/rlg_quad_controller:/home/ros/docker_simulation_ws/install/mulinex_ignition_py:/opt/ros/humble LD_LIBRARY_PATH=/home/ros/docker_simulation_ws/install/pi3hat_moteus_int_msgs/lib:/home/ros/docker_simulation_ws/install/wheels_vel_cnt/lib:/home/ros/docker_simulation_ws/install/rbt_pd_cnt/lib:/home/ros/docker_simulation_ws/install/omni_vel_controller/lib:/home/ros/docker_simulation_ws/install/omni_mulinex_joystic/lib:/home/ros/docker_simulation_ws/install/ik_quad_foot_control/lib:/home/ros/docker_simulation_ws/install/custom_interfaces/lib:/opt/ros/humble/opt/rviz_ogre_vendor/lib:/opt/ros/humble/lib/x86_64-linux-gnu:/opt/ros/humble/lib /usr/bin/cmake --install /home/ros/docker_simulation_ws/build/omni_vel_controller
[53.225s] -- Install configuration: ""
[53.226s] -- Execute custom install script
[53.227s] -- Up-to-date symlink: /home/ros/docker_simulation_ws/install/omni_vel_controller/share/omni_vel_controller//omni_vel_controller.xml
[53.228s] -- Up-to-date symlink: /home/ros/docker_simulation_ws/install/omni_vel_controller/share/omni_vel_controller/environment/library_path.sh
[53.228s] -- Up-to-date symlink: /home/ros/docker_simulation_ws/install/omni_vel_controller/share/omni_vel_controller/environment/library_path.dsv
[53.229s] -- Up-to-date symlink: /home/ros/docker_simulation_ws/install/omni_vel_controller/share/ament_index/resource_index/package_run_dependencies/omni_vel_controller
[53.230s] -- Up-to-date symlink: /home/ros/docker_simulation_ws/install/omni_vel_controller/share/ament_index/resource_index/parent_prefix_path/omni_vel_controller
[53.231s] -- Up-to-date symlink: /home/ros/docker_simulation_ws/install/omni_vel_controller/share/omni_vel_controller/environment/ament_prefix_path.sh
[53.232s] -- Up-to-date symlink: /home/ros/docker_simulation_ws/install/omni_vel_controller/share/omni_vel_controller/environment/ament_prefix_path.dsv
[53.235s] -- Up-to-date symlink: /home/ros/docker_simulation_ws/install/omni_vel_controller/share/omni_vel_controller/environment/path.sh
[53.236s] -- Up-to-date symlink: /home/ros/docker_simulation_ws/install/omni_vel_controller/share/omni_vel_controller/environment/path.dsv
[53.237s] -- Up-to-date symlink: /home/ros/docker_simulation_ws/install/omni_vel_controller/share/omni_vel_controller/local_setup.bash
[53.237s] -- Up-to-date symlink: /home/ros/docker_simulation_ws/install/omni_vel_controller/share/omni_vel_controller/local_setup.sh
[53.238s] -- Up-to-date symlink: /home/ros/docker_simulation_ws/install/omni_vel_controller/share/omni_vel_controller/local_setup.zsh
[53.238s] -- Up-to-date symlink: /home/ros/docker_simulation_ws/install/omni_vel_controller/share/omni_vel_controller/local_setup.dsv
[53.239s] -- Symlinking: /home/ros/docker_simulation_ws/install/omni_vel_controller/share/omni_vel_controller/package.dsv
[53.265s] -- Up-to-date symlink: /home/ros/docker_simulation_ws/install/omni_vel_controller/share/ament_index/resource_index/packages/omni_vel_controller
[53.265s] -- Up-to-date symlink: /home/ros/docker_simulation_ws/install/omni_vel_controller/share/ament_index/resource_index/controller_interface__pluginlib__plugin/omni_vel_controller
[53.266s] -- Up-to-date symlink: /home/ros/docker_simulation_ws/install/omni_vel_controller/share/omni_vel_controller/cmake/ament_cmake_export_dependencies-extras.cmake
[53.267s] -- Up-to-date symlink: /home/ros/docker_simulation_ws/install/omni_vel_controller/share/omni_vel_controller/cmake/ament_cmake_export_include_directories-extras.cmake
[53.268s] -- Up-to-date symlink: /home/ros/docker_simulation_ws/install/omni_vel_controller/share/omni_vel_controller/cmake/ament_cmake_export_libraries-extras.cmake
[53.268s] -- Up-to-date symlink: /home/ros/docker_simulation_ws/install/omni_vel_controller/share/omni_vel_controller/cmake/omni_vel_controllerConfig.cmake
[53.269s] -- Up-to-date symlink: /home/ros/docker_simulation_ws/install/omni_vel_controller/share/omni_vel_controller/cmake/omni_vel_controllerConfig-version.cmake
[53.269s] -- Up-to-date symlink: /home/ros/docker_simulation_ws/install/omni_vel_controller/share/omni_vel_controller/package.xml
[53.270s] -- Installing: /home/ros/docker_simulation_ws/install/omni_vel_controller/lib/libomni_vel_controller.so
[53.292s] -- Set runtime path of "/home/ros/docker_simulation_ws/install/omni_vel_controller/lib/libomni_vel_controller.so" to ""
[53.296s] Invoked command in '/home/ros/docker_simulation_ws/build/omni_vel_controller' returned '0': CMAKE_PREFIX_PATH=/home/ros/docker_simulation_ws/install/pi3hat_moteus_int_msgs:/home/ros/docker_simulation_ws/install/wheels_vel_cnt:/home/ros/docker_simulation_ws/install/rbt_pd_cnt:/home/ros/docker_simulation_ws/install/omni_vel_controller:/home/ros/docker_simulation_ws/install/omni_mulinex_joystic:/home/ros/docker_simulation_ws/install/ik_quad_foot_control:/home/ros/docker_simulation_ws/install/mulinex_ignition:/home/ros/docker_simulation_ws/install/mulinex_description:/home/ros/docker_simulation_ws/install/custom_interfaces:/home/ros/docker_simulation_ws/install/rlg_quad_controller:/home/ros/docker_simulation_ws/install/mulinex_ignition_py:/opt/ros/humble LD_LIBRARY_PATH=/home/ros/docker_simulation_ws/install/pi3hat_moteus_int_msgs/lib:/home/ros/docker_simulation_ws/install/wheels_vel_cnt/lib:/home/ros/docker_simulation_ws/install/rbt_pd_cnt/lib:/home/ros/docker_simulation_ws/install/omni_vel_controller/lib:/home/ros/docker_simulation_ws/install/omni_mulinex_joystic/lib:/home/ros/docker_simulation_ws/install/ik_quad_foot_control/lib:/home/ros/docker_simulation_ws/install/custom_interfaces/lib:/opt/ros/humble/opt/rviz_ogre_vendor/lib:/opt/ros/humble/lib/x86_64-linux-gnu:/opt/ros/humble/lib /usr/bin/cmake --install /home/ros/docker_simulation_ws/build/omni_vel_controller
