[1.656s] Invoking command in '/home/ros/docker_simulation_ws/src/rlg_quad_controller': CMAKE_PREFIX_PATH=/home/ros/docker_simulation_ws/install/pi3hat_moteus_int_msgs:/home/ros/docker_simulation_ws/install/wheels_vel_cnt:/home/ros/docker_simulation_ws/install/rbt_pd_cnt:/home/ros/docker_simulation_ws/install/omni_vel_controller:/home/ros/docker_simulation_ws/install/omni_mulinex_joystic:/home/ros/docker_simulation_ws/install/ik_quad_foot_control:/home/ros/docker_simulation_ws/install/mulinex_ignition:/home/ros/docker_simulation_ws/install/mulinex_description:/home/ros/docker_simulation_ws/install/custom_interfaces LD_LIBRARY_PATH=/home/ros/docker_simulation_ws/install/pi3hat_moteus_int_msgs/lib:/home/ros/docker_simulation_ws/install/wheels_vel_cnt/lib:/home/ros/docker_simulation_ws/install/rbt_pd_cnt/lib:/home/ros/docker_simulation_ws/install/omni_vel_controller/lib:/home/ros/docker_simulation_ws/install/omni_mulinex_joystic/lib:/home/ros/docker_simulation_ws/install/ik_quad_foot_control/lib:/home/ros/docker_simulation_ws/install/custom_interfaces/lib:/opt/ros/humble/opt/rviz_ogre_vendor/lib:/opt/ros/humble/lib/x86_64-linux-gnu:/opt/ros/humble/lib PYTHONPATH=/home/ros/docker_simulation_ws/build/rlg_quad_controller/prefix_override:/usr/lib/python3/dist-packages/colcon_core/task/python/colcon_distutils_commands:/home/ros/docker_simulation_ws/install/rlg_quad_controller/lib/python3.10/site-packages:${PYTHONPATH} /usr/bin/python3 -W ignore:setup.py install is deprecated -W ignore:easy_install command is deprecated setup.py egg_info --egg-base ../../build/rlg_quad_controller build --build-base /home/ros/docker_simulation_ws/build/rlg_quad_controller/build install --record /home/ros/docker_simulation_ws/build/rlg_quad_controller/install.log --single-version-externally-managed install_data
[2.041s] running egg_info
[2.042s] writing ../../build/rlg_quad_controller/rlg_quad_controller.egg-info/PKG-INFO
[2.043s] writing dependency_links to ../../build/rlg_quad_controller/rlg_quad_controller.egg-info/dependency_links.txt
[2.043s] writing entry points to ../../build/rlg_quad_controller/rlg_quad_controller.egg-info/entry_points.txt
[2.044s] writing requirements to ../../build/rlg_quad_controller/rlg_quad_controller.egg-info/requires.txt
[2.044s] writing top-level names to ../../build/rlg_quad_controller/rlg_quad_controller.egg-info/top_level.txt
[2.049s] reading manifest file '../../build/rlg_quad_controller/rlg_quad_controller.egg-info/SOURCES.txt'
[2.052s] writing manifest file '../../build/rlg_quad_controller/rlg_quad_controller.egg-info/SOURCES.txt'
[2.052s] running build
[2.052s] running build_py
[2.055s] running install
[2.056s] running install_lib
[2.058s] running install_data
[2.059s] running install_egg_info
[2.063s] removing '/home/ros/docker_simulation_ws/install/rlg_quad_controller/lib/python3.10/site-packages/rlg_quad_controller-0.0.0-py3.10.egg-info' (and everything under it)
[2.064s] Copying ../../build/rlg_quad_controller/rlg_quad_controller.egg-info to /home/ros/docker_simulation_ws/install/rlg_quad_controller/lib/python3.10/site-packages/rlg_quad_controller-0.0.0-py3.10.egg-info
[2.066s] running install_scripts
[2.099s] Installing force_measure script to /home/ros/docker_simulation_ws/install/rlg_quad_controller/lib/rlg_quad_controller
[2.100s] Installing inference_controller_robot script to /home/ros/docker_simulation_ws/install/rlg_quad_controller/lib/rlg_quad_controller
[2.100s] Installing inference_controller_sim script to /home/ros/docker_simulation_ws/install/rlg_quad_controller/lib/rlg_quad_controller
[2.100s] Installing trajectory_publisher script to /home/ros/docker_simulation_ws/install/rlg_quad_controller/lib/rlg_quad_controller
[2.101s] writing list of installed files to '/home/ros/docker_simulation_ws/build/rlg_quad_controller/install.log'
[2.138s] Invoked command in '/home/ros/docker_simulation_ws/src/rlg_quad_controller' returned '0': CMAKE_PREFIX_PATH=/home/ros/docker_simulation_ws/install/pi3hat_moteus_int_msgs:/home/ros/docker_simulation_ws/install/wheels_vel_cnt:/home/ros/docker_simulation_ws/install/rbt_pd_cnt:/home/ros/docker_simulation_ws/install/omni_vel_controller:/home/ros/docker_simulation_ws/install/omni_mulinex_joystic:/home/ros/docker_simulation_ws/install/ik_quad_foot_control:/home/ros/docker_simulation_ws/install/mulinex_ignition:/home/ros/docker_simulation_ws/install/mulinex_description:/home/ros/docker_simulation_ws/install/custom_interfaces LD_LIBRARY_PATH=/home/ros/docker_simulation_ws/install/pi3hat_moteus_int_msgs/lib:/home/ros/docker_simulation_ws/install/wheels_vel_cnt/lib:/home/ros/docker_simulation_ws/install/rbt_pd_cnt/lib:/home/ros/docker_simulation_ws/install/omni_vel_controller/lib:/home/ros/docker_simulation_ws/install/omni_mulinex_joystic/lib:/home/ros/docker_simulation_ws/install/ik_quad_foot_control/lib:/home/ros/docker_simulation_ws/install/custom_interfaces/lib:/opt/ros/humble/opt/rviz_ogre_vendor/lib:/opt/ros/humble/lib/x86_64-linux-gnu:/opt/ros/humble/lib PYTHONPATH=/home/ros/docker_simulation_ws/build/rlg_quad_controller/prefix_override:/usr/lib/python3/dist-packages/colcon_core/task/python/colcon_distutils_commands:/home/ros/docker_simulation_ws/install/rlg_quad_controller/lib/python3.10/site-packages:${PYTHONPATH} /usr/bin/python3 -W ignore:setup.py install is deprecated -W ignore:easy_install command is deprecated setup.py egg_info --egg-base ../../build/rlg_quad_controller build --build-base /home/ros/docker_simulation_ws/build/rlg_quad_controller/build install --record /home/ros/docker_simulation_ws/build/rlg_quad_controller/install.log --single-version-externally-managed install_data
