[2.096s] Invoking command in '/home/ros/docker_simulation_ws/build/rlg_quad_controller': PYTHONPATH=/home/ros/docker_simulation_ws/build/rlg_quad_controller/prefix_override:/usr/lib/python3/dist-packages/colcon_core/task/python/colcon_distutils_commands:/home/ros/docker_simulation_ws/install/rlg_quad_controller/lib/python3.10/site-packages:${PYTHONPATH} /usr/bin/python3 -W ignore:setup.py install is deprecated -W ignore:easy_install command is deprecated setup.py develop --editable --build-directory /home/ros/docker_simulation_ws/build/rlg_quad_controller/build --no-deps symlink_data
[2.492s] running develop
[2.723s] running egg_info
[2.723s] writing rlg_quad_controller.egg-info/PKG-INFO
[2.724s] writing dependency_links to rlg_quad_controller.egg-info/dependency_links.txt
[2.724s] writing entry points to rlg_quad_controller.egg-info/entry_points.txt
[2.725s] writing requirements to rlg_quad_controller.egg-info/requires.txt
[2.726s] writing top-level names to rlg_quad_controller.egg-info/top_level.txt
[2.730s] reading manifest file 'rlg_quad_controller.egg-info/SOURCES.txt'
[2.732s] writing manifest file 'rlg_quad_controller.egg-info/SOURCES.txt'
[2.735s] running build_ext
[2.735s] Creating /home/ros/docker_simulation_ws/install/rlg_quad_controller/lib/python3.10/site-packages/rlg-quad-controller.egg-link (link to .)
[2.737s] Installing force_measure script to /home/ros/docker_simulation_ws/install/rlg_quad_controller/lib/rlg_quad_controller
[2.738s] Installing inference_controller_robot script to /home/ros/docker_simulation_ws/install/rlg_quad_controller/lib/rlg_quad_controller
[2.739s] Installing inference_controller_sim script to /home/ros/docker_simulation_ws/install/rlg_quad_controller/lib/rlg_quad_controller
[2.739s] Installing trajectory_publisher script to /home/ros/docker_simulation_ws/install/rlg_quad_controller/lib/rlg_quad_controller
[2.739s] 
[2.739s] Installed /home/ros/docker_simulation_ws/build/rlg_quad_controller
[2.740s] running symlink_data
[2.787s] Invoked command in '/home/ros/docker_simulation_ws/build/rlg_quad_controller' returned '0': PYTHONPATH=/home/ros/docker_simulation_ws/build/rlg_quad_controller/prefix_override:/usr/lib/python3/dist-packages/colcon_core/task/python/colcon_distutils_commands:/home/ros/docker_simulation_ws/install/rlg_quad_controller/lib/python3.10/site-packages:${PYTHONPATH} /usr/bin/python3 -W ignore:setup.py install is deprecated -W ignore:easy_install command is deprecated setup.py develop --editable --build-directory /home/ros/docker_simulation_ws/build/rlg_quad_controller/build --no-deps symlink_data
