[5.039s] Invoking command in '/home/ros/docker_simulation_ws/build/rlg_quad_controller': CMAKE_PREFIX_PATH=/home/ros/docker_simulation_ws/install/pi3hat_moteus_int_msgs:/home/ros/docker_simulation_ws/install/wheels_vel_cnt:/home/ros/docker_simulation_ws/install/rbt_pd_cnt:/home/ros/docker_simulation_ws/install/omni_vel_controller:/home/ros/docker_simulation_ws/install/omni_mulinex_joystic:/home/ros/docker_simulation_ws/install/ik_quad_foot_control:/home/ros/docker_simulation_ws/install/mulinex_ignition:/home/ros/docker_simulation_ws/install/mulinex_description:/home/ros/docker_simulation_ws/install/custom_interfaces LD_LIBRARY_PATH=/home/ros/docker_simulation_ws/install/pi3hat_moteus_int_msgs/lib:/home/ros/docker_simulation_ws/install/wheels_vel_cnt/lib:/home/ros/docker_simulation_ws/install/rbt_pd_cnt/lib:/home/ros/docker_simulation_ws/install/omni_vel_controller/lib:/home/ros/docker_simulation_ws/install/omni_mulinex_joystic/lib:/home/ros/docker_simulation_ws/install/ik_quad_foot_control/lib:/home/ros/docker_simulation_ws/install/custom_interfaces/lib:/opt/ros/humble/opt/rviz_ogre_vendor/lib:/opt/ros/humble/lib/x86_64-linux-gnu:/opt/ros/humble/lib PYTHONPATH=/home/ros/docker_simulation_ws/build/rlg_quad_controller/prefix_override:/usr/lib/python3/dist-packages/colcon_core/task/python/colcon_distutils_commands:/home/ros/docker_simulation_ws/install/rlg_quad_controller/lib/python3.10/site-packages:${PYTHONPATH} /usr/bin/python3 -W ignore:setup.py install is deprecated -W ignore:easy_install command is deprecated setup.py develop --editable --build-directory /home/ros/docker_simulation_ws/build/rlg_quad_controller/build --no-deps symlink_data
[7.169s] running develop
[8.745s] running egg_info
[8.749s] writing rlg_quad_controller.egg-info/PKG-INFO
[8.750s] writing dependency_links to rlg_quad_controller.egg-info/dependency_links.txt
[8.751s] writing entry points to rlg_quad_controller.egg-info/entry_points.txt
[8.752s] writing requirements to rlg_quad_controller.egg-info/requires.txt
[8.753s] writing top-level names to rlg_quad_controller.egg-info/top_level.txt
[8.771s] reading manifest file 'rlg_quad_controller.egg-info/SOURCES.txt'
[8.778s] writing manifest file 'rlg_quad_controller.egg-info/SOURCES.txt'
[8.785s] running build_ext
[8.786s] Creating /home/ros/docker_simulation_ws/install/rlg_quad_controller/lib/python3.10/site-packages/rlg-quad-controller.egg-link (link to .)
[8.792s] Installing force_measure script to /home/ros/docker_simulation_ws/install/rlg_quad_controller/lib/rlg_quad_controller
[8.794s] Installing inference_controller_robot script to /home/ros/docker_simulation_ws/install/rlg_quad_controller/lib/rlg_quad_controller
[8.795s] Installing inference_controller_sim script to /home/ros/docker_simulation_ws/install/rlg_quad_controller/lib/rlg_quad_controller
[8.795s] Installing trajectory_publisher script to /home/ros/docker_simulation_ws/install/rlg_quad_controller/lib/rlg_quad_controller
[8.795s] 
[8.796s] Installed /home/ros/docker_simulation_ws/build/rlg_quad_controller
[8.796s] running symlink_data
[8.940s] Invoked command in '/home/ros/docker_simulation_ws/build/rlg_quad_controller' returned '0': CMAKE_PREFIX_PATH=/home/ros/docker_simulation_ws/install/pi3hat_moteus_int_msgs:/home/ros/docker_simulation_ws/install/wheels_vel_cnt:/home/ros/docker_simulation_ws/install/rbt_pd_cnt:/home/ros/docker_simulation_ws/install/omni_vel_controller:/home/ros/docker_simulation_ws/install/omni_mulinex_joystic:/home/ros/docker_simulation_ws/install/ik_quad_foot_control:/home/ros/docker_simulation_ws/install/mulinex_ignition:/home/ros/docker_simulation_ws/install/mulinex_description:/home/ros/docker_simulation_ws/install/custom_interfaces LD_LIBRARY_PATH=/home/ros/docker_simulation_ws/install/pi3hat_moteus_int_msgs/lib:/home/ros/docker_simulation_ws/install/wheels_vel_cnt/lib:/home/ros/docker_simulation_ws/install/rbt_pd_cnt/lib:/home/ros/docker_simulation_ws/install/omni_vel_controller/lib:/home/ros/docker_simulation_ws/install/omni_mulinex_joystic/lib:/home/ros/docker_simulation_ws/install/ik_quad_foot_control/lib:/home/ros/docker_simulation_ws/install/custom_interfaces/lib:/opt/ros/humble/opt/rviz_ogre_vendor/lib:/opt/ros/humble/lib/x86_64-linux-gnu:/opt/ros/humble/lib PYTHONPATH=/home/ros/docker_simulation_ws/build/rlg_quad_controller/prefix_override:/usr/lib/python3/dist-packages/colcon_core/task/python/colcon_distutils_commands:/home/ros/docker_simulation_ws/install/rlg_quad_controller/lib/python3.10/site-packages:${PYTHONPATH} /usr/bin/python3 -W ignore:setup.py install is deprecated -W ignore:easy_install command is deprecated setup.py develop --editable --build-directory /home/ros/docker_simulation_ws/build/rlg_quad_controller/build --no-deps symlink_data
