[0.094s] Invoking command in '/home/ros/docker_simulation_ws/build/custom_interfaces': CMAKE_PREFIX_PATH=${CMAKE_PREFIX_PATH}:/home/ros/docker_simulation_ws/install/rlg_quad_controller:/home/ros/docker_simulation_ws/install/mulinex_ignition_py:/opt/ros/humble /usr/bin/cmake --build /home/ros/docker_simulation_ws/build/custom_interfaces -- -j12 -l12
[0.310s] [  3%] Built target custom_interfaces__cpp
[0.311s] [ 12%] Built target custom_interfaces__rosidl_generator_c
[0.344s] [ 12%] Built target ament_cmake_python_symlink_custom_interfaces
[0.486s] [ 22%] Built target custom_interfaces__rosidl_typesupport_c
[0.510s] [ 32%] Built target custom_interfaces__rosidl_typesupport_fastrtps_c
[0.511s] [ 41%] Built target custom_interfaces__rosidl_typesupport_introspection_cpp
[0.515s] [ 54%] Built target custom_interfaces__rosidl_typesupport_introspection_c
[0.515s] [ 61%] Built target custom_interfaces__rosidl_typesupport_cpp
[0.529s] [ 70%] Built target custom_interfaces__rosidl_typesupport_fastrtps_cpp
[0.612s] [ 70%] Built target custom_interfaces
[0.674s] [ 74%] Built target custom_interfaces__py
[0.768s] [ 80%] Built target custom_interfaces__rosidl_generator_py
[0.879s] [ 87%] Built target custom_interfaces__rosidl_typesupport_introspection_c__pyext
[0.891s] [ 93%] Built target custom_interfaces__rosidl_typesupport_c__pyext
[0.892s] [100%] Built target custom_interfaces__rosidl_typesupport_fastrtps_c__pyext
[1.433s] running egg_info
[1.437s] writing custom_interfaces.egg-info/PKG-INFO
[1.437s] writing dependency_links to custom_interfaces.egg-info/dependency_links.txt
[1.438s] writing top-level names to custom_interfaces.egg-info/top_level.txt
[1.452s] reading manifest file 'custom_interfaces.egg-info/SOURCES.txt'
[1.454s] writing manifest file 'custom_interfaces.egg-info/SOURCES.txt'
[1.540s] [100%] Built target ament_cmake_python_build_custom_interfaces_egg
[1.587s] Invoked command in '/home/ros/docker_simulation_ws/build/custom_interfaces' returned '0': CMAKE_PREFIX_PATH=${CMAKE_PREFIX_PATH}:/home/ros/docker_simulation_ws/install/rlg_quad_controller:/home/ros/docker_simulation_ws/install/mulinex_ignition_py:/opt/ros/humble /usr/bin/cmake --build /home/ros/docker_simulation_ws/build/custom_interfaces -- -j12 -l12
[1.591s] Invoking command in '/home/ros/docker_simulation_ws/build/custom_interfaces': CMAKE_PREFIX_PATH=${CMAKE_PREFIX_PATH}:/home/ros/docker_simulation_ws/install/rlg_quad_controller:/home/ros/docker_simulation_ws/install/mulinex_ignition_py:/opt/ros/humble /usr/bin/cmake --install /home/ros/docker_simulation_ws/build/custom_interfaces
[1.614s] -- Install configuration: ""
[1.619s] -- Execute custom install script
[1.620s] -- Up-to-date symlink: /home/ros/docker_simulation_ws/install/custom_interfaces/share/ament_index/resource_index/rosidl_interfaces/custom_interfaces
[1.620s] -- Up-to-date symlink: /home/ros/docker_simulation_ws/install/custom_interfaces/include/custom_interfaces/custom_interfaces/msg/detail/wheel_velocity_command__functions.h
[1.621s] -- Up-to-date symlink: /home/ros/docker_simulation_ws/install/custom_interfaces/include/custom_interfaces/custom_interfaces/msg/detail/wheel_velocity_command__struct.h
[1.623s] -- Up-to-date symlink: /home/ros/docker_simulation_ws/install/custom_interfaces/include/custom_interfaces/custom_interfaces/msg/detail/wheel_velocity_command__type_support.h
[1.623s] -- Up-to-date symlink: /home/ros/docker_simulation_ws/install/custom_interfaces/include/custom_interfaces/custom_interfaces/msg/rosidl_generator_c__visibility_control.h
[1.624s] -- Up-to-date symlink: /home/ros/docker_simulation_ws/install/custom_interfaces/include/custom_interfaces/custom_interfaces/msg/wheel_velocity_command.h
[1.627s] -- Up-to-date symlink: /home/ros/docker_simulation_ws/install/custom_interfaces/share/custom_interfaces/environment/library_path.sh
[1.628s] -- Up-to-date symlink: /home/ros/docker_simulation_ws/install/custom_interfaces/share/custom_interfaces/environment/library_path.dsv
[1.629s] -- Up-to-date symlink: /home/ros/docker_simulation_ws/install/custom_interfaces/include/custom_interfaces/custom_interfaces/msg/detail/wheel_velocity_command__rosidl_typesupport_fastrtps_c.h
[1.630s] -- Up-to-date symlink: /home/ros/docker_simulation_ws/install/custom_interfaces/include/custom_interfaces/custom_interfaces/msg/rosidl_typesupport_fastrtps_c__visibility_control.h
[1.631s] -- Up-to-date symlink: /home/ros/docker_simulation_ws/install/custom_interfaces/include/custom_interfaces/custom_interfaces/msg/detail/wheel_velocity_command__builder.hpp
[1.639s] -- Up-to-date symlink: /home/ros/docker_simulation_ws/install/custom_interfaces/include/custom_interfaces/custom_interfaces/msg/detail/wheel_velocity_command__struct.hpp
[1.641s] -- Up-to-date symlink: /home/ros/docker_simulation_ws/install/custom_interfaces/include/custom_interfaces/custom_interfaces/msg/detail/wheel_velocity_command__traits.hpp
[1.641s] -- Up-to-date symlink: /home/ros/docker_simulation_ws/install/custom_interfaces/include/custom_interfaces/custom_interfaces/msg/detail/wheel_velocity_command__type_support.hpp
[1.642s] -- Up-to-date symlink: /home/ros/docker_simulation_ws/install/custom_interfaces/include/custom_interfaces/custom_interfaces/msg/rosidl_generator_cpp__visibility_control.hpp
[1.643s] -- Up-to-date symlink: /home/ros/docker_simulation_ws/install/custom_interfaces/include/custom_interfaces/custom_interfaces/msg/wheel_velocity_command.hpp
[1.643s] -- Up-to-date symlink: /home/ros/docker_simulation_ws/install/custom_interfaces/include/custom_interfaces/custom_interfaces/msg/detail/wheel_velocity_command__rosidl_typesupport_fastrtps_cpp.hpp
[1.644s] -- Up-to-date symlink: /home/ros/docker_simulation_ws/install/custom_interfaces/include/custom_interfaces/custom_interfaces/msg/rosidl_typesupport_fastrtps_cpp__visibility_control.h
[1.651s] -- Up-to-date symlink: /home/ros/docker_simulation_ws/install/custom_interfaces/include/custom_interfaces/custom_interfaces/msg/detail/wheel_velocity_command__rosidl_typesupport_introspection_c.h
[1.652s] -- Up-to-date symlink: /home/ros/docker_simulation_ws/install/custom_interfaces/include/custom_interfaces/custom_interfaces/msg/rosidl_typesupport_introspection_c__visibility_control.h
[1.656s] -- Up-to-date symlink: /home/ros/docker_simulation_ws/install/custom_interfaces/include/custom_interfaces/custom_interfaces/msg/detail/wheel_velocity_command__rosidl_typesupport_introspection_cpp.hpp
[1.657s] -- Up-to-date symlink: /home/ros/docker_simulation_ws/install/custom_interfaces/share/custom_interfaces/environment/pythonpath.sh
[1.657s] -- Up-to-date symlink: /home/ros/docker_simulation_ws/install/custom_interfaces/share/custom_interfaces/environment/pythonpath.dsv
[1.658s] -- Up-to-date symlink: /home/ros/docker_simulation_ws/install/custom_interfaces/local/lib/python3.10/dist-packages/custom_interfaces-0.0.0-py3.10.egg-info/PKG-INFO
[1.663s] -- Up-to-date symlink: /home/ros/docker_simulation_ws/install/custom_interfaces/local/lib/python3.10/dist-packages/custom_interfaces-0.0.0-py3.10.egg-info/SOURCES.txt
[1.663s] -- Up-to-date symlink: /home/ros/docker_simulation_ws/install/custom_interfaces/local/lib/python3.10/dist-packages/custom_interfaces-0.0.0-py3.10.egg-info/dependency_links.txt
[1.663s] -- Up-to-date symlink: /home/ros/docker_simulation_ws/install/custom_interfaces/local/lib/python3.10/dist-packages/custom_interfaces-0.0.0-py3.10.egg-info/top_level.txt
[1.664s] -- Up-to-date symlink: /home/ros/docker_simulation_ws/install/custom_interfaces/local/lib/python3.10/dist-packages/custom_interfaces/__init__.py
[1.673s] -- Up-to-date symlink: /home/ros/docker_simulation_ws/install/custom_interfaces/local/lib/python3.10/dist-packages/custom_interfaces/_custom_interfaces_s.ep.rosidl_typesupport_c.c
[1.673s] -- Up-to-date symlink: /home/ros/docker_simulation_ws/install/custom_interfaces/local/lib/python3.10/dist-packages/custom_interfaces/_custom_interfaces_s.ep.rosidl_typesupport_fastrtps_c.c
[1.673s] -- Up-to-date symlink: /home/ros/docker_simulation_ws/install/custom_interfaces/local/lib/python3.10/dist-packages/custom_interfaces/_custom_interfaces_s.ep.rosidl_typesupport_introspection_c.c
[1.674s] -- Up-to-date symlink: /home/ros/docker_simulation_ws/install/custom_interfaces/local/lib/python3.10/dist-packages/custom_interfaces/custom_interfaces_s__rosidl_typesupport_c.cpython-310-x86_64-linux-gnu.so
[1.674s] -- Up-to-date symlink: /home/ros/docker_simulation_ws/install/custom_interfaces/local/lib/python3.10/dist-packages/custom_interfaces/custom_interfaces_s__rosidl_typesupport_fastrtps_c.cpython-310-x86_64-linux-gnu.so
[1.674s] -- Up-to-date symlink: /home/ros/docker_simulation_ws/install/custom_interfaces/local/lib/python3.10/dist-packages/custom_interfaces/custom_interfaces_s__rosidl_typesupport_introspection_c.cpython-310-x86_64-linux-gnu.so
[1.674s] -- Up-to-date symlink: /home/ros/docker_simulation_ws/install/custom_interfaces/local/lib/python3.10/dist-packages/custom_interfaces/libcustom_interfaces__rosidl_generator_py.so
[1.675s] -- Up-to-date symlink: /home/ros/docker_simulation_ws/install/custom_interfaces/local/lib/python3.10/dist-packages/custom_interfaces/msg/__init__.py
[1.675s] -- Up-to-date symlink: /home/ros/docker_simulation_ws/install/custom_interfaces/local/lib/python3.10/dist-packages/custom_interfaces/msg/_wheel_velocity_command.py
[1.675s] -- Up-to-date symlink: /home/ros/docker_simulation_ws/install/custom_interfaces/local/lib/python3.10/dist-packages/custom_interfaces/msg/_wheel_velocity_command_s.c
[1.675s] -- Up-to-date symlink: /home/ros/docker_simulation_ws/install/custom_interfaces/local/lib/python3.10/dist-packages/custom_interfaces/custom_interfaces_s__rosidl_typesupport_fastrtps_c.cpython-310-x86_64-linux-gnu.so
[1.676s] -- Up-to-date symlink: /home/ros/docker_simulation_ws/install/custom_interfaces/local/lib/python3.10/dist-packages/custom_interfaces/custom_interfaces_s__rosidl_typesupport_introspection_c.cpython-310-x86_64-linux-gnu.so
[1.676s] -- Up-to-date symlink: /home/ros/docker_simulation_ws/install/custom_interfaces/local/lib/python3.10/dist-packages/custom_interfaces/custom_interfaces_s__rosidl_typesupport_c.cpython-310-x86_64-linux-gnu.so
[1.676s] -- Up-to-date symlink: /home/ros/docker_simulation_ws/install/custom_interfaces/share/custom_interfaces/msg/WheelVelocityCommand.idl
[1.678s] -- Up-to-date symlink: /home/ros/docker_simulation_ws/install/custom_interfaces/share/custom_interfaces/msg/WheelVelocityCommand.msg
[1.678s] -- Up-to-date symlink: /home/ros/docker_simulation_ws/install/custom_interfaces/share/ament_index/resource_index/package_run_dependencies/custom_interfaces
[1.678s] -- Up-to-date symlink: /home/ros/docker_simulation_ws/install/custom_interfaces/share/ament_index/resource_index/parent_prefix_path/custom_interfaces
[1.679s] -- Up-to-date symlink: /home/ros/docker_simulation_ws/install/custom_interfaces/share/custom_interfaces/environment/ament_prefix_path.sh
[1.684s] -- Up-to-date symlink: /home/ros/docker_simulation_ws/install/custom_interfaces/share/custom_interfaces/environment/ament_prefix_path.dsv
[1.687s] -- Up-to-date symlink: /home/ros/docker_simulation_ws/install/custom_interfaces/share/custom_interfaces/environment/path.sh
[1.688s] -- Up-to-date symlink: /home/ros/docker_simulation_ws/install/custom_interfaces/share/custom_interfaces/environment/path.dsv
[1.688s] -- Up-to-date symlink: /home/ros/docker_simulation_ws/install/custom_interfaces/share/custom_interfaces/local_setup.bash
[1.689s] -- Up-to-date symlink: /home/ros/docker_simulation_ws/install/custom_interfaces/share/custom_interfaces/local_setup.sh
[1.689s] -- Up-to-date symlink: /home/ros/docker_simulation_ws/install/custom_interfaces/share/custom_interfaces/local_setup.zsh
[1.689s] -- Up-to-date symlink: /home/ros/docker_simulation_ws/install/custom_interfaces/share/custom_interfaces/local_setup.dsv
[1.690s] -- Symlinking: /home/ros/docker_simulation_ws/install/custom_interfaces/share/custom_interfaces/package.dsv
[1.715s] -- Up-to-date symlink: /home/ros/docker_simulation_ws/install/custom_interfaces/share/ament_index/resource_index/packages/custom_interfaces
[1.716s] -- Up-to-date symlink: /home/ros/docker_simulation_ws/install/custom_interfaces/share/custom_interfaces/cmake/rosidl_cmake-extras.cmake
[1.716s] -- Up-to-date symlink: /home/ros/docker_simulation_ws/install/custom_interfaces/share/custom_interfaces/cmake/ament_cmake_export_dependencies-extras.cmake
[1.716s] -- Up-to-date symlink: /home/ros/docker_simulation_ws/install/custom_interfaces/share/custom_interfaces/cmake/ament_cmake_export_include_directories-extras.cmake
[1.717s] -- Up-to-date symlink: /home/ros/docker_simulation_ws/install/custom_interfaces/share/custom_interfaces/cmake/ament_cmake_export_libraries-extras.cmake
[1.717s] -- Up-to-date symlink: /home/ros/docker_simulation_ws/install/custom_interfaces/share/custom_interfaces/cmake/ament_cmake_export_targets-extras.cmake
[1.717s] -- Up-to-date symlink: /home/ros/docker_simulation_ws/install/custom_interfaces/share/custom_interfaces/cmake/rosidl_cmake_export_typesupport_targets-extras.cmake
[1.718s] -- Up-to-date symlink: /home/ros/docker_simulation_ws/install/custom_interfaces/share/custom_interfaces/cmake/rosidl_cmake_export_typesupport_libraries-extras.cmake
[1.719s] -- Up-to-date symlink: /home/ros/docker_simulation_ws/install/custom_interfaces/share/custom_interfaces/cmake/custom_interfacesConfig.cmake
[1.719s] -- Up-to-date symlink: /home/ros/docker_simulation_ws/install/custom_interfaces/share/custom_interfaces/cmake/custom_interfacesConfig-version.cmake
[1.720s] -- Up-to-date symlink: /home/ros/docker_simulation_ws/install/custom_interfaces/share/custom_interfaces/package.xml
[1.720s] -- Up-to-date: /home/ros/docker_simulation_ws/install/custom_interfaces/lib/libcustom_interfaces__rosidl_generator_c.so
[1.721s] -- Up-to-date: /home/ros/docker_simulation_ws/install/custom_interfaces/lib/libcustom_interfaces__rosidl_typesupport_fastrtps_c.so
[1.721s] -- Up-to-date: /home/ros/docker_simulation_ws/install/custom_interfaces/lib/libcustom_interfaces__rosidl_typesupport_fastrtps_cpp.so
[1.722s] -- Up-to-date: /home/ros/docker_simulation_ws/install/custom_interfaces/lib/libcustom_interfaces__rosidl_typesupport_introspection_c.so
[1.722s] -- Up-to-date: /home/ros/docker_simulation_ws/install/custom_interfaces/lib/libcustom_interfaces__rosidl_typesupport_c.so
[1.722s] -- Up-to-date: /home/ros/docker_simulation_ws/install/custom_interfaces/lib/libcustom_interfaces__rosidl_typesupport_introspection_cpp.so
[1.723s] -- Up-to-date: /home/ros/docker_simulation_ws/install/custom_interfaces/lib/libcustom_interfaces__rosidl_typesupport_cpp.so
[1.826s] Listing '/home/ros/docker_simulation_ws/install/custom_interfaces/local/lib/python3.10/dist-packages/custom_interfaces'...
[1.826s] Listing '/home/ros/docker_simulation_ws/install/custom_interfaces/local/lib/python3.10/dist-packages/custom_interfaces/msg'...
[1.842s] -- Up-to-date: /home/ros/docker_simulation_ws/install/custom_interfaces/lib/libcustom_interfaces__rosidl_generator_py.so
[1.846s] -- Up-to-date: /home/ros/docker_simulation_ws/install/custom_interfaces/share/custom_interfaces/cmake/export_custom_interfaces__rosidl_generator_cExport.cmake
[1.846s] -- Up-to-date: /home/ros/docker_simulation_ws/install/custom_interfaces/share/custom_interfaces/cmake/export_custom_interfaces__rosidl_generator_cExport-noconfig.cmake
[1.847s] -- Up-to-date: /home/ros/docker_simulation_ws/install/custom_interfaces/share/custom_interfaces/cmake/export_custom_interfaces__rosidl_typesupport_fastrtps_cExport.cmake
[1.847s] -- Up-to-date: /home/ros/docker_simulation_ws/install/custom_interfaces/share/custom_interfaces/cmake/export_custom_interfaces__rosidl_typesupport_fastrtps_cExport-noconfig.cmake
[1.847s] -- Up-to-date: /home/ros/docker_simulation_ws/install/custom_interfaces/share/custom_interfaces/cmake/export_custom_interfaces__rosidl_generator_cppExport.cmake
[1.847s] -- Up-to-date: /home/ros/docker_simulation_ws/install/custom_interfaces/share/custom_interfaces/cmake/export_custom_interfaces__rosidl_typesupport_fastrtps_cppExport.cmake
[1.847s] -- Up-to-date: /home/ros/docker_simulation_ws/install/custom_interfaces/share/custom_interfaces/cmake/export_custom_interfaces__rosidl_typesupport_fastrtps_cppExport-noconfig.cmake
[1.848s] -- Up-to-date: /home/ros/docker_simulation_ws/install/custom_interfaces/share/custom_interfaces/cmake/custom_interfaces__rosidl_typesupport_introspection_cExport.cmake
[1.849s] -- Up-to-date: /home/ros/docker_simulation_ws/install/custom_interfaces/share/custom_interfaces/cmake/custom_interfaces__rosidl_typesupport_introspection_cExport-noconfig.cmake
[1.850s] -- Up-to-date: /home/ros/docker_simulation_ws/install/custom_interfaces/share/custom_interfaces/cmake/custom_interfaces__rosidl_typesupport_cExport.cmake
[1.851s] -- Up-to-date: /home/ros/docker_simulation_ws/install/custom_interfaces/share/custom_interfaces/cmake/custom_interfaces__rosidl_typesupport_cExport-noconfig.cmake
[1.852s] -- Up-to-date: /home/ros/docker_simulation_ws/install/custom_interfaces/share/custom_interfaces/cmake/custom_interfaces__rosidl_typesupport_introspection_cppExport.cmake
[1.853s] -- Up-to-date: /home/ros/docker_simulation_ws/install/custom_interfaces/share/custom_interfaces/cmake/custom_interfaces__rosidl_typesupport_introspection_cppExport-noconfig.cmake
[1.853s] -- Up-to-date: /home/ros/docker_simulation_ws/install/custom_interfaces/share/custom_interfaces/cmake/custom_interfaces__rosidl_typesupport_cppExport.cmake
[1.853s] -- Up-to-date: /home/ros/docker_simulation_ws/install/custom_interfaces/share/custom_interfaces/cmake/custom_interfaces__rosidl_typesupport_cppExport-noconfig.cmake
[1.854s] -- Up-to-date: /home/ros/docker_simulation_ws/install/custom_interfaces/share/custom_interfaces/cmake/export_custom_interfaces__rosidl_generator_pyExport.cmake
[1.854s] -- Up-to-date: /home/ros/docker_simulation_ws/install/custom_interfaces/share/custom_interfaces/cmake/export_custom_interfaces__rosidl_generator_pyExport-noconfig.cmake
[1.861s] Invoked command in '/home/ros/docker_simulation_ws/build/custom_interfaces' returned '0': CMAKE_PREFIX_PATH=${CMAKE_PREFIX_PATH}:/home/ros/docker_simulation_ws/install/rlg_quad_controller:/home/ros/docker_simulation_ws/install/mulinex_ignition_py:/opt/ros/humble /usr/bin/cmake --install /home/ros/docker_simulation_ws/build/custom_interfaces
