[0.076s] Invoking command in '/home/ros/docker_simulation_ws/build/pi3hat_moteus_int_msgs': CMAKE_PREFIX_PATH=${CMAKE_PREFIX_PATH}:/home/ros/docker_simulation_ws/install/rlg_quad_controller:/home/ros/docker_simulation_ws/install/mulinex_ignition_py:/opt/ros/humble /usr/bin/cmake --build /home/ros/docker_simulation_ws/build/pi3hat_moteus_int_msgs -- -j12 -l12
[0.231s] [  1%] Built target pi3hat_moteus_int_msgs__cpp
[0.257s] [ 12%] Built target pi3hat_moteus_int_msgs__rosidl_generator_c
[0.278s] [ 12%] Built target ament_cmake_python_symlink_pi3hat_moteus_int_msgs
[0.362s] [ 23%] Built target pi3hat_moteus_int_msgs__rosidl_typesupport_introspection_cpp
[0.380s] [ 34%] Built target pi3hat_moteus_int_msgs__rosidl_typesupport_cpp
[0.382s] [ 46%] Built target pi3hat_moteus_int_msgs__rosidl_typesupport_fastrtps_cpp
[0.394s] [ 61%] Built target pi3hat_moteus_int_msgs__rosidl_typesupport_fastrtps_c
[0.395s] [ 68%] Built target pi3hat_moteus_int_msgs__rosidl_typesupport_c
[0.397s] [ 79%] Built target pi3hat_moteus_int_msgs__rosidl_typesupport_introspection_c
[0.451s] [ 79%] Built target pi3hat_moteus_int_msgs
[0.501s] [ 80%] Built target pi3hat_moteus_int_msgs__py
[0.572s] [ 90%] Built target pi3hat_moteus_int_msgs__rosidl_generator_py
[0.657s] [ 93%] Built target pi3hat_moteus_int_msgs__rosidl_typesupport_c__pyext
[0.662s] [ 96%] Built target pi3hat_moteus_int_msgs__rosidl_typesupport_fastrtps_c__pyext
[0.663s] [100%] Built target pi3hat_moteus_int_msgs__rosidl_typesupport_introspection_c__pyext
[0.981s] running egg_info
[0.984s] writing pi3hat_moteus_int_msgs.egg-info/PKG-INFO
[0.984s] writing dependency_links to pi3hat_moteus_int_msgs.egg-info/dependency_links.txt
[0.985s] writing top-level names to pi3hat_moteus_int_msgs.egg-info/top_level.txt
[0.989s] reading manifest file 'pi3hat_moteus_int_msgs.egg-info/SOURCES.txt'
[0.990s] writing manifest file 'pi3hat_moteus_int_msgs.egg-info/SOURCES.txt'
[1.063s] [100%] Built target ament_cmake_python_build_pi3hat_moteus_int_msgs_egg
[1.088s] Invoked command in '/home/ros/docker_simulation_ws/build/pi3hat_moteus_int_msgs' returned '0': CMAKE_PREFIX_PATH=${CMAKE_PREFIX_PATH}:/home/ros/docker_simulation_ws/install/rlg_quad_controller:/home/ros/docker_simulation_ws/install/mulinex_ignition_py:/opt/ros/humble /usr/bin/cmake --build /home/ros/docker_simulation_ws/build/pi3hat_moteus_int_msgs -- -j12 -l12
[1.094s] Invoking command in '/home/ros/docker_simulation_ws/build/pi3hat_moteus_int_msgs': CMAKE_PREFIX_PATH=${CMAKE_PREFIX_PATH}:/home/ros/docker_simulation_ws/install/rlg_quad_controller:/home/ros/docker_simulation_ws/install/mulinex_ignition_py:/opt/ros/humble /usr/bin/cmake --install /home/ros/docker_simulation_ws/build/pi3hat_moteus_int_msgs
[1.110s] -- Install configuration: ""
[1.111s] -- Execute custom install script
[1.112s] -- Up-to-date symlink: /home/ros/docker_simulation_ws/install/pi3hat_moteus_int_msgs/share/ament_index/resource_index/rosidl_interfaces/pi3hat_moteus_int_msgs
[1.113s] -- Up-to-date symlink: /home/ros/docker_simulation_ws/install/pi3hat_moteus_int_msgs/include/pi3hat_moteus_int_msgs/pi3hat_moteus_int_msgs/msg/detail/joints_command__functions.h
[1.114s] -- Up-to-date symlink: /home/ros/docker_simulation_ws/install/pi3hat_moteus_int_msgs/include/pi3hat_moteus_int_msgs/pi3hat_moteus_int_msgs/msg/detail/joints_command__struct.h
[1.114s] -- Up-to-date symlink: /home/ros/docker_simulation_ws/install/pi3hat_moteus_int_msgs/include/pi3hat_moteus_int_msgs/pi3hat_moteus_int_msgs/msg/detail/joints_command__type_support.h
[1.115s] -- Up-to-date symlink: /home/ros/docker_simulation_ws/install/pi3hat_moteus_int_msgs/include/pi3hat_moteus_int_msgs/pi3hat_moteus_int_msgs/msg/detail/joints_states__functions.h
[1.116s] -- Up-to-date symlink: /home/ros/docker_simulation_ws/install/pi3hat_moteus_int_msgs/include/pi3hat_moteus_int_msgs/pi3hat_moteus_int_msgs/msg/detail/joints_states__struct.h
[1.116s] -- Up-to-date symlink: /home/ros/docker_simulation_ws/install/pi3hat_moteus_int_msgs/include/pi3hat_moteus_int_msgs/pi3hat_moteus_int_msgs/msg/detail/joints_states__type_support.h
[1.116s] -- Up-to-date symlink: /home/ros/docker_simulation_ws/install/pi3hat_moteus_int_msgs/include/pi3hat_moteus_int_msgs/pi3hat_moteus_int_msgs/msg/detail/omni_mulinex_command__functions.h
[1.117s] -- Up-to-date symlink: /home/ros/docker_simulation_ws/install/pi3hat_moteus_int_msgs/include/pi3hat_moteus_int_msgs/pi3hat_moteus_int_msgs/msg/detail/omni_mulinex_command__struct.h
[1.118s] -- Up-to-date symlink: /home/ros/docker_simulation_ws/install/pi3hat_moteus_int_msgs/include/pi3hat_moteus_int_msgs/pi3hat_moteus_int_msgs/msg/detail/omni_mulinex_command__type_support.h
[1.118s] -- Up-to-date symlink: /home/ros/docker_simulation_ws/install/pi3hat_moteus_int_msgs/include/pi3hat_moteus_int_msgs/pi3hat_moteus_int_msgs/msg/detail/packet_pass__functions.h
[1.119s] -- Up-to-date symlink: /home/ros/docker_simulation_ws/install/pi3hat_moteus_int_msgs/include/pi3hat_moteus_int_msgs/pi3hat_moteus_int_msgs/msg/detail/packet_pass__struct.h
[1.120s] -- Up-to-date symlink: /home/ros/docker_simulation_ws/install/pi3hat_moteus_int_msgs/include/pi3hat_moteus_int_msgs/pi3hat_moteus_int_msgs/msg/detail/packet_pass__type_support.h
[1.121s] -- Up-to-date symlink: /home/ros/docker_simulation_ws/install/pi3hat_moteus_int_msgs/include/pi3hat_moteus_int_msgs/pi3hat_moteus_int_msgs/msg/detail/quad_foot_state__functions.h
[1.122s] -- Up-to-date symlink: /home/ros/docker_simulation_ws/install/pi3hat_moteus_int_msgs/include/pi3hat_moteus_int_msgs/pi3hat_moteus_int_msgs/msg/detail/quad_foot_state__struct.h
[1.122s] -- Up-to-date symlink: /home/ros/docker_simulation_ws/install/pi3hat_moteus_int_msgs/include/pi3hat_moteus_int_msgs/pi3hat_moteus_int_msgs/msg/detail/quad_foot_state__type_support.h
[1.123s] -- Up-to-date symlink: /home/ros/docker_simulation_ws/install/pi3hat_moteus_int_msgs/include/pi3hat_moteus_int_msgs/pi3hat_moteus_int_msgs/msg/joints_command.h
[1.123s] -- Up-to-date symlink: /home/ros/docker_simulation_ws/install/pi3hat_moteus_int_msgs/include/pi3hat_moteus_int_msgs/pi3hat_moteus_int_msgs/msg/joints_states.h
[1.124s] -- Up-to-date symlink: /home/ros/docker_simulation_ws/install/pi3hat_moteus_int_msgs/include/pi3hat_moteus_int_msgs/pi3hat_moteus_int_msgs/msg/omni_mulinex_command.h
[1.126s] -- Up-to-date symlink: /home/ros/docker_simulation_ws/install/pi3hat_moteus_int_msgs/include/pi3hat_moteus_int_msgs/pi3hat_moteus_int_msgs/msg/packet_pass.h
[1.126s] -- Up-to-date symlink: /home/ros/docker_simulation_ws/install/pi3hat_moteus_int_msgs/include/pi3hat_moteus_int_msgs/pi3hat_moteus_int_msgs/msg/quad_foot_state.h
[1.127s] -- Up-to-date symlink: /home/ros/docker_simulation_ws/install/pi3hat_moteus_int_msgs/include/pi3hat_moteus_int_msgs/pi3hat_moteus_int_msgs/msg/rosidl_generator_c__visibility_control.h
[1.127s] -- Up-to-date symlink: /home/ros/docker_simulation_ws/install/pi3hat_moteus_int_msgs/share/pi3hat_moteus_int_msgs/environment/library_path.sh
[1.129s] -- Up-to-date symlink: /home/ros/docker_simulation_ws/install/pi3hat_moteus_int_msgs/share/pi3hat_moteus_int_msgs/environment/library_path.dsv
[1.130s] -- Up-to-date symlink: /home/ros/docker_simulation_ws/install/pi3hat_moteus_int_msgs/include/pi3hat_moteus_int_msgs/pi3hat_moteus_int_msgs/msg/detail/joints_command__rosidl_typesupport_fastrtps_c.h
[1.130s] -- Up-to-date symlink: /home/ros/docker_simulation_ws/install/pi3hat_moteus_int_msgs/include/pi3hat_moteus_int_msgs/pi3hat_moteus_int_msgs/msg/detail/joints_states__rosidl_typesupport_fastrtps_c.h
[1.131s] -- Up-to-date symlink: /home/ros/docker_simulation_ws/install/pi3hat_moteus_int_msgs/include/pi3hat_moteus_int_msgs/pi3hat_moteus_int_msgs/msg/detail/omni_mulinex_command__rosidl_typesupport_fastrtps_c.h
[1.131s] -- Up-to-date symlink: /home/ros/docker_simulation_ws/install/pi3hat_moteus_int_msgs/include/pi3hat_moteus_int_msgs/pi3hat_moteus_int_msgs/msg/detail/packet_pass__rosidl_typesupport_fastrtps_c.h
[1.138s] -- Up-to-date symlink: /home/ros/docker_simulation_ws/install/pi3hat_moteus_int_msgs/include/pi3hat_moteus_int_msgs/pi3hat_moteus_int_msgs/msg/detail/quad_foot_state__rosidl_typesupport_fastrtps_c.h
[1.139s] -- Up-to-date symlink: /home/ros/docker_simulation_ws/install/pi3hat_moteus_int_msgs/include/pi3hat_moteus_int_msgs/pi3hat_moteus_int_msgs/msg/rosidl_typesupport_fastrtps_c__visibility_control.h
[1.142s] -- Up-to-date symlink: /home/ros/docker_simulation_ws/install/pi3hat_moteus_int_msgs/include/pi3hat_moteus_int_msgs/pi3hat_moteus_int_msgs/msg/detail/joints_command__builder.hpp
[1.142s] -- Up-to-date symlink: /home/ros/docker_simulation_ws/install/pi3hat_moteus_int_msgs/include/pi3hat_moteus_int_msgs/pi3hat_moteus_int_msgs/msg/detail/joints_command__struct.hpp
[1.143s] -- Up-to-date symlink: /home/ros/docker_simulation_ws/install/pi3hat_moteus_int_msgs/include/pi3hat_moteus_int_msgs/pi3hat_moteus_int_msgs/msg/detail/joints_command__traits.hpp
[1.144s] -- Up-to-date symlink: /home/ros/docker_simulation_ws/install/pi3hat_moteus_int_msgs/include/pi3hat_moteus_int_msgs/pi3hat_moteus_int_msgs/msg/detail/joints_command__type_support.hpp
[1.144s] -- Up-to-date symlink: /home/ros/docker_simulation_ws/install/pi3hat_moteus_int_msgs/include/pi3hat_moteus_int_msgs/pi3hat_moteus_int_msgs/msg/detail/joints_states__builder.hpp
[1.145s] -- Up-to-date symlink: /home/ros/docker_simulation_ws/install/pi3hat_moteus_int_msgs/include/pi3hat_moteus_int_msgs/pi3hat_moteus_int_msgs/msg/detail/joints_states__struct.hpp
[1.146s] -- Up-to-date symlink: /home/ros/docker_simulation_ws/install/pi3hat_moteus_int_msgs/include/pi3hat_moteus_int_msgs/pi3hat_moteus_int_msgs/msg/detail/joints_states__traits.hpp
[1.147s] -- Up-to-date symlink: /home/ros/docker_simulation_ws/install/pi3hat_moteus_int_msgs/include/pi3hat_moteus_int_msgs/pi3hat_moteus_int_msgs/msg/detail/joints_states__type_support.hpp
[1.148s] -- Up-to-date symlink: /home/ros/docker_simulation_ws/install/pi3hat_moteus_int_msgs/include/pi3hat_moteus_int_msgs/pi3hat_moteus_int_msgs/msg/detail/omni_mulinex_command__builder.hpp
[1.149s] -- Up-to-date symlink: /home/ros/docker_simulation_ws/install/pi3hat_moteus_int_msgs/include/pi3hat_moteus_int_msgs/pi3hat_moteus_int_msgs/msg/detail/omni_mulinex_command__struct.hpp
[1.149s] -- Up-to-date symlink: /home/ros/docker_simulation_ws/install/pi3hat_moteus_int_msgs/include/pi3hat_moteus_int_msgs/pi3hat_moteus_int_msgs/msg/detail/omni_mulinex_command__traits.hpp
[1.150s] -- Up-to-date symlink: /home/ros/docker_simulation_ws/install/pi3hat_moteus_int_msgs/include/pi3hat_moteus_int_msgs/pi3hat_moteus_int_msgs/msg/detail/omni_mulinex_command__type_support.hpp
[1.152s] -- Up-to-date symlink: /home/ros/docker_simulation_ws/install/pi3hat_moteus_int_msgs/include/pi3hat_moteus_int_msgs/pi3hat_moteus_int_msgs/msg/detail/packet_pass__builder.hpp
[1.162s] -- Up-to-date symlink: /home/ros/docker_simulation_ws/install/pi3hat_moteus_int_msgs/include/pi3hat_moteus_int_msgs/pi3hat_moteus_int_msgs/msg/detail/packet_pass__struct.hpp
[1.162s] -- Up-to-date symlink: /home/ros/docker_simulation_ws/install/pi3hat_moteus_int_msgs/include/pi3hat_moteus_int_msgs/pi3hat_moteus_int_msgs/msg/detail/packet_pass__traits.hpp
[1.163s] -- Up-to-date symlink: /home/ros/docker_simulation_ws/install/pi3hat_moteus_int_msgs/include/pi3hat_moteus_int_msgs/pi3hat_moteus_int_msgs/msg/detail/packet_pass__type_support.hpp
[1.163s] -- Up-to-date symlink: /home/ros/docker_simulation_ws/install/pi3hat_moteus_int_msgs/include/pi3hat_moteus_int_msgs/pi3hat_moteus_int_msgs/msg/detail/quad_foot_state__builder.hpp
[1.164s] -- Up-to-date symlink: /home/ros/docker_simulation_ws/install/pi3hat_moteus_int_msgs/include/pi3hat_moteus_int_msgs/pi3hat_moteus_int_msgs/msg/detail/quad_foot_state__struct.hpp
[1.164s] -- Up-to-date symlink: /home/ros/docker_simulation_ws/install/pi3hat_moteus_int_msgs/include/pi3hat_moteus_int_msgs/pi3hat_moteus_int_msgs/msg/detail/quad_foot_state__traits.hpp
[1.164s] -- Up-to-date symlink: /home/ros/docker_simulation_ws/install/pi3hat_moteus_int_msgs/include/pi3hat_moteus_int_msgs/pi3hat_moteus_int_msgs/msg/detail/quad_foot_state__type_support.hpp
[1.165s] -- Up-to-date symlink: /home/ros/docker_simulation_ws/install/pi3hat_moteus_int_msgs/include/pi3hat_moteus_int_msgs/pi3hat_moteus_int_msgs/msg/joints_command.hpp
[1.165s] -- Up-to-date symlink: /home/ros/docker_simulation_ws/install/pi3hat_moteus_int_msgs/include/pi3hat_moteus_int_msgs/pi3hat_moteus_int_msgs/msg/joints_states.hpp
[1.166s] -- Up-to-date symlink: /home/ros/docker_simulation_ws/install/pi3hat_moteus_int_msgs/include/pi3hat_moteus_int_msgs/pi3hat_moteus_int_msgs/msg/omni_mulinex_command.hpp
[1.166s] -- Up-to-date symlink: /home/ros/docker_simulation_ws/install/pi3hat_moteus_int_msgs/include/pi3hat_moteus_int_msgs/pi3hat_moteus_int_msgs/msg/packet_pass.hpp
[1.169s] -- Up-to-date symlink: /home/ros/docker_simulation_ws/install/pi3hat_moteus_int_msgs/include/pi3hat_moteus_int_msgs/pi3hat_moteus_int_msgs/msg/quad_foot_state.hpp
[1.170s] -- Up-to-date symlink: /home/ros/docker_simulation_ws/install/pi3hat_moteus_int_msgs/include/pi3hat_moteus_int_msgs/pi3hat_moteus_int_msgs/msg/rosidl_generator_cpp__visibility_control.hpp
[1.171s] -- Up-to-date symlink: /home/ros/docker_simulation_ws/install/pi3hat_moteus_int_msgs/include/pi3hat_moteus_int_msgs/pi3hat_moteus_int_msgs/msg/detail/joints_command__rosidl_typesupport_fastrtps_cpp.hpp
[1.174s] -- Up-to-date symlink: /home/ros/docker_simulation_ws/install/pi3hat_moteus_int_msgs/include/pi3hat_moteus_int_msgs/pi3hat_moteus_int_msgs/msg/detail/joints_states__rosidl_typesupport_fastrtps_cpp.hpp
[1.175s] -- Up-to-date symlink: /home/ros/docker_simulation_ws/install/pi3hat_moteus_int_msgs/include/pi3hat_moteus_int_msgs/pi3hat_moteus_int_msgs/msg/detail/omni_mulinex_command__rosidl_typesupport_fastrtps_cpp.hpp
[1.176s] -- Up-to-date symlink: /home/ros/docker_simulation_ws/install/pi3hat_moteus_int_msgs/include/pi3hat_moteus_int_msgs/pi3hat_moteus_int_msgs/msg/detail/packet_pass__rosidl_typesupport_fastrtps_cpp.hpp
[1.176s] -- Up-to-date symlink: /home/ros/docker_simulation_ws/install/pi3hat_moteus_int_msgs/include/pi3hat_moteus_int_msgs/pi3hat_moteus_int_msgs/msg/detail/quad_foot_state__rosidl_typesupport_fastrtps_cpp.hpp
[1.176s] -- Up-to-date symlink: /home/ros/docker_simulation_ws/install/pi3hat_moteus_int_msgs/include/pi3hat_moteus_int_msgs/pi3hat_moteus_int_msgs/msg/rosidl_typesupport_fastrtps_cpp__visibility_control.h
[1.177s] -- Up-to-date symlink: /home/ros/docker_simulation_ws/install/pi3hat_moteus_int_msgs/include/pi3hat_moteus_int_msgs/pi3hat_moteus_int_msgs/msg/detail/joints_command__rosidl_typesupport_introspection_c.h
[1.178s] -- Up-to-date symlink: /home/ros/docker_simulation_ws/install/pi3hat_moteus_int_msgs/include/pi3hat_moteus_int_msgs/pi3hat_moteus_int_msgs/msg/detail/joints_states__rosidl_typesupport_introspection_c.h
[1.179s] -- Up-to-date symlink: /home/ros/docker_simulation_ws/install/pi3hat_moteus_int_msgs/include/pi3hat_moteus_int_msgs/pi3hat_moteus_int_msgs/msg/detail/omni_mulinex_command__rosidl_typesupport_introspection_c.h
[1.185s] -- Up-to-date symlink: /home/ros/docker_simulation_ws/install/pi3hat_moteus_int_msgs/include/pi3hat_moteus_int_msgs/pi3hat_moteus_int_msgs/msg/detail/packet_pass__rosidl_typesupport_introspection_c.h
[1.186s] -- Up-to-date symlink: /home/ros/docker_simulation_ws/install/pi3hat_moteus_int_msgs/include/pi3hat_moteus_int_msgs/pi3hat_moteus_int_msgs/msg/detail/quad_foot_state__rosidl_typesupport_introspection_c.h
[1.187s] -- Up-to-date symlink: /home/ros/docker_simulation_ws/install/pi3hat_moteus_int_msgs/include/pi3hat_moteus_int_msgs/pi3hat_moteus_int_msgs/msg/rosidl_typesupport_introspection_c__visibility_control.h
[1.188s] -- Up-to-date symlink: /home/ros/docker_simulation_ws/install/pi3hat_moteus_int_msgs/include/pi3hat_moteus_int_msgs/pi3hat_moteus_int_msgs/msg/detail/joints_command__rosidl_typesupport_introspection_cpp.hpp
[1.188s] -- Up-to-date symlink: /home/ros/docker_simulation_ws/install/pi3hat_moteus_int_msgs/include/pi3hat_moteus_int_msgs/pi3hat_moteus_int_msgs/msg/detail/joints_states__rosidl_typesupport_introspection_cpp.hpp
[1.189s] -- Up-to-date symlink: /home/ros/docker_simulation_ws/install/pi3hat_moteus_int_msgs/include/pi3hat_moteus_int_msgs/pi3hat_moteus_int_msgs/msg/detail/omni_mulinex_command__rosidl_typesupport_introspection_cpp.hpp
[1.189s] -- Up-to-date symlink: /home/ros/docker_simulation_ws/install/pi3hat_moteus_int_msgs/include/pi3hat_moteus_int_msgs/pi3hat_moteus_int_msgs/msg/detail/packet_pass__rosidl_typesupport_introspection_cpp.hpp
[1.189s] -- Up-to-date symlink: /home/ros/docker_simulation_ws/install/pi3hat_moteus_int_msgs/include/pi3hat_moteus_int_msgs/pi3hat_moteus_int_msgs/msg/detail/quad_foot_state__rosidl_typesupport_introspection_cpp.hpp
[1.190s] -- Up-to-date symlink: /home/ros/docker_simulation_ws/install/pi3hat_moteus_int_msgs/share/pi3hat_moteus_int_msgs/environment/pythonpath.sh
[1.190s] -- Up-to-date symlink: /home/ros/docker_simulation_ws/install/pi3hat_moteus_int_msgs/share/pi3hat_moteus_int_msgs/environment/pythonpath.dsv
[1.192s] -- Up-to-date symlink: /home/ros/docker_simulation_ws/install/pi3hat_moteus_int_msgs/local/lib/python3.10/dist-packages/pi3hat_moteus_int_msgs-0.0.0-py3.10.egg-info/PKG-INFO
[1.192s] -- Up-to-date symlink: /home/ros/docker_simulation_ws/install/pi3hat_moteus_int_msgs/local/lib/python3.10/dist-packages/pi3hat_moteus_int_msgs-0.0.0-py3.10.egg-info/SOURCES.txt
[1.193s] -- Up-to-date symlink: /home/ros/docker_simulation_ws/install/pi3hat_moteus_int_msgs/local/lib/python3.10/dist-packages/pi3hat_moteus_int_msgs-0.0.0-py3.10.egg-info/dependency_links.txt
[1.193s] -- Up-to-date symlink: /home/ros/docker_simulation_ws/install/pi3hat_moteus_int_msgs/local/lib/python3.10/dist-packages/pi3hat_moteus_int_msgs-0.0.0-py3.10.egg-info/top_level.txt
[1.194s] -- Up-to-date symlink: /home/ros/docker_simulation_ws/install/pi3hat_moteus_int_msgs/local/lib/python3.10/dist-packages/pi3hat_moteus_int_msgs/__init__.py
[1.195s] -- Up-to-date symlink: /home/ros/docker_simulation_ws/install/pi3hat_moteus_int_msgs/local/lib/python3.10/dist-packages/pi3hat_moteus_int_msgs/_pi3hat_moteus_int_msgs_s.ep.rosidl_typesupport_c.c
[1.196s] -- Up-to-date symlink: /home/ros/docker_simulation_ws/install/pi3hat_moteus_int_msgs/local/lib/python3.10/dist-packages/pi3hat_moteus_int_msgs/_pi3hat_moteus_int_msgs_s.ep.rosidl_typesupport_fastrtps_c.c
[1.197s] -- Up-to-date symlink: /home/ros/docker_simulation_ws/install/pi3hat_moteus_int_msgs/local/lib/python3.10/dist-packages/pi3hat_moteus_int_msgs/_pi3hat_moteus_int_msgs_s.ep.rosidl_typesupport_introspection_c.c
[1.197s] -- Up-to-date symlink: /home/ros/docker_simulation_ws/install/pi3hat_moteus_int_msgs/local/lib/python3.10/dist-packages/pi3hat_moteus_int_msgs/libpi3hat_moteus_int_msgs__rosidl_generator_py.so
[1.198s] -- Up-to-date symlink: /home/ros/docker_simulation_ws/install/pi3hat_moteus_int_msgs/local/lib/python3.10/dist-packages/pi3hat_moteus_int_msgs/msg/__init__.py
[1.198s] -- Up-to-date symlink: /home/ros/docker_simulation_ws/install/pi3hat_moteus_int_msgs/local/lib/python3.10/dist-packages/pi3hat_moteus_int_msgs/msg/_joints_command.py
[1.199s] -- Up-to-date symlink: /home/ros/docker_simulation_ws/install/pi3hat_moteus_int_msgs/local/lib/python3.10/dist-packages/pi3hat_moteus_int_msgs/msg/_joints_command_s.c
[1.200s] -- Up-to-date symlink: /home/ros/docker_simulation_ws/install/pi3hat_moteus_int_msgs/local/lib/python3.10/dist-packages/pi3hat_moteus_int_msgs/msg/_joints_states.py
[1.200s] -- Up-to-date symlink: /home/ros/docker_simulation_ws/install/pi3hat_moteus_int_msgs/local/lib/python3.10/dist-packages/pi3hat_moteus_int_msgs/msg/_joints_states_s.c
[1.201s] -- Up-to-date symlink: /home/ros/docker_simulation_ws/install/pi3hat_moteus_int_msgs/local/lib/python3.10/dist-packages/pi3hat_moteus_int_msgs/msg/_omni_mulinex_command.py
[1.201s] -- Up-to-date symlink: /home/ros/docker_simulation_ws/install/pi3hat_moteus_int_msgs/local/lib/python3.10/dist-packages/pi3hat_moteus_int_msgs/msg/_omni_mulinex_command_s.c
[1.202s] -- Up-to-date symlink: /home/ros/docker_simulation_ws/install/pi3hat_moteus_int_msgs/local/lib/python3.10/dist-packages/pi3hat_moteus_int_msgs/msg/_packet_pass.py
[1.202s] -- Up-to-date symlink: /home/ros/docker_simulation_ws/install/pi3hat_moteus_int_msgs/local/lib/python3.10/dist-packages/pi3hat_moteus_int_msgs/msg/_packet_pass_s.c
[1.203s] -- Up-to-date symlink: /home/ros/docker_simulation_ws/install/pi3hat_moteus_int_msgs/local/lib/python3.10/dist-packages/pi3hat_moteus_int_msgs/msg/_quad_foot_state.py
[1.203s] -- Up-to-date symlink: /home/ros/docker_simulation_ws/install/pi3hat_moteus_int_msgs/local/lib/python3.10/dist-packages/pi3hat_moteus_int_msgs/msg/_quad_foot_state_s.c
[1.204s] -- Up-to-date symlink: /home/ros/docker_simulation_ws/install/pi3hat_moteus_int_msgs/local/lib/python3.10/dist-packages/pi3hat_moteus_int_msgs/pi3hat_moteus_int_msgs_s__rosidl_typesupport_c.cpython-310-x86_64-linux-gnu.so
[1.204s] -- Up-to-date symlink: /home/ros/docker_simulation_ws/install/pi3hat_moteus_int_msgs/local/lib/python3.10/dist-packages/pi3hat_moteus_int_msgs/pi3hat_moteus_int_msgs_s__rosidl_typesupport_fastrtps_c.cpython-310-x86_64-linux-gnu.so
[1.205s] -- Up-to-date symlink: /home/ros/docker_simulation_ws/install/pi3hat_moteus_int_msgs/local/lib/python3.10/dist-packages/pi3hat_moteus_int_msgs/pi3hat_moteus_int_msgs_s__rosidl_typesupport_introspection_c.cpython-310-x86_64-linux-gnu.so
[1.205s] -- Up-to-date symlink: /home/ros/docker_simulation_ws/install/pi3hat_moteus_int_msgs/local/lib/python3.10/dist-packages/pi3hat_moteus_int_msgs/pi3hat_moteus_int_msgs_s__rosidl_typesupport_fastrtps_c.cpython-310-x86_64-linux-gnu.so
[1.206s] -- Up-to-date symlink: /home/ros/docker_simulation_ws/install/pi3hat_moteus_int_msgs/local/lib/python3.10/dist-packages/pi3hat_moteus_int_msgs/pi3hat_moteus_int_msgs_s__rosidl_typesupport_introspection_c.cpython-310-x86_64-linux-gnu.so
[1.207s] -- Up-to-date symlink: /home/ros/docker_simulation_ws/install/pi3hat_moteus_int_msgs/local/lib/python3.10/dist-packages/pi3hat_moteus_int_msgs/pi3hat_moteus_int_msgs_s__rosidl_typesupport_c.cpython-310-x86_64-linux-gnu.so
[1.207s] -- Up-to-date symlink: /home/ros/docker_simulation_ws/install/pi3hat_moteus_int_msgs/share/pi3hat_moteus_int_msgs/msg/PacketPass.idl
[1.208s] -- Up-to-date symlink: /home/ros/docker_simulation_ws/install/pi3hat_moteus_int_msgs/share/pi3hat_moteus_int_msgs/msg/JointsStates.idl
[1.208s] -- Up-to-date symlink: /home/ros/docker_simulation_ws/install/pi3hat_moteus_int_msgs/share/pi3hat_moteus_int_msgs/msg/JointsCommand.idl
[1.208s] -- Up-to-date symlink: /home/ros/docker_simulation_ws/install/pi3hat_moteus_int_msgs/share/pi3hat_moteus_int_msgs/msg/OmniMulinexCommand.idl
[1.208s] -- Up-to-date symlink: /home/ros/docker_simulation_ws/install/pi3hat_moteus_int_msgs/share/pi3hat_moteus_int_msgs/msg/QuadFootState.idl
[1.209s] -- Up-to-date symlink: /home/ros/docker_simulation_ws/install/pi3hat_moteus_int_msgs/share/pi3hat_moteus_int_msgs/msg/PacketPass.msg
[1.209s] -- Up-to-date symlink: /home/ros/docker_simulation_ws/install/pi3hat_moteus_int_msgs/share/pi3hat_moteus_int_msgs/msg/JointsStates.msg
[1.209s] -- Up-to-date symlink: /home/ros/docker_simulation_ws/install/pi3hat_moteus_int_msgs/share/pi3hat_moteus_int_msgs/msg/JointsCommand.msg
[1.209s] -- Up-to-date symlink: /home/ros/docker_simulation_ws/install/pi3hat_moteus_int_msgs/share/pi3hat_moteus_int_msgs/msg/OmniMulinexCommand.msg
[1.210s] -- Up-to-date symlink: /home/ros/docker_simulation_ws/install/pi3hat_moteus_int_msgs/share/pi3hat_moteus_int_msgs/msg/QuadFootState.msg
[1.210s] -- Up-to-date symlink: /home/ros/docker_simulation_ws/install/pi3hat_moteus_int_msgs/share/ament_index/resource_index/package_run_dependencies/pi3hat_moteus_int_msgs
[1.210s] -- Up-to-date symlink: /home/ros/docker_simulation_ws/install/pi3hat_moteus_int_msgs/share/ament_index/resource_index/parent_prefix_path/pi3hat_moteus_int_msgs
[1.210s] -- Up-to-date symlink: /home/ros/docker_simulation_ws/install/pi3hat_moteus_int_msgs/share/pi3hat_moteus_int_msgs/environment/ament_prefix_path.sh
[1.211s] -- Up-to-date symlink: /home/ros/docker_simulation_ws/install/pi3hat_moteus_int_msgs/share/pi3hat_moteus_int_msgs/environment/ament_prefix_path.dsv
[1.211s] -- Up-to-date symlink: /home/ros/docker_simulation_ws/install/pi3hat_moteus_int_msgs/share/pi3hat_moteus_int_msgs/environment/path.sh
[1.211s] -- Up-to-date symlink: /home/ros/docker_simulation_ws/install/pi3hat_moteus_int_msgs/share/pi3hat_moteus_int_msgs/environment/path.dsv
[1.212s] -- Up-to-date symlink: /home/ros/docker_simulation_ws/install/pi3hat_moteus_int_msgs/share/pi3hat_moteus_int_msgs/local_setup.bash
[1.212s] -- Up-to-date symlink: /home/ros/docker_simulation_ws/install/pi3hat_moteus_int_msgs/share/pi3hat_moteus_int_msgs/local_setup.sh
[1.213s] -- Up-to-date symlink: /home/ros/docker_simulation_ws/install/pi3hat_moteus_int_msgs/share/pi3hat_moteus_int_msgs/local_setup.zsh
[1.214s] -- Up-to-date symlink: /home/ros/docker_simulation_ws/install/pi3hat_moteus_int_msgs/share/pi3hat_moteus_int_msgs/local_setup.dsv
[1.214s] -- Symlinking: /home/ros/docker_simulation_ws/install/pi3hat_moteus_int_msgs/share/pi3hat_moteus_int_msgs/package.dsv
[1.227s] -- Up-to-date symlink: /home/ros/docker_simulation_ws/install/pi3hat_moteus_int_msgs/share/ament_index/resource_index/packages/pi3hat_moteus_int_msgs
[1.227s] -- Up-to-date symlink: /home/ros/docker_simulation_ws/install/pi3hat_moteus_int_msgs/share/pi3hat_moteus_int_msgs/cmake/rosidl_cmake-extras.cmake
[1.228s] -- Up-to-date symlink: /home/ros/docker_simulation_ws/install/pi3hat_moteus_int_msgs/share/pi3hat_moteus_int_msgs/cmake/ament_cmake_export_dependencies-extras.cmake
[1.229s] -- Up-to-date symlink: /home/ros/docker_simulation_ws/install/pi3hat_moteus_int_msgs/share/pi3hat_moteus_int_msgs/cmake/ament_cmake_export_include_directories-extras.cmake
[1.229s] -- Up-to-date symlink: /home/ros/docker_simulation_ws/install/pi3hat_moteus_int_msgs/share/pi3hat_moteus_int_msgs/cmake/ament_cmake_export_libraries-extras.cmake
[1.230s] -- Up-to-date symlink: /home/ros/docker_simulation_ws/install/pi3hat_moteus_int_msgs/share/pi3hat_moteus_int_msgs/cmake/ament_cmake_export_targets-extras.cmake
[1.231s] -- Up-to-date symlink: /home/ros/docker_simulation_ws/install/pi3hat_moteus_int_msgs/share/pi3hat_moteus_int_msgs/cmake/rosidl_cmake_export_typesupport_targets-extras.cmake
[1.232s] -- Up-to-date symlink: /home/ros/docker_simulation_ws/install/pi3hat_moteus_int_msgs/share/pi3hat_moteus_int_msgs/cmake/rosidl_cmake_export_typesupport_libraries-extras.cmake
[1.232s] -- Up-to-date symlink: /home/ros/docker_simulation_ws/install/pi3hat_moteus_int_msgs/share/pi3hat_moteus_int_msgs/cmake/pi3hat_moteus_int_msgsConfig.cmake
[1.233s] -- Up-to-date symlink: /home/ros/docker_simulation_ws/install/pi3hat_moteus_int_msgs/share/pi3hat_moteus_int_msgs/cmake/pi3hat_moteus_int_msgsConfig-version.cmake
[1.234s] -- Up-to-date symlink: /home/ros/docker_simulation_ws/install/pi3hat_moteus_int_msgs/share/pi3hat_moteus_int_msgs/package.xml
[1.234s] -- Up-to-date: /home/ros/docker_simulation_ws/install/pi3hat_moteus_int_msgs/lib/libpi3hat_moteus_int_msgs__rosidl_generator_c.so
[1.234s] -- Up-to-date: /home/ros/docker_simulation_ws/install/pi3hat_moteus_int_msgs/lib/libpi3hat_moteus_int_msgs__rosidl_typesupport_fastrtps_c.so
[1.235s] -- Up-to-date: /home/ros/docker_simulation_ws/install/pi3hat_moteus_int_msgs/lib/libpi3hat_moteus_int_msgs__rosidl_typesupport_fastrtps_cpp.so
[1.235s] -- Up-to-date: /home/ros/docker_simulation_ws/install/pi3hat_moteus_int_msgs/lib/libpi3hat_moteus_int_msgs__rosidl_typesupport_introspection_c.so
[1.235s] -- Up-to-date: /home/ros/docker_simulation_ws/install/pi3hat_moteus_int_msgs/lib/libpi3hat_moteus_int_msgs__rosidl_typesupport_c.so
[1.236s] -- Up-to-date: /home/ros/docker_simulation_ws/install/pi3hat_moteus_int_msgs/lib/libpi3hat_moteus_int_msgs__rosidl_typesupport_introspection_cpp.so
[1.236s] -- Up-to-date: /home/ros/docker_simulation_ws/install/pi3hat_moteus_int_msgs/lib/libpi3hat_moteus_int_msgs__rosidl_typesupport_cpp.so
[1.401s] Listing '/home/ros/docker_simulation_ws/install/pi3hat_moteus_int_msgs/local/lib/python3.10/dist-packages/pi3hat_moteus_int_msgs'...
[1.401s] Listing '/home/ros/docker_simulation_ws/install/pi3hat_moteus_int_msgs/local/lib/python3.10/dist-packages/pi3hat_moteus_int_msgs/msg'...
[1.412s] -- Up-to-date: /home/ros/docker_simulation_ws/install/pi3hat_moteus_int_msgs/lib/libpi3hat_moteus_int_msgs__rosidl_generator_py.so
[1.412s] -- Up-to-date: /home/ros/docker_simulation_ws/install/pi3hat_moteus_int_msgs/share/pi3hat_moteus_int_msgs/cmake/export_pi3hat_moteus_int_msgs__rosidl_generator_cExport.cmake
[1.413s] -- Up-to-date: /home/ros/docker_simulation_ws/install/pi3hat_moteus_int_msgs/share/pi3hat_moteus_int_msgs/cmake/export_pi3hat_moteus_int_msgs__rosidl_generator_cExport-noconfig.cmake
[1.414s] -- Up-to-date: /home/ros/docker_simulation_ws/install/pi3hat_moteus_int_msgs/share/pi3hat_moteus_int_msgs/cmake/export_pi3hat_moteus_int_msgs__rosidl_typesupport_fastrtps_cExport.cmake
[1.415s] -- Up-to-date: /home/ros/docker_simulation_ws/install/pi3hat_moteus_int_msgs/share/pi3hat_moteus_int_msgs/cmake/export_pi3hat_moteus_int_msgs__rosidl_typesupport_fastrtps_cExport-noconfig.cmake
[1.415s] -- Up-to-date: /home/ros/docker_simulation_ws/install/pi3hat_moteus_int_msgs/share/pi3hat_moteus_int_msgs/cmake/export_pi3hat_moteus_int_msgs__rosidl_generator_cppExport.cmake
[1.416s] -- Up-to-date: /home/ros/docker_simulation_ws/install/pi3hat_moteus_int_msgs/share/pi3hat_moteus_int_msgs/cmake/export_pi3hat_moteus_int_msgs__rosidl_typesupport_fastrtps_cppExport.cmake
[1.416s] -- Up-to-date: /home/ros/docker_simulation_ws/install/pi3hat_moteus_int_msgs/share/pi3hat_moteus_int_msgs/cmake/export_pi3hat_moteus_int_msgs__rosidl_typesupport_fastrtps_cppExport-noconfig.cmake
[1.417s] -- Up-to-date: /home/ros/docker_simulation_ws/install/pi3hat_moteus_int_msgs/share/pi3hat_moteus_int_msgs/cmake/pi3hat_moteus_int_msgs__rosidl_typesupport_introspection_cExport.cmake
[1.417s] -- Up-to-date: /home/ros/docker_simulation_ws/install/pi3hat_moteus_int_msgs/share/pi3hat_moteus_int_msgs/cmake/pi3hat_moteus_int_msgs__rosidl_typesupport_introspection_cExport-noconfig.cmake
[1.418s] -- Up-to-date: /home/ros/docker_simulation_ws/install/pi3hat_moteus_int_msgs/share/pi3hat_moteus_int_msgs/cmake/pi3hat_moteus_int_msgs__rosidl_typesupport_cExport.cmake
[1.418s] -- Up-to-date: /home/ros/docker_simulation_ws/install/pi3hat_moteus_int_msgs/share/pi3hat_moteus_int_msgs/cmake/pi3hat_moteus_int_msgs__rosidl_typesupport_cExport-noconfig.cmake
[1.419s] -- Up-to-date: /home/ros/docker_simulation_ws/install/pi3hat_moteus_int_msgs/share/pi3hat_moteus_int_msgs/cmake/pi3hat_moteus_int_msgs__rosidl_typesupport_introspection_cppExport.cmake
[1.420s] -- Up-to-date: /home/ros/docker_simulation_ws/install/pi3hat_moteus_int_msgs/share/pi3hat_moteus_int_msgs/cmake/pi3hat_moteus_int_msgs__rosidl_typesupport_introspection_cppExport-noconfig.cmake
[1.421s] -- Up-to-date: /home/ros/docker_simulation_ws/install/pi3hat_moteus_int_msgs/share/pi3hat_moteus_int_msgs/cmake/pi3hat_moteus_int_msgs__rosidl_typesupport_cppExport.cmake
[1.421s] -- Up-to-date: /home/ros/docker_simulation_ws/install/pi3hat_moteus_int_msgs/share/pi3hat_moteus_int_msgs/cmake/pi3hat_moteus_int_msgs__rosidl_typesupport_cppExport-noconfig.cmake
[1.421s] -- Up-to-date: /home/ros/docker_simulation_ws/install/pi3hat_moteus_int_msgs/share/pi3hat_moteus_int_msgs/cmake/export_pi3hat_moteus_int_msgs__rosidl_generator_pyExport.cmake
[1.422s] -- Up-to-date: /home/ros/docker_simulation_ws/install/pi3hat_moteus_int_msgs/share/pi3hat_moteus_int_msgs/cmake/export_pi3hat_moteus_int_msgs__rosidl_generator_pyExport-noconfig.cmake
[1.494s] Invoked command in '/home/ros/docker_simulation_ws/build/pi3hat_moteus_int_msgs' returned '0': CMAKE_PREFIX_PATH=${CMAKE_PREFIX_PATH}:/home/ros/docker_simulation_ws/install/rlg_quad_controller:/home/ros/docker_simulation_ws/install/mulinex_ignition_py:/opt/ros/humble /usr/bin/cmake --install /home/ros/docker_simulation_ws/build/pi3hat_moteus_int_msgs
