[0.070s] Invoking command in '/home/ros/docker_simulation_ws/build/mulinex_description': CMAKE_PREFIX_PATH=${CMAKE_PREFIX_PATH}:/home/ros/docker_simulation_ws/install/rlg_quad_controller:/home/ros/docker_simulation_ws/install/mulinex_ignition_py:/opt/ros/humble /usr/bin/cmake --build /home/ros/docker_simulation_ws/build/mulinex_description -- -j12 -l12
[0.843s] Invoked command in '/home/ros/docker_simulation_ws/build/mulinex_description' returned '0': CMAKE_PREFIX_PATH=${CMAKE_PREFIX_PATH}:/home/ros/docker_simulation_ws/install/rlg_quad_controller:/home/ros/docker_simulation_ws/install/mulinex_ignition_py:/opt/ros/humble /usr/bin/cmake --build /home/ros/docker_simulation_ws/build/mulinex_description -- -j12 -l12
[0.864s] Invoking command in '/home/ros/docker_simulation_ws/build/mulinex_description': CMAKE_PREFIX_PATH=${CMAKE_PREFIX_PATH}:/home/ros/docker_simulation_ws/install/rlg_quad_controller:/home/ros/docker_simulation_ws/install/mulinex_ignition_py:/opt/ros/humble /usr/bin/cmake --install /home/ros/docker_simulation_ws/build/mulinex_description
[0.876s] -- Install configuration: ""
[0.877s] -- Execute custom install script
[0.879s] -- Up-to-date symlink: /home/ros/docker_simulation_ws/install/mulinex_description/share/mulinex_description/urdf/base_inertia.xacro
[0.879s] -- Up-to-date symlink: /home/ros/docker_simulation_ws/install/mulinex_description/share/mulinex_description/urdf/camera_sensor.xacro
[0.880s] -- Up-to-date symlink: /home/ros/docker_simulation_ws/install/mulinex_description/share/mulinex_description/urdf/hip_module.xacro
[0.880s] -- Up-to-date symlink: /home/ros/docker_simulation_ws/install/mulinex_description/share/mulinex_description/urdf/imu_sensor.xacro
[0.880s] -- Up-to-date symlink: /home/ros/docker_simulation_ws/install/mulinex_description/share/mulinex_description/urdf/leg.xacro
[0.881s] -- Up-to-date symlink: /home/ros/docker_simulation_ws/install/mulinex_description/share/mulinex_description/urdf/lidar_sensor.xacro
[0.881s] -- Up-to-date symlink: /home/ros/docker_simulation_ws/install/mulinex_description/share/mulinex_description/urdf/links.xacro
[0.882s] -- Up-to-date symlink: /home/ros/docker_simulation_ws/install/mulinex_description/share/mulinex_description/urdf/material.xacro
[0.882s] -- Up-to-date symlink: /home/ros/docker_simulation_ws/install/mulinex_description/share/mulinex_description/urdf/mul_hw_ign.xacro
[0.883s] -- Up-to-date symlink: /home/ros/docker_simulation_ws/install/mulinex_description/share/mulinex_description/urdf/mul_ignition.xacro
[0.884s] -- Up-to-date symlink: /home/ros/docker_simulation_ws/install/mulinex_description/share/mulinex_description/urdf/mulinex.xacro
[0.884s] -- Up-to-date symlink: /home/ros/docker_simulation_ws/install/mulinex_description/share/mulinex_description/urdf/omni_car_module.xacro
[0.885s] -- Up-to-date symlink: /home/ros/docker_simulation_ws/install/mulinex_description/share/mulinex_description/urdf/omnicar.xacro
[0.885s] -- Up-to-date symlink: /home/ros/docker_simulation_ws/install/mulinex_description/share/mulinex_description/urdf/omnicar_gazebo.xacro
[0.886s] -- Up-to-date symlink: /home/ros/docker_simulation_ws/install/mulinex_description/share/mulinex_description/urdf/omnicar_ignition.xacro
[0.886s] -- Up-to-date symlink: /home/ros/docker_simulation_ws/install/mulinex_description/share/mulinex_description/urdf/track.xacro
[0.887s] -- Up-to-date symlink: /home/ros/docker_simulation_ws/install/mulinex_description/share/mulinex_description/urdf/traquad.xacro
[0.888s] -- Up-to-date symlink: /home/ros/docker_simulation_ws/install/mulinex_description/share/mulinex_description/urdf/traquad_hw_ign.xacro
[0.889s] -- Up-to-date symlink: /home/ros/docker_simulation_ws/install/mulinex_description/share/mulinex_description/urdf/wheel.xacro
[0.889s] -- Up-to-date symlink: /home/ros/docker_simulation_ws/install/mulinex_description/share/mulinex_description/launch/display_mulinex.launch.py
[0.889s] -- Up-to-date symlink: /home/ros/docker_simulation_ws/install/mulinex_description/share/mulinex_description/launch/gazebo_mulinex.launch.py
[0.890s] -- Up-to-date symlink: /home/ros/docker_simulation_ws/install/mulinex_description/share/mulinex_description/meshes/Body.stl
[0.891s] -- Up-to-date symlink: /home/ros/docker_simulation_ws/install/mulinex_description/share/mulinex_description/meshes/Lower_leg_left.stl
[0.891s] -- Up-to-date symlink: /home/ros/docker_simulation_ws/install/mulinex_description/share/mulinex_description/meshes/Lower_leg_right.stl
[0.892s] -- Up-to-date symlink: /home/ros/docker_simulation_ws/install/mulinex_description/share/mulinex_description/meshes/Module_2_left.stl
[0.892s] -- Up-to-date symlink: /home/ros/docker_simulation_ws/install/mulinex_description/share/mulinex_description/meshes/Module_2_right.stl
[0.893s] -- Up-to-date symlink: /home/ros/docker_simulation_ws/install/mulinex_description/share/mulinex_description/meshes/Module_left_front.stl
[0.893s] -- Up-to-date symlink: /home/ros/docker_simulation_ws/install/mulinex_description/share/mulinex_description/meshes/Module_left_hind.stl
[0.894s] -- Up-to-date symlink: /home/ros/docker_simulation_ws/install/mulinex_description/share/mulinex_description/meshes/Module_right_front.stl
[0.894s] -- Up-to-date symlink: /home/ros/docker_simulation_ws/install/mulinex_description/share/mulinex_description/meshes/Module_right_hind.stl
[0.894s] -- Up-to-date symlink: /home/ros/docker_simulation_ws/install/mulinex_description/share/mulinex_description/meshes/body_left.stl
[0.895s] -- Up-to-date symlink: /home/ros/docker_simulation_ws/install/mulinex_description/share/mulinex_description/meshes/body_right.stl
[0.895s] -- Up-to-date symlink: /home/ros/docker_simulation_ws/install/mulinex_description/share/mulinex_description/meshes/goat_lower_foot_LF.STL
[0.895s] -- Up-to-date symlink: /home/ros/docker_simulation_ws/install/mulinex_description/share/mulinex_description/meshes/goat_lower_foot_LH.STL
[0.895s] -- Up-to-date symlink: /home/ros/docker_simulation_ws/install/mulinex_description/share/mulinex_description/meshes/goat_lower_foot_RF.STL
[0.896s] -- Up-to-date symlink: /home/ros/docker_simulation_ws/install/mulinex_description/share/mulinex_description/meshes/goat_lower_foot_RH.STL
[0.896s] -- Up-to-date symlink: /home/ros/docker_simulation_ws/install/mulinex_description/share/mulinex_description/meshes/goat_lower_leg_LF.STL
[0.897s] -- Up-to-date symlink: /home/ros/docker_simulation_ws/install/mulinex_description/share/mulinex_description/meshes/goat_lower_leg_LH.STL
[0.897s] -- Up-to-date symlink: /home/ros/docker_simulation_ws/install/mulinex_description/share/mulinex_description/meshes/goat_lower_leg_RF.STL
[0.897s] -- Up-to-date symlink: /home/ros/docker_simulation_ws/install/mulinex_description/share/mulinex_description/meshes/goat_lower_leg_RH.STL
[0.898s] -- Up-to-date symlink: /home/ros/docker_simulation_ws/install/mulinex_description/share/mulinex_description/meshes/goat_upper_foot_LF.STL
[0.898s] -- Up-to-date symlink: /home/ros/docker_simulation_ws/install/mulinex_description/share/mulinex_description/meshes/goat_upper_foot_LH.STL
[0.898s] -- Up-to-date symlink: /home/ros/docker_simulation_ws/install/mulinex_description/share/mulinex_description/meshes/goat_upper_foot_RF.STL
[0.899s] -- Up-to-date symlink: /home/ros/docker_simulation_ws/install/mulinex_description/share/mulinex_description/meshes/goat_upper_foot_RH.STL
[0.899s] -- Up-to-date symlink: /home/ros/docker_simulation_ws/install/mulinex_description/share/mulinex_description/meshes/mecanum_wheel_lf.STL
[0.900s] -- Up-to-date symlink: /home/ros/docker_simulation_ws/install/mulinex_description/share/mulinex_description/meshes/mecanum_wheel_lh.STL
[0.901s] -- Up-to-date symlink: /home/ros/docker_simulation_ws/install/mulinex_description/share/mulinex_description/meshes/mecanum_wheel_rf.STL
[0.901s] -- Up-to-date symlink: /home/ros/docker_simulation_ws/install/mulinex_description/share/mulinex_description/meshes/mecanum_wheel_rh.STL
[0.901s] -- Up-to-date symlink: /home/ros/docker_simulation_ws/install/mulinex_description/share/mulinex_description/meshes/old_Body.stl
[0.902s] -- Up-to-date symlink: /home/ros/docker_simulation_ws/install/mulinex_description/share/mulinex_description/meshes/old_Lower_leg_left.stl
[0.902s] -- Up-to-date symlink: /home/ros/docker_simulation_ws/install/mulinex_description/share/mulinex_description/meshes/old_Lower_leg_right.stl
[0.902s] -- Up-to-date symlink: /home/ros/docker_simulation_ws/install/mulinex_description/share/mulinex_description/meshes/old_Module_2_left.stl
[0.903s] -- Up-to-date symlink: /home/ros/docker_simulation_ws/install/mulinex_description/share/mulinex_description/meshes/old_Module_2_right.stl
[0.904s] -- Up-to-date symlink: /home/ros/docker_simulation_ws/install/mulinex_description/share/mulinex_description/meshes/old_Module_left_front.stl
[0.904s] -- Up-to-date symlink: /home/ros/docker_simulation_ws/install/mulinex_description/share/mulinex_description/meshes/old_Module_left_hind.stl
[0.905s] -- Up-to-date symlink: /home/ros/docker_simulation_ws/install/mulinex_description/share/mulinex_description/meshes/old_Module_right_front.stl
[0.905s] -- Up-to-date symlink: /home/ros/docker_simulation_ws/install/mulinex_description/share/mulinex_description/meshes/old_Module_right_hind.stl
[0.906s] -- Up-to-date symlink: /home/ros/docker_simulation_ws/install/mulinex_description/share/mulinex_description/meshes/omni_lower_leg_LF.STL
[0.906s] -- Up-to-date symlink: /home/ros/docker_simulation_ws/install/mulinex_description/share/mulinex_description/meshes/omni_lower_leg_LH.STL
[0.906s] -- Up-to-date symlink: /home/ros/docker_simulation_ws/install/mulinex_description/share/mulinex_description/meshes/omni_lower_leg_RF.STL
[0.907s] -- Up-to-date symlink: /home/ros/docker_simulation_ws/install/mulinex_description/share/mulinex_description/meshes/omni_lower_leg_RH.STL
[0.908s] -- Up-to-date symlink: /home/ros/docker_simulation_ws/install/mulinex_description/share/mulinex_description/meshes/roller_1.STL
[0.908s] -- Up-to-date symlink: /home/ros/docker_simulation_ws/install/mulinex_description/share/mulinex_description/meshes/simplify_meshes.py
[0.909s] -- Up-to-date symlink: /home/ros/docker_simulation_ws/install/mulinex_description/share/mulinex_description/meshes/wheel.stl
[0.909s] -- Up-to-date symlink: /home/ros/docker_simulation_ws/install/mulinex_description/share/mulinex_description/rviz/config.rviz
[0.909s] -- Up-to-date symlink: /home/ros/docker_simulation_ws/install/mulinex_description/share/mulinex_description/world/empty.world
[0.910s] -- Up-to-date symlink: /home/ros/docker_simulation_ws/install/mulinex_description/share/mulinex_description/world/gap.world
[0.910s] -- Up-to-date symlink: /home/ros/docker_simulation_ws/install/mulinex_description/share/mulinex_description/world/obs_down.world
[0.911s] -- Up-to-date symlink: /home/ros/docker_simulation_ws/install/mulinex_description/share/mulinex_description/world/obs_up.world
[0.912s] -- Up-to-date symlink: /home/ros/docker_simulation_ws/install/mulinex_description/share/ament_index/resource_index/package_run_dependencies/mulinex_description
[0.912s] -- Up-to-date symlink: /home/ros/docker_simulation_ws/install/mulinex_description/share/ament_index/resource_index/parent_prefix_path/mulinex_description
[0.912s] -- Up-to-date symlink: /home/ros/docker_simulation_ws/install/mulinex_description/share/mulinex_description/environment/ament_prefix_path.sh
[0.913s] -- Up-to-date symlink: /home/ros/docker_simulation_ws/install/mulinex_description/share/mulinex_description/environment/ament_prefix_path.dsv
[0.913s] -- Up-to-date symlink: /home/ros/docker_simulation_ws/install/mulinex_description/share/mulinex_description/environment/path.sh
[0.913s] -- Up-to-date symlink: /home/ros/docker_simulation_ws/install/mulinex_description/share/mulinex_description/environment/path.dsv
[0.913s] -- Up-to-date symlink: /home/ros/docker_simulation_ws/install/mulinex_description/share/mulinex_description/local_setup.bash
[0.913s] -- Up-to-date symlink: /home/ros/docker_simulation_ws/install/mulinex_description/share/mulinex_description/local_setup.sh
[0.914s] -- Up-to-date symlink: /home/ros/docker_simulation_ws/install/mulinex_description/share/mulinex_description/local_setup.zsh
[0.914s] -- Up-to-date symlink: /home/ros/docker_simulation_ws/install/mulinex_description/share/mulinex_description/local_setup.dsv
[0.914s] -- Symlinking: /home/ros/docker_simulation_ws/install/mulinex_description/share/mulinex_description/package.dsv
[0.931s] -- Up-to-date symlink: /home/ros/docker_simulation_ws/install/mulinex_description/share/ament_index/resource_index/packages/mulinex_description
[0.931s] -- Up-to-date symlink: /home/ros/docker_simulation_ws/install/mulinex_description/share/mulinex_description/cmake/mulinex_descriptionConfig.cmake
[0.932s] -- Up-to-date symlink: /home/ros/docker_simulation_ws/install/mulinex_description/share/mulinex_description/cmake/mulinex_descriptionConfig-version.cmake
[0.932s] -- Up-to-date symlink: /home/ros/docker_simulation_ws/install/mulinex_description/share/mulinex_description/package.xml
[0.937s] Invoked command in '/home/ros/docker_simulation_ws/build/mulinex_description' returned '0': CMAKE_PREFIX_PATH=${CMAKE_PREFIX_PATH}:/home/ros/docker_simulation_ws/install/rlg_quad_controller:/home/ros/docker_simulation_ws/install/mulinex_ignition_py:/opt/ros/humble /usr/bin/cmake --install /home/ros/docker_simulation_ws/build/mulinex_description
