[0.079s] Invoking command in '/home/ros/docker_simulation_ws/build/rbt_pd_cnt': CMAKE_PREFIX_PATH=/home/ros/docker_simulation_ws/install/pi3hat_moteus_int_msgs:/home/ros/docker_simulation_ws/install/wheels_vel_cnt:/home/ros/docker_simulation_ws/install/rbt_pd_cnt:/home/ros/docker_simulation_ws/install/omni_vel_controller:/home/ros/docker_simulation_ws/install/omni_mulinex_joystic:/home/ros/docker_simulation_ws/install/ik_quad_foot_control:/home/ros/docker_simulation_ws/install/mulinex_ignition:/home/ros/docker_simulation_ws/install/mulinex_description:/home/ros/docker_simulation_ws/install/custom_interfaces:/home/ros/docker_simulation_ws/install/rlg_quad_controller:/home/ros/docker_simulation_ws/install/mulinex_ignition_py:/opt/ros/humble LD_LIBRARY_PATH=/home/ros/docker_simulation_ws/install/pi3hat_moteus_int_msgs/lib:/home/ros/docker_simulation_ws/install/wheels_vel_cnt/lib:/home/ros/docker_simulation_ws/install/rbt_pd_cnt/lib:/home/ros/docker_simulation_ws/install/omni_vel_controller/lib:/home/ros/docker_simulation_ws/install/omni_mulinex_joystic/lib:/home/ros/docker_simulation_ws/install/ik_quad_foot_control/lib:/home/ros/docker_simulation_ws/install/custom_interfaces/lib:/opt/ros/humble/opt/rviz_ogre_vendor/lib:/opt/ros/humble/lib/x86_64-linux-gnu:/opt/ros/humble/lib /usr/bin/cmake --build /home/ros/docker_simulation_ws/build/rbt_pd_cnt -- -j12 -l12
[0.796s] [100%] Built target rbt_pd_cnt
[0.840s] Invoked command in '/home/ros/docker_simulation_ws/build/rbt_pd_cnt' returned '0': CMAKE_PREFIX_PATH=/home/ros/docker_simulation_ws/install/pi3hat_moteus_int_msgs:/home/ros/docker_simulation_ws/install/wheels_vel_cnt:/home/ros/docker_simulation_ws/install/rbt_pd_cnt:/home/ros/docker_simulation_ws/install/omni_vel_controller:/home/ros/docker_simulation_ws/install/omni_mulinex_joystic:/home/ros/docker_simulation_ws/install/ik_quad_foot_control:/home/ros/docker_simulation_ws/install/mulinex_ignition:/home/ros/docker_simulation_ws/install/mulinex_description:/home/ros/docker_simulation_ws/install/custom_interfaces:/home/ros/docker_simulation_ws/install/rlg_quad_controller:/home/ros/docker_simulation_ws/install/mulinex_ignition_py:/opt/ros/humble LD_LIBRARY_PATH=/home/ros/docker_simulation_ws/install/pi3hat_moteus_int_msgs/lib:/home/ros/docker_simulation_ws/install/wheels_vel_cnt/lib:/home/ros/docker_simulation_ws/install/rbt_pd_cnt/lib:/home/ros/docker_simulation_ws/install/omni_vel_controller/lib:/home/ros/docker_simulation_ws/install/omni_mulinex_joystic/lib:/home/ros/docker_simulation_ws/install/ik_quad_foot_control/lib:/home/ros/docker_simulation_ws/install/custom_interfaces/lib:/opt/ros/humble/opt/rviz_ogre_vendor/lib:/opt/ros/humble/lib/x86_64-linux-gnu:/opt/ros/humble/lib /usr/bin/cmake --build /home/ros/docker_simulation_ws/build/rbt_pd_cnt -- -j12 -l12
[0.852s] Invoking command in '/home/ros/docker_simulation_ws/build/rbt_pd_cnt': CMAKE_PREFIX_PATH=/home/ros/docker_simulation_ws/install/pi3hat_moteus_int_msgs:/home/ros/docker_simulation_ws/install/wheels_vel_cnt:/home/ros/docker_simulation_ws/install/rbt_pd_cnt:/home/ros/docker_simulation_ws/install/omni_vel_controller:/home/ros/docker_simulation_ws/install/omni_mulinex_joystic:/home/ros/docker_simulation_ws/install/ik_quad_foot_control:/home/ros/docker_simulation_ws/install/mulinex_ignition:/home/ros/docker_simulation_ws/install/mulinex_description:/home/ros/docker_simulation_ws/install/custom_interfaces:/home/ros/docker_simulation_ws/install/rlg_quad_controller:/home/ros/docker_simulation_ws/install/mulinex_ignition_py:/opt/ros/humble LD_LIBRARY_PATH=/home/ros/docker_simulation_ws/install/pi3hat_moteus_int_msgs/lib:/home/ros/docker_simulation_ws/install/wheels_vel_cnt/lib:/home/ros/docker_simulation_ws/install/rbt_pd_cnt/lib:/home/ros/docker_simulation_ws/install/omni_vel_controller/lib:/home/ros/docker_simulation_ws/install/omni_mulinex_joystic/lib:/home/ros/docker_simulation_ws/install/ik_quad_foot_control/lib:/home/ros/docker_simulation_ws/install/custom_interfaces/lib:/opt/ros/humble/opt/rviz_ogre_vendor/lib:/opt/ros/humble/lib/x86_64-linux-gnu:/opt/ros/humble/lib /usr/bin/cmake --install /home/ros/docker_simulation_ws/build/rbt_pd_cnt
[0.924s] -- Install configuration: ""
[0.925s] -- Execute custom install script
[0.925s] -- Up-to-date symlink: /home/ros/docker_simulation_ws/install/rbt_pd_cnt/share/rbt_pd_cnt//rbt_pd_cnt.xml
[0.925s] -- Up-to-date symlink: /home/ros/docker_simulation_ws/install/rbt_pd_cnt/include/rbt_pd_cnt/real_pd_cnt.hpp
[0.927s] -- Up-to-date symlink: /home/ros/docker_simulation_ws/install/rbt_pd_cnt/include/rbt_pd_cnt/robot_pd_cnt.hpp
[0.929s] -- Up-to-date symlink: /home/ros/docker_simulation_ws/install/rbt_pd_cnt/lib/librbt_pd_cnt.so
[0.930s] -- Up-to-date symlink: /home/ros/docker_simulation_ws/install/rbt_pd_cnt/share/rbt_pd_cnt/environment/library_path.sh
[0.931s] -- Up-to-date symlink: /home/ros/docker_simulation_ws/install/rbt_pd_cnt/share/rbt_pd_cnt/environment/library_path.dsv
[0.932s] -- Up-to-date symlink: /home/ros/docker_simulation_ws/install/rbt_pd_cnt/share/ament_index/resource_index/package_run_dependencies/rbt_pd_cnt
[0.933s] -- Up-to-date symlink: /home/ros/docker_simulation_ws/install/rbt_pd_cnt/share/ament_index/resource_index/parent_prefix_path/rbt_pd_cnt
[0.934s] -- Up-to-date symlink: /home/ros/docker_simulation_ws/install/rbt_pd_cnt/share/rbt_pd_cnt/environment/ament_prefix_path.sh
[0.937s] -- Up-to-date symlink: /home/ros/docker_simulation_ws/install/rbt_pd_cnt/share/rbt_pd_cnt/environment/ament_prefix_path.dsv
[0.943s] -- Up-to-date symlink: /home/ros/docker_simulation_ws/install/rbt_pd_cnt/share/rbt_pd_cnt/environment/path.sh
[0.944s] -- Up-to-date symlink: /home/ros/docker_simulation_ws/install/rbt_pd_cnt/share/rbt_pd_cnt/environment/path.dsv
[0.945s] -- Up-to-date symlink: /home/ros/docker_simulation_ws/install/rbt_pd_cnt/share/rbt_pd_cnt/local_setup.bash
[0.946s] -- Up-to-date symlink: /home/ros/docker_simulation_ws/install/rbt_pd_cnt/share/rbt_pd_cnt/local_setup.sh
[0.947s] -- Up-to-date symlink: /home/ros/docker_simulation_ws/install/rbt_pd_cnt/share/rbt_pd_cnt/local_setup.zsh
[0.948s] -- Up-to-date symlink: /home/ros/docker_simulation_ws/install/rbt_pd_cnt/share/rbt_pd_cnt/local_setup.dsv
[0.949s] -- Symlinking: /home/ros/docker_simulation_ws/install/rbt_pd_cnt/share/rbt_pd_cnt/package.dsv
[0.989s] -- Up-to-date symlink: /home/ros/docker_simulation_ws/install/rbt_pd_cnt/share/ament_index/resource_index/packages/rbt_pd_cnt
[0.990s] -- Up-to-date symlink: /home/ros/docker_simulation_ws/install/rbt_pd_cnt/share/ament_index/resource_index/controller_interface__pluginlib__plugin/rbt_pd_cnt
[0.990s] -- Up-to-date symlink: /home/ros/docker_simulation_ws/install/rbt_pd_cnt/share/rbt_pd_cnt/cmake/ament_cmake_export_dependencies-extras.cmake
[0.990s] -- Up-to-date symlink: /home/ros/docker_simulation_ws/install/rbt_pd_cnt/share/rbt_pd_cnt/cmake/ament_cmake_export_include_directories-extras.cmake
[0.995s] -- Up-to-date symlink: /home/ros/docker_simulation_ws/install/rbt_pd_cnt/share/rbt_pd_cnt/cmake/ament_cmake_export_libraries-extras.cmake
[0.996s] -- Up-to-date symlink: /home/ros/docker_simulation_ws/install/rbt_pd_cnt/share/rbt_pd_cnt/cmake/rbt_pd_cntConfig.cmake
[0.996s] -- Up-to-date symlink: /home/ros/docker_simulation_ws/install/rbt_pd_cnt/share/rbt_pd_cnt/cmake/rbt_pd_cntConfig-version.cmake
[0.997s] -- Up-to-date symlink: /home/ros/docker_simulation_ws/install/rbt_pd_cnt/share/rbt_pd_cnt/package.xml
[1.130s] Invoked command in '/home/ros/docker_simulation_ws/build/rbt_pd_cnt' returned '0': CMAKE_PREFIX_PATH=/home/ros/docker_simulation_ws/install/pi3hat_moteus_int_msgs:/home/ros/docker_simulation_ws/install/wheels_vel_cnt:/home/ros/docker_simulation_ws/install/rbt_pd_cnt:/home/ros/docker_simulation_ws/install/omni_vel_controller:/home/ros/docker_simulation_ws/install/omni_mulinex_joystic:/home/ros/docker_simulation_ws/install/ik_quad_foot_control:/home/ros/docker_simulation_ws/install/mulinex_ignition:/home/ros/docker_simulation_ws/install/mulinex_description:/home/ros/docker_simulation_ws/install/custom_interfaces:/home/ros/docker_simulation_ws/install/rlg_quad_controller:/home/ros/docker_simulation_ws/install/mulinex_ignition_py:/opt/ros/humble LD_LIBRARY_PATH=/home/ros/docker_simulation_ws/install/pi3hat_moteus_int_msgs/lib:/home/ros/docker_simulation_ws/install/wheels_vel_cnt/lib:/home/ros/docker_simulation_ws/install/rbt_pd_cnt/lib:/home/ros/docker_simulation_ws/install/omni_vel_controller/lib:/home/ros/docker_simulation_ws/install/omni_mulinex_joystic/lib:/home/ros/docker_simulation_ws/install/ik_quad_foot_control/lib:/home/ros/docker_simulation_ws/install/custom_interfaces/lib:/opt/ros/humble/opt/rviz_ogre_vendor/lib:/opt/ros/humble/lib/x86_64-linux-gnu:/opt/ros/humble/lib /usr/bin/cmake --install /home/ros/docker_simulation_ws/build/rbt_pd_cnt
