[0.042s] Invoking command in '/home/ros/docker_simulation_ws/build/mulinex_ignition': CMAKE_PREFIX_PATH=/home/ros/docker_simulation_ws/install/mulinex_description:/home/ros/docker_simulation_ws/install/wheels_vel_cnt:/home/ros/docker_simulation_ws/install/rbt_pd_cnt:/home/ros/docker_simulation_ws/install/omni_vel_controller:/home/ros/docker_simulation_ws/install/omni_mulinex_joystic:/home/ros/docker_simulation_ws/install/ik_quad_foot_control:/home/ros/docker_simulation_ws/install/pi3hat_moteus_int_msgs:/home/ros/docker_simulation_ws/install/mulinex_ignition:/home/ros/docker_simulation_ws/install/custom_interfaces:/home/ros/docker_simulation_ws/install/rlg_quad_controller:/home/ros/docker_simulation_ws/install/mulinex_ignition_py:/opt/ros/humble /usr/bin/cmake /home/ros/docker_simulation_ws/src/mulinex_ignition -DAMENT_CMAKE_SYMLINK_INSTALL=1 -DCMAKE_INSTALL_PREFIX=/home/ros/docker_simulation_ws/install/mulinex_ignition
[0.075s] -- Found ament_cmake: 1.3.12 (/opt/ros/humble/share/ament_cmake/cmake)
[0.478s] -- Override CMake install command with custom implementation using symlinks instead of copying resources
[0.494s] -- Found mulinex_description: 0.0.0 (/home/ros/docker_simulation_ws/install/mulinex_description/share/mulinex_description/cmake)
[0.494s] -- Found rclcpp: 16.0.15 (/opt/ros/humble/share/rclcpp/cmake)
[0.576s] -- Found rosidl_generator_c: 3.1.7 (/opt/ros/humble/share/rosidl_generator_c/cmake)
[0.581s] -- Found rosidl_adapter: 3.1.7 (/opt/ros/humble/share/rosidl_adapter/cmake)
[0.596s] -- Found rosidl_generator_cpp: 3.1.7 (/opt/ros/humble/share/rosidl_generator_cpp/cmake)
[0.623s] -- Using all available rosidl_typesupport_c: rosidl_typesupport_fastrtps_c;rosidl_typesupport_introspection_c
[0.658s] -- Using all available rosidl_typesupport_cpp: rosidl_typesupport_fastrtps_cpp;rosidl_typesupport_introspection_cpp
[0.750s] -- Found rmw_implementation_cmake: 6.1.2 (/opt/ros/humble/share/rmw_implementation_cmake/cmake)
[0.755s] -- Found rmw_fastrtps_cpp: 6.2.8 (/opt/ros/humble/share/rmw_fastrtps_cpp/cmake)
[1.155s] -- Using RMW implementation 'rmw_fastrtps_cpp' as default
[1.358s] -- Found geometry_msgs: 4.9.0 (/opt/ros/humble/share/geometry_msgs/cmake)
[1.399s] -- Found pi3hat_moteus_int_msgs: 0.0.0 (/home/ros/docker_simulation_ws/install/pi3hat_moteus_int_msgs/share/pi3hat_moteus_int_msgs/cmake)
[1.459s] -- Found tf2: 0.25.16 (/opt/ros/humble/share/tf2/cmake)
[1.470s] -- Found tf2_ros: 0.25.16 (/opt/ros/humble/share/tf2_ros/cmake)
[1.695s] -- Found nav_msgs: 4.9.0 (/opt/ros/humble/share/nav_msgs/cmake)
[1.736s] -- Found control_msgs: 4.8.0 (/opt/ros/humble/share/control_msgs/cmake)
[1.908s] -- Found std_srvs: 4.9.0 (/opt/ros/humble/share/std_srvs/cmake)
[1.965s] -- Found ament_lint_auto: 0.12.14 (/opt/ros/humble/share/ament_lint_auto/cmake)
[2.169s] -- Added test 'cppcheck' to perform static code analysis on C / C++ code
[2.169s] -- Configured cppcheck include dirs: 
[2.169s] -- Configured cppcheck exclude dirs and/or files: 
[2.171s] -- Added test 'flake8' to check Python code syntax and style conventions
[2.173s] -- Added test 'lint_cmake' to check CMake code style
[2.175s] -- Added test 'pep257' to check Python code against some of the docstring style conventions in PEP 257
[2.180s] -- Added test 'uncrustify' to check C / C++ code style
[2.180s] -- Configured uncrustify additional arguments: 
[2.181s] -- Added test 'xmllint' to check XML markup files
[2.185s] -- Configuring done
[2.266s] -- Generating done
[2.320s] -- Build files have been written to: /home/ros/docker_simulation_ws/build/mulinex_ignition
[2.350s] Invoked command in '/home/ros/docker_simulation_ws/build/mulinex_ignition' returned '0': CMAKE_PREFIX_PATH=/home/ros/docker_simulation_ws/install/mulinex_description:/home/ros/docker_simulation_ws/install/wheels_vel_cnt:/home/ros/docker_simulation_ws/install/rbt_pd_cnt:/home/ros/docker_simulation_ws/install/omni_vel_controller:/home/ros/docker_simulation_ws/install/omni_mulinex_joystic:/home/ros/docker_simulation_ws/install/ik_quad_foot_control:/home/ros/docker_simulation_ws/install/pi3hat_moteus_int_msgs:/home/ros/docker_simulation_ws/install/mulinex_ignition:/home/ros/docker_simulation_ws/install/custom_interfaces:/home/ros/docker_simulation_ws/install/rlg_quad_controller:/home/ros/docker_simulation_ws/install/mulinex_ignition_py:/opt/ros/humble /usr/bin/cmake /home/ros/docker_simulation_ws/src/mulinex_ignition -DAMENT_CMAKE_SYMLINK_INSTALL=1 -DCMAKE_INSTALL_PREFIX=/home/ros/docker_simulation_ws/install/mulinex_ignition
[2.360s] Invoking command in '/home/ros/docker_simulation_ws/build/mulinex_ignition': CMAKE_PREFIX_PATH=/home/ros/docker_simulation_ws/install/mulinex_description:/home/ros/docker_simulation_ws/install/wheels_vel_cnt:/home/ros/docker_simulation_ws/install/rbt_pd_cnt:/home/ros/docker_simulation_ws/install/omni_vel_controller:/home/ros/docker_simulation_ws/install/omni_mulinex_joystic:/home/ros/docker_simulation_ws/install/ik_quad_foot_control:/home/ros/docker_simulation_ws/install/pi3hat_moteus_int_msgs:/home/ros/docker_simulation_ws/install/mulinex_ignition:/home/ros/docker_simulation_ws/install/custom_interfaces:/home/ros/docker_simulation_ws/install/rlg_quad_controller:/home/ros/docker_simulation_ws/install/mulinex_ignition_py:/opt/ros/humble /usr/bin/cmake --build /home/ros/docker_simulation_ws/build/mulinex_ignition -- -j12 -l12
[2.484s] [35m[1mConsolidate compiler generated dependencies of target getup_node[0m
[2.485s] [35m[1mConsolidate compiler generated dependencies of target gt_odom_pub[0m
[2.486s] [35m[1mConsolidate compiler generated dependencies of target move_wheels[0m
[2.578s] [ 33%] Built target gt_odom_pub
[2.578s] [ 66%] Built target move_wheels
[2.579s] [100%] Built target getup_node
[2.639s] Invoked command in '/home/ros/docker_simulation_ws/build/mulinex_ignition' returned '0': CMAKE_PREFIX_PATH=/home/ros/docker_simulation_ws/install/mulinex_description:/home/ros/docker_simulation_ws/install/wheels_vel_cnt:/home/ros/docker_simulation_ws/install/rbt_pd_cnt:/home/ros/docker_simulation_ws/install/omni_vel_controller:/home/ros/docker_simulation_ws/install/omni_mulinex_joystic:/home/ros/docker_simulation_ws/install/ik_quad_foot_control:/home/ros/docker_simulation_ws/install/pi3hat_moteus_int_msgs:/home/ros/docker_simulation_ws/install/mulinex_ignition:/home/ros/docker_simulation_ws/install/custom_interfaces:/home/ros/docker_simulation_ws/install/rlg_quad_controller:/home/ros/docker_simulation_ws/install/mulinex_ignition_py:/opt/ros/humble /usr/bin/cmake --build /home/ros/docker_simulation_ws/build/mulinex_ignition -- -j12 -l12
[2.640s] Invoking command in '/home/ros/docker_simulation_ws/build/mulinex_ignition': CMAKE_PREFIX_PATH=/home/ros/docker_simulation_ws/install/mulinex_description:/home/ros/docker_simulation_ws/install/wheels_vel_cnt:/home/ros/docker_simulation_ws/install/rbt_pd_cnt:/home/ros/docker_simulation_ws/install/omni_vel_controller:/home/ros/docker_simulation_ws/install/omni_mulinex_joystic:/home/ros/docker_simulation_ws/install/ik_quad_foot_control:/home/ros/docker_simulation_ws/install/pi3hat_moteus_int_msgs:/home/ros/docker_simulation_ws/install/mulinex_ignition:/home/ros/docker_simulation_ws/install/custom_interfaces:/home/ros/docker_simulation_ws/install/rlg_quad_controller:/home/ros/docker_simulation_ws/install/mulinex_ignition_py:/opt/ros/humble /usr/bin/cmake --install /home/ros/docker_simulation_ws/build/mulinex_ignition
[2.668s] -- Install configuration: ""
[2.670s] -- Execute custom install script
[2.671s] -- Up-to-date symlink: /home/ros/docker_simulation_ws/install/mulinex_ignition/lib/mulinex_ignition/gt_odom_pub
[2.672s] -- Up-to-date symlink: /home/ros/docker_simulation_ws/install/mulinex_ignition/lib/mulinex_ignition/move_wheels
[2.673s] -- Up-to-date symlink: /home/ros/docker_simulation_ws/install/mulinex_ignition/lib/mulinex_ignition/getup_node
[2.675s] -- Up-to-date symlink: /home/ros/docker_simulation_ws/install/mulinex_ignition/share/mulinex_ignition/launch/gz_harmonic_sim_w_rbt.launch.py
[2.675s] -- Up-to-date symlink: /home/ros/docker_simulation_ws/install/mulinex_ignition/share/mulinex_ignition/launch/gz_harmonic_sim_w_rbt_PD_wheels.launch.py
[2.676s] -- Up-to-date symlink: /home/ros/docker_simulation_ws/install/mulinex_ignition/share/mulinex_ignition/launch/gz_harmonic_sim_w_rbt_PDonly.launch.py
[2.676s] -- Up-to-date symlink: /home/ros/docker_simulation_ws/install/mulinex_ignition/share/mulinex_ignition/launch/test_lidar.launch.py
[2.677s] -- Up-to-date symlink: /home/ros/docker_simulation_ws/install/mulinex_ignition/share/mulinex_ignition/config/mulinex_mf.yaml
[2.678s] -- Up-to-date symlink: /home/ros/docker_simulation_ws/install/mulinex_ignition/share/mulinex_ignition/config/omnicar.yaml
[2.678s] -- Up-to-date symlink: /home/ros/docker_simulation_ws/install/mulinex_ignition/share/mulinex_ignition/world/empty.sdf
[2.678s] -- Up-to-date symlink: /home/ros/docker_simulation_ws/install/mulinex_ignition/share/mulinex_ignition/world/turtle_arena.sdf
[2.679s] -- Up-to-date symlink: /home/ros/docker_simulation_ws/install/mulinex_ignition/share/mulinex_ignition/models/TurtlebotArena/meshes/hexagon.dae
[2.680s] -- Up-to-date symlink: /home/ros/docker_simulation_ws/install/mulinex_ignition/share/mulinex_ignition/models/TurtlebotArena/meshes/wall.dae
[2.680s] -- Up-to-date symlink: /home/ros/docker_simulation_ws/install/mulinex_ignition/share/mulinex_ignition/models/TurtlebotArena/model.config
[2.680s] -- Up-to-date symlink: /home/ros/docker_simulation_ws/install/mulinex_ignition/share/mulinex_ignition/models/TurtlebotArena/model.sdf
[2.681s] -- Up-to-date symlink: /home/ros/docker_simulation_ws/install/mulinex_ignition/share/ament_index/resource_index/package_run_dependencies/mulinex_ignition
[2.681s] -- Up-to-date symlink: /home/ros/docker_simulation_ws/install/mulinex_ignition/share/ament_index/resource_index/parent_prefix_path/mulinex_ignition
[2.681s] -- Up-to-date symlink: /home/ros/docker_simulation_ws/install/mulinex_ignition/share/mulinex_ignition/environment/ament_prefix_path.sh
[2.682s] -- Up-to-date symlink: /home/ros/docker_simulation_ws/install/mulinex_ignition/share/mulinex_ignition/environment/ament_prefix_path.dsv
[2.682s] -- Up-to-date symlink: /home/ros/docker_simulation_ws/install/mulinex_ignition/share/mulinex_ignition/environment/path.sh
[2.683s] -- Up-to-date symlink: /home/ros/docker_simulation_ws/install/mulinex_ignition/share/mulinex_ignition/environment/path.dsv
[2.684s] -- Up-to-date symlink: /home/ros/docker_simulation_ws/install/mulinex_ignition/share/mulinex_ignition/local_setup.bash
[2.684s] -- Up-to-date symlink: /home/ros/docker_simulation_ws/install/mulinex_ignition/share/mulinex_ignition/local_setup.sh
[2.685s] -- Up-to-date symlink: /home/ros/docker_simulation_ws/install/mulinex_ignition/share/mulinex_ignition/local_setup.zsh
[2.686s] -- Up-to-date symlink: /home/ros/docker_simulation_ws/install/mulinex_ignition/share/mulinex_ignition/local_setup.dsv
[2.686s] -- Symlinking: /home/ros/docker_simulation_ws/install/mulinex_ignition/share/mulinex_ignition/package.dsv
[2.715s] -- Up-to-date symlink: /home/ros/docker_simulation_ws/install/mulinex_ignition/share/ament_index/resource_index/packages/mulinex_ignition
[2.716s] -- Up-to-date symlink: /home/ros/docker_simulation_ws/install/mulinex_ignition/share/mulinex_ignition/cmake/mulinex_ignitionConfig.cmake
[2.717s] -- Up-to-date symlink: /home/ros/docker_simulation_ws/install/mulinex_ignition/share/mulinex_ignition/cmake/mulinex_ignitionConfig-version.cmake
[2.717s] -- Up-to-date symlink: /home/ros/docker_simulation_ws/install/mulinex_ignition/share/mulinex_ignition/package.xml
[2.728s] Invoked command in '/home/ros/docker_simulation_ws/build/mulinex_ignition' returned '0': CMAKE_PREFIX_PATH=/home/ros/docker_simulation_ws/install/mulinex_description:/home/ros/docker_simulation_ws/install/wheels_vel_cnt:/home/ros/docker_simulation_ws/install/rbt_pd_cnt:/home/ros/docker_simulation_ws/install/omni_vel_controller:/home/ros/docker_simulation_ws/install/omni_mulinex_joystic:/home/ros/docker_simulation_ws/install/ik_quad_foot_control:/home/ros/docker_simulation_ws/install/pi3hat_moteus_int_msgs:/home/ros/docker_simulation_ws/install/mulinex_ignition:/home/ros/docker_simulation_ws/install/custom_interfaces:/home/ros/docker_simulation_ws/install/rlg_quad_controller:/home/ros/docker_simulation_ws/install/mulinex_ignition_py:/opt/ros/humble /usr/bin/cmake --install /home/ros/docker_simulation_ws/build/mulinex_ignition
