[1.250s] Invoking command in '/home/ros/docker_simulation_ws/build/wheels_vel_cnt': CMAKE_PREFIX_PATH=/home/ros/docker_simulation_ws/install/pi3hat_moteus_int_msgs:/home/ros/docker_simulation_ws/install/custom_interfaces:/home/ros/docker_simulation_ws/install/wheels_vel_cnt:/home/ros/docker_simulation_ws/install/rbt_pd_cnt:/home/ros/docker_simulation_ws/install/omni_vel_controller:/home/ros/docker_simulation_ws/install/omni_mulinex_joystic:/home/ros/docker_simulation_ws/install/ik_quad_foot_control:/home/ros/docker_simulation_ws/install/mulinex_ignition:/home/ros/docker_simulation_ws/install/mulinex_description:/home/ros/docker_simulation_ws/install/rlg_quad_controller:/home/ros/docker_simulation_ws/install/mulinex_ignition_py:/opt/ros/humble LD_LIBRARY_PATH=/home/ros/docker_simulation_ws/install/pi3hat_moteus_int_msgs/lib:/home/ros/docker_simulation_ws/install/custom_interfaces/lib:/home/ros/docker_simulation_ws/install/wheels_vel_cnt/lib:/home/ros/docker_simulation_ws/install/rbt_pd_cnt/lib:/home/ros/docker_simulation_ws/install/omni_vel_controller/lib:/home/ros/docker_simulation_ws/install/omni_mulinex_joystic/lib:/home/ros/docker_simulation_ws/install/ik_quad_foot_control/lib:/opt/ros/humble/opt/rviz_ogre_vendor/lib:/opt/ros/humble/lib/x86_64-linux-gnu:/opt/ros/humble/lib /usr/bin/cmake /home/ros/docker_simulation_ws/src/wheels_vel_cnt -DCMAKE_INSTALL_PREFIX=/home/ros/docker_simulation_ws/install/wheels_vel_cnt
[1.293s] -- Found ament_cmake: 1.3.12 (/opt/ros/humble/share/ament_cmake/cmake)
[1.856s] -- Override CMake install command with custom implementation using symlinks instead of copying resources
[1.887s] -- Found rclcpp: 16.0.15 (/opt/ros/humble/share/rclcpp/cmake)
[2.005s] -- Found rosidl_generator_c: 3.1.7 (/opt/ros/humble/share/rosidl_generator_c/cmake)
[2.016s] -- Found rosidl_adapter: 3.1.7 (/opt/ros/humble/share/rosidl_adapter/cmake)
[2.033s] -- Found rosidl_generator_cpp: 3.1.7 (/opt/ros/humble/share/rosidl_generator_cpp/cmake)
[2.070s] -- Using all available rosidl_typesupport_c: rosidl_typesupport_fastrtps_c;rosidl_typesupport_introspection_c
[2.114s] -- Using all available rosidl_typesupport_cpp: rosidl_typesupport_fastrtps_cpp;rosidl_typesupport_introspection_cpp
[2.237s] -- Found rmw_implementation_cmake: 6.1.2 (/opt/ros/humble/share/rmw_implementation_cmake/cmake)
[2.243s] -- Found rmw_fastrtps_cpp: 6.2.8 (/opt/ros/humble/share/rmw_fastrtps_cpp/cmake)
[2.779s] -- Using RMW implementation 'rmw_fastrtps_cpp' as default
[3.005s] -- Found rclcpp_lifecycle: 16.0.15 (/opt/ros/humble/share/rclcpp_lifecycle/cmake)
[3.076s] -- Found hardware_interface: 2.52.0 (/opt/ros/humble/share/hardware_interface/cmake)
[3.621s] -- Found controller_interface: 2.52.0 (/opt/ros/humble/share/controller_interface/cmake)
[3.633s] -- Found pi3hat_moteus_int_msgs: 0.0.0 (/home/ros/docker_simulation_ws/install/pi3hat_moteus_int_msgs/share/pi3hat_moteus_int_msgs/cmake)
[3.718s] -- Found std_srvs: 4.9.0 (/opt/ros/humble/share/std_srvs/cmake)
[3.763s] -- Found custom_interfaces: 0.0.0 (/home/ros/docker_simulation_ws/install/custom_interfaces/share/custom_interfaces/cmake)
[3.833s] -- Found ament_lint_auto: 0.12.14 (/opt/ros/humble/share/ament_lint_auto/cmake)
[4.069s] -- Added test 'cppcheck' to perform static code analysis on C / C++ code
[4.069s] -- Configured cppcheck include dirs: /home/ros/docker_simulation_ws/src/wheels_vel_cnt/include;$<BUILD_INTERFACE:/home/ros/docker_simulation_ws/src/wheels_vel_cnt/include>
[4.069s] -- Configured cppcheck exclude dirs and/or files: 
[4.071s] -- Added test 'lint_cmake' to check CMake code style
[4.075s] -- Added test 'uncrustify' to check C / C++ code style
[4.075s] -- Configured uncrustify additional arguments: 
[4.076s] -- Added test 'xmllint' to check XML markup files
[4.096s] -- Configuring done
[4.155s] -- Generating done
[4.175s] -- Build files have been written to: /home/ros/docker_simulation_ws/build/wheels_vel_cnt
[4.193s] Invoked command in '/home/ros/docker_simulation_ws/build/wheels_vel_cnt' returned '0': CMAKE_PREFIX_PATH=/home/ros/docker_simulation_ws/install/pi3hat_moteus_int_msgs:/home/ros/docker_simulation_ws/install/custom_interfaces:/home/ros/docker_simulation_ws/install/wheels_vel_cnt:/home/ros/docker_simulation_ws/install/rbt_pd_cnt:/home/ros/docker_simulation_ws/install/omni_vel_controller:/home/ros/docker_simulation_ws/install/omni_mulinex_joystic:/home/ros/docker_simulation_ws/install/ik_quad_foot_control:/home/ros/docker_simulation_ws/install/mulinex_ignition:/home/ros/docker_simulation_ws/install/mulinex_description:/home/ros/docker_simulation_ws/install/rlg_quad_controller:/home/ros/docker_simulation_ws/install/mulinex_ignition_py:/opt/ros/humble LD_LIBRARY_PATH=/home/ros/docker_simulation_ws/install/pi3hat_moteus_int_msgs/lib:/home/ros/docker_simulation_ws/install/custom_interfaces/lib:/home/ros/docker_simulation_ws/install/wheels_vel_cnt/lib:/home/ros/docker_simulation_ws/install/rbt_pd_cnt/lib:/home/ros/docker_simulation_ws/install/omni_vel_controller/lib:/home/ros/docker_simulation_ws/install/omni_mulinex_joystic/lib:/home/ros/docker_simulation_ws/install/ik_quad_foot_control/lib:/opt/ros/humble/opt/rviz_ogre_vendor/lib:/opt/ros/humble/lib/x86_64-linux-gnu:/opt/ros/humble/lib /usr/bin/cmake /home/ros/docker_simulation_ws/src/wheels_vel_cnt -DCMAKE_INSTALL_PREFIX=/home/ros/docker_simulation_ws/install/wheels_vel_cnt
[4.197s] Invoking command in '/home/ros/docker_simulation_ws/build/wheels_vel_cnt': CMAKE_PREFIX_PATH=/home/ros/docker_simulation_ws/install/pi3hat_moteus_int_msgs:/home/ros/docker_simulation_ws/install/custom_interfaces:/home/ros/docker_simulation_ws/install/wheels_vel_cnt:/home/ros/docker_simulation_ws/install/rbt_pd_cnt:/home/ros/docker_simulation_ws/install/omni_vel_controller:/home/ros/docker_simulation_ws/install/omni_mulinex_joystic:/home/ros/docker_simulation_ws/install/ik_quad_foot_control:/home/ros/docker_simulation_ws/install/mulinex_ignition:/home/ros/docker_simulation_ws/install/mulinex_description:/home/ros/docker_simulation_ws/install/rlg_quad_controller:/home/ros/docker_simulation_ws/install/mulinex_ignition_py:/opt/ros/humble LD_LIBRARY_PATH=/home/ros/docker_simulation_ws/install/pi3hat_moteus_int_msgs/lib:/home/ros/docker_simulation_ws/install/custom_interfaces/lib:/home/ros/docker_simulation_ws/install/wheels_vel_cnt/lib:/home/ros/docker_simulation_ws/install/rbt_pd_cnt/lib:/home/ros/docker_simulation_ws/install/omni_vel_controller/lib:/home/ros/docker_simulation_ws/install/omni_mulinex_joystic/lib:/home/ros/docker_simulation_ws/install/ik_quad_foot_control/lib:/opt/ros/humble/opt/rviz_ogre_vendor/lib:/opt/ros/humble/lib/x86_64-linux-gnu:/opt/ros/humble/lib /usr/bin/cmake --build /home/ros/docker_simulation_ws/build/wheels_vel_cnt -- -j12 -l12
[4.300s] [35m[1mConsolidate compiler generated dependencies of target wheels_vel_cnt[0m
[4.342s] [100%] Built target wheels_vel_cnt
[4.377s] Invoked command in '/home/ros/docker_simulation_ws/build/wheels_vel_cnt' returned '0': CMAKE_PREFIX_PATH=/home/ros/docker_simulation_ws/install/pi3hat_moteus_int_msgs:/home/ros/docker_simulation_ws/install/custom_interfaces:/home/ros/docker_simulation_ws/install/wheels_vel_cnt:/home/ros/docker_simulation_ws/install/rbt_pd_cnt:/home/ros/docker_simulation_ws/install/omni_vel_controller:/home/ros/docker_simulation_ws/install/omni_mulinex_joystic:/home/ros/docker_simulation_ws/install/ik_quad_foot_control:/home/ros/docker_simulation_ws/install/mulinex_ignition:/home/ros/docker_simulation_ws/install/mulinex_description:/home/ros/docker_simulation_ws/install/rlg_quad_controller:/home/ros/docker_simulation_ws/install/mulinex_ignition_py:/opt/ros/humble LD_LIBRARY_PATH=/home/ros/docker_simulation_ws/install/pi3hat_moteus_int_msgs/lib:/home/ros/docker_simulation_ws/install/custom_interfaces/lib:/home/ros/docker_simulation_ws/install/wheels_vel_cnt/lib:/home/ros/docker_simulation_ws/install/rbt_pd_cnt/lib:/home/ros/docker_simulation_ws/install/omni_vel_controller/lib:/home/ros/docker_simulation_ws/install/omni_mulinex_joystic/lib:/home/ros/docker_simulation_ws/install/ik_quad_foot_control/lib:/opt/ros/humble/opt/rviz_ogre_vendor/lib:/opt/ros/humble/lib/x86_64-linux-gnu:/opt/ros/humble/lib /usr/bin/cmake --build /home/ros/docker_simulation_ws/build/wheels_vel_cnt -- -j12 -l12
[4.384s] Invoking command in '/home/ros/docker_simulation_ws/build/wheels_vel_cnt': CMAKE_PREFIX_PATH=/home/ros/docker_simulation_ws/install/pi3hat_moteus_int_msgs:/home/ros/docker_simulation_ws/install/custom_interfaces:/home/ros/docker_simulation_ws/install/wheels_vel_cnt:/home/ros/docker_simulation_ws/install/rbt_pd_cnt:/home/ros/docker_simulation_ws/install/omni_vel_controller:/home/ros/docker_simulation_ws/install/omni_mulinex_joystic:/home/ros/docker_simulation_ws/install/ik_quad_foot_control:/home/ros/docker_simulation_ws/install/mulinex_ignition:/home/ros/docker_simulation_ws/install/mulinex_description:/home/ros/docker_simulation_ws/install/rlg_quad_controller:/home/ros/docker_simulation_ws/install/mulinex_ignition_py:/opt/ros/humble LD_LIBRARY_PATH=/home/ros/docker_simulation_ws/install/pi3hat_moteus_int_msgs/lib:/home/ros/docker_simulation_ws/install/custom_interfaces/lib:/home/ros/docker_simulation_ws/install/wheels_vel_cnt/lib:/home/ros/docker_simulation_ws/install/rbt_pd_cnt/lib:/home/ros/docker_simulation_ws/install/omni_vel_controller/lib:/home/ros/docker_simulation_ws/install/omni_mulinex_joystic/lib:/home/ros/docker_simulation_ws/install/ik_quad_foot_control/lib:/opt/ros/humble/opt/rviz_ogre_vendor/lib:/opt/ros/humble/lib/x86_64-linux-gnu:/opt/ros/humble/lib /usr/bin/cmake --install /home/ros/docker_simulation_ws/build/wheels_vel_cnt
[4.404s] -- Install configuration: ""
[4.405s] -- Execute custom install script
[4.406s] -- Up-to-date symlink: /home/ros/docker_simulation_ws/install/wheels_vel_cnt/share/wheels_vel_cnt//wheels_vel_cnt.xml
[4.408s] -- Up-to-date symlink: /home/ros/docker_simulation_ws/install/wheels_vel_cnt/share/wheels_vel_cnt/environment/library_path.sh
[4.409s] -- Up-to-date symlink: /home/ros/docker_simulation_ws/install/wheels_vel_cnt/share/wheels_vel_cnt/environment/library_path.dsv
[4.410s] -- Up-to-date symlink: /home/ros/docker_simulation_ws/install/wheels_vel_cnt/share/ament_index/resource_index/package_run_dependencies/wheels_vel_cnt
[4.411s] -- Up-to-date symlink: /home/ros/docker_simulation_ws/install/wheels_vel_cnt/share/ament_index/resource_index/parent_prefix_path/wheels_vel_cnt
[4.412s] -- Up-to-date symlink: /home/ros/docker_simulation_ws/install/wheels_vel_cnt/share/wheels_vel_cnt/environment/ament_prefix_path.sh
[4.413s] -- Up-to-date symlink: /home/ros/docker_simulation_ws/install/wheels_vel_cnt/share/wheels_vel_cnt/environment/ament_prefix_path.dsv
[4.414s] -- Up-to-date symlink: /home/ros/docker_simulation_ws/install/wheels_vel_cnt/share/wheels_vel_cnt/environment/path.sh
[4.415s] -- Up-to-date symlink: /home/ros/docker_simulation_ws/install/wheels_vel_cnt/share/wheels_vel_cnt/environment/path.dsv
[4.416s] -- Up-to-date symlink: /home/ros/docker_simulation_ws/install/wheels_vel_cnt/share/wheels_vel_cnt/local_setup.bash
[4.417s] -- Up-to-date symlink: /home/ros/docker_simulation_ws/install/wheels_vel_cnt/share/wheels_vel_cnt/local_setup.sh
[4.418s] -- Up-to-date symlink: /home/ros/docker_simulation_ws/install/wheels_vel_cnt/share/wheels_vel_cnt/local_setup.zsh
[4.419s] -- Up-to-date symlink: /home/ros/docker_simulation_ws/install/wheels_vel_cnt/share/wheels_vel_cnt/local_setup.dsv
[4.420s] -- Symlinking: /home/ros/docker_simulation_ws/install/wheels_vel_cnt/share/wheels_vel_cnt/package.dsv
[4.447s] -- Up-to-date symlink: /home/ros/docker_simulation_ws/install/wheels_vel_cnt/share/ament_index/resource_index/packages/wheels_vel_cnt
[4.448s] -- Up-to-date symlink: /home/ros/docker_simulation_ws/install/wheels_vel_cnt/share/ament_index/resource_index/controller_interface__pluginlib__plugin/wheels_vel_cnt
[4.450s] -- Up-to-date symlink: /home/ros/docker_simulation_ws/install/wheels_vel_cnt/share/wheels_vel_cnt/cmake/ament_cmake_export_dependencies-extras.cmake
[4.451s] -- Up-to-date symlink: /home/ros/docker_simulation_ws/install/wheels_vel_cnt/share/wheels_vel_cnt/cmake/ament_cmake_export_include_directories-extras.cmake
[4.452s] -- Up-to-date symlink: /home/ros/docker_simulation_ws/install/wheels_vel_cnt/share/wheels_vel_cnt/cmake/ament_cmake_export_libraries-extras.cmake
[4.452s] -- Up-to-date symlink: /home/ros/docker_simulation_ws/install/wheels_vel_cnt/share/wheels_vel_cnt/cmake/wheels_vel_cntConfig.cmake
[4.454s] -- Up-to-date symlink: /home/ros/docker_simulation_ws/install/wheels_vel_cnt/share/wheels_vel_cnt/cmake/wheels_vel_cntConfig-version.cmake
[4.455s] -- Up-to-date symlink: /home/ros/docker_simulation_ws/install/wheels_vel_cnt/share/wheels_vel_cnt/package.xml
[4.457s] -- Up-to-date: /home/ros/docker_simulation_ws/install/wheels_vel_cnt/lib/libwheels_vel_cnt.so
[4.463s] Invoked command in '/home/ros/docker_simulation_ws/build/wheels_vel_cnt' returned '0': CMAKE_PREFIX_PATH=/home/ros/docker_simulation_ws/install/pi3hat_moteus_int_msgs:/home/ros/docker_simulation_ws/install/custom_interfaces:/home/ros/docker_simulation_ws/install/wheels_vel_cnt:/home/ros/docker_simulation_ws/install/rbt_pd_cnt:/home/ros/docker_simulation_ws/install/omni_vel_controller:/home/ros/docker_simulation_ws/install/omni_mulinex_joystic:/home/ros/docker_simulation_ws/install/ik_quad_foot_control:/home/ros/docker_simulation_ws/install/mulinex_ignition:/home/ros/docker_simulation_ws/install/mulinex_description:/home/ros/docker_simulation_ws/install/rlg_quad_controller:/home/ros/docker_simulation_ws/install/mulinex_ignition_py:/opt/ros/humble LD_LIBRARY_PATH=/home/ros/docker_simulation_ws/install/pi3hat_moteus_int_msgs/lib:/home/ros/docker_simulation_ws/install/custom_interfaces/lib:/home/ros/docker_simulation_ws/install/wheels_vel_cnt/lib:/home/ros/docker_simulation_ws/install/rbt_pd_cnt/lib:/home/ros/docker_simulation_ws/install/omni_vel_controller/lib:/home/ros/docker_simulation_ws/install/omni_mulinex_joystic/lib:/home/ros/docker_simulation_ws/install/ik_quad_foot_control/lib:/opt/ros/humble/opt/rviz_ogre_vendor/lib:/opt/ros/humble/lib/x86_64-linux-gnu:/opt/ros/humble/lib /usr/bin/cmake --install /home/ros/docker_simulation_ws/build/wheels_vel_cnt
