[0.095s] Invoking command in '/home/ros/docker_simulation_ws/build/rbt_pd_cnt': CMAKE_PREFIX_PATH=/home/ros/docker_simulation_ws/install/pi3hat_moteus_int_msgs:/home/ros/docker_simulation_ws/install/wheels_vel_cnt:/home/ros/docker_simulation_ws/install/rbt_pd_cnt:/home/ros/docker_simulation_ws/install/omni_vel_controller:/home/ros/docker_simulation_ws/install/omni_mulinex_joystic:/home/ros/docker_simulation_ws/install/ik_quad_foot_control:/home/ros/docker_simulation_ws/install/mulinex_ignition:/home/ros/docker_simulation_ws/install/mulinex_description:/home/ros/docker_simulation_ws/install/custom_interfaces:/home/ros/docker_simulation_ws/install/rlg_quad_controller:/home/ros/docker_simulation_ws/install/mulinex_ignition_py:/opt/ros/humble LD_LIBRARY_PATH=/home/ros/docker_simulation_ws/install/pi3hat_moteus_int_msgs/lib:/home/ros/docker_simulation_ws/install/wheels_vel_cnt/lib:/home/ros/docker_simulation_ws/install/rbt_pd_cnt/lib:/home/ros/docker_simulation_ws/install/omni_vel_controller/lib:/home/ros/docker_simulation_ws/install/omni_mulinex_joystic/lib:/home/ros/docker_simulation_ws/install/ik_quad_foot_control/lib:/home/ros/docker_simulation_ws/install/custom_interfaces/lib:/opt/ros/humble/opt/rviz_ogre_vendor/lib:/opt/ros/humble/lib/x86_64-linux-gnu:/opt/ros/humble/lib /usr/bin/cmake --build /home/ros/docker_simulation_ws/build/rbt_pd_cnt -- -j12 -l12
[0.649s] [35m[1mConsolidate compiler generated dependencies of target rbt_pd_cnt[0m
[0.650s] [100%] Built target rbt_pd_cnt
[0.656s] Invoked command in '/home/ros/docker_simulation_ws/build/rbt_pd_cnt' returned '0': CMAKE_PREFIX_PATH=/home/ros/docker_simulation_ws/install/pi3hat_moteus_int_msgs:/home/ros/docker_simulation_ws/install/wheels_vel_cnt:/home/ros/docker_simulation_ws/install/rbt_pd_cnt:/home/ros/docker_simulation_ws/install/omni_vel_controller:/home/ros/docker_simulation_ws/install/omni_mulinex_joystic:/home/ros/docker_simulation_ws/install/ik_quad_foot_control:/home/ros/docker_simulation_ws/install/mulinex_ignition:/home/ros/docker_simulation_ws/install/mulinex_description:/home/ros/docker_simulation_ws/install/custom_interfaces:/home/ros/docker_simulation_ws/install/rlg_quad_controller:/home/ros/docker_simulation_ws/install/mulinex_ignition_py:/opt/ros/humble LD_LIBRARY_PATH=/home/ros/docker_simulation_ws/install/pi3hat_moteus_int_msgs/lib:/home/ros/docker_simulation_ws/install/wheels_vel_cnt/lib:/home/ros/docker_simulation_ws/install/rbt_pd_cnt/lib:/home/ros/docker_simulation_ws/install/omni_vel_controller/lib:/home/ros/docker_simulation_ws/install/omni_mulinex_joystic/lib:/home/ros/docker_simulation_ws/install/ik_quad_foot_control/lib:/home/ros/docker_simulation_ws/install/custom_interfaces/lib:/opt/ros/humble/opt/rviz_ogre_vendor/lib:/opt/ros/humble/lib/x86_64-linux-gnu:/opt/ros/humble/lib /usr/bin/cmake --build /home/ros/docker_simulation_ws/build/rbt_pd_cnt -- -j12 -l12
[0.661s] Invoking command in '/home/ros/docker_simulation_ws/build/rbt_pd_cnt': CMAKE_PREFIX_PATH=/home/ros/docker_simulation_ws/install/pi3hat_moteus_int_msgs:/home/ros/docker_simulation_ws/install/wheels_vel_cnt:/home/ros/docker_simulation_ws/install/rbt_pd_cnt:/home/ros/docker_simulation_ws/install/omni_vel_controller:/home/ros/docker_simulation_ws/install/omni_mulinex_joystic:/home/ros/docker_simulation_ws/install/ik_quad_foot_control:/home/ros/docker_simulation_ws/install/mulinex_ignition:/home/ros/docker_simulation_ws/install/mulinex_description:/home/ros/docker_simulation_ws/install/custom_interfaces:/home/ros/docker_simulation_ws/install/rlg_quad_controller:/home/ros/docker_simulation_ws/install/mulinex_ignition_py:/opt/ros/humble LD_LIBRARY_PATH=/home/ros/docker_simulation_ws/install/pi3hat_moteus_int_msgs/lib:/home/ros/docker_simulation_ws/install/wheels_vel_cnt/lib:/home/ros/docker_simulation_ws/install/rbt_pd_cnt/lib:/home/ros/docker_simulation_ws/install/omni_vel_controller/lib:/home/ros/docker_simulation_ws/install/omni_mulinex_joystic/lib:/home/ros/docker_simulation_ws/install/ik_quad_foot_control/lib:/home/ros/docker_simulation_ws/install/custom_interfaces/lib:/opt/ros/humble/opt/rviz_ogre_vendor/lib:/opt/ros/humble/lib/x86_64-linux-gnu:/opt/ros/humble/lib /usr/bin/cmake --install /home/ros/docker_simulation_ws/build/rbt_pd_cnt
[0.729s] -- Install configuration: ""
[0.729s] -- Execute custom install script
[0.730s] -- Up-to-date symlink: /home/ros/docker_simulation_ws/install/rbt_pd_cnt/share/rbt_pd_cnt//rbt_pd_cnt.xml
[0.730s] -- Up-to-date symlink: /home/ros/docker_simulation_ws/install/rbt_pd_cnt/include/rbt_pd_cnt/real_pd_cnt.hpp
[0.731s] -- Up-to-date symlink: /home/ros/docker_simulation_ws/install/rbt_pd_cnt/include/rbt_pd_cnt/robot_pd_cnt.hpp
[0.732s] -- Up-to-date symlink: /home/ros/docker_simulation_ws/install/rbt_pd_cnt/lib/librbt_pd_cnt.so
[0.733s] -- Up-to-date symlink: /home/ros/docker_simulation_ws/install/rbt_pd_cnt/share/rbt_pd_cnt/environment/library_path.sh
[0.734s] -- Up-to-date symlink: /home/ros/docker_simulation_ws/install/rbt_pd_cnt/share/rbt_pd_cnt/environment/library_path.dsv
[0.734s] -- Up-to-date symlink: /home/ros/docker_simulation_ws/install/rbt_pd_cnt/share/ament_index/resource_index/package_run_dependencies/rbt_pd_cnt
[0.736s] -- Up-to-date symlink: /home/ros/docker_simulation_ws/install/rbt_pd_cnt/share/ament_index/resource_index/parent_prefix_path/rbt_pd_cnt
[0.736s] -- Up-to-date symlink: /home/ros/docker_simulation_ws/install/rbt_pd_cnt/share/rbt_pd_cnt/environment/ament_prefix_path.sh
[0.737s] -- Up-to-date symlink: /home/ros/docker_simulation_ws/install/rbt_pd_cnt/share/rbt_pd_cnt/environment/ament_prefix_path.dsv
[0.739s] -- Up-to-date symlink: /home/ros/docker_simulation_ws/install/rbt_pd_cnt/share/rbt_pd_cnt/environment/path.sh
[0.739s] -- Up-to-date symlink: /home/ros/docker_simulation_ws/install/rbt_pd_cnt/share/rbt_pd_cnt/environment/path.dsv
[0.741s] -- Up-to-date symlink: /home/ros/docker_simulation_ws/install/rbt_pd_cnt/share/rbt_pd_cnt/local_setup.bash
[0.742s] -- Up-to-date symlink: /home/ros/docker_simulation_ws/install/rbt_pd_cnt/share/rbt_pd_cnt/local_setup.sh
[0.763s] -- Up-to-date symlink: /home/ros/docker_simulation_ws/install/rbt_pd_cnt/share/rbt_pd_cnt/local_setup.zsh
[0.773s] -- Up-to-date symlink: /home/ros/docker_simulation_ws/install/rbt_pd_cnt/share/rbt_pd_cnt/local_setup.dsv
[0.773s] -- Symlinking: /home/ros/docker_simulation_ws/install/rbt_pd_cnt/share/rbt_pd_cnt/package.dsv
[0.785s] -- Up-to-date symlink: /home/ros/docker_simulation_ws/install/rbt_pd_cnt/share/ament_index/resource_index/packages/rbt_pd_cnt
[0.787s] -- Up-to-date symlink: /home/ros/docker_simulation_ws/install/rbt_pd_cnt/share/ament_index/resource_index/controller_interface__pluginlib__plugin/rbt_pd_cnt
[0.791s] -- Up-to-date symlink: /home/ros/docker_simulation_ws/install/rbt_pd_cnt/share/rbt_pd_cnt/cmake/ament_cmake_export_dependencies-extras.cmake
[0.792s] -- Up-to-date symlink: /home/ros/docker_simulation_ws/install/rbt_pd_cnt/share/rbt_pd_cnt/cmake/ament_cmake_export_include_directories-extras.cmake
[0.792s] -- Up-to-date symlink: /home/ros/docker_simulation_ws/install/rbt_pd_cnt/share/rbt_pd_cnt/cmake/ament_cmake_export_libraries-extras.cmake
[0.793s] -- Up-to-date symlink: /home/ros/docker_simulation_ws/install/rbt_pd_cnt/share/rbt_pd_cnt/cmake/rbt_pd_cntConfig.cmake
[0.793s] -- Up-to-date symlink: /home/ros/docker_simulation_ws/install/rbt_pd_cnt/share/rbt_pd_cnt/cmake/rbt_pd_cntConfig-version.cmake
[0.793s] -- Up-to-date symlink: /home/ros/docker_simulation_ws/install/rbt_pd_cnt/share/rbt_pd_cnt/package.xml
[0.864s] Invoked command in '/home/ros/docker_simulation_ws/build/rbt_pd_cnt' returned '0': CMAKE_PREFIX_PATH=/home/ros/docker_simulation_ws/install/pi3hat_moteus_int_msgs:/home/ros/docker_simulation_ws/install/wheels_vel_cnt:/home/ros/docker_simulation_ws/install/rbt_pd_cnt:/home/ros/docker_simulation_ws/install/omni_vel_controller:/home/ros/docker_simulation_ws/install/omni_mulinex_joystic:/home/ros/docker_simulation_ws/install/ik_quad_foot_control:/home/ros/docker_simulation_ws/install/mulinex_ignition:/home/ros/docker_simulation_ws/install/mulinex_description:/home/ros/docker_simulation_ws/install/custom_interfaces:/home/ros/docker_simulation_ws/install/rlg_quad_controller:/home/ros/docker_simulation_ws/install/mulinex_ignition_py:/opt/ros/humble LD_LIBRARY_PATH=/home/ros/docker_simulation_ws/install/pi3hat_moteus_int_msgs/lib:/home/ros/docker_simulation_ws/install/wheels_vel_cnt/lib:/home/ros/docker_simulation_ws/install/rbt_pd_cnt/lib:/home/ros/docker_simulation_ws/install/omni_vel_controller/lib:/home/ros/docker_simulation_ws/install/omni_mulinex_joystic/lib:/home/ros/docker_simulation_ws/install/ik_quad_foot_control/lib:/home/ros/docker_simulation_ws/install/custom_interfaces/lib:/opt/ros/humble/opt/rviz_ogre_vendor/lib:/opt/ros/humble/lib/x86_64-linux-gnu:/opt/ros/humble/lib /usr/bin/cmake --install /home/ros/docker_simulation_ws/build/rbt_pd_cnt
