[0.176s] Invoking command in '/home/ros/docker_simulation_ws/build/pi3hat_moteus_int_msgs': CMAKE_PREFIX_PATH=${CMAKE_PREFIX_PATH}:/home/ros/docker_simulation_ws/install/rlg_quad_controller:/home/ros/docker_simulation_ws/install/mulinex_ignition_py:/opt/ros/humble /usr/bin/cmake --build /home/ros/docker_simulation_ws/build/pi3hat_moteus_int_msgs -- -j12 -l12
[0.503s] [  1%] Built target pi3hat_moteus_int_msgs__cpp
[0.540s] [ 12%] Built target pi3hat_moteus_int_msgs__rosidl_generator_c
[0.547s] [ 12%] Built target ament_cmake_python_symlink_pi3hat_moteus_int_msgs
[0.676s] [ 23%] Built target pi3hat_moteus_int_msgs__rosidl_typesupport_cpp
[0.680s] [ 34%] Built target pi3hat_moteus_int_msgs__rosidl_typesupport_fastrtps_cpp
[0.702s] [ 46%] Built target pi3hat_moteus_int_msgs__rosidl_typesupport_introspection_c
[0.730s] [ 58%] Built target pi3hat_moteus_int_msgs__rosidl_typesupport_c
[0.731s] [ 71%] Built target pi3hat_moteus_int_msgs__rosidl_typesupport_fastrtps_c
[0.731s] [ 79%] Built target pi3hat_moteus_int_msgs__rosidl_typesupport_introspection_cpp
[0.823s] [ 79%] Built target pi3hat_moteus_int_msgs
[0.936s] [ 80%] Built target pi3hat_moteus_int_msgs__py
[1.055s] [ 90%] Built target pi3hat_moteus_int_msgs__rosidl_generator_py
[1.190s] [ 93%] Built target pi3hat_moteus_int_msgs__rosidl_typesupport_introspection_c__pyext
[1.210s] [ 96%] Built target pi3hat_moteus_int_msgs__rosidl_typesupport_fastrtps_c__pyext
[1.219s] [100%] Built target pi3hat_moteus_int_msgs__rosidl_typesupport_c__pyext
[1.734s] running egg_info
[1.737s] writing pi3hat_moteus_int_msgs.egg-info/PKG-INFO
[1.738s] writing dependency_links to pi3hat_moteus_int_msgs.egg-info/dependency_links.txt
[1.740s] writing top-level names to pi3hat_moteus_int_msgs.egg-info/top_level.txt
[1.747s] reading manifest file 'pi3hat_moteus_int_msgs.egg-info/SOURCES.txt'
[1.754s] writing manifest file 'pi3hat_moteus_int_msgs.egg-info/SOURCES.txt'
[1.854s] [100%] Built target ament_cmake_python_build_pi3hat_moteus_int_msgs_egg
[1.903s] Invoked command in '/home/ros/docker_simulation_ws/build/pi3hat_moteus_int_msgs' returned '0': CMAKE_PREFIX_PATH=${CMAKE_PREFIX_PATH}:/home/ros/docker_simulation_ws/install/rlg_quad_controller:/home/ros/docker_simulation_ws/install/mulinex_ignition_py:/opt/ros/humble /usr/bin/cmake --build /home/ros/docker_simulation_ws/build/pi3hat_moteus_int_msgs -- -j12 -l12
[1.911s] Invoking command in '/home/ros/docker_simulation_ws/build/pi3hat_moteus_int_msgs': CMAKE_PREFIX_PATH=${CMAKE_PREFIX_PATH}:/home/ros/docker_simulation_ws/install/rlg_quad_controller:/home/ros/docker_simulation_ws/install/mulinex_ignition_py:/opt/ros/humble /usr/bin/cmake --install /home/ros/docker_simulation_ws/build/pi3hat_moteus_int_msgs
[1.941s] -- Install configuration: ""
[1.943s] -- Execute custom install script
[1.944s] -- Up-to-date symlink: /home/ros/docker_simulation_ws/install/pi3hat_moteus_int_msgs/share/ament_index/resource_index/rosidl_interfaces/pi3hat_moteus_int_msgs
[1.947s] -- Up-to-date symlink: /home/ros/docker_simulation_ws/install/pi3hat_moteus_int_msgs/include/pi3hat_moteus_int_msgs/pi3hat_moteus_int_msgs/msg/detail/joints_command__functions.h
[1.948s] -- Up-to-date symlink: /home/ros/docker_simulation_ws/install/pi3hat_moteus_int_msgs/include/pi3hat_moteus_int_msgs/pi3hat_moteus_int_msgs/msg/detail/joints_command__struct.h
[1.948s] -- Up-to-date symlink: /home/ros/docker_simulation_ws/install/pi3hat_moteus_int_msgs/include/pi3hat_moteus_int_msgs/pi3hat_moteus_int_msgs/msg/detail/joints_command__type_support.h
[1.950s] -- Up-to-date symlink: /home/ros/docker_simulation_ws/install/pi3hat_moteus_int_msgs/include/pi3hat_moteus_int_msgs/pi3hat_moteus_int_msgs/msg/detail/joints_states__functions.h
[1.951s] -- Up-to-date symlink: /home/ros/docker_simulation_ws/install/pi3hat_moteus_int_msgs/include/pi3hat_moteus_int_msgs/pi3hat_moteus_int_msgs/msg/detail/joints_states__struct.h
[1.951s] -- Up-to-date symlink: /home/ros/docker_simulation_ws/install/pi3hat_moteus_int_msgs/include/pi3hat_moteus_int_msgs/pi3hat_moteus_int_msgs/msg/detail/joints_states__type_support.h
[1.954s] -- Up-to-date symlink: /home/ros/docker_simulation_ws/install/pi3hat_moteus_int_msgs/include/pi3hat_moteus_int_msgs/pi3hat_moteus_int_msgs/msg/detail/omni_mulinex_command__functions.h
[1.956s] -- Up-to-date symlink: /home/ros/docker_simulation_ws/install/pi3hat_moteus_int_msgs/include/pi3hat_moteus_int_msgs/pi3hat_moteus_int_msgs/msg/detail/omni_mulinex_command__struct.h
[1.957s] -- Up-to-date symlink: /home/ros/docker_simulation_ws/install/pi3hat_moteus_int_msgs/include/pi3hat_moteus_int_msgs/pi3hat_moteus_int_msgs/msg/detail/omni_mulinex_command__type_support.h
[1.957s] -- Up-to-date symlink: /home/ros/docker_simulation_ws/install/pi3hat_moteus_int_msgs/include/pi3hat_moteus_int_msgs/pi3hat_moteus_int_msgs/msg/detail/packet_pass__functions.h
[1.958s] -- Up-to-date symlink: /home/ros/docker_simulation_ws/install/pi3hat_moteus_int_msgs/include/pi3hat_moteus_int_msgs/pi3hat_moteus_int_msgs/msg/detail/packet_pass__struct.h
[1.958s] -- Up-to-date symlink: /home/ros/docker_simulation_ws/install/pi3hat_moteus_int_msgs/include/pi3hat_moteus_int_msgs/pi3hat_moteus_int_msgs/msg/detail/packet_pass__type_support.h
[1.958s] -- Up-to-date symlink: /home/ros/docker_simulation_ws/install/pi3hat_moteus_int_msgs/include/pi3hat_moteus_int_msgs/pi3hat_moteus_int_msgs/msg/detail/quad_foot_state__functions.h
[1.958s] -- Up-to-date symlink: /home/ros/docker_simulation_ws/install/pi3hat_moteus_int_msgs/include/pi3hat_moteus_int_msgs/pi3hat_moteus_int_msgs/msg/detail/quad_foot_state__struct.h
[1.966s] -- Up-to-date symlink: /home/ros/docker_simulation_ws/install/pi3hat_moteus_int_msgs/include/pi3hat_moteus_int_msgs/pi3hat_moteus_int_msgs/msg/detail/quad_foot_state__type_support.h
[1.966s] -- Up-to-date symlink: /home/ros/docker_simulation_ws/install/pi3hat_moteus_int_msgs/include/pi3hat_moteus_int_msgs/pi3hat_moteus_int_msgs/msg/joints_command.h
[1.969s] -- Up-to-date symlink: /home/ros/docker_simulation_ws/install/pi3hat_moteus_int_msgs/include/pi3hat_moteus_int_msgs/pi3hat_moteus_int_msgs/msg/joints_states.h
[1.969s] -- Up-to-date symlink: /home/ros/docker_simulation_ws/install/pi3hat_moteus_int_msgs/include/pi3hat_moteus_int_msgs/pi3hat_moteus_int_msgs/msg/omni_mulinex_command.h
[1.969s] -- Up-to-date symlink: /home/ros/docker_simulation_ws/install/pi3hat_moteus_int_msgs/include/pi3hat_moteus_int_msgs/pi3hat_moteus_int_msgs/msg/packet_pass.h
[1.969s] -- Up-to-date symlink: /home/ros/docker_simulation_ws/install/pi3hat_moteus_int_msgs/include/pi3hat_moteus_int_msgs/pi3hat_moteus_int_msgs/msg/quad_foot_state.h
[1.970s] -- Up-to-date symlink: /home/ros/docker_simulation_ws/install/pi3hat_moteus_int_msgs/include/pi3hat_moteus_int_msgs/pi3hat_moteus_int_msgs/msg/rosidl_generator_c__visibility_control.h
[1.970s] -- Up-to-date symlink: /home/ros/docker_simulation_ws/install/pi3hat_moteus_int_msgs/share/pi3hat_moteus_int_msgs/environment/library_path.sh
[1.970s] -- Up-to-date symlink: /home/ros/docker_simulation_ws/install/pi3hat_moteus_int_msgs/share/pi3hat_moteus_int_msgs/environment/library_path.dsv
[1.971s] -- Up-to-date symlink: /home/ros/docker_simulation_ws/install/pi3hat_moteus_int_msgs/include/pi3hat_moteus_int_msgs/pi3hat_moteus_int_msgs/msg/detail/joints_command__rosidl_typesupport_fastrtps_c.h
[1.971s] -- Up-to-date symlink: /home/ros/docker_simulation_ws/install/pi3hat_moteus_int_msgs/include/pi3hat_moteus_int_msgs/pi3hat_moteus_int_msgs/msg/detail/joints_states__rosidl_typesupport_fastrtps_c.h
[1.971s] -- Up-to-date symlink: /home/ros/docker_simulation_ws/install/pi3hat_moteus_int_msgs/include/pi3hat_moteus_int_msgs/pi3hat_moteus_int_msgs/msg/detail/omni_mulinex_command__rosidl_typesupport_fastrtps_c.h
[1.971s] -- Up-to-date symlink: /home/ros/docker_simulation_ws/install/pi3hat_moteus_int_msgs/include/pi3hat_moteus_int_msgs/pi3hat_moteus_int_msgs/msg/detail/packet_pass__rosidl_typesupport_fastrtps_c.h
[1.972s] -- Up-to-date symlink: /home/ros/docker_simulation_ws/install/pi3hat_moteus_int_msgs/include/pi3hat_moteus_int_msgs/pi3hat_moteus_int_msgs/msg/detail/quad_foot_state__rosidl_typesupport_fastrtps_c.h
[1.972s] -- Up-to-date symlink: /home/ros/docker_simulation_ws/install/pi3hat_moteus_int_msgs/include/pi3hat_moteus_int_msgs/pi3hat_moteus_int_msgs/msg/rosidl_typesupport_fastrtps_c__visibility_control.h
[1.974s] -- Up-to-date symlink: /home/ros/docker_simulation_ws/install/pi3hat_moteus_int_msgs/include/pi3hat_moteus_int_msgs/pi3hat_moteus_int_msgs/msg/detail/joints_command__builder.hpp
[1.978s] -- Up-to-date symlink: /home/ros/docker_simulation_ws/install/pi3hat_moteus_int_msgs/include/pi3hat_moteus_int_msgs/pi3hat_moteus_int_msgs/msg/detail/joints_command__struct.hpp
[1.978s] -- Up-to-date symlink: /home/ros/docker_simulation_ws/install/pi3hat_moteus_int_msgs/include/pi3hat_moteus_int_msgs/pi3hat_moteus_int_msgs/msg/detail/joints_command__traits.hpp
[1.979s] -- Up-to-date symlink: /home/ros/docker_simulation_ws/install/pi3hat_moteus_int_msgs/include/pi3hat_moteus_int_msgs/pi3hat_moteus_int_msgs/msg/detail/joints_command__type_support.hpp
[1.979s] -- Up-to-date symlink: /home/ros/docker_simulation_ws/install/pi3hat_moteus_int_msgs/include/pi3hat_moteus_int_msgs/pi3hat_moteus_int_msgs/msg/detail/joints_states__builder.hpp
[1.979s] -- Up-to-date symlink: /home/ros/docker_simulation_ws/install/pi3hat_moteus_int_msgs/include/pi3hat_moteus_int_msgs/pi3hat_moteus_int_msgs/msg/detail/joints_states__struct.hpp
[1.979s] -- Up-to-date symlink: /home/ros/docker_simulation_ws/install/pi3hat_moteus_int_msgs/include/pi3hat_moteus_int_msgs/pi3hat_moteus_int_msgs/msg/detail/joints_states__traits.hpp
[1.980s] -- Up-to-date symlink: /home/ros/docker_simulation_ws/install/pi3hat_moteus_int_msgs/include/pi3hat_moteus_int_msgs/pi3hat_moteus_int_msgs/msg/detail/joints_states__type_support.hpp
[1.980s] -- Up-to-date symlink: /home/ros/docker_simulation_ws/install/pi3hat_moteus_int_msgs/include/pi3hat_moteus_int_msgs/pi3hat_moteus_int_msgs/msg/detail/omni_mulinex_command__builder.hpp
[1.981s] -- Up-to-date symlink: /home/ros/docker_simulation_ws/install/pi3hat_moteus_int_msgs/include/pi3hat_moteus_int_msgs/pi3hat_moteus_int_msgs/msg/detail/omni_mulinex_command__struct.hpp
[1.983s] -- Up-to-date symlink: /home/ros/docker_simulation_ws/install/pi3hat_moteus_int_msgs/include/pi3hat_moteus_int_msgs/pi3hat_moteus_int_msgs/msg/detail/omni_mulinex_command__traits.hpp
[1.984s] -- Up-to-date symlink: /home/ros/docker_simulation_ws/install/pi3hat_moteus_int_msgs/include/pi3hat_moteus_int_msgs/pi3hat_moteus_int_msgs/msg/detail/omni_mulinex_command__type_support.hpp
[1.984s] -- Up-to-date symlink: /home/ros/docker_simulation_ws/install/pi3hat_moteus_int_msgs/include/pi3hat_moteus_int_msgs/pi3hat_moteus_int_msgs/msg/detail/packet_pass__builder.hpp
[1.985s] -- Up-to-date symlink: /home/ros/docker_simulation_ws/install/pi3hat_moteus_int_msgs/include/pi3hat_moteus_int_msgs/pi3hat_moteus_int_msgs/msg/detail/packet_pass__struct.hpp
[1.985s] -- Up-to-date symlink: /home/ros/docker_simulation_ws/install/pi3hat_moteus_int_msgs/include/pi3hat_moteus_int_msgs/pi3hat_moteus_int_msgs/msg/detail/packet_pass__traits.hpp
[1.985s] -- Up-to-date symlink: /home/ros/docker_simulation_ws/install/pi3hat_moteus_int_msgs/include/pi3hat_moteus_int_msgs/pi3hat_moteus_int_msgs/msg/detail/packet_pass__type_support.hpp
[1.986s] -- Up-to-date symlink: /home/ros/docker_simulation_ws/install/pi3hat_moteus_int_msgs/include/pi3hat_moteus_int_msgs/pi3hat_moteus_int_msgs/msg/detail/quad_foot_state__builder.hpp
[1.986s] -- Up-to-date symlink: /home/ros/docker_simulation_ws/install/pi3hat_moteus_int_msgs/include/pi3hat_moteus_int_msgs/pi3hat_moteus_int_msgs/msg/detail/quad_foot_state__struct.hpp
[1.986s] -- Up-to-date symlink: /home/ros/docker_simulation_ws/install/pi3hat_moteus_int_msgs/include/pi3hat_moteus_int_msgs/pi3hat_moteus_int_msgs/msg/detail/quad_foot_state__traits.hpp
[1.987s] -- Up-to-date symlink: /home/ros/docker_simulation_ws/install/pi3hat_moteus_int_msgs/include/pi3hat_moteus_int_msgs/pi3hat_moteus_int_msgs/msg/detail/quad_foot_state__type_support.hpp
[1.987s] -- Up-to-date symlink: /home/ros/docker_simulation_ws/install/pi3hat_moteus_int_msgs/include/pi3hat_moteus_int_msgs/pi3hat_moteus_int_msgs/msg/joints_command.hpp
[1.987s] -- Up-to-date symlink: /home/ros/docker_simulation_ws/install/pi3hat_moteus_int_msgs/include/pi3hat_moteus_int_msgs/pi3hat_moteus_int_msgs/msg/joints_states.hpp
[1.987s] -- Up-to-date symlink: /home/ros/docker_simulation_ws/install/pi3hat_moteus_int_msgs/include/pi3hat_moteus_int_msgs/pi3hat_moteus_int_msgs/msg/omni_mulinex_command.hpp
[1.987s] -- Up-to-date symlink: /home/ros/docker_simulation_ws/install/pi3hat_moteus_int_msgs/include/pi3hat_moteus_int_msgs/pi3hat_moteus_int_msgs/msg/packet_pass.hpp
[1.988s] -- Up-to-date symlink: /home/ros/docker_simulation_ws/install/pi3hat_moteus_int_msgs/include/pi3hat_moteus_int_msgs/pi3hat_moteus_int_msgs/msg/quad_foot_state.hpp
[1.989s] -- Up-to-date symlink: /home/ros/docker_simulation_ws/install/pi3hat_moteus_int_msgs/include/pi3hat_moteus_int_msgs/pi3hat_moteus_int_msgs/msg/rosidl_generator_cpp__visibility_control.hpp
[1.989s] -- Up-to-date symlink: /home/ros/docker_simulation_ws/install/pi3hat_moteus_int_msgs/include/pi3hat_moteus_int_msgs/pi3hat_moteus_int_msgs/msg/detail/joints_command__rosidl_typesupport_fastrtps_cpp.hpp
[1.989s] -- Up-to-date symlink: /home/ros/docker_simulation_ws/install/pi3hat_moteus_int_msgs/include/pi3hat_moteus_int_msgs/pi3hat_moteus_int_msgs/msg/detail/joints_states__rosidl_typesupport_fastrtps_cpp.hpp
[1.990s] -- Up-to-date symlink: /home/ros/docker_simulation_ws/install/pi3hat_moteus_int_msgs/include/pi3hat_moteus_int_msgs/pi3hat_moteus_int_msgs/msg/detail/omni_mulinex_command__rosidl_typesupport_fastrtps_cpp.hpp
[1.991s] -- Up-to-date symlink: /home/ros/docker_simulation_ws/install/pi3hat_moteus_int_msgs/include/pi3hat_moteus_int_msgs/pi3hat_moteus_int_msgs/msg/detail/packet_pass__rosidl_typesupport_fastrtps_cpp.hpp
[1.992s] -- Up-to-date symlink: /home/ros/docker_simulation_ws/install/pi3hat_moteus_int_msgs/include/pi3hat_moteus_int_msgs/pi3hat_moteus_int_msgs/msg/detail/quad_foot_state__rosidl_typesupport_fastrtps_cpp.hpp
[1.992s] -- Up-to-date symlink: /home/ros/docker_simulation_ws/install/pi3hat_moteus_int_msgs/include/pi3hat_moteus_int_msgs/pi3hat_moteus_int_msgs/msg/rosidl_typesupport_fastrtps_cpp__visibility_control.h
[1.994s] -- Up-to-date symlink: /home/ros/docker_simulation_ws/install/pi3hat_moteus_int_msgs/include/pi3hat_moteus_int_msgs/pi3hat_moteus_int_msgs/msg/detail/joints_command__rosidl_typesupport_introspection_c.h
[1.996s] -- Up-to-date symlink: /home/ros/docker_simulation_ws/install/pi3hat_moteus_int_msgs/include/pi3hat_moteus_int_msgs/pi3hat_moteus_int_msgs/msg/detail/joints_states__rosidl_typesupport_introspection_c.h
[1.996s] -- Up-to-date symlink: /home/ros/docker_simulation_ws/install/pi3hat_moteus_int_msgs/include/pi3hat_moteus_int_msgs/pi3hat_moteus_int_msgs/msg/detail/omni_mulinex_command__rosidl_typesupport_introspection_c.h
[1.997s] -- Up-to-date symlink: /home/ros/docker_simulation_ws/install/pi3hat_moteus_int_msgs/include/pi3hat_moteus_int_msgs/pi3hat_moteus_int_msgs/msg/detail/packet_pass__rosidl_typesupport_introspection_c.h
[1.997s] -- Up-to-date symlink: /home/ros/docker_simulation_ws/install/pi3hat_moteus_int_msgs/include/pi3hat_moteus_int_msgs/pi3hat_moteus_int_msgs/msg/detail/quad_foot_state__rosidl_typesupport_introspection_c.h
[1.998s] -- Up-to-date symlink: /home/ros/docker_simulation_ws/install/pi3hat_moteus_int_msgs/include/pi3hat_moteus_int_msgs/pi3hat_moteus_int_msgs/msg/rosidl_typesupport_introspection_c__visibility_control.h
[2.000s] -- Up-to-date symlink: /home/ros/docker_simulation_ws/install/pi3hat_moteus_int_msgs/include/pi3hat_moteus_int_msgs/pi3hat_moteus_int_msgs/msg/detail/joints_command__rosidl_typesupport_introspection_cpp.hpp
[2.002s] -- Up-to-date symlink: /home/ros/docker_simulation_ws/install/pi3hat_moteus_int_msgs/include/pi3hat_moteus_int_msgs/pi3hat_moteus_int_msgs/msg/detail/joints_states__rosidl_typesupport_introspection_cpp.hpp
[2.002s] -- Up-to-date symlink: /home/ros/docker_simulation_ws/install/pi3hat_moteus_int_msgs/include/pi3hat_moteus_int_msgs/pi3hat_moteus_int_msgs/msg/detail/omni_mulinex_command__rosidl_typesupport_introspection_cpp.hpp
[2.003s] -- Up-to-date symlink: /home/ros/docker_simulation_ws/install/pi3hat_moteus_int_msgs/include/pi3hat_moteus_int_msgs/pi3hat_moteus_int_msgs/msg/detail/packet_pass__rosidl_typesupport_introspection_cpp.hpp
[2.004s] -- Up-to-date symlink: /home/ros/docker_simulation_ws/install/pi3hat_moteus_int_msgs/include/pi3hat_moteus_int_msgs/pi3hat_moteus_int_msgs/msg/detail/quad_foot_state__rosidl_typesupport_introspection_cpp.hpp
[2.004s] -- Up-to-date symlink: /home/ros/docker_simulation_ws/install/pi3hat_moteus_int_msgs/share/pi3hat_moteus_int_msgs/environment/pythonpath.sh
[2.005s] -- Up-to-date symlink: /home/ros/docker_simulation_ws/install/pi3hat_moteus_int_msgs/share/pi3hat_moteus_int_msgs/environment/pythonpath.dsv
[2.007s] -- Up-to-date symlink: /home/ros/docker_simulation_ws/install/pi3hat_moteus_int_msgs/local/lib/python3.10/dist-packages/pi3hat_moteus_int_msgs-0.0.0-py3.10.egg-info/PKG-INFO
[2.007s] -- Up-to-date symlink: /home/ros/docker_simulation_ws/install/pi3hat_moteus_int_msgs/local/lib/python3.10/dist-packages/pi3hat_moteus_int_msgs-0.0.0-py3.10.egg-info/SOURCES.txt
[2.008s] -- Up-to-date symlink: /home/ros/docker_simulation_ws/install/pi3hat_moteus_int_msgs/local/lib/python3.10/dist-packages/pi3hat_moteus_int_msgs-0.0.0-py3.10.egg-info/dependency_links.txt
[2.008s] -- Up-to-date symlink: /home/ros/docker_simulation_ws/install/pi3hat_moteus_int_msgs/local/lib/python3.10/dist-packages/pi3hat_moteus_int_msgs-0.0.0-py3.10.egg-info/top_level.txt
[2.008s] -- Up-to-date symlink: /home/ros/docker_simulation_ws/install/pi3hat_moteus_int_msgs/local/lib/python3.10/dist-packages/pi3hat_moteus_int_msgs/__init__.py
[2.011s] -- Up-to-date symlink: /home/ros/docker_simulation_ws/install/pi3hat_moteus_int_msgs/local/lib/python3.10/dist-packages/pi3hat_moteus_int_msgs/_pi3hat_moteus_int_msgs_s.ep.rosidl_typesupport_c.c
[2.012s] -- Up-to-date symlink: /home/ros/docker_simulation_ws/install/pi3hat_moteus_int_msgs/local/lib/python3.10/dist-packages/pi3hat_moteus_int_msgs/_pi3hat_moteus_int_msgs_s.ep.rosidl_typesupport_fastrtps_c.c
[2.012s] -- Up-to-date symlink: /home/ros/docker_simulation_ws/install/pi3hat_moteus_int_msgs/local/lib/python3.10/dist-packages/pi3hat_moteus_int_msgs/_pi3hat_moteus_int_msgs_s.ep.rosidl_typesupport_introspection_c.c
[2.012s] -- Up-to-date symlink: /home/ros/docker_simulation_ws/install/pi3hat_moteus_int_msgs/local/lib/python3.10/dist-packages/pi3hat_moteus_int_msgs/libpi3hat_moteus_int_msgs__rosidl_generator_py.so
[2.015s] -- Up-to-date symlink: /home/ros/docker_simulation_ws/install/pi3hat_moteus_int_msgs/local/lib/python3.10/dist-packages/pi3hat_moteus_int_msgs/msg/__init__.py
[2.016s] -- Up-to-date symlink: /home/ros/docker_simulation_ws/install/pi3hat_moteus_int_msgs/local/lib/python3.10/dist-packages/pi3hat_moteus_int_msgs/msg/_joints_command.py
[2.016s] -- Up-to-date symlink: /home/ros/docker_simulation_ws/install/pi3hat_moteus_int_msgs/local/lib/python3.10/dist-packages/pi3hat_moteus_int_msgs/msg/_joints_command_s.c
[2.017s] -- Up-to-date symlink: /home/ros/docker_simulation_ws/install/pi3hat_moteus_int_msgs/local/lib/python3.10/dist-packages/pi3hat_moteus_int_msgs/msg/_joints_states.py
[2.020s] -- Up-to-date symlink: /home/ros/docker_simulation_ws/install/pi3hat_moteus_int_msgs/local/lib/python3.10/dist-packages/pi3hat_moteus_int_msgs/msg/_joints_states_s.c
[2.021s] -- Up-to-date symlink: /home/ros/docker_simulation_ws/install/pi3hat_moteus_int_msgs/local/lib/python3.10/dist-packages/pi3hat_moteus_int_msgs/msg/_omni_mulinex_command.py
[2.021s] -- Up-to-date symlink: /home/ros/docker_simulation_ws/install/pi3hat_moteus_int_msgs/local/lib/python3.10/dist-packages/pi3hat_moteus_int_msgs/msg/_omni_mulinex_command_s.c
[2.022s] -- Up-to-date symlink: /home/ros/docker_simulation_ws/install/pi3hat_moteus_int_msgs/local/lib/python3.10/dist-packages/pi3hat_moteus_int_msgs/msg/_packet_pass.py
[2.022s] -- Up-to-date symlink: /home/ros/docker_simulation_ws/install/pi3hat_moteus_int_msgs/local/lib/python3.10/dist-packages/pi3hat_moteus_int_msgs/msg/_packet_pass_s.c
[2.022s] -- Up-to-date symlink: /home/ros/docker_simulation_ws/install/pi3hat_moteus_int_msgs/local/lib/python3.10/dist-packages/pi3hat_moteus_int_msgs/msg/_quad_foot_state.py
[2.022s] -- Up-to-date symlink: /home/ros/docker_simulation_ws/install/pi3hat_moteus_int_msgs/local/lib/python3.10/dist-packages/pi3hat_moteus_int_msgs/msg/_quad_foot_state_s.c
[2.023s] -- Up-to-date symlink: /home/ros/docker_simulation_ws/install/pi3hat_moteus_int_msgs/local/lib/python3.10/dist-packages/pi3hat_moteus_int_msgs/pi3hat_moteus_int_msgs_s__rosidl_typesupport_c.cpython-310-x86_64-linux-gnu.so
[2.023s] -- Up-to-date symlink: /home/ros/docker_simulation_ws/install/pi3hat_moteus_int_msgs/local/lib/python3.10/dist-packages/pi3hat_moteus_int_msgs/pi3hat_moteus_int_msgs_s__rosidl_typesupport_fastrtps_c.cpython-310-x86_64-linux-gnu.so
[2.024s] -- Up-to-date symlink: /home/ros/docker_simulation_ws/install/pi3hat_moteus_int_msgs/local/lib/python3.10/dist-packages/pi3hat_moteus_int_msgs/pi3hat_moteus_int_msgs_s__rosidl_typesupport_introspection_c.cpython-310-x86_64-linux-gnu.so
[2.037s] -- Up-to-date symlink: /home/ros/docker_simulation_ws/install/pi3hat_moteus_int_msgs/local/lib/python3.10/dist-packages/pi3hat_moteus_int_msgs/pi3hat_moteus_int_msgs_s__rosidl_typesupport_fastrtps_c.cpython-310-x86_64-linux-gnu.so
[2.037s] -- Up-to-date symlink: /home/ros/docker_simulation_ws/install/pi3hat_moteus_int_msgs/local/lib/python3.10/dist-packages/pi3hat_moteus_int_msgs/pi3hat_moteus_int_msgs_s__rosidl_typesupport_introspection_c.cpython-310-x86_64-linux-gnu.so
[2.038s] -- Up-to-date symlink: /home/ros/docker_simulation_ws/install/pi3hat_moteus_int_msgs/local/lib/python3.10/dist-packages/pi3hat_moteus_int_msgs/pi3hat_moteus_int_msgs_s__rosidl_typesupport_c.cpython-310-x86_64-linux-gnu.so
[2.043s] -- Up-to-date symlink: /home/ros/docker_simulation_ws/install/pi3hat_moteus_int_msgs/share/pi3hat_moteus_int_msgs/msg/PacketPass.idl
[2.044s] -- Up-to-date symlink: /home/ros/docker_simulation_ws/install/pi3hat_moteus_int_msgs/share/pi3hat_moteus_int_msgs/msg/JointsStates.idl
[2.045s] -- Up-to-date symlink: /home/ros/docker_simulation_ws/install/pi3hat_moteus_int_msgs/share/pi3hat_moteus_int_msgs/msg/JointsCommand.idl
[2.046s] -- Up-to-date symlink: /home/ros/docker_simulation_ws/install/pi3hat_moteus_int_msgs/share/pi3hat_moteus_int_msgs/msg/OmniMulinexCommand.idl
[2.049s] -- Up-to-date symlink: /home/ros/docker_simulation_ws/install/pi3hat_moteus_int_msgs/share/pi3hat_moteus_int_msgs/msg/QuadFootState.idl
[2.050s] -- Up-to-date symlink: /home/ros/docker_simulation_ws/install/pi3hat_moteus_int_msgs/share/pi3hat_moteus_int_msgs/msg/PacketPass.msg
[2.051s] -- Up-to-date symlink: /home/ros/docker_simulation_ws/install/pi3hat_moteus_int_msgs/share/pi3hat_moteus_int_msgs/msg/JointsStates.msg
[2.051s] -- Up-to-date symlink: /home/ros/docker_simulation_ws/install/pi3hat_moteus_int_msgs/share/pi3hat_moteus_int_msgs/msg/JointsCommand.msg
[2.052s] -- Up-to-date symlink: /home/ros/docker_simulation_ws/install/pi3hat_moteus_int_msgs/share/pi3hat_moteus_int_msgs/msg/OmniMulinexCommand.msg
[2.052s] -- Up-to-date symlink: /home/ros/docker_simulation_ws/install/pi3hat_moteus_int_msgs/share/pi3hat_moteus_int_msgs/msg/QuadFootState.msg
[2.053s] -- Up-to-date symlink: /home/ros/docker_simulation_ws/install/pi3hat_moteus_int_msgs/share/ament_index/resource_index/package_run_dependencies/pi3hat_moteus_int_msgs
[2.054s] -- Up-to-date symlink: /home/ros/docker_simulation_ws/install/pi3hat_moteus_int_msgs/share/ament_index/resource_index/parent_prefix_path/pi3hat_moteus_int_msgs
[2.062s] -- Up-to-date symlink: /home/ros/docker_simulation_ws/install/pi3hat_moteus_int_msgs/share/pi3hat_moteus_int_msgs/environment/ament_prefix_path.sh
[2.063s] -- Up-to-date symlink: /home/ros/docker_simulation_ws/install/pi3hat_moteus_int_msgs/share/pi3hat_moteus_int_msgs/environment/ament_prefix_path.dsv
[2.064s] -- Up-to-date symlink: /home/ros/docker_simulation_ws/install/pi3hat_moteus_int_msgs/share/pi3hat_moteus_int_msgs/environment/path.sh
[2.065s] -- Up-to-date symlink: /home/ros/docker_simulation_ws/install/pi3hat_moteus_int_msgs/share/pi3hat_moteus_int_msgs/environment/path.dsv
[2.066s] -- Up-to-date symlink: /home/ros/docker_simulation_ws/install/pi3hat_moteus_int_msgs/share/pi3hat_moteus_int_msgs/local_setup.bash
[2.067s] -- Up-to-date symlink: /home/ros/docker_simulation_ws/install/pi3hat_moteus_int_msgs/share/pi3hat_moteus_int_msgs/local_setup.sh
[2.067s] -- Up-to-date symlink: /home/ros/docker_simulation_ws/install/pi3hat_moteus_int_msgs/share/pi3hat_moteus_int_msgs/local_setup.zsh
[2.068s] -- Up-to-date symlink: /home/ros/docker_simulation_ws/install/pi3hat_moteus_int_msgs/share/pi3hat_moteus_int_msgs/local_setup.dsv
[2.069s] -- Symlinking: /home/ros/docker_simulation_ws/install/pi3hat_moteus_int_msgs/share/pi3hat_moteus_int_msgs/package.dsv
[2.108s] -- Up-to-date symlink: /home/ros/docker_simulation_ws/install/pi3hat_moteus_int_msgs/share/ament_index/resource_index/packages/pi3hat_moteus_int_msgs
[2.109s] -- Up-to-date symlink: /home/ros/docker_simulation_ws/install/pi3hat_moteus_int_msgs/share/pi3hat_moteus_int_msgs/cmake/rosidl_cmake-extras.cmake
[2.110s] -- Up-to-date symlink: /home/ros/docker_simulation_ws/install/pi3hat_moteus_int_msgs/share/pi3hat_moteus_int_msgs/cmake/ament_cmake_export_dependencies-extras.cmake
[2.111s] -- Up-to-date symlink: /home/ros/docker_simulation_ws/install/pi3hat_moteus_int_msgs/share/pi3hat_moteus_int_msgs/cmake/ament_cmake_export_include_directories-extras.cmake
[2.112s] -- Up-to-date symlink: /home/ros/docker_simulation_ws/install/pi3hat_moteus_int_msgs/share/pi3hat_moteus_int_msgs/cmake/ament_cmake_export_libraries-extras.cmake
[2.113s] -- Up-to-date symlink: /home/ros/docker_simulation_ws/install/pi3hat_moteus_int_msgs/share/pi3hat_moteus_int_msgs/cmake/ament_cmake_export_targets-extras.cmake
[2.114s] -- Up-to-date symlink: /home/ros/docker_simulation_ws/install/pi3hat_moteus_int_msgs/share/pi3hat_moteus_int_msgs/cmake/rosidl_cmake_export_typesupport_targets-extras.cmake
[2.115s] -- Up-to-date symlink: /home/ros/docker_simulation_ws/install/pi3hat_moteus_int_msgs/share/pi3hat_moteus_int_msgs/cmake/rosidl_cmake_export_typesupport_libraries-extras.cmake
[2.116s] -- Up-to-date symlink: /home/ros/docker_simulation_ws/install/pi3hat_moteus_int_msgs/share/pi3hat_moteus_int_msgs/cmake/pi3hat_moteus_int_msgsConfig.cmake
[2.116s] -- Up-to-date symlink: /home/ros/docker_simulation_ws/install/pi3hat_moteus_int_msgs/share/pi3hat_moteus_int_msgs/cmake/pi3hat_moteus_int_msgsConfig-version.cmake
[2.117s] -- Up-to-date symlink: /home/ros/docker_simulation_ws/install/pi3hat_moteus_int_msgs/share/pi3hat_moteus_int_msgs/package.xml
[2.118s] -- Up-to-date: /home/ros/docker_simulation_ws/install/pi3hat_moteus_int_msgs/lib/libpi3hat_moteus_int_msgs__rosidl_generator_c.so
[2.119s] -- Up-to-date: /home/ros/docker_simulation_ws/install/pi3hat_moteus_int_msgs/lib/libpi3hat_moteus_int_msgs__rosidl_typesupport_fastrtps_c.so
[2.120s] -- Up-to-date: /home/ros/docker_simulation_ws/install/pi3hat_moteus_int_msgs/lib/libpi3hat_moteus_int_msgs__rosidl_typesupport_fastrtps_cpp.so
[2.121s] -- Up-to-date: /home/ros/docker_simulation_ws/install/pi3hat_moteus_int_msgs/lib/libpi3hat_moteus_int_msgs__rosidl_typesupport_introspection_c.so
[2.133s] -- Up-to-date: /home/ros/docker_simulation_ws/install/pi3hat_moteus_int_msgs/lib/libpi3hat_moteus_int_msgs__rosidl_typesupport_c.so
[2.134s] -- Up-to-date: /home/ros/docker_simulation_ws/install/pi3hat_moteus_int_msgs/lib/libpi3hat_moteus_int_msgs__rosidl_typesupport_introspection_cpp.so
[2.134s] -- Up-to-date: /home/ros/docker_simulation_ws/install/pi3hat_moteus_int_msgs/lib/libpi3hat_moteus_int_msgs__rosidl_typesupport_cpp.so
[2.322s] Listing '/home/ros/docker_simulation_ws/install/pi3hat_moteus_int_msgs/local/lib/python3.10/dist-packages/pi3hat_moteus_int_msgs'...
[2.327s] Listing '/home/ros/docker_simulation_ws/install/pi3hat_moteus_int_msgs/local/lib/python3.10/dist-packages/pi3hat_moteus_int_msgs/msg'...
[2.338s] -- Up-to-date: /home/ros/docker_simulation_ws/install/pi3hat_moteus_int_msgs/lib/libpi3hat_moteus_int_msgs__rosidl_generator_py.so
[2.338s] -- Up-to-date: /home/ros/docker_simulation_ws/install/pi3hat_moteus_int_msgs/share/pi3hat_moteus_int_msgs/cmake/export_pi3hat_moteus_int_msgs__rosidl_generator_cExport.cmake
[2.339s] -- Up-to-date: /home/ros/docker_simulation_ws/install/pi3hat_moteus_int_msgs/share/pi3hat_moteus_int_msgs/cmake/export_pi3hat_moteus_int_msgs__rosidl_generator_cExport-noconfig.cmake
[2.341s] -- Up-to-date: /home/ros/docker_simulation_ws/install/pi3hat_moteus_int_msgs/share/pi3hat_moteus_int_msgs/cmake/export_pi3hat_moteus_int_msgs__rosidl_typesupport_fastrtps_cExport.cmake
[2.342s] -- Up-to-date: /home/ros/docker_simulation_ws/install/pi3hat_moteus_int_msgs/share/pi3hat_moteus_int_msgs/cmake/export_pi3hat_moteus_int_msgs__rosidl_typesupport_fastrtps_cExport-noconfig.cmake
[2.343s] -- Up-to-date: /home/ros/docker_simulation_ws/install/pi3hat_moteus_int_msgs/share/pi3hat_moteus_int_msgs/cmake/export_pi3hat_moteus_int_msgs__rosidl_generator_cppExport.cmake
[2.344s] -- Up-to-date: /home/ros/docker_simulation_ws/install/pi3hat_moteus_int_msgs/share/pi3hat_moteus_int_msgs/cmake/export_pi3hat_moteus_int_msgs__rosidl_typesupport_fastrtps_cppExport.cmake
[2.345s] -- Up-to-date: /home/ros/docker_simulation_ws/install/pi3hat_moteus_int_msgs/share/pi3hat_moteus_int_msgs/cmake/export_pi3hat_moteus_int_msgs__rosidl_typesupport_fastrtps_cppExport-noconfig.cmake
[2.350s] -- Up-to-date: /home/ros/docker_simulation_ws/install/pi3hat_moteus_int_msgs/share/pi3hat_moteus_int_msgs/cmake/pi3hat_moteus_int_msgs__rosidl_typesupport_introspection_cExport.cmake
[2.353s] -- Up-to-date: /home/ros/docker_simulation_ws/install/pi3hat_moteus_int_msgs/share/pi3hat_moteus_int_msgs/cmake/pi3hat_moteus_int_msgs__rosidl_typesupport_introspection_cExport-noconfig.cmake
[2.353s] -- Up-to-date: /home/ros/docker_simulation_ws/install/pi3hat_moteus_int_msgs/share/pi3hat_moteus_int_msgs/cmake/pi3hat_moteus_int_msgs__rosidl_typesupport_cExport.cmake
[2.369s] -- Up-to-date: /home/ros/docker_simulation_ws/install/pi3hat_moteus_int_msgs/share/pi3hat_moteus_int_msgs/cmake/pi3hat_moteus_int_msgs__rosidl_typesupport_cExport-noconfig.cmake
[2.369s] -- Up-to-date: /home/ros/docker_simulation_ws/install/pi3hat_moteus_int_msgs/share/pi3hat_moteus_int_msgs/cmake/pi3hat_moteus_int_msgs__rosidl_typesupport_introspection_cppExport.cmake
[2.370s] -- Up-to-date: /home/ros/docker_simulation_ws/install/pi3hat_moteus_int_msgs/share/pi3hat_moteus_int_msgs/cmake/pi3hat_moteus_int_msgs__rosidl_typesupport_introspection_cppExport-noconfig.cmake
[2.371s] -- Up-to-date: /home/ros/docker_simulation_ws/install/pi3hat_moteus_int_msgs/share/pi3hat_moteus_int_msgs/cmake/pi3hat_moteus_int_msgs__rosidl_typesupport_cppExport.cmake
[2.386s] -- Up-to-date: /home/ros/docker_simulation_ws/install/pi3hat_moteus_int_msgs/share/pi3hat_moteus_int_msgs/cmake/pi3hat_moteus_int_msgs__rosidl_typesupport_cppExport-noconfig.cmake
[2.387s] -- Up-to-date: /home/ros/docker_simulation_ws/install/pi3hat_moteus_int_msgs/share/pi3hat_moteus_int_msgs/cmake/export_pi3hat_moteus_int_msgs__rosidl_generator_pyExport.cmake
[2.388s] -- Up-to-date: /home/ros/docker_simulation_ws/install/pi3hat_moteus_int_msgs/share/pi3hat_moteus_int_msgs/cmake/export_pi3hat_moteus_int_msgs__rosidl_generator_pyExport-noconfig.cmake
[2.398s] Invoked command in '/home/ros/docker_simulation_ws/build/pi3hat_moteus_int_msgs' returned '0': CMAKE_PREFIX_PATH=${CMAKE_PREFIX_PATH}:/home/ros/docker_simulation_ws/install/rlg_quad_controller:/home/ros/docker_simulation_ws/install/mulinex_ignition_py:/opt/ros/humble /usr/bin/cmake --install /home/ros/docker_simulation_ws/build/pi3hat_moteus_int_msgs
