[0.473s] Invoking command in '/home/ros/docker_simulation_ws/build/rbt_pd_cnt': CMAKE_PREFIX_PATH=/home/ros/docker_simulation_ws/install/pi3hat_moteus_int_msgs:/home/ros/docker_simulation_ws/install/wheels_vel_cnt:/home/ros/docker_simulation_ws/install/rbt_pd_cnt:/home/ros/docker_simulation_ws/install/omni_vel_controller:/home/ros/docker_simulation_ws/install/omni_mulinex_joystic:/home/ros/docker_simulation_ws/install/ik_quad_foot_control:/home/ros/docker_simulation_ws/install/mulinex_ignition:/home/ros/docker_simulation_ws/install/mulinex_description:/home/ros/docker_simulation_ws/install/custom_interfaces:/home/ros/docker_simulation_ws/install/rlg_quad_controller:/home/ros/docker_simulation_ws/install/mulinex_ignition_py:/opt/ros/humble LD_LIBRARY_PATH=/home/ros/docker_simulation_ws/install/pi3hat_moteus_int_msgs/lib:/home/ros/docker_simulation_ws/install/wheels_vel_cnt/lib:/home/ros/docker_simulation_ws/install/rbt_pd_cnt/lib:/home/ros/docker_simulation_ws/install/omni_vel_controller/lib:/home/ros/docker_simulation_ws/install/omni_mulinex_joystic/lib:/home/ros/docker_simulation_ws/install/ik_quad_foot_control/lib:/home/ros/docker_simulation_ws/install/custom_interfaces/lib:/opt/ros/humble/opt/rviz_ogre_vendor/lib:/opt/ros/humble/lib/x86_64-linux-gnu:/opt/ros/humble/lib /usr/bin/cmake --build /home/ros/docker_simulation_ws/build/rbt_pd_cnt -- -j12 -l12
[1.284s] [100%] Built target rbt_pd_cnt
[2.701s] Invoked command in '/home/ros/docker_simulation_ws/build/rbt_pd_cnt' returned '0': CMAKE_PREFIX_PATH=/home/ros/docker_simulation_ws/install/pi3hat_moteus_int_msgs:/home/ros/docker_simulation_ws/install/wheels_vel_cnt:/home/ros/docker_simulation_ws/install/rbt_pd_cnt:/home/ros/docker_simulation_ws/install/omni_vel_controller:/home/ros/docker_simulation_ws/install/omni_mulinex_joystic:/home/ros/docker_simulation_ws/install/ik_quad_foot_control:/home/ros/docker_simulation_ws/install/mulinex_ignition:/home/ros/docker_simulation_ws/install/mulinex_description:/home/ros/docker_simulation_ws/install/custom_interfaces:/home/ros/docker_simulation_ws/install/rlg_quad_controller:/home/ros/docker_simulation_ws/install/mulinex_ignition_py:/opt/ros/humble LD_LIBRARY_PATH=/home/ros/docker_simulation_ws/install/pi3hat_moteus_int_msgs/lib:/home/ros/docker_simulation_ws/install/wheels_vel_cnt/lib:/home/ros/docker_simulation_ws/install/rbt_pd_cnt/lib:/home/ros/docker_simulation_ws/install/omni_vel_controller/lib:/home/ros/docker_simulation_ws/install/omni_mulinex_joystic/lib:/home/ros/docker_simulation_ws/install/ik_quad_foot_control/lib:/home/ros/docker_simulation_ws/install/custom_interfaces/lib:/opt/ros/humble/opt/rviz_ogre_vendor/lib:/opt/ros/humble/lib/x86_64-linux-gnu:/opt/ros/humble/lib /usr/bin/cmake --build /home/ros/docker_simulation_ws/build/rbt_pd_cnt -- -j12 -l12
[2.708s] Invoking command in '/home/ros/docker_simulation_ws/build/rbt_pd_cnt': CMAKE_PREFIX_PATH=/home/ros/docker_simulation_ws/install/pi3hat_moteus_int_msgs:/home/ros/docker_simulation_ws/install/wheels_vel_cnt:/home/ros/docker_simulation_ws/install/rbt_pd_cnt:/home/ros/docker_simulation_ws/install/omni_vel_controller:/home/ros/docker_simulation_ws/install/omni_mulinex_joystic:/home/ros/docker_simulation_ws/install/ik_quad_foot_control:/home/ros/docker_simulation_ws/install/mulinex_ignition:/home/ros/docker_simulation_ws/install/mulinex_description:/home/ros/docker_simulation_ws/install/custom_interfaces:/home/ros/docker_simulation_ws/install/rlg_quad_controller:/home/ros/docker_simulation_ws/install/mulinex_ignition_py:/opt/ros/humble LD_LIBRARY_PATH=/home/ros/docker_simulation_ws/install/pi3hat_moteus_int_msgs/lib:/home/ros/docker_simulation_ws/install/wheels_vel_cnt/lib:/home/ros/docker_simulation_ws/install/rbt_pd_cnt/lib:/home/ros/docker_simulation_ws/install/omni_vel_controller/lib:/home/ros/docker_simulation_ws/install/omni_mulinex_joystic/lib:/home/ros/docker_simulation_ws/install/ik_quad_foot_control/lib:/home/ros/docker_simulation_ws/install/custom_interfaces/lib:/opt/ros/humble/opt/rviz_ogre_vendor/lib:/opt/ros/humble/lib/x86_64-linux-gnu:/opt/ros/humble/lib /usr/bin/cmake --install /home/ros/docker_simulation_ws/build/rbt_pd_cnt
[2.806s] -- Install configuration: ""
[2.812s] -- Execute custom install script
[2.814s] -- Up-to-date symlink: /home/ros/docker_simulation_ws/install/rbt_pd_cnt/share/rbt_pd_cnt//rbt_pd_cnt.xml
[2.815s] -- Up-to-date symlink: /home/ros/docker_simulation_ws/install/rbt_pd_cnt/include/rbt_pd_cnt/real_pd_cnt.hpp
[2.815s] -- Up-to-date symlink: /home/ros/docker_simulation_ws/install/rbt_pd_cnt/include/rbt_pd_cnt/robot_pd_cnt.hpp
[2.815s] -- Up-to-date symlink: /home/ros/docker_simulation_ws/install/rbt_pd_cnt/lib/librbt_pd_cnt.so
[2.827s] -- Up-to-date symlink: /home/ros/docker_simulation_ws/install/rbt_pd_cnt/share/rbt_pd_cnt/environment/library_path.sh
[2.828s] -- Up-to-date symlink: /home/ros/docker_simulation_ws/install/rbt_pd_cnt/share/rbt_pd_cnt/environment/library_path.dsv
[2.831s] -- Up-to-date symlink: /home/ros/docker_simulation_ws/install/rbt_pd_cnt/share/ament_index/resource_index/package_run_dependencies/rbt_pd_cnt
[2.832s] -- Up-to-date symlink: /home/ros/docker_simulation_ws/install/rbt_pd_cnt/share/ament_index/resource_index/parent_prefix_path/rbt_pd_cnt
[2.833s] -- Up-to-date symlink: /home/ros/docker_simulation_ws/install/rbt_pd_cnt/share/rbt_pd_cnt/environment/ament_prefix_path.sh
[2.833s] -- Up-to-date symlink: /home/ros/docker_simulation_ws/install/rbt_pd_cnt/share/rbt_pd_cnt/environment/ament_prefix_path.dsv
[2.833s] -- Up-to-date symlink: /home/ros/docker_simulation_ws/install/rbt_pd_cnt/share/rbt_pd_cnt/environment/path.sh
[2.836s] -- Up-to-date symlink: /home/ros/docker_simulation_ws/install/rbt_pd_cnt/share/rbt_pd_cnt/environment/path.dsv
[2.836s] -- Up-to-date symlink: /home/ros/docker_simulation_ws/install/rbt_pd_cnt/share/rbt_pd_cnt/local_setup.bash
[2.837s] -- Up-to-date symlink: /home/ros/docker_simulation_ws/install/rbt_pd_cnt/share/rbt_pd_cnt/local_setup.sh
[2.845s] -- Up-to-date symlink: /home/ros/docker_simulation_ws/install/rbt_pd_cnt/share/rbt_pd_cnt/local_setup.zsh
[2.848s] -- Up-to-date symlink: /home/ros/docker_simulation_ws/install/rbt_pd_cnt/share/rbt_pd_cnt/local_setup.dsv
[2.848s] -- Symlinking: /home/ros/docker_simulation_ws/install/rbt_pd_cnt/share/rbt_pd_cnt/package.dsv
[2.881s] -- Up-to-date symlink: /home/ros/docker_simulation_ws/install/rbt_pd_cnt/share/ament_index/resource_index/packages/rbt_pd_cnt
[2.896s] -- Up-to-date symlink: /home/ros/docker_simulation_ws/install/rbt_pd_cnt/share/ament_index/resource_index/controller_interface__pluginlib__plugin/rbt_pd_cnt
[2.897s] -- Up-to-date symlink: /home/ros/docker_simulation_ws/install/rbt_pd_cnt/share/rbt_pd_cnt/cmake/ament_cmake_export_dependencies-extras.cmake
[2.898s] -- Up-to-date symlink: /home/ros/docker_simulation_ws/install/rbt_pd_cnt/share/rbt_pd_cnt/cmake/ament_cmake_export_include_directories-extras.cmake
[2.898s] -- Up-to-date symlink: /home/ros/docker_simulation_ws/install/rbt_pd_cnt/share/rbt_pd_cnt/cmake/ament_cmake_export_libraries-extras.cmake
[2.898s] -- Up-to-date symlink: /home/ros/docker_simulation_ws/install/rbt_pd_cnt/share/rbt_pd_cnt/cmake/rbt_pd_cntConfig.cmake
[2.898s] -- Up-to-date symlink: /home/ros/docker_simulation_ws/install/rbt_pd_cnt/share/rbt_pd_cnt/cmake/rbt_pd_cntConfig-version.cmake
[2.899s] -- Up-to-date symlink: /home/ros/docker_simulation_ws/install/rbt_pd_cnt/share/rbt_pd_cnt/package.xml
[3.000s] Invoked command in '/home/ros/docker_simulation_ws/build/rbt_pd_cnt' returned '0': CMAKE_PREFIX_PATH=/home/ros/docker_simulation_ws/install/pi3hat_moteus_int_msgs:/home/ros/docker_simulation_ws/install/wheels_vel_cnt:/home/ros/docker_simulation_ws/install/rbt_pd_cnt:/home/ros/docker_simulation_ws/install/omni_vel_controller:/home/ros/docker_simulation_ws/install/omni_mulinex_joystic:/home/ros/docker_simulation_ws/install/ik_quad_foot_control:/home/ros/docker_simulation_ws/install/mulinex_ignition:/home/ros/docker_simulation_ws/install/mulinex_description:/home/ros/docker_simulation_ws/install/custom_interfaces:/home/ros/docker_simulation_ws/install/rlg_quad_controller:/home/ros/docker_simulation_ws/install/mulinex_ignition_py:/opt/ros/humble LD_LIBRARY_PATH=/home/ros/docker_simulation_ws/install/pi3hat_moteus_int_msgs/lib:/home/ros/docker_simulation_ws/install/wheels_vel_cnt/lib:/home/ros/docker_simulation_ws/install/rbt_pd_cnt/lib:/home/ros/docker_simulation_ws/install/omni_vel_controller/lib:/home/ros/docker_simulation_ws/install/omni_mulinex_joystic/lib:/home/ros/docker_simulation_ws/install/ik_quad_foot_control/lib:/home/ros/docker_simulation_ws/install/custom_interfaces/lib:/opt/ros/humble/opt/rviz_ogre_vendor/lib:/opt/ros/humble/lib/x86_64-linux-gnu:/opt/ros/humble/lib /usr/bin/cmake --install /home/ros/docker_simulation_ws/build/rbt_pd_cnt
