[2.756s] Invoking command in '/home/ros/docker_simulation_ws/build/rlg_quad_controller': CMAKE_PREFIX_PATH=/home/ros/docker_simulation_ws/install/pi3hat_moteus_int_msgs:/home/ros/docker_simulation_ws/install/wheels_vel_cnt:/home/ros/docker_simulation_ws/install/rbt_pd_cnt:/home/ros/docker_simulation_ws/install/omni_vel_controller:/home/ros/docker_simulation_ws/install/omni_mulinex_joystic:/home/ros/docker_simulation_ws/install/ik_quad_foot_control:/home/ros/docker_simulation_ws/install/mulinex_ignition:/home/ros/docker_simulation_ws/install/mulinex_description:/home/ros/docker_simulation_ws/install/custom_interfaces LD_LIBRARY_PATH=/home/ros/docker_simulation_ws/install/pi3hat_moteus_int_msgs/lib:/home/ros/docker_simulation_ws/install/wheels_vel_cnt/lib:/home/ros/docker_simulation_ws/install/rbt_pd_cnt/lib:/home/ros/docker_simulation_ws/install/omni_vel_controller/lib:/home/ros/docker_simulation_ws/install/omni_mulinex_joystic/lib:/home/ros/docker_simulation_ws/install/ik_quad_foot_control/lib:/home/ros/docker_simulation_ws/install/custom_interfaces/lib:/opt/ros/humble/opt/rviz_ogre_vendor/lib:/opt/ros/humble/lib/x86_64-linux-gnu:/opt/ros/humble/lib PYTHONPATH=/home/ros/docker_simulation_ws/build/rlg_quad_controller/prefix_override:/usr/lib/python3/dist-packages/colcon_core/task/python/colcon_distutils_commands:/home/ros/docker_simulation_ws/install/rlg_quad_controller/lib/python3.10/site-packages:${PYTHONPATH} /usr/bin/python3 -W ignore:setup.py install is deprecated -W ignore:easy_install command is deprecated setup.py develop --editable --build-directory /home/ros/docker_simulation_ws/build/rlg_quad_controller/build --no-deps symlink_data --force
[3.899s] running develop
[4.496s] running egg_info
[4.497s] writing rlg_quad_controller.egg-info/PKG-INFO
[4.498s] writing dependency_links to rlg_quad_controller.egg-info/dependency_links.txt
[4.499s] writing entry points to rlg_quad_controller.egg-info/entry_points.txt
[4.500s] writing requirements to rlg_quad_controller.egg-info/requires.txt
[4.501s] writing top-level names to rlg_quad_controller.egg-info/top_level.txt
[4.507s] reading manifest file 'rlg_quad_controller.egg-info/SOURCES.txt'
[4.511s] writing manifest file 'rlg_quad_controller.egg-info/SOURCES.txt'
[4.517s] running build_ext
[4.518s] Creating /home/ros/docker_simulation_ws/install/rlg_quad_controller/lib/python3.10/site-packages/rlg-quad-controller.egg-link (link to .)
[4.521s] Installing force_measure script to /home/ros/docker_simulation_ws/install/rlg_quad_controller/lib/rlg_quad_controller
[4.522s] Installing inference_controller_robot script to /home/ros/docker_simulation_ws/install/rlg_quad_controller/lib/rlg_quad_controller
[4.522s] Installing inference_controller_sim script to /home/ros/docker_simulation_ws/install/rlg_quad_controller/lib/rlg_quad_controller
[4.523s] Installing trajectory_publisher script to /home/ros/docker_simulation_ws/install/rlg_quad_controller/lib/rlg_quad_controller
[4.524s] 
[4.525s] Installed /home/ros/docker_simulation_ws/build/rlg_quad_controller
[4.526s] running symlink_data
[4.526s] symbolically linking /home/ros/docker_simulation_ws/build/rlg_quad_controller/resource/rlg_quad_controller -> /home/ros/docker_simulation_ws/install/rlg_quad_controller/share/ament_index/resource_index/packages
[4.527s] symbolically linking /home/ros/docker_simulation_ws/build/rlg_quad_controller/package.xml -> /home/ros/docker_simulation_ws/install/rlg_quad_controller/share/rlg_quad_controller
[4.529s] symbolically linking /home/ros/docker_simulation_ws/build/rlg_quad_controller/launch/omniquad_inference_robot.launch.py -> /home/ros/docker_simulation_ws/install/rlg_quad_controller/share/rlg_quad_controller/launch
[4.531s] symbolically linking /home/ros/docker_simulation_ws/build/rlg_quad_controller/launch/omniquad_inference_sim.launch.py -> /home/ros/docker_simulation_ws/install/rlg_quad_controller/share/rlg_quad_controller/launch
[4.531s] symbolically linking /home/ros/docker_simulation_ws/build/rlg_quad_controller/config/mulinex_simulation_config.yaml -> /home/ros/docker_simulation_ws/install/rlg_quad_controller/share/rlg_quad_controller/config
[4.533s] symbolically linking /home/ros/docker_simulation_ws/build/rlg_quad_controller/config/mulinex_simulation_feedforward.yaml -> /home/ros/docker_simulation_ws/install/rlg_quad_controller/share/rlg_quad_controller/config
[4.535s] symbolically linking /home/ros/docker_simulation_ws/build/rlg_quad_controller/config/mulinex_config_feedforward.yaml -> /home/ros/docker_simulation_ws/install/rlg_quad_controller/share/rlg_quad_controller/config
[4.539s] symbolically linking /home/ros/docker_simulation_ws/build/rlg_quad_controller/config/mulinex_config.yaml -> /home/ros/docker_simulation_ws/install/rlg_quad_controller/share/rlg_quad_controller/config
[4.545s] symbolically linking /home/ros/docker_simulation_ws/build/rlg_quad_controller/models/omni_flat_v1/omniquad_flat.pth -> /home/ros/docker_simulation_ws/install/rlg_quad_controller/share/rlg_quad_controller/models
[4.548s] symbolically linking /home/ros/docker_simulation_ws/build/rlg_quad_controller/models/omni_flat_v1/agent.yaml -> /home/ros/docker_simulation_ws/install/rlg_quad_controller/share/rlg_quad_controller/models
[4.550s] symbolically linking /home/ros/docker_simulation_ws/build/rlg_quad_controller/models/omni_flat_v1/env.yaml -> /home/ros/docker_simulation_ws/install/rlg_quad_controller/share/rlg_quad_controller/models
[4.552s] symbolically linking /home/ros/docker_simulation_ws/build/rlg_quad_controller/models/omni_flat_v1/omniquad_flat.pth -> /home/ros/docker_simulation_ws/install/rlg_quad_controller/share/rlg_quad_controller/models/omni_flat_v1
[4.554s] symbolically linking /home/ros/docker_simulation_ws/build/rlg_quad_controller/models/omni_flat_v1/agent.yaml -> /home/ros/docker_simulation_ws/install/rlg_quad_controller/share/rlg_quad_controller/models/omni_flat_v1
[4.559s] symbolically linking /home/ros/docker_simulation_ws/build/rlg_quad_controller/models/omni_flat_v1/env.yaml -> /home/ros/docker_simulation_ws/install/rlg_quad_controller/share/rlg_quad_controller/models/omni_flat_v1
[4.562s] symbolically linking /home/ros/docker_simulation_ws/build/rlg_quad_controller/launch/omniquad_inference_robot.launch.py -> /home/ros/docker_simulation_ws/install/rlg_quad_controller/share/rlg_quad_controller/launch/
[4.563s] symbolically linking /home/ros/docker_simulation_ws/build/rlg_quad_controller/launch/omniquad_inference_sim.launch.py -> /home/ros/docker_simulation_ws/install/rlg_quad_controller/share/rlg_quad_controller/launch/
[4.564s] symbolically linking /home/ros/docker_simulation_ws/build/rlg_quad_controller/config/mulinex_simulation_config.yaml -> /home/ros/docker_simulation_ws/install/rlg_quad_controller/share/rlg_quad_controller/config/
[4.566s] symbolically linking /home/ros/docker_simulation_ws/build/rlg_quad_controller/config/mulinex_simulation_feedforward.yaml -> /home/ros/docker_simulation_ws/install/rlg_quad_controller/share/rlg_quad_controller/config/
[4.568s] symbolically linking /home/ros/docker_simulation_ws/build/rlg_quad_controller/config/mulinex_config_feedforward.yaml -> /home/ros/docker_simulation_ws/install/rlg_quad_controller/share/rlg_quad_controller/config/
[4.569s] symbolically linking /home/ros/docker_simulation_ws/build/rlg_quad_controller/config/mulinex_config.yaml -> /home/ros/docker_simulation_ws/install/rlg_quad_controller/share/rlg_quad_controller/config/
[4.647s] Invoked command in '/home/ros/docker_simulation_ws/build/rlg_quad_controller' returned '0': CMAKE_PREFIX_PATH=/home/ros/docker_simulation_ws/install/pi3hat_moteus_int_msgs:/home/ros/docker_simulation_ws/install/wheels_vel_cnt:/home/ros/docker_simulation_ws/install/rbt_pd_cnt:/home/ros/docker_simulation_ws/install/omni_vel_controller:/home/ros/docker_simulation_ws/install/omni_mulinex_joystic:/home/ros/docker_simulation_ws/install/ik_quad_foot_control:/home/ros/docker_simulation_ws/install/mulinex_ignition:/home/ros/docker_simulation_ws/install/mulinex_description:/home/ros/docker_simulation_ws/install/custom_interfaces LD_LIBRARY_PATH=/home/ros/docker_simulation_ws/install/pi3hat_moteus_int_msgs/lib:/home/ros/docker_simulation_ws/install/wheels_vel_cnt/lib:/home/ros/docker_simulation_ws/install/rbt_pd_cnt/lib:/home/ros/docker_simulation_ws/install/omni_vel_controller/lib:/home/ros/docker_simulation_ws/install/omni_mulinex_joystic/lib:/home/ros/docker_simulation_ws/install/ik_quad_foot_control/lib:/home/ros/docker_simulation_ws/install/custom_interfaces/lib:/opt/ros/humble/opt/rviz_ogre_vendor/lib:/opt/ros/humble/lib/x86_64-linux-gnu:/opt/ros/humble/lib PYTHONPATH=/home/ros/docker_simulation_ws/build/rlg_quad_controller/prefix_override:/usr/lib/python3/dist-packages/colcon_core/task/python/colcon_distutils_commands:/home/ros/docker_simulation_ws/install/rlg_quad_controller/lib/python3.10/site-packages:${PYTHONPATH} /usr/bin/python3 -W ignore:setup.py install is deprecated -W ignore:easy_install command is deprecated setup.py develop --editable --build-directory /home/ros/docker_simulation_ws/build/rlg_quad_controller/build --no-deps symlink_data --force
