[0.038s] Invoking command in '/home/ros/docker_simulation_ws/build/wheels_vel_cnt': CMAKE_PREFIX_PATH=/home/ros/docker_simulation_ws/install/pi3hat_moteus_int_msgs:/home/ros/docker_simulation_ws/install/custom_interfaces:/home/ros/docker_simulation_ws/install/wheels_vel_cnt:/home/ros/docker_simulation_ws/install/rbt_pd_cnt:/home/ros/docker_simulation_ws/install/omni_vel_controller:/home/ros/docker_simulation_ws/install/omni_mulinex_joystic:/home/ros/docker_simulation_ws/install/ik_quad_foot_control:/home/ros/docker_simulation_ws/install/mulinex_ignition:/home/ros/docker_simulation_ws/install/mulinex_description:/home/ros/docker_simulation_ws/install/rlg_quad_controller:/home/ros/docker_simulation_ws/install/mulinex_ignition_py:/opt/ros/humble LD_LIBRARY_PATH=/home/ros/docker_simulation_ws/install/pi3hat_moteus_int_msgs/lib:/home/ros/docker_simulation_ws/install/custom_interfaces/lib:/home/ros/docker_simulation_ws/install/wheels_vel_cnt/lib:/home/ros/docker_simulation_ws/install/rbt_pd_cnt/lib:/home/ros/docker_simulation_ws/install/omni_vel_controller/lib:/home/ros/docker_simulation_ws/install/omni_mulinex_joystic/lib:/home/ros/docker_simulation_ws/install/ik_quad_foot_control/lib:/opt/ros/humble/opt/rviz_ogre_vendor/lib:/opt/ros/humble/lib/x86_64-linux-gnu:/opt/ros/humble/lib /usr/bin/cmake --build /home/ros/docker_simulation_ws/build/wheels_vel_cnt -- -j12 -l12
[0.133s] [ 50%] [32mBuilding CXX object CMakeFiles/wheels_vel_cnt.dir/src/wheels_vel_cnt.cpp.o[0m
[12.908s] [100%] [32m[1mLinking CXX shared library libwheels_vel_cnt.so[0m
[13.563s] [100%] Built target wheels_vel_cnt
[13.582s] Invoked command in '/home/ros/docker_simulation_ws/build/wheels_vel_cnt' returned '0': CMAKE_PREFIX_PATH=/home/ros/docker_simulation_ws/install/pi3hat_moteus_int_msgs:/home/ros/docker_simulation_ws/install/custom_interfaces:/home/ros/docker_simulation_ws/install/wheels_vel_cnt:/home/ros/docker_simulation_ws/install/rbt_pd_cnt:/home/ros/docker_simulation_ws/install/omni_vel_controller:/home/ros/docker_simulation_ws/install/omni_mulinex_joystic:/home/ros/docker_simulation_ws/install/ik_quad_foot_control:/home/ros/docker_simulation_ws/install/mulinex_ignition:/home/ros/docker_simulation_ws/install/mulinex_description:/home/ros/docker_simulation_ws/install/rlg_quad_controller:/home/ros/docker_simulation_ws/install/mulinex_ignition_py:/opt/ros/humble LD_LIBRARY_PATH=/home/ros/docker_simulation_ws/install/pi3hat_moteus_int_msgs/lib:/home/ros/docker_simulation_ws/install/custom_interfaces/lib:/home/ros/docker_simulation_ws/install/wheels_vel_cnt/lib:/home/ros/docker_simulation_ws/install/rbt_pd_cnt/lib:/home/ros/docker_simulation_ws/install/omni_vel_controller/lib:/home/ros/docker_simulation_ws/install/omni_mulinex_joystic/lib:/home/ros/docker_simulation_ws/install/ik_quad_foot_control/lib:/opt/ros/humble/opt/rviz_ogre_vendor/lib:/opt/ros/humble/lib/x86_64-linux-gnu:/opt/ros/humble/lib /usr/bin/cmake --build /home/ros/docker_simulation_ws/build/wheels_vel_cnt -- -j12 -l12
[13.587s] Invoking command in '/home/ros/docker_simulation_ws/build/wheels_vel_cnt': CMAKE_PREFIX_PATH=/home/ros/docker_simulation_ws/install/pi3hat_moteus_int_msgs:/home/ros/docker_simulation_ws/install/custom_interfaces:/home/ros/docker_simulation_ws/install/wheels_vel_cnt:/home/ros/docker_simulation_ws/install/rbt_pd_cnt:/home/ros/docker_simulation_ws/install/omni_vel_controller:/home/ros/docker_simulation_ws/install/omni_mulinex_joystic:/home/ros/docker_simulation_ws/install/ik_quad_foot_control:/home/ros/docker_simulation_ws/install/mulinex_ignition:/home/ros/docker_simulation_ws/install/mulinex_description:/home/ros/docker_simulation_ws/install/rlg_quad_controller:/home/ros/docker_simulation_ws/install/mulinex_ignition_py:/opt/ros/humble LD_LIBRARY_PATH=/home/ros/docker_simulation_ws/install/pi3hat_moteus_int_msgs/lib:/home/ros/docker_simulation_ws/install/custom_interfaces/lib:/home/ros/docker_simulation_ws/install/wheels_vel_cnt/lib:/home/ros/docker_simulation_ws/install/rbt_pd_cnt/lib:/home/ros/docker_simulation_ws/install/omni_vel_controller/lib:/home/ros/docker_simulation_ws/install/omni_mulinex_joystic/lib:/home/ros/docker_simulation_ws/install/ik_quad_foot_control/lib:/opt/ros/humble/opt/rviz_ogre_vendor/lib:/opt/ros/humble/lib/x86_64-linux-gnu:/opt/ros/humble/lib /usr/bin/cmake --install /home/ros/docker_simulation_ws/build/wheels_vel_cnt
[13.599s] -- Install configuration: ""
[13.600s] -- Execute custom install script
[13.600s] -- Up-to-date symlink: /home/ros/docker_simulation_ws/install/wheels_vel_cnt/share/wheels_vel_cnt//wheels_vel_cnt.xml
[13.601s] -- Up-to-date symlink: /home/ros/docker_simulation_ws/install/wheels_vel_cnt/share/wheels_vel_cnt/environment/library_path.sh
[13.602s] -- Up-to-date symlink: /home/ros/docker_simulation_ws/install/wheels_vel_cnt/share/wheels_vel_cnt/environment/library_path.dsv
[13.602s] -- Up-to-date symlink: /home/ros/docker_simulation_ws/install/wheels_vel_cnt/share/ament_index/resource_index/package_run_dependencies/wheels_vel_cnt
[13.603s] -- Up-to-date symlink: /home/ros/docker_simulation_ws/install/wheels_vel_cnt/share/ament_index/resource_index/parent_prefix_path/wheels_vel_cnt
[13.603s] -- Up-to-date symlink: /home/ros/docker_simulation_ws/install/wheels_vel_cnt/share/wheels_vel_cnt/environment/ament_prefix_path.sh
[13.603s] -- Up-to-date symlink: /home/ros/docker_simulation_ws/install/wheels_vel_cnt/share/wheels_vel_cnt/environment/ament_prefix_path.dsv
[13.604s] -- Up-to-date symlink: /home/ros/docker_simulation_ws/install/wheels_vel_cnt/share/wheels_vel_cnt/environment/path.sh
[13.604s] -- Up-to-date symlink: /home/ros/docker_simulation_ws/install/wheels_vel_cnt/share/wheels_vel_cnt/environment/path.dsv
[13.604s] -- Up-to-date symlink: /home/ros/docker_simulation_ws/install/wheels_vel_cnt/share/wheels_vel_cnt/local_setup.bash
[13.605s] -- Up-to-date symlink: /home/ros/docker_simulation_ws/install/wheels_vel_cnt/share/wheels_vel_cnt/local_setup.sh
[13.605s] -- Up-to-date symlink: /home/ros/docker_simulation_ws/install/wheels_vel_cnt/share/wheels_vel_cnt/local_setup.zsh
[13.606s] -- Up-to-date symlink: /home/ros/docker_simulation_ws/install/wheels_vel_cnt/share/wheels_vel_cnt/local_setup.dsv
[13.606s] -- Symlinking: /home/ros/docker_simulation_ws/install/wheels_vel_cnt/share/wheels_vel_cnt/package.dsv
[13.624s] -- Up-to-date symlink: /home/ros/docker_simulation_ws/install/wheels_vel_cnt/share/ament_index/resource_index/packages/wheels_vel_cnt
[13.624s] -- Up-to-date symlink: /home/ros/docker_simulation_ws/install/wheels_vel_cnt/share/ament_index/resource_index/controller_interface__pluginlib__plugin/wheels_vel_cnt
[13.624s] -- Up-to-date symlink: /home/ros/docker_simulation_ws/install/wheels_vel_cnt/share/wheels_vel_cnt/cmake/ament_cmake_export_dependencies-extras.cmake
[13.625s] -- Up-to-date symlink: /home/ros/docker_simulation_ws/install/wheels_vel_cnt/share/wheels_vel_cnt/cmake/ament_cmake_export_include_directories-extras.cmake
[13.625s] -- Up-to-date symlink: /home/ros/docker_simulation_ws/install/wheels_vel_cnt/share/wheels_vel_cnt/cmake/ament_cmake_export_libraries-extras.cmake
[13.626s] -- Up-to-date symlink: /home/ros/docker_simulation_ws/install/wheels_vel_cnt/share/wheels_vel_cnt/cmake/wheels_vel_cntConfig.cmake
[13.627s] -- Up-to-date symlink: /home/ros/docker_simulation_ws/install/wheels_vel_cnt/share/wheels_vel_cnt/cmake/wheels_vel_cntConfig-version.cmake
[13.627s] -- Up-to-date symlink: /home/ros/docker_simulation_ws/install/wheels_vel_cnt/share/wheels_vel_cnt/package.xml
[13.628s] -- Installing: /home/ros/docker_simulation_ws/install/wheels_vel_cnt/lib/libwheels_vel_cnt.so
[13.642s] -- Set runtime path of "/home/ros/docker_simulation_ws/install/wheels_vel_cnt/lib/libwheels_vel_cnt.so" to ""
[13.646s] Invoked command in '/home/ros/docker_simulation_ws/build/wheels_vel_cnt' returned '0': CMAKE_PREFIX_PATH=/home/ros/docker_simulation_ws/install/pi3hat_moteus_int_msgs:/home/ros/docker_simulation_ws/install/custom_interfaces:/home/ros/docker_simulation_ws/install/wheels_vel_cnt:/home/ros/docker_simulation_ws/install/rbt_pd_cnt:/home/ros/docker_simulation_ws/install/omni_vel_controller:/home/ros/docker_simulation_ws/install/omni_mulinex_joystic:/home/ros/docker_simulation_ws/install/ik_quad_foot_control:/home/ros/docker_simulation_ws/install/mulinex_ignition:/home/ros/docker_simulation_ws/install/mulinex_description:/home/ros/docker_simulation_ws/install/rlg_quad_controller:/home/ros/docker_simulation_ws/install/mulinex_ignition_py:/opt/ros/humble LD_LIBRARY_PATH=/home/ros/docker_simulation_ws/install/pi3hat_moteus_int_msgs/lib:/home/ros/docker_simulation_ws/install/custom_interfaces/lib:/home/ros/docker_simulation_ws/install/wheels_vel_cnt/lib:/home/ros/docker_simulation_ws/install/rbt_pd_cnt/lib:/home/ros/docker_simulation_ws/install/omni_vel_controller/lib:/home/ros/docker_simulation_ws/install/omni_mulinex_joystic/lib:/home/ros/docker_simulation_ws/install/ik_quad_foot_control/lib:/opt/ros/humble/opt/rviz_ogre_vendor/lib:/opt/ros/humble/lib/x86_64-linux-gnu:/opt/ros/humble/lib /usr/bin/cmake --install /home/ros/docker_simulation_ws/build/wheels_vel_cnt
