[0.456s] Invoking command in '/home/ros/docker_simulation_ws/build/rbt_pd_cnt': CMAKE_PREFIX_PATH=/home/ros/docker_simulation_ws/install/pi3hat_moteus_int_msgs:/home/ros/docker_simulation_ws/install/wheels_vel_cnt:/home/ros/docker_simulation_ws/install/rbt_pd_cnt:/home/ros/docker_simulation_ws/install/omni_vel_controller:/home/ros/docker_simulation_ws/install/omni_mulinex_joystic:/home/ros/docker_simulation_ws/install/ik_quad_foot_control:/home/ros/docker_simulation_ws/install/mulinex_ignition:/home/ros/docker_simulation_ws/install/mulinex_description:/home/ros/docker_simulation_ws/install/custom_interfaces:/home/ros/docker_simulation_ws/install/rlg_quad_controller:/home/ros/docker_simulation_ws/install/mulinex_ignition_py:/opt/ros/humble LD_LIBRARY_PATH=/home/ros/docker_simulation_ws/install/pi3hat_moteus_int_msgs/lib:/home/ros/docker_simulation_ws/install/wheels_vel_cnt/lib:/home/ros/docker_simulation_ws/install/rbt_pd_cnt/lib:/home/ros/docker_simulation_ws/install/omni_vel_controller/lib:/home/ros/docker_simulation_ws/install/omni_mulinex_joystic/lib:/home/ros/docker_simulation_ws/install/ik_quad_foot_control/lib:/home/ros/docker_simulation_ws/install/custom_interfaces/lib:/opt/ros/humble/opt/rviz_ogre_vendor/lib:/opt/ros/humble/lib/x86_64-linux-gnu:/opt/ros/humble/lib /usr/bin/cmake --build /home/ros/docker_simulation_ws/build/rbt_pd_cnt -- -j12 -l12
[3.298s] [100%] Built target rbt_pd_cnt
[3.352s] Invoked command in '/home/ros/docker_simulation_ws/build/rbt_pd_cnt' returned '0': CMAKE_PREFIX_PATH=/home/ros/docker_simulation_ws/install/pi3hat_moteus_int_msgs:/home/ros/docker_simulation_ws/install/wheels_vel_cnt:/home/ros/docker_simulation_ws/install/rbt_pd_cnt:/home/ros/docker_simulation_ws/install/omni_vel_controller:/home/ros/docker_simulation_ws/install/omni_mulinex_joystic:/home/ros/docker_simulation_ws/install/ik_quad_foot_control:/home/ros/docker_simulation_ws/install/mulinex_ignition:/home/ros/docker_simulation_ws/install/mulinex_description:/home/ros/docker_simulation_ws/install/custom_interfaces:/home/ros/docker_simulation_ws/install/rlg_quad_controller:/home/ros/docker_simulation_ws/install/mulinex_ignition_py:/opt/ros/humble LD_LIBRARY_PATH=/home/ros/docker_simulation_ws/install/pi3hat_moteus_int_msgs/lib:/home/ros/docker_simulation_ws/install/wheels_vel_cnt/lib:/home/ros/docker_simulation_ws/install/rbt_pd_cnt/lib:/home/ros/docker_simulation_ws/install/omni_vel_controller/lib:/home/ros/docker_simulation_ws/install/omni_mulinex_joystic/lib:/home/ros/docker_simulation_ws/install/ik_quad_foot_control/lib:/home/ros/docker_simulation_ws/install/custom_interfaces/lib:/opt/ros/humble/opt/rviz_ogre_vendor/lib:/opt/ros/humble/lib/x86_64-linux-gnu:/opt/ros/humble/lib /usr/bin/cmake --build /home/ros/docker_simulation_ws/build/rbt_pd_cnt -- -j12 -l12
[3.354s] Invoking command in '/home/ros/docker_simulation_ws/build/rbt_pd_cnt': CMAKE_PREFIX_PATH=/home/ros/docker_simulation_ws/install/pi3hat_moteus_int_msgs:/home/ros/docker_simulation_ws/install/wheels_vel_cnt:/home/ros/docker_simulation_ws/install/rbt_pd_cnt:/home/ros/docker_simulation_ws/install/omni_vel_controller:/home/ros/docker_simulation_ws/install/omni_mulinex_joystic:/home/ros/docker_simulation_ws/install/ik_quad_foot_control:/home/ros/docker_simulation_ws/install/mulinex_ignition:/home/ros/docker_simulation_ws/install/mulinex_description:/home/ros/docker_simulation_ws/install/custom_interfaces:/home/ros/docker_simulation_ws/install/rlg_quad_controller:/home/ros/docker_simulation_ws/install/mulinex_ignition_py:/opt/ros/humble LD_LIBRARY_PATH=/home/ros/docker_simulation_ws/install/pi3hat_moteus_int_msgs/lib:/home/ros/docker_simulation_ws/install/wheels_vel_cnt/lib:/home/ros/docker_simulation_ws/install/rbt_pd_cnt/lib:/home/ros/docker_simulation_ws/install/omni_vel_controller/lib:/home/ros/docker_simulation_ws/install/omni_mulinex_joystic/lib:/home/ros/docker_simulation_ws/install/ik_quad_foot_control/lib:/home/ros/docker_simulation_ws/install/custom_interfaces/lib:/opt/ros/humble/opt/rviz_ogre_vendor/lib:/opt/ros/humble/lib/x86_64-linux-gnu:/opt/ros/humble/lib /usr/bin/cmake --install /home/ros/docker_simulation_ws/build/rbt_pd_cnt
[3.538s] -- Install configuration: ""
[3.541s] -- Execute custom install script
[3.545s] -- Up-to-date symlink: /home/ros/docker_simulation_ws/install/rbt_pd_cnt/share/rbt_pd_cnt//rbt_pd_cnt.xml
[3.549s] -- Up-to-date symlink: /home/ros/docker_simulation_ws/install/rbt_pd_cnt/include/rbt_pd_cnt/real_pd_cnt.hpp
[3.550s] -- Up-to-date symlink: /home/ros/docker_simulation_ws/install/rbt_pd_cnt/include/rbt_pd_cnt/robot_pd_cnt.hpp
[3.550s] -- Up-to-date symlink: /home/ros/docker_simulation_ws/install/rbt_pd_cnt/lib/librbt_pd_cnt.so
[3.551s] -- Up-to-date symlink: /home/ros/docker_simulation_ws/install/rbt_pd_cnt/share/rbt_pd_cnt/environment/library_path.sh
[3.552s] -- Up-to-date symlink: /home/ros/docker_simulation_ws/install/rbt_pd_cnt/share/rbt_pd_cnt/environment/library_path.dsv
[3.553s] -- Up-to-date symlink: /home/ros/docker_simulation_ws/install/rbt_pd_cnt/share/ament_index/resource_index/package_run_dependencies/rbt_pd_cnt
[3.553s] -- Up-to-date symlink: /home/ros/docker_simulation_ws/install/rbt_pd_cnt/share/ament_index/resource_index/parent_prefix_path/rbt_pd_cnt
[3.554s] -- Up-to-date symlink: /home/ros/docker_simulation_ws/install/rbt_pd_cnt/share/rbt_pd_cnt/environment/ament_prefix_path.sh
[3.555s] -- Up-to-date symlink: /home/ros/docker_simulation_ws/install/rbt_pd_cnt/share/rbt_pd_cnt/environment/ament_prefix_path.dsv
[3.555s] -- Up-to-date symlink: /home/ros/docker_simulation_ws/install/rbt_pd_cnt/share/rbt_pd_cnt/environment/path.sh
[3.557s] -- Up-to-date symlink: /home/ros/docker_simulation_ws/install/rbt_pd_cnt/share/rbt_pd_cnt/environment/path.dsv
[3.557s] -- Up-to-date symlink: /home/ros/docker_simulation_ws/install/rbt_pd_cnt/share/rbt_pd_cnt/local_setup.bash
[3.557s] -- Up-to-date symlink: /home/ros/docker_simulation_ws/install/rbt_pd_cnt/share/rbt_pd_cnt/local_setup.sh
[3.571s] -- Up-to-date symlink: /home/ros/docker_simulation_ws/install/rbt_pd_cnt/share/rbt_pd_cnt/local_setup.zsh
[3.573s] -- Up-to-date symlink: /home/ros/docker_simulation_ws/install/rbt_pd_cnt/share/rbt_pd_cnt/local_setup.dsv
[3.573s] -- Symlinking: /home/ros/docker_simulation_ws/install/rbt_pd_cnt/share/rbt_pd_cnt/package.dsv
[3.628s] -- Up-to-date symlink: /home/ros/docker_simulation_ws/install/rbt_pd_cnt/share/ament_index/resource_index/packages/rbt_pd_cnt
[3.629s] -- Up-to-date symlink: /home/ros/docker_simulation_ws/install/rbt_pd_cnt/share/ament_index/resource_index/controller_interface__pluginlib__plugin/rbt_pd_cnt
[3.629s] -- Up-to-date symlink: /home/ros/docker_simulation_ws/install/rbt_pd_cnt/share/rbt_pd_cnt/cmake/ament_cmake_export_dependencies-extras.cmake
[3.630s] -- Up-to-date symlink: /home/ros/docker_simulation_ws/install/rbt_pd_cnt/share/rbt_pd_cnt/cmake/ament_cmake_export_include_directories-extras.cmake
[3.630s] -- Up-to-date symlink: /home/ros/docker_simulation_ws/install/rbt_pd_cnt/share/rbt_pd_cnt/cmake/ament_cmake_export_libraries-extras.cmake
[3.631s] -- Up-to-date symlink: /home/ros/docker_simulation_ws/install/rbt_pd_cnt/share/rbt_pd_cnt/cmake/rbt_pd_cntConfig.cmake
[3.631s] -- Up-to-date symlink: /home/ros/docker_simulation_ws/install/rbt_pd_cnt/share/rbt_pd_cnt/cmake/rbt_pd_cntConfig-version.cmake
[3.631s] -- Up-to-date symlink: /home/ros/docker_simulation_ws/install/rbt_pd_cnt/share/rbt_pd_cnt/package.xml
[3.813s] Invoked command in '/home/ros/docker_simulation_ws/build/rbt_pd_cnt' returned '0': CMAKE_PREFIX_PATH=/home/ros/docker_simulation_ws/install/pi3hat_moteus_int_msgs:/home/ros/docker_simulation_ws/install/wheels_vel_cnt:/home/ros/docker_simulation_ws/install/rbt_pd_cnt:/home/ros/docker_simulation_ws/install/omni_vel_controller:/home/ros/docker_simulation_ws/install/omni_mulinex_joystic:/home/ros/docker_simulation_ws/install/ik_quad_foot_control:/home/ros/docker_simulation_ws/install/mulinex_ignition:/home/ros/docker_simulation_ws/install/mulinex_description:/home/ros/docker_simulation_ws/install/custom_interfaces:/home/ros/docker_simulation_ws/install/rlg_quad_controller:/home/ros/docker_simulation_ws/install/mulinex_ignition_py:/opt/ros/humble LD_LIBRARY_PATH=/home/ros/docker_simulation_ws/install/pi3hat_moteus_int_msgs/lib:/home/ros/docker_simulation_ws/install/wheels_vel_cnt/lib:/home/ros/docker_simulation_ws/install/rbt_pd_cnt/lib:/home/ros/docker_simulation_ws/install/omni_vel_controller/lib:/home/ros/docker_simulation_ws/install/omni_mulinex_joystic/lib:/home/ros/docker_simulation_ws/install/ik_quad_foot_control/lib:/home/ros/docker_simulation_ws/install/custom_interfaces/lib:/opt/ros/humble/opt/rviz_ogre_vendor/lib:/opt/ros/humble/lib/x86_64-linux-gnu:/opt/ros/humble/lib /usr/bin/cmake --install /home/ros/docker_simulation_ws/build/rbt_pd_cnt
