[0.105s] Invoking command in '/home/ros/docker_simulation_ws/build/omni_mulinex_joystic': CMAKE_PREFIX_PATH=/home/ros/docker_simulation_ws/install/pi3hat_moteus_int_msgs:/home/ros/docker_simulation_ws/install/wheels_vel_cnt:/home/ros/docker_simulation_ws/install/rbt_pd_cnt:/home/ros/docker_simulation_ws/install/omni_vel_controller:/home/ros/docker_simulation_ws/install/omni_mulinex_joystic:/home/ros/docker_simulation_ws/install/ik_quad_foot_control:/home/ros/docker_simulation_ws/install/mulinex_ignition:/home/ros/docker_simulation_ws/install/mulinex_description:/home/ros/docker_simulation_ws/install/custom_interfaces:/home/ros/docker_simulation_ws/install/rlg_quad_controller:/home/ros/docker_simulation_ws/install/mulinex_ignition_py:/opt/ros/humble LD_LIBRARY_PATH=/home/ros/docker_simulation_ws/install/pi3hat_moteus_int_msgs/lib:/home/ros/docker_simulation_ws/install/wheels_vel_cnt/lib:/home/ros/docker_simulation_ws/install/rbt_pd_cnt/lib:/home/ros/docker_simulation_ws/install/omni_vel_controller/lib:/home/ros/docker_simulation_ws/install/omni_mulinex_joystic/lib:/home/ros/docker_simulation_ws/install/ik_quad_foot_control/lib:/home/ros/docker_simulation_ws/install/custom_interfaces/lib:/opt/ros/humble/opt/rviz_ogre_vendor/lib:/opt/ros/humble/lib/x86_64-linux-gnu:/opt/ros/humble/lib /usr/bin/cmake --build /home/ros/docker_simulation_ws/build/omni_mulinex_joystic -- -j12 -l12
[0.672s] [35m[1mConsolidate compiler generated dependencies of target omni_mulinex_joystic[0m
[0.672s] [ 50%] Built target omni_mulinex_joystic
[0.673s] [35m[1mConsolidate compiler generated dependencies of target omni_mul_joystic_node[0m
[0.678s] [100%] Built target omni_mul_joystic_node
[0.692s] Invoked command in '/home/ros/docker_simulation_ws/build/omni_mulinex_joystic' returned '0': CMAKE_PREFIX_PATH=/home/ros/docker_simulation_ws/install/pi3hat_moteus_int_msgs:/home/ros/docker_simulation_ws/install/wheels_vel_cnt:/home/ros/docker_simulation_ws/install/rbt_pd_cnt:/home/ros/docker_simulation_ws/install/omni_vel_controller:/home/ros/docker_simulation_ws/install/omni_mulinex_joystic:/home/ros/docker_simulation_ws/install/ik_quad_foot_control:/home/ros/docker_simulation_ws/install/mulinex_ignition:/home/ros/docker_simulation_ws/install/mulinex_description:/home/ros/docker_simulation_ws/install/custom_interfaces:/home/ros/docker_simulation_ws/install/rlg_quad_controller:/home/ros/docker_simulation_ws/install/mulinex_ignition_py:/opt/ros/humble LD_LIBRARY_PATH=/home/ros/docker_simulation_ws/install/pi3hat_moteus_int_msgs/lib:/home/ros/docker_simulation_ws/install/wheels_vel_cnt/lib:/home/ros/docker_simulation_ws/install/rbt_pd_cnt/lib:/home/ros/docker_simulation_ws/install/omni_vel_controller/lib:/home/ros/docker_simulation_ws/install/omni_mulinex_joystic/lib:/home/ros/docker_simulation_ws/install/ik_quad_foot_control/lib:/home/ros/docker_simulation_ws/install/custom_interfaces/lib:/opt/ros/humble/opt/rviz_ogre_vendor/lib:/opt/ros/humble/lib/x86_64-linux-gnu:/opt/ros/humble/lib /usr/bin/cmake --build /home/ros/docker_simulation_ws/build/omni_mulinex_joystic -- -j12 -l12
[0.698s] Invoking command in '/home/ros/docker_simulation_ws/build/omni_mulinex_joystic': CMAKE_PREFIX_PATH=/home/ros/docker_simulation_ws/install/pi3hat_moteus_int_msgs:/home/ros/docker_simulation_ws/install/wheels_vel_cnt:/home/ros/docker_simulation_ws/install/rbt_pd_cnt:/home/ros/docker_simulation_ws/install/omni_vel_controller:/home/ros/docker_simulation_ws/install/omni_mulinex_joystic:/home/ros/docker_simulation_ws/install/ik_quad_foot_control:/home/ros/docker_simulation_ws/install/mulinex_ignition:/home/ros/docker_simulation_ws/install/mulinex_description:/home/ros/docker_simulation_ws/install/custom_interfaces:/home/ros/docker_simulation_ws/install/rlg_quad_controller:/home/ros/docker_simulation_ws/install/mulinex_ignition_py:/opt/ros/humble LD_LIBRARY_PATH=/home/ros/docker_simulation_ws/install/pi3hat_moteus_int_msgs/lib:/home/ros/docker_simulation_ws/install/wheels_vel_cnt/lib:/home/ros/docker_simulation_ws/install/rbt_pd_cnt/lib:/home/ros/docker_simulation_ws/install/omni_vel_controller/lib:/home/ros/docker_simulation_ws/install/omni_mulinex_joystic/lib:/home/ros/docker_simulation_ws/install/ik_quad_foot_control/lib:/home/ros/docker_simulation_ws/install/custom_interfaces/lib:/opt/ros/humble/opt/rviz_ogre_vendor/lib:/opt/ros/humble/lib/x86_64-linux-gnu:/opt/ros/humble/lib /usr/bin/cmake --install /home/ros/docker_simulation_ws/build/omni_mulinex_joystic
[0.773s] -- Install configuration: ""
[0.779s] -- Execute custom install script
[0.780s] -- Up-to-date symlink: /home/ros/docker_simulation_ws/install/omni_mulinex_joystic/lib/omni_mulinex_joystic/omni_mul_joystic_node
[0.780s] -- Up-to-date symlink: /home/ros/docker_simulation_ws/install/omni_mulinex_joystic/include/omni_mulinex_joystic/include/omni_mulinex_joystic/omnimul_joy.hpp
[0.781s] -- Up-to-date symlink: /home/ros/docker_simulation_ws/install/omni_mulinex_joystic/share/omni_mulinex_joystic/launch/start_joy_sim.launch.py
[0.782s] -- Up-to-date symlink: /home/ros/docker_simulation_ws/install/omni_mulinex_joystic/share/omni_mulinex_joystic/launch/start_joystic_nodes.launch.py
[0.782s] -- Up-to-date symlink: /home/ros/docker_simulation_ws/install/omni_mulinex_joystic/share/omni_mulinex_joystic/config/joy_node.yaml
[0.788s] -- Up-to-date symlink: /home/ros/docker_simulation_ws/install/omni_mulinex_joystic/share/omni_mulinex_joystic/environment/library_path.sh
[0.789s] -- Up-to-date symlink: /home/ros/docker_simulation_ws/install/omni_mulinex_joystic/share/omni_mulinex_joystic/environment/library_path.dsv
[0.789s] -- Up-to-date symlink: /home/ros/docker_simulation_ws/install/omni_mulinex_joystic/share/ament_index/resource_index/package_run_dependencies/omni_mulinex_joystic
[0.790s] -- Up-to-date symlink: /home/ros/docker_simulation_ws/install/omni_mulinex_joystic/share/ament_index/resource_index/parent_prefix_path/omni_mulinex_joystic
[0.791s] -- Up-to-date symlink: /home/ros/docker_simulation_ws/install/omni_mulinex_joystic/share/omni_mulinex_joystic/environment/ament_prefix_path.sh
[0.791s] -- Up-to-date symlink: /home/ros/docker_simulation_ws/install/omni_mulinex_joystic/share/omni_mulinex_joystic/environment/ament_prefix_path.dsv
[0.801s] -- Up-to-date symlink: /home/ros/docker_simulation_ws/install/omni_mulinex_joystic/share/omni_mulinex_joystic/environment/path.sh
[0.802s] -- Up-to-date symlink: /home/ros/docker_simulation_ws/install/omni_mulinex_joystic/share/omni_mulinex_joystic/environment/path.dsv
[0.802s] -- Up-to-date symlink: /home/ros/docker_simulation_ws/install/omni_mulinex_joystic/share/omni_mulinex_joystic/local_setup.bash
[0.802s] -- Up-to-date symlink: /home/ros/docker_simulation_ws/install/omni_mulinex_joystic/share/omni_mulinex_joystic/local_setup.sh
[0.804s] -- Up-to-date symlink: /home/ros/docker_simulation_ws/install/omni_mulinex_joystic/share/omni_mulinex_joystic/local_setup.zsh
[0.805s] -- Up-to-date symlink: /home/ros/docker_simulation_ws/install/omni_mulinex_joystic/share/omni_mulinex_joystic/local_setup.dsv
[0.807s] -- Symlinking: /home/ros/docker_simulation_ws/install/omni_mulinex_joystic/share/omni_mulinex_joystic/package.dsv
[0.822s] -- Up-to-date symlink: /home/ros/docker_simulation_ws/install/omni_mulinex_joystic/share/ament_index/resource_index/packages/omni_mulinex_joystic
[0.828s] -- Up-to-date symlink: /home/ros/docker_simulation_ws/install/omni_mulinex_joystic/share/omni_mulinex_joystic/cmake/ament_cmake_export_dependencies-extras.cmake
[0.828s] -- Up-to-date symlink: /home/ros/docker_simulation_ws/install/omni_mulinex_joystic/share/omni_mulinex_joystic/cmake/ament_cmake_export_include_directories-extras.cmake
[0.829s] -- Up-to-date symlink: /home/ros/docker_simulation_ws/install/omni_mulinex_joystic/share/omni_mulinex_joystic/cmake/ament_cmake_export_libraries-extras.cmake
[0.829s] -- Up-to-date symlink: /home/ros/docker_simulation_ws/install/omni_mulinex_joystic/share/omni_mulinex_joystic/cmake/omni_mulinex_joysticConfig.cmake
[0.830s] -- Up-to-date symlink: /home/ros/docker_simulation_ws/install/omni_mulinex_joystic/share/omni_mulinex_joystic/cmake/omni_mulinex_joysticConfig-version.cmake
[0.830s] -- Up-to-date symlink: /home/ros/docker_simulation_ws/install/omni_mulinex_joystic/share/omni_mulinex_joystic/package.xml
[0.831s] -- Up-to-date: /home/ros/docker_simulation_ws/install/omni_mulinex_joystic/lib/libomni_mulinex_joystic.so
[0.957s] Invoked command in '/home/ros/docker_simulation_ws/build/omni_mulinex_joystic' returned '0': CMAKE_PREFIX_PATH=/home/ros/docker_simulation_ws/install/pi3hat_moteus_int_msgs:/home/ros/docker_simulation_ws/install/wheels_vel_cnt:/home/ros/docker_simulation_ws/install/rbt_pd_cnt:/home/ros/docker_simulation_ws/install/omni_vel_controller:/home/ros/docker_simulation_ws/install/omni_mulinex_joystic:/home/ros/docker_simulation_ws/install/ik_quad_foot_control:/home/ros/docker_simulation_ws/install/mulinex_ignition:/home/ros/docker_simulation_ws/install/mulinex_description:/home/ros/docker_simulation_ws/install/custom_interfaces:/home/ros/docker_simulation_ws/install/rlg_quad_controller:/home/ros/docker_simulation_ws/install/mulinex_ignition_py:/opt/ros/humble LD_LIBRARY_PATH=/home/ros/docker_simulation_ws/install/pi3hat_moteus_int_msgs/lib:/home/ros/docker_simulation_ws/install/wheels_vel_cnt/lib:/home/ros/docker_simulation_ws/install/rbt_pd_cnt/lib:/home/ros/docker_simulation_ws/install/omni_vel_controller/lib:/home/ros/docker_simulation_ws/install/omni_mulinex_joystic/lib:/home/ros/docker_simulation_ws/install/ik_quad_foot_control/lib:/home/ros/docker_simulation_ws/install/custom_interfaces/lib:/opt/ros/humble/opt/rviz_ogre_vendor/lib:/opt/ros/humble/lib/x86_64-linux-gnu:/opt/ros/humble/lib /usr/bin/cmake --install /home/ros/docker_simulation_ws/build/omni_mulinex_joystic
