[0.237s] Invoking command in '/home/ros/docker_simulation_ws/build/custom_interfaces': CMAKE_PREFIX_PATH=${CMAKE_PREFIX_PATH}:/home/ros/docker_simulation_ws/install/rlg_quad_controller:/home/ros/docker_simulation_ws/install/mulinex_ignition_py:/opt/ros/humble /usr/bin/cmake --build /home/ros/docker_simulation_ws/build/custom_interfaces -- -j12 -l12
[0.673s] [  3%] Built target custom_interfaces__cpp
[0.708s] [ 12%] Built target custom_interfaces__rosidl_generator_c
[0.807s] [ 12%] Built target ament_cmake_python_symlink_custom_interfaces
[0.882s] [ 22%] Built target custom_interfaces__rosidl_typesupport_cpp
[1.027s] [ 32%] Built target custom_interfaces__rosidl_typesupport_introspection_cpp
[1.083s] [ 41%] Built target custom_interfaces__rosidl_typesupport_introspection_c
[1.088s] [ 51%] Built target custom_interfaces__rosidl_typesupport_fastrtps_cpp
[1.128s] [ 61%] Built target custom_interfaces__rosidl_typesupport_fastrtps_c
[1.145s] [ 70%] Built target custom_interfaces__rosidl_typesupport_c
[1.270s] [ 70%] Built target custom_interfaces
[1.480s] [ 74%] Built target custom_interfaces__py
[1.773s] [ 80%] Built target custom_interfaces__rosidl_generator_py
[2.076s] [ 87%] Built target custom_interfaces__rosidl_typesupport_fastrtps_c__pyext
[2.090s] [ 93%] Built target custom_interfaces__rosidl_typesupport_c__pyext
[2.097s] [100%] Built target custom_interfaces__rosidl_typesupport_introspection_c__pyext
[3.214s] running egg_info
[3.219s] writing custom_interfaces.egg-info/PKG-INFO
[3.220s] writing dependency_links to custom_interfaces.egg-info/dependency_links.txt
[3.220s] writing top-level names to custom_interfaces.egg-info/top_level.txt
[3.234s] reading manifest file 'custom_interfaces.egg-info/SOURCES.txt'
[3.241s] writing manifest file 'custom_interfaces.egg-info/SOURCES.txt'
[3.492s] [100%] Built target ament_cmake_python_build_custom_interfaces_egg
[3.614s] Invoked command in '/home/ros/docker_simulation_ws/build/custom_interfaces' returned '0': CMAKE_PREFIX_PATH=${CMAKE_PREFIX_PATH}:/home/ros/docker_simulation_ws/install/rlg_quad_controller:/home/ros/docker_simulation_ws/install/mulinex_ignition_py:/opt/ros/humble /usr/bin/cmake --build /home/ros/docker_simulation_ws/build/custom_interfaces -- -j12 -l12
[3.617s] Invoking command in '/home/ros/docker_simulation_ws/build/custom_interfaces': CMAKE_PREFIX_PATH=${CMAKE_PREFIX_PATH}:/home/ros/docker_simulation_ws/install/rlg_quad_controller:/home/ros/docker_simulation_ws/install/mulinex_ignition_py:/opt/ros/humble /usr/bin/cmake --install /home/ros/docker_simulation_ws/build/custom_interfaces
[3.668s] -- Install configuration: ""
[3.677s] -- Execute custom install script
[3.679s] -- Up-to-date symlink: /home/ros/docker_simulation_ws/install/custom_interfaces/share/ament_index/resource_index/rosidl_interfaces/custom_interfaces
[3.680s] -- Up-to-date symlink: /home/ros/docker_simulation_ws/install/custom_interfaces/include/custom_interfaces/custom_interfaces/msg/detail/wheel_velocity_command__functions.h
[3.681s] -- Up-to-date symlink: /home/ros/docker_simulation_ws/install/custom_interfaces/include/custom_interfaces/custom_interfaces/msg/detail/wheel_velocity_command__struct.h
[3.681s] -- Up-to-date symlink: /home/ros/docker_simulation_ws/install/custom_interfaces/include/custom_interfaces/custom_interfaces/msg/detail/wheel_velocity_command__type_support.h
[3.682s] -- Up-to-date symlink: /home/ros/docker_simulation_ws/install/custom_interfaces/include/custom_interfaces/custom_interfaces/msg/rosidl_generator_c__visibility_control.h
[3.684s] -- Up-to-date symlink: /home/ros/docker_simulation_ws/install/custom_interfaces/include/custom_interfaces/custom_interfaces/msg/wheel_velocity_command.h
[3.684s] -- Up-to-date symlink: /home/ros/docker_simulation_ws/install/custom_interfaces/share/custom_interfaces/environment/library_path.sh
[3.684s] -- Up-to-date symlink: /home/ros/docker_simulation_ws/install/custom_interfaces/share/custom_interfaces/environment/library_path.dsv
[3.685s] -- Up-to-date symlink: /home/ros/docker_simulation_ws/install/custom_interfaces/include/custom_interfaces/custom_interfaces/msg/detail/wheel_velocity_command__rosidl_typesupport_fastrtps_c.h
[3.686s] -- Up-to-date symlink: /home/ros/docker_simulation_ws/install/custom_interfaces/include/custom_interfaces/custom_interfaces/msg/rosidl_typesupport_fastrtps_c__visibility_control.h
[3.690s] -- Up-to-date symlink: /home/ros/docker_simulation_ws/install/custom_interfaces/include/custom_interfaces/custom_interfaces/msg/detail/wheel_velocity_command__builder.hpp
[3.690s] -- Up-to-date symlink: /home/ros/docker_simulation_ws/install/custom_interfaces/include/custom_interfaces/custom_interfaces/msg/detail/wheel_velocity_command__struct.hpp
[3.692s] -- Up-to-date symlink: /home/ros/docker_simulation_ws/install/custom_interfaces/include/custom_interfaces/custom_interfaces/msg/detail/wheel_velocity_command__traits.hpp
[3.693s] -- Up-to-date symlink: /home/ros/docker_simulation_ws/install/custom_interfaces/include/custom_interfaces/custom_interfaces/msg/detail/wheel_velocity_command__type_support.hpp
[3.698s] -- Up-to-date symlink: /home/ros/docker_simulation_ws/install/custom_interfaces/include/custom_interfaces/custom_interfaces/msg/rosidl_generator_cpp__visibility_control.hpp
[3.699s] -- Up-to-date symlink: /home/ros/docker_simulation_ws/install/custom_interfaces/include/custom_interfaces/custom_interfaces/msg/wheel_velocity_command.hpp
[3.707s] -- Up-to-date symlink: /home/ros/docker_simulation_ws/install/custom_interfaces/include/custom_interfaces/custom_interfaces/msg/detail/wheel_velocity_command__rosidl_typesupport_fastrtps_cpp.hpp
[3.708s] -- Up-to-date symlink: /home/ros/docker_simulation_ws/install/custom_interfaces/include/custom_interfaces/custom_interfaces/msg/rosidl_typesupport_fastrtps_cpp__visibility_control.h
[3.708s] -- Up-to-date symlink: /home/ros/docker_simulation_ws/install/custom_interfaces/include/custom_interfaces/custom_interfaces/msg/detail/wheel_velocity_command__rosidl_typesupport_introspection_c.h
[3.718s] -- Up-to-date symlink: /home/ros/docker_simulation_ws/install/custom_interfaces/include/custom_interfaces/custom_interfaces/msg/rosidl_typesupport_introspection_c__visibility_control.h
[3.719s] -- Up-to-date symlink: /home/ros/docker_simulation_ws/install/custom_interfaces/include/custom_interfaces/custom_interfaces/msg/detail/wheel_velocity_command__rosidl_typesupport_introspection_cpp.hpp
[3.721s] -- Up-to-date symlink: /home/ros/docker_simulation_ws/install/custom_interfaces/share/custom_interfaces/environment/pythonpath.sh
[3.725s] -- Up-to-date symlink: /home/ros/docker_simulation_ws/install/custom_interfaces/share/custom_interfaces/environment/pythonpath.dsv
[3.726s] -- Up-to-date symlink: /home/ros/docker_simulation_ws/install/custom_interfaces/local/lib/python3.10/dist-packages/custom_interfaces-0.0.0-py3.10.egg-info/PKG-INFO
[3.726s] -- Up-to-date symlink: /home/ros/docker_simulation_ws/install/custom_interfaces/local/lib/python3.10/dist-packages/custom_interfaces-0.0.0-py3.10.egg-info/SOURCES.txt
[3.728s] -- Up-to-date symlink: /home/ros/docker_simulation_ws/install/custom_interfaces/local/lib/python3.10/dist-packages/custom_interfaces-0.0.0-py3.10.egg-info/dependency_links.txt
[3.729s] -- Up-to-date symlink: /home/ros/docker_simulation_ws/install/custom_interfaces/local/lib/python3.10/dist-packages/custom_interfaces-0.0.0-py3.10.egg-info/top_level.txt
[3.733s] -- Up-to-date symlink: /home/ros/docker_simulation_ws/install/custom_interfaces/local/lib/python3.10/dist-packages/custom_interfaces/__init__.py
[3.733s] -- Up-to-date symlink: /home/ros/docker_simulation_ws/install/custom_interfaces/local/lib/python3.10/dist-packages/custom_interfaces/_custom_interfaces_s.ep.rosidl_typesupport_c.c
[3.734s] -- Up-to-date symlink: /home/ros/docker_simulation_ws/install/custom_interfaces/local/lib/python3.10/dist-packages/custom_interfaces/_custom_interfaces_s.ep.rosidl_typesupport_fastrtps_c.c
[3.734s] -- Up-to-date symlink: /home/ros/docker_simulation_ws/install/custom_interfaces/local/lib/python3.10/dist-packages/custom_interfaces/_custom_interfaces_s.ep.rosidl_typesupport_introspection_c.c
[3.735s] -- Up-to-date symlink: /home/ros/docker_simulation_ws/install/custom_interfaces/local/lib/python3.10/dist-packages/custom_interfaces/custom_interfaces_s__rosidl_typesupport_c.cpython-310-x86_64-linux-gnu.so
[3.737s] -- Up-to-date symlink: /home/ros/docker_simulation_ws/install/custom_interfaces/local/lib/python3.10/dist-packages/custom_interfaces/custom_interfaces_s__rosidl_typesupport_fastrtps_c.cpython-310-x86_64-linux-gnu.so
[3.738s] -- Up-to-date symlink: /home/ros/docker_simulation_ws/install/custom_interfaces/local/lib/python3.10/dist-packages/custom_interfaces/custom_interfaces_s__rosidl_typesupport_introspection_c.cpython-310-x86_64-linux-gnu.so
[3.738s] -- Up-to-date symlink: /home/ros/docker_simulation_ws/install/custom_interfaces/local/lib/python3.10/dist-packages/custom_interfaces/libcustom_interfaces__rosidl_generator_py.so
[3.739s] -- Up-to-date symlink: /home/ros/docker_simulation_ws/install/custom_interfaces/local/lib/python3.10/dist-packages/custom_interfaces/msg/__init__.py
[3.739s] -- Up-to-date symlink: /home/ros/docker_simulation_ws/install/custom_interfaces/local/lib/python3.10/dist-packages/custom_interfaces/msg/_wheel_velocity_command.py
[3.740s] -- Up-to-date symlink: /home/ros/docker_simulation_ws/install/custom_interfaces/local/lib/python3.10/dist-packages/custom_interfaces/msg/_wheel_velocity_command_s.c
[3.740s] -- Up-to-date symlink: /home/ros/docker_simulation_ws/install/custom_interfaces/local/lib/python3.10/dist-packages/custom_interfaces/custom_interfaces_s__rosidl_typesupport_fastrtps_c.cpython-310-x86_64-linux-gnu.so
[3.741s] -- Up-to-date symlink: /home/ros/docker_simulation_ws/install/custom_interfaces/local/lib/python3.10/dist-packages/custom_interfaces/custom_interfaces_s__rosidl_typesupport_introspection_c.cpython-310-x86_64-linux-gnu.so
[3.742s] -- Up-to-date symlink: /home/ros/docker_simulation_ws/install/custom_interfaces/local/lib/python3.10/dist-packages/custom_interfaces/custom_interfaces_s__rosidl_typesupport_c.cpython-310-x86_64-linux-gnu.so
[3.743s] -- Up-to-date symlink: /home/ros/docker_simulation_ws/install/custom_interfaces/share/custom_interfaces/msg/WheelVelocityCommand.idl
[3.745s] -- Up-to-date symlink: /home/ros/docker_simulation_ws/install/custom_interfaces/share/custom_interfaces/msg/WheelVelocityCommand.msg
[3.750s] -- Up-to-date symlink: /home/ros/docker_simulation_ws/install/custom_interfaces/share/ament_index/resource_index/package_run_dependencies/custom_interfaces
[3.751s] -- Up-to-date symlink: /home/ros/docker_simulation_ws/install/custom_interfaces/share/ament_index/resource_index/parent_prefix_path/custom_interfaces
[3.754s] -- Up-to-date symlink: /home/ros/docker_simulation_ws/install/custom_interfaces/share/custom_interfaces/environment/ament_prefix_path.sh
[3.754s] -- Up-to-date symlink: /home/ros/docker_simulation_ws/install/custom_interfaces/share/custom_interfaces/environment/ament_prefix_path.dsv
[3.755s] -- Up-to-date symlink: /home/ros/docker_simulation_ws/install/custom_interfaces/share/custom_interfaces/environment/path.sh
[3.756s] -- Up-to-date symlink: /home/ros/docker_simulation_ws/install/custom_interfaces/share/custom_interfaces/environment/path.dsv
[3.759s] -- Up-to-date symlink: /home/ros/docker_simulation_ws/install/custom_interfaces/share/custom_interfaces/local_setup.bash
[3.760s] -- Up-to-date symlink: /home/ros/docker_simulation_ws/install/custom_interfaces/share/custom_interfaces/local_setup.sh
[3.763s] -- Up-to-date symlink: /home/ros/docker_simulation_ws/install/custom_interfaces/share/custom_interfaces/local_setup.zsh
[3.764s] -- Up-to-date symlink: /home/ros/docker_simulation_ws/install/custom_interfaces/share/custom_interfaces/local_setup.dsv
[3.765s] -- Symlinking: /home/ros/docker_simulation_ws/install/custom_interfaces/share/custom_interfaces/package.dsv
[3.800s] -- Up-to-date symlink: /home/ros/docker_simulation_ws/install/custom_interfaces/share/ament_index/resource_index/packages/custom_interfaces
[3.800s] -- Up-to-date symlink: /home/ros/docker_simulation_ws/install/custom_interfaces/share/custom_interfaces/cmake/rosidl_cmake-extras.cmake
[3.801s] -- Up-to-date symlink: /home/ros/docker_simulation_ws/install/custom_interfaces/share/custom_interfaces/cmake/ament_cmake_export_dependencies-extras.cmake
[3.802s] -- Up-to-date symlink: /home/ros/docker_simulation_ws/install/custom_interfaces/share/custom_interfaces/cmake/ament_cmake_export_include_directories-extras.cmake
[3.804s] -- Up-to-date symlink: /home/ros/docker_simulation_ws/install/custom_interfaces/share/custom_interfaces/cmake/ament_cmake_export_libraries-extras.cmake
[3.805s] -- Up-to-date symlink: /home/ros/docker_simulation_ws/install/custom_interfaces/share/custom_interfaces/cmake/ament_cmake_export_targets-extras.cmake
[3.806s] -- Up-to-date symlink: /home/ros/docker_simulation_ws/install/custom_interfaces/share/custom_interfaces/cmake/rosidl_cmake_export_typesupport_targets-extras.cmake
[3.807s] -- Up-to-date symlink: /home/ros/docker_simulation_ws/install/custom_interfaces/share/custom_interfaces/cmake/rosidl_cmake_export_typesupport_libraries-extras.cmake
[3.808s] -- Up-to-date symlink: /home/ros/docker_simulation_ws/install/custom_interfaces/share/custom_interfaces/cmake/custom_interfacesConfig.cmake
[3.808s] -- Up-to-date symlink: /home/ros/docker_simulation_ws/install/custom_interfaces/share/custom_interfaces/cmake/custom_interfacesConfig-version.cmake
[3.809s] -- Up-to-date symlink: /home/ros/docker_simulation_ws/install/custom_interfaces/share/custom_interfaces/package.xml
[3.809s] -- Up-to-date: /home/ros/docker_simulation_ws/install/custom_interfaces/lib/libcustom_interfaces__rosidl_generator_c.so
[3.813s] -- Up-to-date: /home/ros/docker_simulation_ws/install/custom_interfaces/lib/libcustom_interfaces__rosidl_typesupport_fastrtps_c.so
[3.815s] -- Up-to-date: /home/ros/docker_simulation_ws/install/custom_interfaces/lib/libcustom_interfaces__rosidl_typesupport_fastrtps_cpp.so
[3.819s] -- Up-to-date: /home/ros/docker_simulation_ws/install/custom_interfaces/lib/libcustom_interfaces__rosidl_typesupport_introspection_c.so
[3.821s] -- Up-to-date: /home/ros/docker_simulation_ws/install/custom_interfaces/lib/libcustom_interfaces__rosidl_typesupport_c.so
[3.821s] -- Up-to-date: /home/ros/docker_simulation_ws/install/custom_interfaces/lib/libcustom_interfaces__rosidl_typesupport_introspection_cpp.so
[3.823s] -- Up-to-date: /home/ros/docker_simulation_ws/install/custom_interfaces/lib/libcustom_interfaces__rosidl_typesupport_cpp.so
[4.042s] Listing '/home/ros/docker_simulation_ws/install/custom_interfaces/local/lib/python3.10/dist-packages/custom_interfaces'...
[4.042s] Listing '/home/ros/docker_simulation_ws/install/custom_interfaces/local/lib/python3.10/dist-packages/custom_interfaces/msg'...
[4.087s] -- Up-to-date: /home/ros/docker_simulation_ws/install/custom_interfaces/lib/libcustom_interfaces__rosidl_generator_py.so
[4.087s] -- Up-to-date: /home/ros/docker_simulation_ws/install/custom_interfaces/share/custom_interfaces/cmake/export_custom_interfaces__rosidl_generator_cExport.cmake
[4.088s] -- Up-to-date: /home/ros/docker_simulation_ws/install/custom_interfaces/share/custom_interfaces/cmake/export_custom_interfaces__rosidl_generator_cExport-noconfig.cmake
[4.089s] -- Up-to-date: /home/ros/docker_simulation_ws/install/custom_interfaces/share/custom_interfaces/cmake/export_custom_interfaces__rosidl_typesupport_fastrtps_cExport.cmake
[4.090s] -- Up-to-date: /home/ros/docker_simulation_ws/install/custom_interfaces/share/custom_interfaces/cmake/export_custom_interfaces__rosidl_typesupport_fastrtps_cExport-noconfig.cmake
[4.090s] -- Up-to-date: /home/ros/docker_simulation_ws/install/custom_interfaces/share/custom_interfaces/cmake/export_custom_interfaces__rosidl_generator_cppExport.cmake
[4.095s] -- Up-to-date: /home/ros/docker_simulation_ws/install/custom_interfaces/share/custom_interfaces/cmake/export_custom_interfaces__rosidl_typesupport_fastrtps_cppExport.cmake
[4.096s] -- Up-to-date: /home/ros/docker_simulation_ws/install/custom_interfaces/share/custom_interfaces/cmake/export_custom_interfaces__rosidl_typesupport_fastrtps_cppExport-noconfig.cmake
[4.098s] -- Up-to-date: /home/ros/docker_simulation_ws/install/custom_interfaces/share/custom_interfaces/cmake/custom_interfaces__rosidl_typesupport_introspection_cExport.cmake
[4.119s] -- Up-to-date: /home/ros/docker_simulation_ws/install/custom_interfaces/share/custom_interfaces/cmake/custom_interfaces__rosidl_typesupport_introspection_cExport-noconfig.cmake
[4.121s] -- Up-to-date: /home/ros/docker_simulation_ws/install/custom_interfaces/share/custom_interfaces/cmake/custom_interfaces__rosidl_typesupport_cExport.cmake
[4.123s] -- Up-to-date: /home/ros/docker_simulation_ws/install/custom_interfaces/share/custom_interfaces/cmake/custom_interfaces__rosidl_typesupport_cExport-noconfig.cmake
[4.123s] -- Up-to-date: /home/ros/docker_simulation_ws/install/custom_interfaces/share/custom_interfaces/cmake/custom_interfaces__rosidl_typesupport_introspection_cppExport.cmake
[4.124s] -- Up-to-date: /home/ros/docker_simulation_ws/install/custom_interfaces/share/custom_interfaces/cmake/custom_interfaces__rosidl_typesupport_introspection_cppExport-noconfig.cmake
[4.125s] -- Up-to-date: /home/ros/docker_simulation_ws/install/custom_interfaces/share/custom_interfaces/cmake/custom_interfaces__rosidl_typesupport_cppExport.cmake
[4.138s] -- Up-to-date: /home/ros/docker_simulation_ws/install/custom_interfaces/share/custom_interfaces/cmake/custom_interfaces__rosidl_typesupport_cppExport-noconfig.cmake
[4.152s] -- Up-to-date: /home/ros/docker_simulation_ws/install/custom_interfaces/share/custom_interfaces/cmake/export_custom_interfaces__rosidl_generator_pyExport.cmake
[4.153s] -- Up-to-date: /home/ros/docker_simulation_ws/install/custom_interfaces/share/custom_interfaces/cmake/export_custom_interfaces__rosidl_generator_pyExport-noconfig.cmake
[4.475s] Invoked command in '/home/ros/docker_simulation_ws/build/custom_interfaces' returned '0': CMAKE_PREFIX_PATH=${CMAKE_PREFIX_PATH}:/home/ros/docker_simulation_ws/install/rlg_quad_controller:/home/ros/docker_simulation_ws/install/mulinex_ignition_py:/opt/ros/humble /usr/bin/cmake --install /home/ros/docker_simulation_ws/build/custom_interfaces
