[2.948s] Invoking command in '/home/ros/docker_simulation_ws/build/mulinex_ignition_py': PYTHONPATH=/home/ros/docker_simulation_ws/build/mulinex_ignition_py/prefix_override:/usr/lib/python3/dist-packages/colcon_core/task/python/colcon_distutils_commands:/home/ros/docker_simulation_ws/install/mulinex_ignition_py/lib/python3.10/site-packages:${PYTHONPATH} /usr/bin/python3 -W ignore:setup.py install is deprecated -W ignore:easy_install command is deprecated setup.py develop --editable --build-directory /home/ros/docker_simulation_ws/build/mulinex_ignition_py/build --no-deps symlink_data
[3.928s] running develop
[4.444s] running egg_info
[4.445s] writing mulinex_ignition_py.egg-info/PKG-INFO
[4.445s] writing dependency_links to mulinex_ignition_py.egg-info/dependency_links.txt
[4.446s] writing entry points to mulinex_ignition_py.egg-info/entry_points.txt
[4.446s] writing requirements to mulinex_ignition_py.egg-info/requires.txt
[4.447s] writing top-level names to mulinex_ignition_py.egg-info/top_level.txt
[4.449s] reading manifest file 'mulinex_ignition_py.egg-info/SOURCES.txt'
[4.451s] writing manifest file 'mulinex_ignition_py.egg-info/SOURCES.txt'
[4.457s] running build_ext
[4.458s] Creating /home/ros/docker_simulation_ws/install/mulinex_ignition_py/lib/python3.10/site-packages/mulinex-ignition-py.egg-link (link to .)
[4.461s] Installing bridge_node script to /home/ros/docker_simulation_ws/install/mulinex_ignition_py/lib/mulinex_ignition_py
[4.462s] Installing getup script to /home/ros/docker_simulation_ws/install/mulinex_ignition_py/lib/mulinex_ignition_py
[4.463s] Installing getup_omni_1 script to /home/ros/docker_simulation_ws/install/mulinex_ignition_py/lib/mulinex_ignition_py
[4.463s] Installing gostraighton script to /home/ros/docker_simulation_ws/install/mulinex_ignition_py/lib/mulinex_ignition_py
[4.464s] Installing move_pd script to /home/ros/docker_simulation_ws/install/mulinex_ignition_py/lib/mulinex_ignition_py
[4.465s] Installing move_wheels script to /home/ros/docker_simulation_ws/install/mulinex_ignition_py/lib/mulinex_ignition_py
[4.466s] Installing move_wheels_2 script to /home/ros/docker_simulation_ws/install/mulinex_ignition_py/lib/mulinex_ignition_py
[4.466s] Installing walking script to /home/ros/docker_simulation_ws/install/mulinex_ignition_py/lib/mulinex_ignition_py
[4.467s] 
[4.467s] Installed /home/ros/docker_simulation_ws/build/mulinex_ignition_py
[4.468s] running symlink_data
[4.561s] Invoked command in '/home/ros/docker_simulation_ws/build/mulinex_ignition_py' returned '0': PYTHONPATH=/home/ros/docker_simulation_ws/build/mulinex_ignition_py/prefix_override:/usr/lib/python3/dist-packages/colcon_core/task/python/colcon_distutils_commands:/home/ros/docker_simulation_ws/install/mulinex_ignition_py/lib/python3.10/site-packages:${PYTHONPATH} /usr/bin/python3 -W ignore:setup.py install is deprecated -W ignore:easy_install command is deprecated setup.py develop --editable --build-directory /home/ros/docker_simulation_ws/build/mulinex_ignition_py/build --no-deps symlink_data
