[0.061s] Invoking command in '/home/ros/docker_simulation_ws/build/custom_interfaces': CMAKE_PREFIX_PATH=${CMAKE_PREFIX_PATH}:/home/ros/docker_simulation_ws/install/rlg_quad_controller:/home/ros/docker_simulation_ws/install/mulinex_ignition_py:/opt/ros/humble /usr/bin/cmake --build /home/ros/docker_simulation_ws/build/custom_interfaces -- -j12 -l12
[0.199s] [  3%] Built target custom_interfaces__cpp
[0.204s] [ 12%] Built target custom_interfaces__rosidl_generator_c
[0.230s] [ 12%] Built target ament_cmake_python_symlink_custom_interfaces
[0.342s] [ 22%] Built target custom_interfaces__rosidl_typesupport_cpp
[0.348s] [ 32%] Built target custom_interfaces__rosidl_typesupport_fastrtps_cpp
[0.363s] [ 41%] Built target custom_interfaces__rosidl_typesupport_fastrtps_c
[0.409s] [ 70%] Built target custom_interfaces__rosidl_typesupport_introspection_cpp
[0.410s] [ 70%] Built target custom_interfaces__rosidl_typesupport_introspection_c
[0.410s] [ 70%] Built target custom_interfaces__rosidl_typesupport_c
[0.474s] [ 70%] Built target custom_interfaces
[0.550s] [ 74%] Built target custom_interfaces__py
[0.626s] [ 80%] Built target custom_interfaces__rosidl_generator_py
[0.713s] [ 90%] Built target custom_interfaces__rosidl_typesupport_c__pyext
[0.714s] [ 93%] Built target custom_interfaces__rosidl_typesupport_fastrtps_c__pyext
[0.714s] [100%] Built target custom_interfaces__rosidl_typesupport_introspection_c__pyext
[1.019s] running egg_info
[1.022s] writing custom_interfaces.egg-info/PKG-INFO
[1.023s] writing dependency_links to custom_interfaces.egg-info/dependency_links.txt
[1.023s] writing top-level names to custom_interfaces.egg-info/top_level.txt
[1.029s] reading manifest file 'custom_interfaces.egg-info/SOURCES.txt'
[1.031s] writing manifest file 'custom_interfaces.egg-info/SOURCES.txt'
[1.092s] [100%] Built target ament_cmake_python_build_custom_interfaces_egg
[1.121s] Invoked command in '/home/ros/docker_simulation_ws/build/custom_interfaces' returned '0': CMAKE_PREFIX_PATH=${CMAKE_PREFIX_PATH}:/home/ros/docker_simulation_ws/install/rlg_quad_controller:/home/ros/docker_simulation_ws/install/mulinex_ignition_py:/opt/ros/humble /usr/bin/cmake --build /home/ros/docker_simulation_ws/build/custom_interfaces -- -j12 -l12
[1.124s] Invoking command in '/home/ros/docker_simulation_ws/build/custom_interfaces': CMAKE_PREFIX_PATH=${CMAKE_PREFIX_PATH}:/home/ros/docker_simulation_ws/install/rlg_quad_controller:/home/ros/docker_simulation_ws/install/mulinex_ignition_py:/opt/ros/humble /usr/bin/cmake --install /home/ros/docker_simulation_ws/build/custom_interfaces
[1.141s] -- Install configuration: ""
[1.142s] -- Execute custom install script
[1.142s] -- Up-to-date symlink: /home/ros/docker_simulation_ws/install/custom_interfaces/share/ament_index/resource_index/rosidl_interfaces/custom_interfaces
[1.143s] -- Up-to-date symlink: /home/ros/docker_simulation_ws/install/custom_interfaces/include/custom_interfaces/custom_interfaces/msg/detail/wheel_velocity_command__functions.h
[1.144s] -- Up-to-date symlink: /home/ros/docker_simulation_ws/install/custom_interfaces/include/custom_interfaces/custom_interfaces/msg/detail/wheel_velocity_command__struct.h
[1.144s] -- Up-to-date symlink: /home/ros/docker_simulation_ws/install/custom_interfaces/include/custom_interfaces/custom_interfaces/msg/detail/wheel_velocity_command__type_support.h
[1.145s] -- Up-to-date symlink: /home/ros/docker_simulation_ws/install/custom_interfaces/include/custom_interfaces/custom_interfaces/msg/rosidl_generator_c__visibility_control.h
[1.145s] -- Up-to-date symlink: /home/ros/docker_simulation_ws/install/custom_interfaces/include/custom_interfaces/custom_interfaces/msg/wheel_velocity_command.h
[1.145s] -- Up-to-date symlink: /home/ros/docker_simulation_ws/install/custom_interfaces/share/custom_interfaces/environment/library_path.sh
[1.146s] -- Up-to-date symlink: /home/ros/docker_simulation_ws/install/custom_interfaces/share/custom_interfaces/environment/library_path.dsv
[1.147s] -- Up-to-date symlink: /home/ros/docker_simulation_ws/install/custom_interfaces/include/custom_interfaces/custom_interfaces/msg/detail/wheel_velocity_command__rosidl_typesupport_fastrtps_c.h
[1.147s] -- Up-to-date symlink: /home/ros/docker_simulation_ws/install/custom_interfaces/include/custom_interfaces/custom_interfaces/msg/rosidl_typesupport_fastrtps_c__visibility_control.h
[1.148s] -- Up-to-date symlink: /home/ros/docker_simulation_ws/install/custom_interfaces/include/custom_interfaces/custom_interfaces/msg/detail/wheel_velocity_command__builder.hpp
[1.149s] -- Up-to-date symlink: /home/ros/docker_simulation_ws/install/custom_interfaces/include/custom_interfaces/custom_interfaces/msg/detail/wheel_velocity_command__struct.hpp
[1.149s] -- Up-to-date symlink: /home/ros/docker_simulation_ws/install/custom_interfaces/include/custom_interfaces/custom_interfaces/msg/detail/wheel_velocity_command__traits.hpp
[1.150s] -- Up-to-date symlink: /home/ros/docker_simulation_ws/install/custom_interfaces/include/custom_interfaces/custom_interfaces/msg/detail/wheel_velocity_command__type_support.hpp
[1.150s] -- Up-to-date symlink: /home/ros/docker_simulation_ws/install/custom_interfaces/include/custom_interfaces/custom_interfaces/msg/rosidl_generator_cpp__visibility_control.hpp
[1.151s] -- Up-to-date symlink: /home/ros/docker_simulation_ws/install/custom_interfaces/include/custom_interfaces/custom_interfaces/msg/wheel_velocity_command.hpp
[1.152s] -- Up-to-date symlink: /home/ros/docker_simulation_ws/install/custom_interfaces/include/custom_interfaces/custom_interfaces/msg/detail/wheel_velocity_command__rosidl_typesupport_fastrtps_cpp.hpp
[1.152s] -- Up-to-date symlink: /home/ros/docker_simulation_ws/install/custom_interfaces/include/custom_interfaces/custom_interfaces/msg/rosidl_typesupport_fastrtps_cpp__visibility_control.h
[1.154s] -- Up-to-date symlink: /home/ros/docker_simulation_ws/install/custom_interfaces/include/custom_interfaces/custom_interfaces/msg/detail/wheel_velocity_command__rosidl_typesupport_introspection_c.h
[1.155s] -- Up-to-date symlink: /home/ros/docker_simulation_ws/install/custom_interfaces/include/custom_interfaces/custom_interfaces/msg/rosidl_typesupport_introspection_c__visibility_control.h
[1.157s] -- Up-to-date symlink: /home/ros/docker_simulation_ws/install/custom_interfaces/include/custom_interfaces/custom_interfaces/msg/detail/wheel_velocity_command__rosidl_typesupport_introspection_cpp.hpp
[1.158s] -- Up-to-date symlink: /home/ros/docker_simulation_ws/install/custom_interfaces/share/custom_interfaces/environment/pythonpath.sh
[1.158s] -- Up-to-date symlink: /home/ros/docker_simulation_ws/install/custom_interfaces/share/custom_interfaces/environment/pythonpath.dsv
[1.159s] -- Up-to-date symlink: /home/ros/docker_simulation_ws/install/custom_interfaces/local/lib/python3.10/dist-packages/custom_interfaces-0.0.0-py3.10.egg-info/PKG-INFO
[1.159s] -- Up-to-date symlink: /home/ros/docker_simulation_ws/install/custom_interfaces/local/lib/python3.10/dist-packages/custom_interfaces-0.0.0-py3.10.egg-info/SOURCES.txt
[1.160s] -- Up-to-date symlink: /home/ros/docker_simulation_ws/install/custom_interfaces/local/lib/python3.10/dist-packages/custom_interfaces-0.0.0-py3.10.egg-info/dependency_links.txt
[1.160s] -- Up-to-date symlink: /home/ros/docker_simulation_ws/install/custom_interfaces/local/lib/python3.10/dist-packages/custom_interfaces-0.0.0-py3.10.egg-info/top_level.txt
[1.161s] -- Up-to-date symlink: /home/ros/docker_simulation_ws/install/custom_interfaces/local/lib/python3.10/dist-packages/custom_interfaces/__init__.py
[1.170s] -- Up-to-date symlink: /home/ros/docker_simulation_ws/install/custom_interfaces/local/lib/python3.10/dist-packages/custom_interfaces/_custom_interfaces_s.ep.rosidl_typesupport_c.c
[1.170s] -- Up-to-date symlink: /home/ros/docker_simulation_ws/install/custom_interfaces/local/lib/python3.10/dist-packages/custom_interfaces/_custom_interfaces_s.ep.rosidl_typesupport_fastrtps_c.c
[1.171s] -- Up-to-date symlink: /home/ros/docker_simulation_ws/install/custom_interfaces/local/lib/python3.10/dist-packages/custom_interfaces/_custom_interfaces_s.ep.rosidl_typesupport_introspection_c.c
[1.171s] -- Up-to-date symlink: /home/ros/docker_simulation_ws/install/custom_interfaces/local/lib/python3.10/dist-packages/custom_interfaces/custom_interfaces_s__rosidl_typesupport_c.cpython-310-x86_64-linux-gnu.so
[1.172s] -- Up-to-date symlink: /home/ros/docker_simulation_ws/install/custom_interfaces/local/lib/python3.10/dist-packages/custom_interfaces/custom_interfaces_s__rosidl_typesupport_fastrtps_c.cpython-310-x86_64-linux-gnu.so
[1.173s] -- Up-to-date symlink: /home/ros/docker_simulation_ws/install/custom_interfaces/local/lib/python3.10/dist-packages/custom_interfaces/custom_interfaces_s__rosidl_typesupport_introspection_c.cpython-310-x86_64-linux-gnu.so
[1.173s] -- Up-to-date symlink: /home/ros/docker_simulation_ws/install/custom_interfaces/local/lib/python3.10/dist-packages/custom_interfaces/libcustom_interfaces__rosidl_generator_py.so
[1.174s] -- Up-to-date symlink: /home/ros/docker_simulation_ws/install/custom_interfaces/local/lib/python3.10/dist-packages/custom_interfaces/msg/__init__.py
[1.177s] -- Up-to-date symlink: /home/ros/docker_simulation_ws/install/custom_interfaces/local/lib/python3.10/dist-packages/custom_interfaces/msg/_wheel_velocity_command.py
[1.177s] -- Up-to-date symlink: /home/ros/docker_simulation_ws/install/custom_interfaces/local/lib/python3.10/dist-packages/custom_interfaces/msg/_wheel_velocity_command_s.c
[1.178s] -- Up-to-date symlink: /home/ros/docker_simulation_ws/install/custom_interfaces/local/lib/python3.10/dist-packages/custom_interfaces/custom_interfaces_s__rosidl_typesupport_fastrtps_c.cpython-310-x86_64-linux-gnu.so
[1.178s] -- Up-to-date symlink: /home/ros/docker_simulation_ws/install/custom_interfaces/local/lib/python3.10/dist-packages/custom_interfaces/custom_interfaces_s__rosidl_typesupport_introspection_c.cpython-310-x86_64-linux-gnu.so
[1.178s] -- Up-to-date symlink: /home/ros/docker_simulation_ws/install/custom_interfaces/local/lib/python3.10/dist-packages/custom_interfaces/custom_interfaces_s__rosidl_typesupport_c.cpython-310-x86_64-linux-gnu.so
[1.179s] -- Up-to-date symlink: /home/ros/docker_simulation_ws/install/custom_interfaces/share/custom_interfaces/msg/WheelVelocityCommand.idl
[1.179s] -- Up-to-date symlink: /home/ros/docker_simulation_ws/install/custom_interfaces/share/custom_interfaces/msg/WheelVelocityCommand.msg
[1.182s] -- Up-to-date symlink: /home/ros/docker_simulation_ws/install/custom_interfaces/share/ament_index/resource_index/package_run_dependencies/custom_interfaces
[1.182s] -- Up-to-date symlink: /home/ros/docker_simulation_ws/install/custom_interfaces/share/ament_index/resource_index/parent_prefix_path/custom_interfaces
[1.183s] -- Up-to-date symlink: /home/ros/docker_simulation_ws/install/custom_interfaces/share/custom_interfaces/environment/ament_prefix_path.sh
[1.183s] -- Up-to-date symlink: /home/ros/docker_simulation_ws/install/custom_interfaces/share/custom_interfaces/environment/ament_prefix_path.dsv
[1.184s] -- Up-to-date symlink: /home/ros/docker_simulation_ws/install/custom_interfaces/share/custom_interfaces/environment/path.sh
[1.186s] -- Up-to-date symlink: /home/ros/docker_simulation_ws/install/custom_interfaces/share/custom_interfaces/environment/path.dsv
[1.186s] -- Up-to-date symlink: /home/ros/docker_simulation_ws/install/custom_interfaces/share/custom_interfaces/local_setup.bash
[1.187s] -- Up-to-date symlink: /home/ros/docker_simulation_ws/install/custom_interfaces/share/custom_interfaces/local_setup.sh
[1.187s] -- Up-to-date symlink: /home/ros/docker_simulation_ws/install/custom_interfaces/share/custom_interfaces/local_setup.zsh
[1.187s] -- Up-to-date symlink: /home/ros/docker_simulation_ws/install/custom_interfaces/share/custom_interfaces/local_setup.dsv
[1.188s] -- Symlinking: /home/ros/docker_simulation_ws/install/custom_interfaces/share/custom_interfaces/package.dsv
[1.218s] -- Up-to-date symlink: /home/ros/docker_simulation_ws/install/custom_interfaces/share/ament_index/resource_index/packages/custom_interfaces
[1.218s] -- Up-to-date symlink: /home/ros/docker_simulation_ws/install/custom_interfaces/share/custom_interfaces/cmake/rosidl_cmake-extras.cmake
[1.218s] -- Up-to-date symlink: /home/ros/docker_simulation_ws/install/custom_interfaces/share/custom_interfaces/cmake/ament_cmake_export_dependencies-extras.cmake
[1.218s] -- Up-to-date symlink: /home/ros/docker_simulation_ws/install/custom_interfaces/share/custom_interfaces/cmake/ament_cmake_export_include_directories-extras.cmake
[1.219s] -- Up-to-date symlink: /home/ros/docker_simulation_ws/install/custom_interfaces/share/custom_interfaces/cmake/ament_cmake_export_libraries-extras.cmake
[1.219s] -- Up-to-date symlink: /home/ros/docker_simulation_ws/install/custom_interfaces/share/custom_interfaces/cmake/ament_cmake_export_targets-extras.cmake
[1.219s] -- Up-to-date symlink: /home/ros/docker_simulation_ws/install/custom_interfaces/share/custom_interfaces/cmake/rosidl_cmake_export_typesupport_targets-extras.cmake
[1.220s] -- Up-to-date symlink: /home/ros/docker_simulation_ws/install/custom_interfaces/share/custom_interfaces/cmake/rosidl_cmake_export_typesupport_libraries-extras.cmake
[1.220s] -- Up-to-date symlink: /home/ros/docker_simulation_ws/install/custom_interfaces/share/custom_interfaces/cmake/custom_interfacesConfig.cmake
[1.220s] -- Up-to-date symlink: /home/ros/docker_simulation_ws/install/custom_interfaces/share/custom_interfaces/cmake/custom_interfacesConfig-version.cmake
[1.221s] -- Up-to-date symlink: /home/ros/docker_simulation_ws/install/custom_interfaces/share/custom_interfaces/package.xml
[1.222s] -- Up-to-date: /home/ros/docker_simulation_ws/install/custom_interfaces/lib/libcustom_interfaces__rosidl_generator_c.so
[1.224s] -- Up-to-date: /home/ros/docker_simulation_ws/install/custom_interfaces/lib/libcustom_interfaces__rosidl_typesupport_fastrtps_c.so
[1.226s] -- Up-to-date: /home/ros/docker_simulation_ws/install/custom_interfaces/lib/libcustom_interfaces__rosidl_typesupport_fastrtps_cpp.so
[1.227s] -- Up-to-date: /home/ros/docker_simulation_ws/install/custom_interfaces/lib/libcustom_interfaces__rosidl_typesupport_introspection_c.so
[1.227s] -- Up-to-date: /home/ros/docker_simulation_ws/install/custom_interfaces/lib/libcustom_interfaces__rosidl_typesupport_c.so
[1.227s] -- Up-to-date: /home/ros/docker_simulation_ws/install/custom_interfaces/lib/libcustom_interfaces__rosidl_typesupport_introspection_cpp.so
[1.227s] -- Up-to-date: /home/ros/docker_simulation_ws/install/custom_interfaces/lib/libcustom_interfaces__rosidl_typesupport_cpp.so
[1.298s] Listing '/home/ros/docker_simulation_ws/install/custom_interfaces/local/lib/python3.10/dist-packages/custom_interfaces'...
[1.298s] Listing '/home/ros/docker_simulation_ws/install/custom_interfaces/local/lib/python3.10/dist-packages/custom_interfaces/msg'...
[1.308s] -- Up-to-date: /home/ros/docker_simulation_ws/install/custom_interfaces/lib/libcustom_interfaces__rosidl_generator_py.so
[1.309s] -- Up-to-date: /home/ros/docker_simulation_ws/install/custom_interfaces/share/custom_interfaces/cmake/export_custom_interfaces__rosidl_generator_cExport.cmake
[1.309s] -- Up-to-date: /home/ros/docker_simulation_ws/install/custom_interfaces/share/custom_interfaces/cmake/export_custom_interfaces__rosidl_generator_cExport-noconfig.cmake
[1.310s] -- Up-to-date: /home/ros/docker_simulation_ws/install/custom_interfaces/share/custom_interfaces/cmake/export_custom_interfaces__rosidl_typesupport_fastrtps_cExport.cmake
[1.310s] -- Up-to-date: /home/ros/docker_simulation_ws/install/custom_interfaces/share/custom_interfaces/cmake/export_custom_interfaces__rosidl_typesupport_fastrtps_cExport-noconfig.cmake
[1.311s] -- Up-to-date: /home/ros/docker_simulation_ws/install/custom_interfaces/share/custom_interfaces/cmake/export_custom_interfaces__rosidl_generator_cppExport.cmake
[1.311s] -- Up-to-date: /home/ros/docker_simulation_ws/install/custom_interfaces/share/custom_interfaces/cmake/export_custom_interfaces__rosidl_typesupport_fastrtps_cppExport.cmake
[1.312s] -- Up-to-date: /home/ros/docker_simulation_ws/install/custom_interfaces/share/custom_interfaces/cmake/export_custom_interfaces__rosidl_typesupport_fastrtps_cppExport-noconfig.cmake
[1.312s] -- Up-to-date: /home/ros/docker_simulation_ws/install/custom_interfaces/share/custom_interfaces/cmake/custom_interfaces__rosidl_typesupport_introspection_cExport.cmake
[1.313s] -- Up-to-date: /home/ros/docker_simulation_ws/install/custom_interfaces/share/custom_interfaces/cmake/custom_interfaces__rosidl_typesupport_introspection_cExport-noconfig.cmake
[1.313s] -- Up-to-date: /home/ros/docker_simulation_ws/install/custom_interfaces/share/custom_interfaces/cmake/custom_interfaces__rosidl_typesupport_cExport.cmake
[1.313s] -- Up-to-date: /home/ros/docker_simulation_ws/install/custom_interfaces/share/custom_interfaces/cmake/custom_interfaces__rosidl_typesupport_cExport-noconfig.cmake
[1.313s] -- Up-to-date: /home/ros/docker_simulation_ws/install/custom_interfaces/share/custom_interfaces/cmake/custom_interfaces__rosidl_typesupport_introspection_cppExport.cmake
[1.313s] -- Up-to-date: /home/ros/docker_simulation_ws/install/custom_interfaces/share/custom_interfaces/cmake/custom_interfaces__rosidl_typesupport_introspection_cppExport-noconfig.cmake
[1.313s] -- Up-to-date: /home/ros/docker_simulation_ws/install/custom_interfaces/share/custom_interfaces/cmake/custom_interfaces__rosidl_typesupport_cppExport.cmake
[1.313s] -- Up-to-date: /home/ros/docker_simulation_ws/install/custom_interfaces/share/custom_interfaces/cmake/custom_interfaces__rosidl_typesupport_cppExport-noconfig.cmake
[1.313s] -- Up-to-date: /home/ros/docker_simulation_ws/install/custom_interfaces/share/custom_interfaces/cmake/export_custom_interfaces__rosidl_generator_pyExport.cmake
[1.314s] -- Up-to-date: /home/ros/docker_simulation_ws/install/custom_interfaces/share/custom_interfaces/cmake/export_custom_interfaces__rosidl_generator_pyExport-noconfig.cmake
[1.323s] Invoked command in '/home/ros/docker_simulation_ws/build/custom_interfaces' returned '0': CMAKE_PREFIX_PATH=${CMAKE_PREFIX_PATH}:/home/ros/docker_simulation_ws/install/rlg_quad_controller:/home/ros/docker_simulation_ws/install/mulinex_ignition_py:/opt/ros/humble /usr/bin/cmake --install /home/ros/docker_simulation_ws/build/custom_interfaces
