[3.176s] Invoking command in '/home/ros/docker_simulation_ws/build/mulinex_ignition_py': PYTHONPATH=/home/ros/docker_simulation_ws/build/mulinex_ignition_py/prefix_override:/usr/lib/python3/dist-packages/colcon_core/task/python/colcon_distutils_commands:/home/ros/docker_simulation_ws/install/mulinex_ignition_py/lib/python3.10/site-packages:${PYTHONPATH} /usr/bin/python3 -W ignore:setup.py install is deprecated -W ignore:easy_install command is deprecated setup.py develop --editable --build-directory /home/ros/docker_simulation_ws/build/mulinex_ignition_py/build --no-deps symlink_data
[4.058s] running develop
[4.469s] running egg_info
[4.470s] writing mulinex_ignition_py.egg-info/PKG-INFO
[4.470s] writing dependency_links to mulinex_ignition_py.egg-info/dependency_links.txt
[4.471s] writing entry points to mulinex_ignition_py.egg-info/entry_points.txt
[4.472s] writing requirements to mulinex_ignition_py.egg-info/requires.txt
[4.472s] writing top-level names to mulinex_ignition_py.egg-info/top_level.txt
[4.480s] reading manifest file 'mulinex_ignition_py.egg-info/SOURCES.txt'
[4.482s] writing manifest file 'mulinex_ignition_py.egg-info/SOURCES.txt'
[4.486s] running build_ext
[4.487s] Creating /home/ros/docker_simulation_ws/install/mulinex_ignition_py/lib/python3.10/site-packages/mulinex-ignition-py.egg-link (link to .)
[4.490s] Installing bridge_node script to /home/ros/docker_simulation_ws/install/mulinex_ignition_py/lib/mulinex_ignition_py
[4.490s] Installing getup script to /home/ros/docker_simulation_ws/install/mulinex_ignition_py/lib/mulinex_ignition_py
[4.491s] Installing getup_omni_1 script to /home/ros/docker_simulation_ws/install/mulinex_ignition_py/lib/mulinex_ignition_py
[4.491s] Installing gostraighton script to /home/ros/docker_simulation_ws/install/mulinex_ignition_py/lib/mulinex_ignition_py
[4.492s] Installing move_pd script to /home/ros/docker_simulation_ws/install/mulinex_ignition_py/lib/mulinex_ignition_py
[4.492s] Installing move_wheels script to /home/ros/docker_simulation_ws/install/mulinex_ignition_py/lib/mulinex_ignition_py
[4.493s] Installing move_wheels_2 script to /home/ros/docker_simulation_ws/install/mulinex_ignition_py/lib/mulinex_ignition_py
[4.494s] Installing walking script to /home/ros/docker_simulation_ws/install/mulinex_ignition_py/lib/mulinex_ignition_py
[4.494s] 
[4.494s] Installed /home/ros/docker_simulation_ws/build/mulinex_ignition_py
[4.494s] running symlink_data
[4.558s] Invoked command in '/home/ros/docker_simulation_ws/build/mulinex_ignition_py' returned '0': PYTHONPATH=/home/ros/docker_simulation_ws/build/mulinex_ignition_py/prefix_override:/usr/lib/python3/dist-packages/colcon_core/task/python/colcon_distutils_commands:/home/ros/docker_simulation_ws/install/mulinex_ignition_py/lib/python3.10/site-packages:${PYTHONPATH} /usr/bin/python3 -W ignore:setup.py install is deprecated -W ignore:easy_install command is deprecated setup.py develop --editable --build-directory /home/ros/docker_simulation_ws/build/mulinex_ignition_py/build --no-deps symlink_data
