[3.674s] Invoking command in '/home/ros/docker_simulation_ws/build/rlg_quad_controller': CMAKE_PREFIX_PATH=/home/ros/docker_simulation_ws/install/pi3hat_moteus_int_msgs:/home/ros/docker_simulation_ws/install/wheels_vel_cnt:/home/ros/docker_simulation_ws/install/rbt_pd_cnt:/home/ros/docker_simulation_ws/install/omni_vel_controller:/home/ros/docker_simulation_ws/install/omni_mulinex_joystic:/home/ros/docker_simulation_ws/install/ik_quad_foot_control:/home/ros/docker_simulation_ws/install/mulinex_ignition:/home/ros/docker_simulation_ws/install/mulinex_description:/home/ros/docker_simulation_ws/install/custom_interfaces LD_LIBRARY_PATH=/home/ros/docker_simulation_ws/install/pi3hat_moteus_int_msgs/lib:/home/ros/docker_simulation_ws/install/wheels_vel_cnt/lib:/home/ros/docker_simulation_ws/install/rbt_pd_cnt/lib:/home/ros/docker_simulation_ws/install/omni_vel_controller/lib:/home/ros/docker_simulation_ws/install/omni_mulinex_joystic/lib:/home/ros/docker_simulation_ws/install/ik_quad_foot_control/lib:/home/ros/docker_simulation_ws/install/custom_interfaces/lib:/opt/ros/humble/opt/rviz_ogre_vendor/lib:/opt/ros/humble/lib/x86_64-linux-gnu:/opt/ros/humble/lib PYTHONPATH=/home/ros/docker_simulation_ws/build/rlg_quad_controller/prefix_override:/usr/lib/python3/dist-packages/colcon_core/task/python/colcon_distutils_commands:/home/ros/docker_simulation_ws/install/rlg_quad_controller/lib/python3.10/site-packages:${PYTHONPATH} /usr/bin/python3 -W ignore:setup.py install is deprecated -W ignore:easy_install command is deprecated setup.py develop --editable --build-directory /home/ros/docker_simulation_ws/build/rlg_quad_controller/build --no-deps symlink_data --force
[4.899s] running develop
[5.316s] running egg_info
[5.317s] writing rlg_quad_controller.egg-info/PKG-INFO
[5.318s] writing dependency_links to rlg_quad_controller.egg-info/dependency_links.txt
[5.319s] writing entry points to rlg_quad_controller.egg-info/entry_points.txt
[5.319s] writing requirements to rlg_quad_controller.egg-info/requires.txt
[5.320s] writing top-level names to rlg_quad_controller.egg-info/top_level.txt
[5.325s] reading manifest file 'rlg_quad_controller.egg-info/SOURCES.txt'
[5.332s] writing manifest file 'rlg_quad_controller.egg-info/SOURCES.txt'
[5.335s] running build_ext
[5.335s] Creating /home/ros/docker_simulation_ws/install/rlg_quad_controller/lib/python3.10/site-packages/rlg-quad-controller.egg-link (link to .)
[5.337s] Installing force_measure script to /home/ros/docker_simulation_ws/install/rlg_quad_controller/lib/rlg_quad_controller
[5.337s] Installing inference_controller_robot script to /home/ros/docker_simulation_ws/install/rlg_quad_controller/lib/rlg_quad_controller
[5.338s] Installing inference_controller_sim script to /home/ros/docker_simulation_ws/install/rlg_quad_controller/lib/rlg_quad_controller
[5.338s] Installing trajectory_publisher script to /home/ros/docker_simulation_ws/install/rlg_quad_controller/lib/rlg_quad_controller
[5.339s] 
[5.339s] Installed /home/ros/docker_simulation_ws/build/rlg_quad_controller
[5.339s] running symlink_data
[5.340s] symbolically linking /home/ros/docker_simulation_ws/build/rlg_quad_controller/resource/rlg_quad_controller -> /home/ros/docker_simulation_ws/install/rlg_quad_controller/share/ament_index/resource_index/packages
[5.341s] symbolically linking /home/ros/docker_simulation_ws/build/rlg_quad_controller/package.xml -> /home/ros/docker_simulation_ws/install/rlg_quad_controller/share/rlg_quad_controller
[5.343s] symbolically linking /home/ros/docker_simulation_ws/build/rlg_quad_controller/launch/omniquad_inference_robot.launch.py -> /home/ros/docker_simulation_ws/install/rlg_quad_controller/share/rlg_quad_controller/launch
[5.344s] symbolically linking /home/ros/docker_simulation_ws/build/rlg_quad_controller/launch/omniquad_inference_sim.launch.py -> /home/ros/docker_simulation_ws/install/rlg_quad_controller/share/rlg_quad_controller/launch
[5.345s] symbolically linking /home/ros/docker_simulation_ws/build/rlg_quad_controller/config/mulinex_simulation_config.yaml -> /home/ros/docker_simulation_ws/install/rlg_quad_controller/share/rlg_quad_controller/config
[5.347s] symbolically linking /home/ros/docker_simulation_ws/build/rlg_quad_controller/config/mulinex_simulation_feedforward.yaml -> /home/ros/docker_simulation_ws/install/rlg_quad_controller/share/rlg_quad_controller/config
[5.349s] symbolically linking /home/ros/docker_simulation_ws/build/rlg_quad_controller/config/mulinex_config_feedforward.yaml -> /home/ros/docker_simulation_ws/install/rlg_quad_controller/share/rlg_quad_controller/config
[5.350s] symbolically linking /home/ros/docker_simulation_ws/build/rlg_quad_controller/config/mulinex_config.yaml -> /home/ros/docker_simulation_ws/install/rlg_quad_controller/share/rlg_quad_controller/config
[5.353s] symbolically linking /home/ros/docker_simulation_ws/build/rlg_quad_controller/models/omni_flat_v1/omniquad_flat.pth -> /home/ros/docker_simulation_ws/install/rlg_quad_controller/share/rlg_quad_controller/models
[5.354s] symbolically linking /home/ros/docker_simulation_ws/build/rlg_quad_controller/models/omni_flat_v1/agent.yaml -> /home/ros/docker_simulation_ws/install/rlg_quad_controller/share/rlg_quad_controller/models
[5.356s] symbolically linking /home/ros/docker_simulation_ws/build/rlg_quad_controller/models/omni_flat_v1/env.yaml -> /home/ros/docker_simulation_ws/install/rlg_quad_controller/share/rlg_quad_controller/models
[5.359s] symbolically linking /home/ros/docker_simulation_ws/build/rlg_quad_controller/models/omni_flat_v1/omniquad_flat.pth -> /home/ros/docker_simulation_ws/install/rlg_quad_controller/share/rlg_quad_controller/models/omni_flat_v1
[5.360s] symbolically linking /home/ros/docker_simulation_ws/build/rlg_quad_controller/models/omni_flat_v1/agent.yaml -> /home/ros/docker_simulation_ws/install/rlg_quad_controller/share/rlg_quad_controller/models/omni_flat_v1
[5.362s] symbolically linking /home/ros/docker_simulation_ws/build/rlg_quad_controller/models/omni_flat_v1/env.yaml -> /home/ros/docker_simulation_ws/install/rlg_quad_controller/share/rlg_quad_controller/models/omni_flat_v1
[5.364s] symbolically linking /home/ros/docker_simulation_ws/build/rlg_quad_controller/launch/omniquad_inference_robot.launch.py -> /home/ros/docker_simulation_ws/install/rlg_quad_controller/share/rlg_quad_controller/launch/
[5.366s] symbolically linking /home/ros/docker_simulation_ws/build/rlg_quad_controller/launch/omniquad_inference_sim.launch.py -> /home/ros/docker_simulation_ws/install/rlg_quad_controller/share/rlg_quad_controller/launch/
[5.368s] symbolically linking /home/ros/docker_simulation_ws/build/rlg_quad_controller/config/mulinex_simulation_config.yaml -> /home/ros/docker_simulation_ws/install/rlg_quad_controller/share/rlg_quad_controller/config/
[5.370s] symbolically linking /home/ros/docker_simulation_ws/build/rlg_quad_controller/config/mulinex_simulation_feedforward.yaml -> /home/ros/docker_simulation_ws/install/rlg_quad_controller/share/rlg_quad_controller/config/
[5.371s] symbolically linking /home/ros/docker_simulation_ws/build/rlg_quad_controller/config/mulinex_config_feedforward.yaml -> /home/ros/docker_simulation_ws/install/rlg_quad_controller/share/rlg_quad_controller/config/
[5.372s] symbolically linking /home/ros/docker_simulation_ws/build/rlg_quad_controller/config/mulinex_config.yaml -> /home/ros/docker_simulation_ws/install/rlg_quad_controller/share/rlg_quad_controller/config/
[5.504s] Invoked command in '/home/ros/docker_simulation_ws/build/rlg_quad_controller' returned '0': CMAKE_PREFIX_PATH=/home/ros/docker_simulation_ws/install/pi3hat_moteus_int_msgs:/home/ros/docker_simulation_ws/install/wheels_vel_cnt:/home/ros/docker_simulation_ws/install/rbt_pd_cnt:/home/ros/docker_simulation_ws/install/omni_vel_controller:/home/ros/docker_simulation_ws/install/omni_mulinex_joystic:/home/ros/docker_simulation_ws/install/ik_quad_foot_control:/home/ros/docker_simulation_ws/install/mulinex_ignition:/home/ros/docker_simulation_ws/install/mulinex_description:/home/ros/docker_simulation_ws/install/custom_interfaces LD_LIBRARY_PATH=/home/ros/docker_simulation_ws/install/pi3hat_moteus_int_msgs/lib:/home/ros/docker_simulation_ws/install/wheels_vel_cnt/lib:/home/ros/docker_simulation_ws/install/rbt_pd_cnt/lib:/home/ros/docker_simulation_ws/install/omni_vel_controller/lib:/home/ros/docker_simulation_ws/install/omni_mulinex_joystic/lib:/home/ros/docker_simulation_ws/install/ik_quad_foot_control/lib:/home/ros/docker_simulation_ws/install/custom_interfaces/lib:/opt/ros/humble/opt/rviz_ogre_vendor/lib:/opt/ros/humble/lib/x86_64-linux-gnu:/opt/ros/humble/lib PYTHONPATH=/home/ros/docker_simulation_ws/build/rlg_quad_controller/prefix_override:/usr/lib/python3/dist-packages/colcon_core/task/python/colcon_distutils_commands:/home/ros/docker_simulation_ws/install/rlg_quad_controller/lib/python3.10/site-packages:${PYTHONPATH} /usr/bin/python3 -W ignore:setup.py install is deprecated -W ignore:easy_install command is deprecated setup.py develop --editable --build-directory /home/ros/docker_simulation_ws/build/rlg_quad_controller/build --no-deps symlink_data --force
