[0.079s] Invoking command in '/home/ros/docker_simulation_ws/build/pi3hat_moteus_int_msgs': CMAKE_PREFIX_PATH=${CMAKE_PREFIX_PATH}:/home/ros/docker_simulation_ws/install/rlg_quad_controller:/home/ros/docker_simulation_ws/install/mulinex_ignition_py:/opt/ros/humble /usr/bin/cmake --build /home/ros/docker_simulation_ws/build/pi3hat_moteus_int_msgs -- -j12 -l12
[0.269s] [ 11%] Built target pi3hat_moteus_int_msgs__rosidl_generator_c
[0.281s] [ 12%] Built target pi3hat_moteus_int_msgs__cpp
[0.354s] [ 12%] Built target ament_cmake_python_symlink_pi3hat_moteus_int_msgs
[0.434s] [ 23%] Built target pi3hat_moteus_int_msgs__rosidl_typesupport_c
[0.461s] [ 39%] Built target pi3hat_moteus_int_msgs__rosidl_typesupport_fastrtps_c
[0.462s] [ 46%] Built target pi3hat_moteus_int_msgs__rosidl_typesupport_introspection_c
[0.478s] [ 61%] Built target pi3hat_moteus_int_msgs__rosidl_typesupport_introspection_cpp
[0.479s] [ 68%] Built target pi3hat_moteus_int_msgs__rosidl_typesupport_cpp
[0.497s] [ 79%] Built target pi3hat_moteus_int_msgs__rosidl_typesupport_fastrtps_cpp
[0.571s] [ 79%] Built target pi3hat_moteus_int_msgs
[0.650s] [ 80%] Built target pi3hat_moteus_int_msgs__py
[0.752s] [ 90%] Built target pi3hat_moteus_int_msgs__rosidl_generator_py
[0.858s] [ 93%] Built target pi3hat_moteus_int_msgs__rosidl_typesupport_introspection_c__pyext
[0.859s] [ 96%] Built target pi3hat_moteus_int_msgs__rosidl_typesupport_c__pyext
[0.860s] [100%] Built target pi3hat_moteus_int_msgs__rosidl_typesupport_fastrtps_c__pyext
[1.355s] running egg_info
[1.358s] writing pi3hat_moteus_int_msgs.egg-info/PKG-INFO
[1.361s] writing dependency_links to pi3hat_moteus_int_msgs.egg-info/dependency_links.txt
[1.361s] writing top-level names to pi3hat_moteus_int_msgs.egg-info/top_level.txt
[1.369s] reading manifest file 'pi3hat_moteus_int_msgs.egg-info/SOURCES.txt'
[1.373s] writing manifest file 'pi3hat_moteus_int_msgs.egg-info/SOURCES.txt'
[1.462s] [100%] Built target ament_cmake_python_build_pi3hat_moteus_int_msgs_egg
[1.503s] Invoked command in '/home/ros/docker_simulation_ws/build/pi3hat_moteus_int_msgs' returned '0': CMAKE_PREFIX_PATH=${CMAKE_PREFIX_PATH}:/home/ros/docker_simulation_ws/install/rlg_quad_controller:/home/ros/docker_simulation_ws/install/mulinex_ignition_py:/opt/ros/humble /usr/bin/cmake --build /home/ros/docker_simulation_ws/build/pi3hat_moteus_int_msgs -- -j12 -l12
[1.508s] Invoking command in '/home/ros/docker_simulation_ws/build/pi3hat_moteus_int_msgs': CMAKE_PREFIX_PATH=${CMAKE_PREFIX_PATH}:/home/ros/docker_simulation_ws/install/rlg_quad_controller:/home/ros/docker_simulation_ws/install/mulinex_ignition_py:/opt/ros/humble /usr/bin/cmake --install /home/ros/docker_simulation_ws/build/pi3hat_moteus_int_msgs
[1.536s] -- Install configuration: ""
[1.537s] -- Execute custom install script
[1.538s] -- Up-to-date symlink: /home/ros/docker_simulation_ws/install/pi3hat_moteus_int_msgs/share/ament_index/resource_index/rosidl_interfaces/pi3hat_moteus_int_msgs
[1.540s] -- Up-to-date symlink: /home/ros/docker_simulation_ws/install/pi3hat_moteus_int_msgs/include/pi3hat_moteus_int_msgs/pi3hat_moteus_int_msgs/msg/detail/joints_command__functions.h
[1.541s] -- Up-to-date symlink: /home/ros/docker_simulation_ws/install/pi3hat_moteus_int_msgs/include/pi3hat_moteus_int_msgs/pi3hat_moteus_int_msgs/msg/detail/joints_command__struct.h
[1.542s] -- Up-to-date symlink: /home/ros/docker_simulation_ws/install/pi3hat_moteus_int_msgs/include/pi3hat_moteus_int_msgs/pi3hat_moteus_int_msgs/msg/detail/joints_command__type_support.h
[1.542s] -- Up-to-date symlink: /home/ros/docker_simulation_ws/install/pi3hat_moteus_int_msgs/include/pi3hat_moteus_int_msgs/pi3hat_moteus_int_msgs/msg/detail/joints_states__functions.h
[1.543s] -- Up-to-date symlink: /home/ros/docker_simulation_ws/install/pi3hat_moteus_int_msgs/include/pi3hat_moteus_int_msgs/pi3hat_moteus_int_msgs/msg/detail/joints_states__struct.h
[1.545s] -- Up-to-date symlink: /home/ros/docker_simulation_ws/install/pi3hat_moteus_int_msgs/include/pi3hat_moteus_int_msgs/pi3hat_moteus_int_msgs/msg/detail/joints_states__type_support.h
[1.546s] -- Up-to-date symlink: /home/ros/docker_simulation_ws/install/pi3hat_moteus_int_msgs/include/pi3hat_moteus_int_msgs/pi3hat_moteus_int_msgs/msg/detail/omni_mulinex_command__functions.h
[1.548s] -- Up-to-date symlink: /home/ros/docker_simulation_ws/install/pi3hat_moteus_int_msgs/include/pi3hat_moteus_int_msgs/pi3hat_moteus_int_msgs/msg/detail/omni_mulinex_command__struct.h
[1.548s] -- Up-to-date symlink: /home/ros/docker_simulation_ws/install/pi3hat_moteus_int_msgs/include/pi3hat_moteus_int_msgs/pi3hat_moteus_int_msgs/msg/detail/omni_mulinex_command__type_support.h
[1.549s] -- Up-to-date symlink: /home/ros/docker_simulation_ws/install/pi3hat_moteus_int_msgs/include/pi3hat_moteus_int_msgs/pi3hat_moteus_int_msgs/msg/detail/packet_pass__functions.h
[1.551s] -- Up-to-date symlink: /home/ros/docker_simulation_ws/install/pi3hat_moteus_int_msgs/include/pi3hat_moteus_int_msgs/pi3hat_moteus_int_msgs/msg/detail/packet_pass__struct.h
[1.552s] -- Up-to-date symlink: /home/ros/docker_simulation_ws/install/pi3hat_moteus_int_msgs/include/pi3hat_moteus_int_msgs/pi3hat_moteus_int_msgs/msg/detail/packet_pass__type_support.h
[1.552s] -- Up-to-date symlink: /home/ros/docker_simulation_ws/install/pi3hat_moteus_int_msgs/include/pi3hat_moteus_int_msgs/pi3hat_moteus_int_msgs/msg/detail/quad_foot_state__functions.h
[1.554s] -- Up-to-date symlink: /home/ros/docker_simulation_ws/install/pi3hat_moteus_int_msgs/include/pi3hat_moteus_int_msgs/pi3hat_moteus_int_msgs/msg/detail/quad_foot_state__struct.h
[1.555s] -- Up-to-date symlink: /home/ros/docker_simulation_ws/install/pi3hat_moteus_int_msgs/include/pi3hat_moteus_int_msgs/pi3hat_moteus_int_msgs/msg/detail/quad_foot_state__type_support.h
[1.555s] -- Up-to-date symlink: /home/ros/docker_simulation_ws/install/pi3hat_moteus_int_msgs/include/pi3hat_moteus_int_msgs/pi3hat_moteus_int_msgs/msg/joints_command.h
[1.556s] -- Up-to-date symlink: /home/ros/docker_simulation_ws/install/pi3hat_moteus_int_msgs/include/pi3hat_moteus_int_msgs/pi3hat_moteus_int_msgs/msg/joints_states.h
[1.558s] -- Up-to-date symlink: /home/ros/docker_simulation_ws/install/pi3hat_moteus_int_msgs/include/pi3hat_moteus_int_msgs/pi3hat_moteus_int_msgs/msg/omni_mulinex_command.h
[1.558s] -- Up-to-date symlink: /home/ros/docker_simulation_ws/install/pi3hat_moteus_int_msgs/include/pi3hat_moteus_int_msgs/pi3hat_moteus_int_msgs/msg/packet_pass.h
[1.560s] -- Up-to-date symlink: /home/ros/docker_simulation_ws/install/pi3hat_moteus_int_msgs/include/pi3hat_moteus_int_msgs/pi3hat_moteus_int_msgs/msg/quad_foot_state.h
[1.562s] -- Up-to-date symlink: /home/ros/docker_simulation_ws/install/pi3hat_moteus_int_msgs/include/pi3hat_moteus_int_msgs/pi3hat_moteus_int_msgs/msg/rosidl_generator_c__visibility_control.h
[1.562s] -- Up-to-date symlink: /home/ros/docker_simulation_ws/install/pi3hat_moteus_int_msgs/share/pi3hat_moteus_int_msgs/environment/library_path.sh
[1.563s] -- Up-to-date symlink: /home/ros/docker_simulation_ws/install/pi3hat_moteus_int_msgs/share/pi3hat_moteus_int_msgs/environment/library_path.dsv
[1.571s] -- Up-to-date symlink: /home/ros/docker_simulation_ws/install/pi3hat_moteus_int_msgs/include/pi3hat_moteus_int_msgs/pi3hat_moteus_int_msgs/msg/detail/joints_command__rosidl_typesupport_fastrtps_c.h
[1.572s] -- Up-to-date symlink: /home/ros/docker_simulation_ws/install/pi3hat_moteus_int_msgs/include/pi3hat_moteus_int_msgs/pi3hat_moteus_int_msgs/msg/detail/joints_states__rosidl_typesupport_fastrtps_c.h
[1.574s] -- Up-to-date symlink: /home/ros/docker_simulation_ws/install/pi3hat_moteus_int_msgs/include/pi3hat_moteus_int_msgs/pi3hat_moteus_int_msgs/msg/detail/omni_mulinex_command__rosidl_typesupport_fastrtps_c.h
[1.574s] -- Up-to-date symlink: /home/ros/docker_simulation_ws/install/pi3hat_moteus_int_msgs/include/pi3hat_moteus_int_msgs/pi3hat_moteus_int_msgs/msg/detail/packet_pass__rosidl_typesupport_fastrtps_c.h
[1.577s] -- Up-to-date symlink: /home/ros/docker_simulation_ws/install/pi3hat_moteus_int_msgs/include/pi3hat_moteus_int_msgs/pi3hat_moteus_int_msgs/msg/detail/quad_foot_state__rosidl_typesupport_fastrtps_c.h
[1.578s] -- Up-to-date symlink: /home/ros/docker_simulation_ws/install/pi3hat_moteus_int_msgs/include/pi3hat_moteus_int_msgs/pi3hat_moteus_int_msgs/msg/rosidl_typesupport_fastrtps_c__visibility_control.h
[1.578s] -- Up-to-date symlink: /home/ros/docker_simulation_ws/install/pi3hat_moteus_int_msgs/include/pi3hat_moteus_int_msgs/pi3hat_moteus_int_msgs/msg/detail/joints_command__builder.hpp
[1.580s] -- Up-to-date symlink: /home/ros/docker_simulation_ws/install/pi3hat_moteus_int_msgs/include/pi3hat_moteus_int_msgs/pi3hat_moteus_int_msgs/msg/detail/joints_command__struct.hpp
[1.581s] -- Up-to-date symlink: /home/ros/docker_simulation_ws/install/pi3hat_moteus_int_msgs/include/pi3hat_moteus_int_msgs/pi3hat_moteus_int_msgs/msg/detail/joints_command__traits.hpp
[1.582s] -- Up-to-date symlink: /home/ros/docker_simulation_ws/install/pi3hat_moteus_int_msgs/include/pi3hat_moteus_int_msgs/pi3hat_moteus_int_msgs/msg/detail/joints_command__type_support.hpp
[1.583s] -- Up-to-date symlink: /home/ros/docker_simulation_ws/install/pi3hat_moteus_int_msgs/include/pi3hat_moteus_int_msgs/pi3hat_moteus_int_msgs/msg/detail/joints_states__builder.hpp
[1.583s] -- Up-to-date symlink: /home/ros/docker_simulation_ws/install/pi3hat_moteus_int_msgs/include/pi3hat_moteus_int_msgs/pi3hat_moteus_int_msgs/msg/detail/joints_states__struct.hpp
[1.585s] -- Up-to-date symlink: /home/ros/docker_simulation_ws/install/pi3hat_moteus_int_msgs/include/pi3hat_moteus_int_msgs/pi3hat_moteus_int_msgs/msg/detail/joints_states__traits.hpp
[1.587s] -- Up-to-date symlink: /home/ros/docker_simulation_ws/install/pi3hat_moteus_int_msgs/include/pi3hat_moteus_int_msgs/pi3hat_moteus_int_msgs/msg/detail/joints_states__type_support.hpp
[1.588s] -- Up-to-date symlink: /home/ros/docker_simulation_ws/install/pi3hat_moteus_int_msgs/include/pi3hat_moteus_int_msgs/pi3hat_moteus_int_msgs/msg/detail/omni_mulinex_command__builder.hpp
[1.588s] -- Up-to-date symlink: /home/ros/docker_simulation_ws/install/pi3hat_moteus_int_msgs/include/pi3hat_moteus_int_msgs/pi3hat_moteus_int_msgs/msg/detail/omni_mulinex_command__struct.hpp
[1.591s] -- Up-to-date symlink: /home/ros/docker_simulation_ws/install/pi3hat_moteus_int_msgs/include/pi3hat_moteus_int_msgs/pi3hat_moteus_int_msgs/msg/detail/omni_mulinex_command__traits.hpp
[1.591s] -- Up-to-date symlink: /home/ros/docker_simulation_ws/install/pi3hat_moteus_int_msgs/include/pi3hat_moteus_int_msgs/pi3hat_moteus_int_msgs/msg/detail/omni_mulinex_command__type_support.hpp
[1.591s] -- Up-to-date symlink: /home/ros/docker_simulation_ws/install/pi3hat_moteus_int_msgs/include/pi3hat_moteus_int_msgs/pi3hat_moteus_int_msgs/msg/detail/packet_pass__builder.hpp
[1.591s] -- Up-to-date symlink: /home/ros/docker_simulation_ws/install/pi3hat_moteus_int_msgs/include/pi3hat_moteus_int_msgs/pi3hat_moteus_int_msgs/msg/detail/packet_pass__struct.hpp
[1.592s] -- Up-to-date symlink: /home/ros/docker_simulation_ws/install/pi3hat_moteus_int_msgs/include/pi3hat_moteus_int_msgs/pi3hat_moteus_int_msgs/msg/detail/packet_pass__traits.hpp
[1.593s] -- Up-to-date symlink: /home/ros/docker_simulation_ws/install/pi3hat_moteus_int_msgs/include/pi3hat_moteus_int_msgs/pi3hat_moteus_int_msgs/msg/detail/packet_pass__type_support.hpp
[1.594s] -- Up-to-date symlink: /home/ros/docker_simulation_ws/install/pi3hat_moteus_int_msgs/include/pi3hat_moteus_int_msgs/pi3hat_moteus_int_msgs/msg/detail/quad_foot_state__builder.hpp
[1.594s] -- Up-to-date symlink: /home/ros/docker_simulation_ws/install/pi3hat_moteus_int_msgs/include/pi3hat_moteus_int_msgs/pi3hat_moteus_int_msgs/msg/detail/quad_foot_state__struct.hpp
[1.595s] -- Up-to-date symlink: /home/ros/docker_simulation_ws/install/pi3hat_moteus_int_msgs/include/pi3hat_moteus_int_msgs/pi3hat_moteus_int_msgs/msg/detail/quad_foot_state__traits.hpp
[1.596s] -- Up-to-date symlink: /home/ros/docker_simulation_ws/install/pi3hat_moteus_int_msgs/include/pi3hat_moteus_int_msgs/pi3hat_moteus_int_msgs/msg/detail/quad_foot_state__type_support.hpp
[1.597s] -- Up-to-date symlink: /home/ros/docker_simulation_ws/install/pi3hat_moteus_int_msgs/include/pi3hat_moteus_int_msgs/pi3hat_moteus_int_msgs/msg/joints_command.hpp
[1.598s] -- Up-to-date symlink: /home/ros/docker_simulation_ws/install/pi3hat_moteus_int_msgs/include/pi3hat_moteus_int_msgs/pi3hat_moteus_int_msgs/msg/joints_states.hpp
[1.599s] -- Up-to-date symlink: /home/ros/docker_simulation_ws/install/pi3hat_moteus_int_msgs/include/pi3hat_moteus_int_msgs/pi3hat_moteus_int_msgs/msg/omni_mulinex_command.hpp
[1.601s] -- Up-to-date symlink: /home/ros/docker_simulation_ws/install/pi3hat_moteus_int_msgs/include/pi3hat_moteus_int_msgs/pi3hat_moteus_int_msgs/msg/packet_pass.hpp
[1.601s] -- Up-to-date symlink: /home/ros/docker_simulation_ws/install/pi3hat_moteus_int_msgs/include/pi3hat_moteus_int_msgs/pi3hat_moteus_int_msgs/msg/quad_foot_state.hpp
[1.602s] -- Up-to-date symlink: /home/ros/docker_simulation_ws/install/pi3hat_moteus_int_msgs/include/pi3hat_moteus_int_msgs/pi3hat_moteus_int_msgs/msg/rosidl_generator_cpp__visibility_control.hpp
[1.603s] -- Up-to-date symlink: /home/ros/docker_simulation_ws/install/pi3hat_moteus_int_msgs/include/pi3hat_moteus_int_msgs/pi3hat_moteus_int_msgs/msg/detail/joints_command__rosidl_typesupport_fastrtps_cpp.hpp
[1.604s] -- Up-to-date symlink: /home/ros/docker_simulation_ws/install/pi3hat_moteus_int_msgs/include/pi3hat_moteus_int_msgs/pi3hat_moteus_int_msgs/msg/detail/joints_states__rosidl_typesupport_fastrtps_cpp.hpp
[1.604s] -- Up-to-date symlink: /home/ros/docker_simulation_ws/install/pi3hat_moteus_int_msgs/include/pi3hat_moteus_int_msgs/pi3hat_moteus_int_msgs/msg/detail/omni_mulinex_command__rosidl_typesupport_fastrtps_cpp.hpp
[1.605s] -- Up-to-date symlink: /home/ros/docker_simulation_ws/install/pi3hat_moteus_int_msgs/include/pi3hat_moteus_int_msgs/pi3hat_moteus_int_msgs/msg/detail/packet_pass__rosidl_typesupport_fastrtps_cpp.hpp
[1.606s] -- Up-to-date symlink: /home/ros/docker_simulation_ws/install/pi3hat_moteus_int_msgs/include/pi3hat_moteus_int_msgs/pi3hat_moteus_int_msgs/msg/detail/quad_foot_state__rosidl_typesupport_fastrtps_cpp.hpp
[1.606s] -- Up-to-date symlink: /home/ros/docker_simulation_ws/install/pi3hat_moteus_int_msgs/include/pi3hat_moteus_int_msgs/pi3hat_moteus_int_msgs/msg/rosidl_typesupport_fastrtps_cpp__visibility_control.h
[1.607s] -- Up-to-date symlink: /home/ros/docker_simulation_ws/install/pi3hat_moteus_int_msgs/include/pi3hat_moteus_int_msgs/pi3hat_moteus_int_msgs/msg/detail/joints_command__rosidl_typesupport_introspection_c.h
[1.608s] -- Up-to-date symlink: /home/ros/docker_simulation_ws/install/pi3hat_moteus_int_msgs/include/pi3hat_moteus_int_msgs/pi3hat_moteus_int_msgs/msg/detail/joints_states__rosidl_typesupport_introspection_c.h
[1.608s] -- Up-to-date symlink: /home/ros/docker_simulation_ws/install/pi3hat_moteus_int_msgs/include/pi3hat_moteus_int_msgs/pi3hat_moteus_int_msgs/msg/detail/omni_mulinex_command__rosidl_typesupport_introspection_c.h
[1.609s] -- Up-to-date symlink: /home/ros/docker_simulation_ws/install/pi3hat_moteus_int_msgs/include/pi3hat_moteus_int_msgs/pi3hat_moteus_int_msgs/msg/detail/packet_pass__rosidl_typesupport_introspection_c.h
[1.610s] -- Up-to-date symlink: /home/ros/docker_simulation_ws/install/pi3hat_moteus_int_msgs/include/pi3hat_moteus_int_msgs/pi3hat_moteus_int_msgs/msg/detail/quad_foot_state__rosidl_typesupport_introspection_c.h
[1.610s] -- Up-to-date symlink: /home/ros/docker_simulation_ws/install/pi3hat_moteus_int_msgs/include/pi3hat_moteus_int_msgs/pi3hat_moteus_int_msgs/msg/rosidl_typesupport_introspection_c__visibility_control.h
[1.620s] -- Up-to-date symlink: /home/ros/docker_simulation_ws/install/pi3hat_moteus_int_msgs/include/pi3hat_moteus_int_msgs/pi3hat_moteus_int_msgs/msg/detail/joints_command__rosidl_typesupport_introspection_cpp.hpp
[1.621s] -- Up-to-date symlink: /home/ros/docker_simulation_ws/install/pi3hat_moteus_int_msgs/include/pi3hat_moteus_int_msgs/pi3hat_moteus_int_msgs/msg/detail/joints_states__rosidl_typesupport_introspection_cpp.hpp
[1.621s] -- Up-to-date symlink: /home/ros/docker_simulation_ws/install/pi3hat_moteus_int_msgs/include/pi3hat_moteus_int_msgs/pi3hat_moteus_int_msgs/msg/detail/omni_mulinex_command__rosidl_typesupport_introspection_cpp.hpp
[1.622s] -- Up-to-date symlink: /home/ros/docker_simulation_ws/install/pi3hat_moteus_int_msgs/include/pi3hat_moteus_int_msgs/pi3hat_moteus_int_msgs/msg/detail/packet_pass__rosidl_typesupport_introspection_cpp.hpp
[1.623s] -- Up-to-date symlink: /home/ros/docker_simulation_ws/install/pi3hat_moteus_int_msgs/include/pi3hat_moteus_int_msgs/pi3hat_moteus_int_msgs/msg/detail/quad_foot_state__rosidl_typesupport_introspection_cpp.hpp
[1.623s] -- Up-to-date symlink: /home/ros/docker_simulation_ws/install/pi3hat_moteus_int_msgs/share/pi3hat_moteus_int_msgs/environment/pythonpath.sh
[1.624s] -- Up-to-date symlink: /home/ros/docker_simulation_ws/install/pi3hat_moteus_int_msgs/share/pi3hat_moteus_int_msgs/environment/pythonpath.dsv
[1.626s] -- Up-to-date symlink: /home/ros/docker_simulation_ws/install/pi3hat_moteus_int_msgs/local/lib/python3.10/dist-packages/pi3hat_moteus_int_msgs-0.0.0-py3.10.egg-info/PKG-INFO
[1.626s] -- Up-to-date symlink: /home/ros/docker_simulation_ws/install/pi3hat_moteus_int_msgs/local/lib/python3.10/dist-packages/pi3hat_moteus_int_msgs-0.0.0-py3.10.egg-info/SOURCES.txt
[1.627s] -- Up-to-date symlink: /home/ros/docker_simulation_ws/install/pi3hat_moteus_int_msgs/local/lib/python3.10/dist-packages/pi3hat_moteus_int_msgs-0.0.0-py3.10.egg-info/dependency_links.txt
[1.628s] -- Up-to-date symlink: /home/ros/docker_simulation_ws/install/pi3hat_moteus_int_msgs/local/lib/python3.10/dist-packages/pi3hat_moteus_int_msgs-0.0.0-py3.10.egg-info/top_level.txt
[1.630s] -- Up-to-date symlink: /home/ros/docker_simulation_ws/install/pi3hat_moteus_int_msgs/local/lib/python3.10/dist-packages/pi3hat_moteus_int_msgs/__init__.py
[1.631s] -- Up-to-date symlink: /home/ros/docker_simulation_ws/install/pi3hat_moteus_int_msgs/local/lib/python3.10/dist-packages/pi3hat_moteus_int_msgs/_pi3hat_moteus_int_msgs_s.ep.rosidl_typesupport_c.c
[1.631s] -- Up-to-date symlink: /home/ros/docker_simulation_ws/install/pi3hat_moteus_int_msgs/local/lib/python3.10/dist-packages/pi3hat_moteus_int_msgs/_pi3hat_moteus_int_msgs_s.ep.rosidl_typesupport_fastrtps_c.c
[1.632s] -- Up-to-date symlink: /home/ros/docker_simulation_ws/install/pi3hat_moteus_int_msgs/local/lib/python3.10/dist-packages/pi3hat_moteus_int_msgs/_pi3hat_moteus_int_msgs_s.ep.rosidl_typesupport_introspection_c.c
[1.632s] -- Up-to-date symlink: /home/ros/docker_simulation_ws/install/pi3hat_moteus_int_msgs/local/lib/python3.10/dist-packages/pi3hat_moteus_int_msgs/libpi3hat_moteus_int_msgs__rosidl_generator_py.so
[1.632s] -- Up-to-date symlink: /home/ros/docker_simulation_ws/install/pi3hat_moteus_int_msgs/local/lib/python3.10/dist-packages/pi3hat_moteus_int_msgs/msg/__init__.py
[1.633s] -- Up-to-date symlink: /home/ros/docker_simulation_ws/install/pi3hat_moteus_int_msgs/local/lib/python3.10/dist-packages/pi3hat_moteus_int_msgs/msg/_joints_command.py
[1.633s] -- Up-to-date symlink: /home/ros/docker_simulation_ws/install/pi3hat_moteus_int_msgs/local/lib/python3.10/dist-packages/pi3hat_moteus_int_msgs/msg/_joints_command_s.c
[1.633s] -- Up-to-date symlink: /home/ros/docker_simulation_ws/install/pi3hat_moteus_int_msgs/local/lib/python3.10/dist-packages/pi3hat_moteus_int_msgs/msg/_joints_states.py
[1.634s] -- Up-to-date symlink: /home/ros/docker_simulation_ws/install/pi3hat_moteus_int_msgs/local/lib/python3.10/dist-packages/pi3hat_moteus_int_msgs/msg/_joints_states_s.c
[1.637s] -- Up-to-date symlink: /home/ros/docker_simulation_ws/install/pi3hat_moteus_int_msgs/local/lib/python3.10/dist-packages/pi3hat_moteus_int_msgs/msg/_omni_mulinex_command.py
[1.639s] -- Up-to-date symlink: /home/ros/docker_simulation_ws/install/pi3hat_moteus_int_msgs/local/lib/python3.10/dist-packages/pi3hat_moteus_int_msgs/msg/_omni_mulinex_command_s.c
[1.642s] -- Up-to-date symlink: /home/ros/docker_simulation_ws/install/pi3hat_moteus_int_msgs/local/lib/python3.10/dist-packages/pi3hat_moteus_int_msgs/msg/_packet_pass.py
[1.644s] -- Up-to-date symlink: /home/ros/docker_simulation_ws/install/pi3hat_moteus_int_msgs/local/lib/python3.10/dist-packages/pi3hat_moteus_int_msgs/msg/_packet_pass_s.c
[1.644s] -- Up-to-date symlink: /home/ros/docker_simulation_ws/install/pi3hat_moteus_int_msgs/local/lib/python3.10/dist-packages/pi3hat_moteus_int_msgs/msg/_quad_foot_state.py
[1.645s] -- Up-to-date symlink: /home/ros/docker_simulation_ws/install/pi3hat_moteus_int_msgs/local/lib/python3.10/dist-packages/pi3hat_moteus_int_msgs/msg/_quad_foot_state_s.c
[1.645s] -- Up-to-date symlink: /home/ros/docker_simulation_ws/install/pi3hat_moteus_int_msgs/local/lib/python3.10/dist-packages/pi3hat_moteus_int_msgs/pi3hat_moteus_int_msgs_s__rosidl_typesupport_c.cpython-310-x86_64-linux-gnu.so
[1.646s] -- Up-to-date symlink: /home/ros/docker_simulation_ws/install/pi3hat_moteus_int_msgs/local/lib/python3.10/dist-packages/pi3hat_moteus_int_msgs/pi3hat_moteus_int_msgs_s__rosidl_typesupport_fastrtps_c.cpython-310-x86_64-linux-gnu.so
[1.646s] -- Up-to-date symlink: /home/ros/docker_simulation_ws/install/pi3hat_moteus_int_msgs/local/lib/python3.10/dist-packages/pi3hat_moteus_int_msgs/pi3hat_moteus_int_msgs_s__rosidl_typesupport_introspection_c.cpython-310-x86_64-linux-gnu.so
[1.647s] -- Up-to-date symlink: /home/ros/docker_simulation_ws/install/pi3hat_moteus_int_msgs/local/lib/python3.10/dist-packages/pi3hat_moteus_int_msgs/pi3hat_moteus_int_msgs_s__rosidl_typesupport_fastrtps_c.cpython-310-x86_64-linux-gnu.so
[1.647s] -- Up-to-date symlink: /home/ros/docker_simulation_ws/install/pi3hat_moteus_int_msgs/local/lib/python3.10/dist-packages/pi3hat_moteus_int_msgs/pi3hat_moteus_int_msgs_s__rosidl_typesupport_introspection_c.cpython-310-x86_64-linux-gnu.so
[1.648s] -- Up-to-date symlink: /home/ros/docker_simulation_ws/install/pi3hat_moteus_int_msgs/local/lib/python3.10/dist-packages/pi3hat_moteus_int_msgs/pi3hat_moteus_int_msgs_s__rosidl_typesupport_c.cpython-310-x86_64-linux-gnu.so
[1.648s] -- Up-to-date symlink: /home/ros/docker_simulation_ws/install/pi3hat_moteus_int_msgs/share/pi3hat_moteus_int_msgs/msg/PacketPass.idl
[1.649s] -- Up-to-date symlink: /home/ros/docker_simulation_ws/install/pi3hat_moteus_int_msgs/share/pi3hat_moteus_int_msgs/msg/JointsStates.idl
[1.649s] -- Up-to-date symlink: /home/ros/docker_simulation_ws/install/pi3hat_moteus_int_msgs/share/pi3hat_moteus_int_msgs/msg/JointsCommand.idl
[1.650s] -- Up-to-date symlink: /home/ros/docker_simulation_ws/install/pi3hat_moteus_int_msgs/share/pi3hat_moteus_int_msgs/msg/OmniMulinexCommand.idl
[1.651s] -- Up-to-date symlink: /home/ros/docker_simulation_ws/install/pi3hat_moteus_int_msgs/share/pi3hat_moteus_int_msgs/msg/QuadFootState.idl
[1.652s] -- Up-to-date symlink: /home/ros/docker_simulation_ws/install/pi3hat_moteus_int_msgs/share/pi3hat_moteus_int_msgs/msg/PacketPass.msg
[1.652s] -- Up-to-date symlink: /home/ros/docker_simulation_ws/install/pi3hat_moteus_int_msgs/share/pi3hat_moteus_int_msgs/msg/JointsStates.msg
[1.652s] -- Up-to-date symlink: /home/ros/docker_simulation_ws/install/pi3hat_moteus_int_msgs/share/pi3hat_moteus_int_msgs/msg/JointsCommand.msg
[1.652s] -- Up-to-date symlink: /home/ros/docker_simulation_ws/install/pi3hat_moteus_int_msgs/share/pi3hat_moteus_int_msgs/msg/OmniMulinexCommand.msg
[1.653s] -- Up-to-date symlink: /home/ros/docker_simulation_ws/install/pi3hat_moteus_int_msgs/share/pi3hat_moteus_int_msgs/msg/QuadFootState.msg
[1.653s] -- Up-to-date symlink: /home/ros/docker_simulation_ws/install/pi3hat_moteus_int_msgs/share/ament_index/resource_index/package_run_dependencies/pi3hat_moteus_int_msgs
[1.654s] -- Up-to-date symlink: /home/ros/docker_simulation_ws/install/pi3hat_moteus_int_msgs/share/ament_index/resource_index/parent_prefix_path/pi3hat_moteus_int_msgs
[1.654s] -- Up-to-date symlink: /home/ros/docker_simulation_ws/install/pi3hat_moteus_int_msgs/share/pi3hat_moteus_int_msgs/environment/ament_prefix_path.sh
[1.654s] -- Up-to-date symlink: /home/ros/docker_simulation_ws/install/pi3hat_moteus_int_msgs/share/pi3hat_moteus_int_msgs/environment/ament_prefix_path.dsv
[1.655s] -- Up-to-date symlink: /home/ros/docker_simulation_ws/install/pi3hat_moteus_int_msgs/share/pi3hat_moteus_int_msgs/environment/path.sh
[1.655s] -- Up-to-date symlink: /home/ros/docker_simulation_ws/install/pi3hat_moteus_int_msgs/share/pi3hat_moteus_int_msgs/environment/path.dsv
[1.656s] -- Up-to-date symlink: /home/ros/docker_simulation_ws/install/pi3hat_moteus_int_msgs/share/pi3hat_moteus_int_msgs/local_setup.bash
[1.656s] -- Up-to-date symlink: /home/ros/docker_simulation_ws/install/pi3hat_moteus_int_msgs/share/pi3hat_moteus_int_msgs/local_setup.sh
[1.657s] -- Up-to-date symlink: /home/ros/docker_simulation_ws/install/pi3hat_moteus_int_msgs/share/pi3hat_moteus_int_msgs/local_setup.zsh
[1.657s] -- Up-to-date symlink: /home/ros/docker_simulation_ws/install/pi3hat_moteus_int_msgs/share/pi3hat_moteus_int_msgs/local_setup.dsv
[1.657s] -- Symlinking: /home/ros/docker_simulation_ws/install/pi3hat_moteus_int_msgs/share/pi3hat_moteus_int_msgs/package.dsv
[1.664s] -- Up-to-date symlink: /home/ros/docker_simulation_ws/install/pi3hat_moteus_int_msgs/share/ament_index/resource_index/packages/pi3hat_moteus_int_msgs
[1.664s] -- Up-to-date symlink: /home/ros/docker_simulation_ws/install/pi3hat_moteus_int_msgs/share/pi3hat_moteus_int_msgs/cmake/rosidl_cmake-extras.cmake
[1.665s] -- Up-to-date symlink: /home/ros/docker_simulation_ws/install/pi3hat_moteus_int_msgs/share/pi3hat_moteus_int_msgs/cmake/ament_cmake_export_dependencies-extras.cmake
[1.666s] -- Up-to-date symlink: /home/ros/docker_simulation_ws/install/pi3hat_moteus_int_msgs/share/pi3hat_moteus_int_msgs/cmake/ament_cmake_export_include_directories-extras.cmake
[1.667s] -- Up-to-date symlink: /home/ros/docker_simulation_ws/install/pi3hat_moteus_int_msgs/share/pi3hat_moteus_int_msgs/cmake/ament_cmake_export_libraries-extras.cmake
[1.667s] -- Up-to-date symlink: /home/ros/docker_simulation_ws/install/pi3hat_moteus_int_msgs/share/pi3hat_moteus_int_msgs/cmake/ament_cmake_export_targets-extras.cmake
[1.668s] -- Up-to-date symlink: /home/ros/docker_simulation_ws/install/pi3hat_moteus_int_msgs/share/pi3hat_moteus_int_msgs/cmake/rosidl_cmake_export_typesupport_targets-extras.cmake
[1.668s] -- Up-to-date symlink: /home/ros/docker_simulation_ws/install/pi3hat_moteus_int_msgs/share/pi3hat_moteus_int_msgs/cmake/rosidl_cmake_export_typesupport_libraries-extras.cmake
[1.669s] -- Up-to-date symlink: /home/ros/docker_simulation_ws/install/pi3hat_moteus_int_msgs/share/pi3hat_moteus_int_msgs/cmake/pi3hat_moteus_int_msgsConfig.cmake
[1.670s] -- Up-to-date symlink: /home/ros/docker_simulation_ws/install/pi3hat_moteus_int_msgs/share/pi3hat_moteus_int_msgs/cmake/pi3hat_moteus_int_msgsConfig-version.cmake
[1.670s] -- Up-to-date symlink: /home/ros/docker_simulation_ws/install/pi3hat_moteus_int_msgs/share/pi3hat_moteus_int_msgs/package.xml
[1.671s] -- Up-to-date: /home/ros/docker_simulation_ws/install/pi3hat_moteus_int_msgs/lib/libpi3hat_moteus_int_msgs__rosidl_generator_c.so
[1.672s] -- Up-to-date: /home/ros/docker_simulation_ws/install/pi3hat_moteus_int_msgs/lib/libpi3hat_moteus_int_msgs__rosidl_typesupport_fastrtps_c.so
[1.674s] -- Up-to-date: /home/ros/docker_simulation_ws/install/pi3hat_moteus_int_msgs/lib/libpi3hat_moteus_int_msgs__rosidl_typesupport_fastrtps_cpp.so
[1.674s] -- Up-to-date: /home/ros/docker_simulation_ws/install/pi3hat_moteus_int_msgs/lib/libpi3hat_moteus_int_msgs__rosidl_typesupport_introspection_c.so
[1.675s] -- Up-to-date: /home/ros/docker_simulation_ws/install/pi3hat_moteus_int_msgs/lib/libpi3hat_moteus_int_msgs__rosidl_typesupport_c.so
[1.676s] -- Up-to-date: /home/ros/docker_simulation_ws/install/pi3hat_moteus_int_msgs/lib/libpi3hat_moteus_int_msgs__rosidl_typesupport_introspection_cpp.so
[1.677s] -- Up-to-date: /home/ros/docker_simulation_ws/install/pi3hat_moteus_int_msgs/lib/libpi3hat_moteus_int_msgs__rosidl_typesupport_cpp.so
[1.800s] Listing '/home/ros/docker_simulation_ws/install/pi3hat_moteus_int_msgs/local/lib/python3.10/dist-packages/pi3hat_moteus_int_msgs'...
[1.801s] Listing '/home/ros/docker_simulation_ws/install/pi3hat_moteus_int_msgs/local/lib/python3.10/dist-packages/pi3hat_moteus_int_msgs/msg'...
[1.803s] -- Up-to-date: /home/ros/docker_simulation_ws/install/pi3hat_moteus_int_msgs/lib/libpi3hat_moteus_int_msgs__rosidl_generator_py.so
[1.803s] -- Up-to-date: /home/ros/docker_simulation_ws/install/pi3hat_moteus_int_msgs/share/pi3hat_moteus_int_msgs/cmake/export_pi3hat_moteus_int_msgs__rosidl_generator_cExport.cmake
[1.804s] -- Up-to-date: /home/ros/docker_simulation_ws/install/pi3hat_moteus_int_msgs/share/pi3hat_moteus_int_msgs/cmake/export_pi3hat_moteus_int_msgs__rosidl_generator_cExport-noconfig.cmake
[1.804s] -- Up-to-date: /home/ros/docker_simulation_ws/install/pi3hat_moteus_int_msgs/share/pi3hat_moteus_int_msgs/cmake/export_pi3hat_moteus_int_msgs__rosidl_typesupport_fastrtps_cExport.cmake
[1.805s] -- Up-to-date: /home/ros/docker_simulation_ws/install/pi3hat_moteus_int_msgs/share/pi3hat_moteus_int_msgs/cmake/export_pi3hat_moteus_int_msgs__rosidl_typesupport_fastrtps_cExport-noconfig.cmake
[1.805s] -- Up-to-date: /home/ros/docker_simulation_ws/install/pi3hat_moteus_int_msgs/share/pi3hat_moteus_int_msgs/cmake/export_pi3hat_moteus_int_msgs__rosidl_generator_cppExport.cmake
[1.806s] -- Up-to-date: /home/ros/docker_simulation_ws/install/pi3hat_moteus_int_msgs/share/pi3hat_moteus_int_msgs/cmake/export_pi3hat_moteus_int_msgs__rosidl_typesupport_fastrtps_cppExport.cmake
[1.806s] -- Up-to-date: /home/ros/docker_simulation_ws/install/pi3hat_moteus_int_msgs/share/pi3hat_moteus_int_msgs/cmake/export_pi3hat_moteus_int_msgs__rosidl_typesupport_fastrtps_cppExport-noconfig.cmake
[1.807s] -- Up-to-date: /home/ros/docker_simulation_ws/install/pi3hat_moteus_int_msgs/share/pi3hat_moteus_int_msgs/cmake/pi3hat_moteus_int_msgs__rosidl_typesupport_introspection_cExport.cmake
[1.807s] -- Up-to-date: /home/ros/docker_simulation_ws/install/pi3hat_moteus_int_msgs/share/pi3hat_moteus_int_msgs/cmake/pi3hat_moteus_int_msgs__rosidl_typesupport_introspection_cExport-noconfig.cmake
[1.808s] -- Up-to-date: /home/ros/docker_simulation_ws/install/pi3hat_moteus_int_msgs/share/pi3hat_moteus_int_msgs/cmake/pi3hat_moteus_int_msgs__rosidl_typesupport_cExport.cmake
[1.808s] -- Up-to-date: /home/ros/docker_simulation_ws/install/pi3hat_moteus_int_msgs/share/pi3hat_moteus_int_msgs/cmake/pi3hat_moteus_int_msgs__rosidl_typesupport_cExport-noconfig.cmake
[1.809s] -- Up-to-date: /home/ros/docker_simulation_ws/install/pi3hat_moteus_int_msgs/share/pi3hat_moteus_int_msgs/cmake/pi3hat_moteus_int_msgs__rosidl_typesupport_introspection_cppExport.cmake
[1.810s] -- Up-to-date: /home/ros/docker_simulation_ws/install/pi3hat_moteus_int_msgs/share/pi3hat_moteus_int_msgs/cmake/pi3hat_moteus_int_msgs__rosidl_typesupport_introspection_cppExport-noconfig.cmake
[1.810s] -- Up-to-date: /home/ros/docker_simulation_ws/install/pi3hat_moteus_int_msgs/share/pi3hat_moteus_int_msgs/cmake/pi3hat_moteus_int_msgs__rosidl_typesupport_cppExport.cmake
[1.812s] -- Up-to-date: /home/ros/docker_simulation_ws/install/pi3hat_moteus_int_msgs/share/pi3hat_moteus_int_msgs/cmake/pi3hat_moteus_int_msgs__rosidl_typesupport_cppExport-noconfig.cmake
[1.813s] -- Up-to-date: /home/ros/docker_simulation_ws/install/pi3hat_moteus_int_msgs/share/pi3hat_moteus_int_msgs/cmake/export_pi3hat_moteus_int_msgs__rosidl_generator_pyExport.cmake
[1.813s] -- Up-to-date: /home/ros/docker_simulation_ws/install/pi3hat_moteus_int_msgs/share/pi3hat_moteus_int_msgs/cmake/export_pi3hat_moteus_int_msgs__rosidl_generator_pyExport-noconfig.cmake
[1.882s] Invoked command in '/home/ros/docker_simulation_ws/build/pi3hat_moteus_int_msgs' returned '0': CMAKE_PREFIX_PATH=${CMAKE_PREFIX_PATH}:/home/ros/docker_simulation_ws/install/rlg_quad_controller:/home/ros/docker_simulation_ws/install/mulinex_ignition_py:/opt/ros/humble /usr/bin/cmake --install /home/ros/docker_simulation_ws/build/pi3hat_moteus_int_msgs
