[0.108s] Invoking command in '/home/ros/docker_simulation_ws/build/mulinex_description': CMAKE_PREFIX_PATH=${CMAKE_PREFIX_PATH}:/home/ros/docker_simulation_ws/install/rlg_quad_controller:/home/ros/docker_simulation_ws/install/mulinex_ignition_py:/opt/ros/humble /usr/bin/cmake /home/ros/docker_simulation_ws/src/mulinex_description -DAMENT_CMAKE_SYMLINK_INSTALL=1 -DCMAKE_INSTALL_PREFIX=/home/ros/docker_simulation_ws/install/mulinex_description
[0.201s] -- Found ament_cmake: 1.3.12 (/opt/ros/humble/share/ament_cmake/cmake)
[0.770s] -- Override CMake install command with custom implementation using symlinks instead of copying resources
[0.846s] -- Found ament_lint_auto: 0.12.14 (/opt/ros/humble/share/ament_lint_auto/cmake)
[1.188s] -- Added test 'flake8' to check Python code syntax and style conventions
[1.189s] -- Added test 'lint_cmake' to check CMake code style
[1.193s] -- Added test 'pep257' to check Python code against some of the docstring style conventions in PEP 257
[1.205s] -- Added test 'xmllint' to check XML markup files
[1.213s] -- Configuring done
[1.240s] -- Generating done
[1.254s] -- Build files have been written to: /home/ros/docker_simulation_ws/build/mulinex_description
[1.265s] Invoked command in '/home/ros/docker_simulation_ws/build/mulinex_description' returned '0': CMAKE_PREFIX_PATH=${CMAKE_PREFIX_PATH}:/home/ros/docker_simulation_ws/install/rlg_quad_controller:/home/ros/docker_simulation_ws/install/mulinex_ignition_py:/opt/ros/humble /usr/bin/cmake /home/ros/docker_simulation_ws/src/mulinex_description -DAMENT_CMAKE_SYMLINK_INSTALL=1 -DCMAKE_INSTALL_PREFIX=/home/ros/docker_simulation_ws/install/mulinex_description
[1.271s] Invoking command in '/home/ros/docker_simulation_ws/build/mulinex_description': CMAKE_PREFIX_PATH=${CMAKE_PREFIX_PATH}:/home/ros/docker_simulation_ws/install/rlg_quad_controller:/home/ros/docker_simulation_ws/install/mulinex_ignition_py:/opt/ros/humble /usr/bin/cmake --build /home/ros/docker_simulation_ws/build/mulinex_description -- -j12 -l12
[1.404s] Invoked command in '/home/ros/docker_simulation_ws/build/mulinex_description' returned '0': CMAKE_PREFIX_PATH=${CMAKE_PREFIX_PATH}:/home/ros/docker_simulation_ws/install/rlg_quad_controller:/home/ros/docker_simulation_ws/install/mulinex_ignition_py:/opt/ros/humble /usr/bin/cmake --build /home/ros/docker_simulation_ws/build/mulinex_description -- -j12 -l12
[1.442s] Invoking command in '/home/ros/docker_simulation_ws/build/mulinex_description': CMAKE_PREFIX_PATH=${CMAKE_PREFIX_PATH}:/home/ros/docker_simulation_ws/install/rlg_quad_controller:/home/ros/docker_simulation_ws/install/mulinex_ignition_py:/opt/ros/humble /usr/bin/cmake --install /home/ros/docker_simulation_ws/build/mulinex_description
[1.463s] -- Install configuration: ""
[1.465s] -- Execute custom install script
[1.467s] -- Up-to-date symlink: /home/ros/docker_simulation_ws/install/mulinex_description/share/mulinex_description/urdf/base_inertia.xacro
[1.468s] -- Up-to-date symlink: /home/ros/docker_simulation_ws/install/mulinex_description/share/mulinex_description/urdf/camera_sensor.xacro
[1.470s] -- Up-to-date symlink: /home/ros/docker_simulation_ws/install/mulinex_description/share/mulinex_description/urdf/hip_module.xacro
[1.470s] -- Up-to-date symlink: /home/ros/docker_simulation_ws/install/mulinex_description/share/mulinex_description/urdf/imu_sensor.xacro
[1.471s] -- Up-to-date symlink: /home/ros/docker_simulation_ws/install/mulinex_description/share/mulinex_description/urdf/leg.xacro
[1.472s] -- Up-to-date symlink: /home/ros/docker_simulation_ws/install/mulinex_description/share/mulinex_description/urdf/lidar_sensor.xacro
[1.473s] -- Up-to-date symlink: /home/ros/docker_simulation_ws/install/mulinex_description/share/mulinex_description/urdf/links.xacro
[1.473s] -- Up-to-date symlink: /home/ros/docker_simulation_ws/install/mulinex_description/share/mulinex_description/urdf/material.xacro
[1.474s] -- Up-to-date symlink: /home/ros/docker_simulation_ws/install/mulinex_description/share/mulinex_description/urdf/mul_hw_ign.xacro
[1.475s] -- Up-to-date symlink: /home/ros/docker_simulation_ws/install/mulinex_description/share/mulinex_description/urdf/mul_ignition.xacro
[1.476s] -- Up-to-date symlink: /home/ros/docker_simulation_ws/install/mulinex_description/share/mulinex_description/urdf/mulinex.xacro
[1.477s] -- Up-to-date symlink: /home/ros/docker_simulation_ws/install/mulinex_description/share/mulinex_description/urdf/omni_car_module.xacro
[1.478s] -- Up-to-date symlink: /home/ros/docker_simulation_ws/install/mulinex_description/share/mulinex_description/urdf/omnicar.xacro
[1.479s] -- Up-to-date symlink: /home/ros/docker_simulation_ws/install/mulinex_description/share/mulinex_description/urdf/omnicar_gazebo.xacro
[1.481s] -- Up-to-date symlink: /home/ros/docker_simulation_ws/install/mulinex_description/share/mulinex_description/urdf/omnicar_ignition.xacro
[1.482s] -- Up-to-date symlink: /home/ros/docker_simulation_ws/install/mulinex_description/share/mulinex_description/urdf/track.xacro
[1.483s] -- Up-to-date symlink: /home/ros/docker_simulation_ws/install/mulinex_description/share/mulinex_description/urdf/traquad.xacro
[1.483s] -- Up-to-date symlink: /home/ros/docker_simulation_ws/install/mulinex_description/share/mulinex_description/urdf/traquad_hw_ign.xacro
[1.484s] -- Up-to-date symlink: /home/ros/docker_simulation_ws/install/mulinex_description/share/mulinex_description/urdf/wheel.xacro
[1.485s] -- Up-to-date symlink: /home/ros/docker_simulation_ws/install/mulinex_description/share/mulinex_description/launch/display_mulinex.launch.py
[1.486s] -- Up-to-date symlink: /home/ros/docker_simulation_ws/install/mulinex_description/share/mulinex_description/launch/gazebo_mulinex.launch.py
[1.488s] -- Up-to-date symlink: /home/ros/docker_simulation_ws/install/mulinex_description/share/mulinex_description/meshes/Body.stl
[1.489s] -- Up-to-date symlink: /home/ros/docker_simulation_ws/install/mulinex_description/share/mulinex_description/meshes/Lower_leg_left.stl
[1.490s] -- Up-to-date symlink: /home/ros/docker_simulation_ws/install/mulinex_description/share/mulinex_description/meshes/Lower_leg_right.stl
[1.491s] -- Up-to-date symlink: /home/ros/docker_simulation_ws/install/mulinex_description/share/mulinex_description/meshes/Module_2_left.stl
[1.492s] -- Up-to-date symlink: /home/ros/docker_simulation_ws/install/mulinex_description/share/mulinex_description/meshes/Module_2_right.stl
[1.493s] -- Up-to-date symlink: /home/ros/docker_simulation_ws/install/mulinex_description/share/mulinex_description/meshes/Module_left_front.stl
[1.495s] -- Up-to-date symlink: /home/ros/docker_simulation_ws/install/mulinex_description/share/mulinex_description/meshes/Module_left_hind.stl
[1.495s] -- Up-to-date symlink: /home/ros/docker_simulation_ws/install/mulinex_description/share/mulinex_description/meshes/Module_right_front.stl
[1.496s] -- Up-to-date symlink: /home/ros/docker_simulation_ws/install/mulinex_description/share/mulinex_description/meshes/Module_right_hind.stl
[1.498s] -- Up-to-date symlink: /home/ros/docker_simulation_ws/install/mulinex_description/share/mulinex_description/meshes/body_left.stl
[1.498s] -- Up-to-date symlink: /home/ros/docker_simulation_ws/install/mulinex_description/share/mulinex_description/meshes/body_right.stl
[1.499s] -- Up-to-date symlink: /home/ros/docker_simulation_ws/install/mulinex_description/share/mulinex_description/meshes/goat_lower_foot_LF.STL
[1.500s] -- Up-to-date symlink: /home/ros/docker_simulation_ws/install/mulinex_description/share/mulinex_description/meshes/goat_lower_foot_LH.STL
[1.501s] -- Up-to-date symlink: /home/ros/docker_simulation_ws/install/mulinex_description/share/mulinex_description/meshes/goat_lower_foot_RF.STL
[1.502s] -- Up-to-date symlink: /home/ros/docker_simulation_ws/install/mulinex_description/share/mulinex_description/meshes/goat_lower_foot_RH.STL
[1.503s] -- Up-to-date symlink: /home/ros/docker_simulation_ws/install/mulinex_description/share/mulinex_description/meshes/goat_lower_leg_LF.STL
[1.504s] -- Up-to-date symlink: /home/ros/docker_simulation_ws/install/mulinex_description/share/mulinex_description/meshes/goat_lower_leg_LH.STL
[1.506s] -- Up-to-date symlink: /home/ros/docker_simulation_ws/install/mulinex_description/share/mulinex_description/meshes/goat_lower_leg_RF.STL
[1.506s] -- Up-to-date symlink: /home/ros/docker_simulation_ws/install/mulinex_description/share/mulinex_description/meshes/goat_lower_leg_RH.STL
[1.507s] -- Up-to-date symlink: /home/ros/docker_simulation_ws/install/mulinex_description/share/mulinex_description/meshes/goat_upper_foot_LF.STL
[1.508s] -- Up-to-date symlink: /home/ros/docker_simulation_ws/install/mulinex_description/share/mulinex_description/meshes/goat_upper_foot_LH.STL
[1.510s] -- Up-to-date symlink: /home/ros/docker_simulation_ws/install/mulinex_description/share/mulinex_description/meshes/goat_upper_foot_RF.STL
[1.511s] -- Up-to-date symlink: /home/ros/docker_simulation_ws/install/mulinex_description/share/mulinex_description/meshes/goat_upper_foot_RH.STL
[1.512s] -- Up-to-date symlink: /home/ros/docker_simulation_ws/install/mulinex_description/share/mulinex_description/meshes/mecanum_wheel_lf.STL
[1.514s] -- Up-to-date symlink: /home/ros/docker_simulation_ws/install/mulinex_description/share/mulinex_description/meshes/mecanum_wheel_lh.STL
[1.516s] -- Up-to-date symlink: /home/ros/docker_simulation_ws/install/mulinex_description/share/mulinex_description/meshes/mecanum_wheel_rf.STL
[1.519s] -- Up-to-date symlink: /home/ros/docker_simulation_ws/install/mulinex_description/share/mulinex_description/meshes/mecanum_wheel_rh.STL
[1.519s] -- Up-to-date symlink: /home/ros/docker_simulation_ws/install/mulinex_description/share/mulinex_description/meshes/old_Body.stl
[1.520s] -- Up-to-date symlink: /home/ros/docker_simulation_ws/install/mulinex_description/share/mulinex_description/meshes/old_Lower_leg_left.stl
[1.521s] -- Up-to-date symlink: /home/ros/docker_simulation_ws/install/mulinex_description/share/mulinex_description/meshes/old_Lower_leg_right.stl
[1.522s] -- Up-to-date symlink: /home/ros/docker_simulation_ws/install/mulinex_description/share/mulinex_description/meshes/old_Module_2_left.stl
[1.523s] -- Up-to-date symlink: /home/ros/docker_simulation_ws/install/mulinex_description/share/mulinex_description/meshes/old_Module_2_right.stl
[1.524s] -- Up-to-date symlink: /home/ros/docker_simulation_ws/install/mulinex_description/share/mulinex_description/meshes/old_Module_left_front.stl
[1.526s] -- Up-to-date symlink: /home/ros/docker_simulation_ws/install/mulinex_description/share/mulinex_description/meshes/old_Module_left_hind.stl
[1.527s] -- Up-to-date symlink: /home/ros/docker_simulation_ws/install/mulinex_description/share/mulinex_description/meshes/old_Module_right_front.stl
[1.528s] -- Up-to-date symlink: /home/ros/docker_simulation_ws/install/mulinex_description/share/mulinex_description/meshes/old_Module_right_hind.stl
[1.529s] -- Up-to-date symlink: /home/ros/docker_simulation_ws/install/mulinex_description/share/mulinex_description/meshes/omni_lower_leg_LF.STL
[1.530s] -- Up-to-date symlink: /home/ros/docker_simulation_ws/install/mulinex_description/share/mulinex_description/meshes/omni_lower_leg_LH.STL
[1.531s] -- Up-to-date symlink: /home/ros/docker_simulation_ws/install/mulinex_description/share/mulinex_description/meshes/omni_lower_leg_RF.STL
[1.533s] -- Up-to-date symlink: /home/ros/docker_simulation_ws/install/mulinex_description/share/mulinex_description/meshes/omni_lower_leg_RH.STL
[1.534s] -- Up-to-date symlink: /home/ros/docker_simulation_ws/install/mulinex_description/share/mulinex_description/meshes/roller_1.STL
[1.536s] -- Up-to-date symlink: /home/ros/docker_simulation_ws/install/mulinex_description/share/mulinex_description/meshes/simplify_meshes.py
[1.537s] -- Up-to-date symlink: /home/ros/docker_simulation_ws/install/mulinex_description/share/mulinex_description/meshes/wheel.stl
[1.538s] -- Up-to-date symlink: /home/ros/docker_simulation_ws/install/mulinex_description/share/mulinex_description/rviz/config.rviz
[1.539s] -- Up-to-date symlink: /home/ros/docker_simulation_ws/install/mulinex_description/share/mulinex_description/world/empty.world
[1.541s] -- Up-to-date symlink: /home/ros/docker_simulation_ws/install/mulinex_description/share/mulinex_description/world/gap.world
[1.542s] -- Up-to-date symlink: /home/ros/docker_simulation_ws/install/mulinex_description/share/mulinex_description/world/obs_down.world
[1.543s] -- Up-to-date symlink: /home/ros/docker_simulation_ws/install/mulinex_description/share/mulinex_description/world/obs_up.world
[1.544s] -- Up-to-date symlink: /home/ros/docker_simulation_ws/install/mulinex_description/share/ament_index/resource_index/package_run_dependencies/mulinex_description
[1.547s] -- Up-to-date symlink: /home/ros/docker_simulation_ws/install/mulinex_description/share/ament_index/resource_index/parent_prefix_path/mulinex_description
[1.550s] -- Up-to-date symlink: /home/ros/docker_simulation_ws/install/mulinex_description/share/mulinex_description/environment/ament_prefix_path.sh
[1.551s] -- Up-to-date symlink: /home/ros/docker_simulation_ws/install/mulinex_description/share/mulinex_description/environment/ament_prefix_path.dsv
[1.553s] -- Up-to-date symlink: /home/ros/docker_simulation_ws/install/mulinex_description/share/mulinex_description/environment/path.sh
[1.556s] -- Up-to-date symlink: /home/ros/docker_simulation_ws/install/mulinex_description/share/mulinex_description/environment/path.dsv
[1.557s] -- Up-to-date symlink: /home/ros/docker_simulation_ws/install/mulinex_description/share/mulinex_description/local_setup.bash
[1.558s] -- Up-to-date symlink: /home/ros/docker_simulation_ws/install/mulinex_description/share/mulinex_description/local_setup.sh
[1.559s] -- Up-to-date symlink: /home/ros/docker_simulation_ws/install/mulinex_description/share/mulinex_description/local_setup.zsh
[1.560s] -- Up-to-date symlink: /home/ros/docker_simulation_ws/install/mulinex_description/share/mulinex_description/local_setup.dsv
[1.561s] -- Symlinking: /home/ros/docker_simulation_ws/install/mulinex_description/share/mulinex_description/package.dsv
[1.601s] -- Up-to-date symlink: /home/ros/docker_simulation_ws/install/mulinex_description/share/ament_index/resource_index/packages/mulinex_description
[1.603s] -- Up-to-date symlink: /home/ros/docker_simulation_ws/install/mulinex_description/share/mulinex_description/cmake/mulinex_descriptionConfig.cmake
[1.604s] -- Up-to-date symlink: /home/ros/docker_simulation_ws/install/mulinex_description/share/mulinex_description/cmake/mulinex_descriptionConfig-version.cmake
[1.606s] -- Up-to-date symlink: /home/ros/docker_simulation_ws/install/mulinex_description/share/mulinex_description/package.xml
[1.612s] Invoked command in '/home/ros/docker_simulation_ws/build/mulinex_description' returned '0': CMAKE_PREFIX_PATH=${CMAKE_PREFIX_PATH}:/home/ros/docker_simulation_ws/install/rlg_quad_controller:/home/ros/docker_simulation_ws/install/mulinex_ignition_py:/opt/ros/humble /usr/bin/cmake --install /home/ros/docker_simulation_ws/build/mulinex_description
