[0.095s] Invoking command in '/home/ros/docker_simulation_ws/build/omni_mulinex_joystic': CMAKE_PREFIX_PATH=/home/ros/docker_simulation_ws/install/pi3hat_moteus_int_msgs:/home/ros/docker_simulation_ws/install/wheels_vel_cnt:/home/ros/docker_simulation_ws/install/rbt_pd_cnt:/home/ros/docker_simulation_ws/install/omni_vel_controller:/home/ros/docker_simulation_ws/install/omni_mulinex_joystic:/home/ros/docker_simulation_ws/install/ik_quad_foot_control:/home/ros/docker_simulation_ws/install/mulinex_ignition:/home/ros/docker_simulation_ws/install/mulinex_description:/home/ros/docker_simulation_ws/install/custom_interfaces:/home/ros/docker_simulation_ws/install/rlg_quad_controller:/home/ros/docker_simulation_ws/install/mulinex_ignition_py:/opt/ros/humble LD_LIBRARY_PATH=/home/ros/docker_simulation_ws/install/pi3hat_moteus_int_msgs/lib:/home/ros/docker_simulation_ws/install/wheels_vel_cnt/lib:/home/ros/docker_simulation_ws/install/rbt_pd_cnt/lib:/home/ros/docker_simulation_ws/install/omni_vel_controller/lib:/home/ros/docker_simulation_ws/install/omni_mulinex_joystic/lib:/home/ros/docker_simulation_ws/install/ik_quad_foot_control/lib:/home/ros/docker_simulation_ws/install/custom_interfaces/lib:/opt/ros/humble/opt/rviz_ogre_vendor/lib:/opt/ros/humble/lib/x86_64-linux-gnu:/opt/ros/humble/lib /usr/bin/cmake --build /home/ros/docker_simulation_ws/build/omni_mulinex_joystic -- -j12 -l12
[0.684s] [ 50%] Built target omni_mulinex_joystic
[0.685s] [100%] Built target omni_mul_joystic_node
[0.709s] Invoked command in '/home/ros/docker_simulation_ws/build/omni_mulinex_joystic' returned '0': CMAKE_PREFIX_PATH=/home/ros/docker_simulation_ws/install/pi3hat_moteus_int_msgs:/home/ros/docker_simulation_ws/install/wheels_vel_cnt:/home/ros/docker_simulation_ws/install/rbt_pd_cnt:/home/ros/docker_simulation_ws/install/omni_vel_controller:/home/ros/docker_simulation_ws/install/omni_mulinex_joystic:/home/ros/docker_simulation_ws/install/ik_quad_foot_control:/home/ros/docker_simulation_ws/install/mulinex_ignition:/home/ros/docker_simulation_ws/install/mulinex_description:/home/ros/docker_simulation_ws/install/custom_interfaces:/home/ros/docker_simulation_ws/install/rlg_quad_controller:/home/ros/docker_simulation_ws/install/mulinex_ignition_py:/opt/ros/humble LD_LIBRARY_PATH=/home/ros/docker_simulation_ws/install/pi3hat_moteus_int_msgs/lib:/home/ros/docker_simulation_ws/install/wheels_vel_cnt/lib:/home/ros/docker_simulation_ws/install/rbt_pd_cnt/lib:/home/ros/docker_simulation_ws/install/omni_vel_controller/lib:/home/ros/docker_simulation_ws/install/omni_mulinex_joystic/lib:/home/ros/docker_simulation_ws/install/ik_quad_foot_control/lib:/home/ros/docker_simulation_ws/install/custom_interfaces/lib:/opt/ros/humble/opt/rviz_ogre_vendor/lib:/opt/ros/humble/lib/x86_64-linux-gnu:/opt/ros/humble/lib /usr/bin/cmake --build /home/ros/docker_simulation_ws/build/omni_mulinex_joystic -- -j12 -l12
[0.714s] Invoking command in '/home/ros/docker_simulation_ws/build/omni_mulinex_joystic': CMAKE_PREFIX_PATH=/home/ros/docker_simulation_ws/install/pi3hat_moteus_int_msgs:/home/ros/docker_simulation_ws/install/wheels_vel_cnt:/home/ros/docker_simulation_ws/install/rbt_pd_cnt:/home/ros/docker_simulation_ws/install/omni_vel_controller:/home/ros/docker_simulation_ws/install/omni_mulinex_joystic:/home/ros/docker_simulation_ws/install/ik_quad_foot_control:/home/ros/docker_simulation_ws/install/mulinex_ignition:/home/ros/docker_simulation_ws/install/mulinex_description:/home/ros/docker_simulation_ws/install/custom_interfaces:/home/ros/docker_simulation_ws/install/rlg_quad_controller:/home/ros/docker_simulation_ws/install/mulinex_ignition_py:/opt/ros/humble LD_LIBRARY_PATH=/home/ros/docker_simulation_ws/install/pi3hat_moteus_int_msgs/lib:/home/ros/docker_simulation_ws/install/wheels_vel_cnt/lib:/home/ros/docker_simulation_ws/install/rbt_pd_cnt/lib:/home/ros/docker_simulation_ws/install/omni_vel_controller/lib:/home/ros/docker_simulation_ws/install/omni_mulinex_joystic/lib:/home/ros/docker_simulation_ws/install/ik_quad_foot_control/lib:/home/ros/docker_simulation_ws/install/custom_interfaces/lib:/opt/ros/humble/opt/rviz_ogre_vendor/lib:/opt/ros/humble/lib/x86_64-linux-gnu:/opt/ros/humble/lib /usr/bin/cmake --install /home/ros/docker_simulation_ws/build/omni_mulinex_joystic
[0.732s] -- Install configuration: ""
[0.733s] -- Execute custom install script
[0.733s] -- Up-to-date symlink: /home/ros/docker_simulation_ws/install/omni_mulinex_joystic/lib/omni_mulinex_joystic/omni_mul_joystic_node
[0.735s] -- Up-to-date symlink: /home/ros/docker_simulation_ws/install/omni_mulinex_joystic/include/omni_mulinex_joystic/include/omni_mulinex_joystic/omnimul_joy.hpp
[0.738s] -- Up-to-date symlink: /home/ros/docker_simulation_ws/install/omni_mulinex_joystic/share/omni_mulinex_joystic/launch/start_joy_sim.launch.py
[0.739s] -- Up-to-date symlink: /home/ros/docker_simulation_ws/install/omni_mulinex_joystic/share/omni_mulinex_joystic/launch/start_joystic_nodes.launch.py
[0.740s] -- Up-to-date symlink: /home/ros/docker_simulation_ws/install/omni_mulinex_joystic/share/omni_mulinex_joystic/config/joy_node.yaml
[0.742s] -- Up-to-date symlink: /home/ros/docker_simulation_ws/install/omni_mulinex_joystic/share/omni_mulinex_joystic/environment/library_path.sh
[0.743s] -- Up-to-date symlink: /home/ros/docker_simulation_ws/install/omni_mulinex_joystic/share/omni_mulinex_joystic/environment/library_path.dsv
[0.744s] -- Up-to-date symlink: /home/ros/docker_simulation_ws/install/omni_mulinex_joystic/share/ament_index/resource_index/package_run_dependencies/omni_mulinex_joystic
[0.744s] -- Up-to-date symlink: /home/ros/docker_simulation_ws/install/omni_mulinex_joystic/share/ament_index/resource_index/parent_prefix_path/omni_mulinex_joystic
[0.751s] -- Up-to-date symlink: /home/ros/docker_simulation_ws/install/omni_mulinex_joystic/share/omni_mulinex_joystic/environment/ament_prefix_path.sh
[0.752s] -- Up-to-date symlink: /home/ros/docker_simulation_ws/install/omni_mulinex_joystic/share/omni_mulinex_joystic/environment/ament_prefix_path.dsv
[0.753s] -- Up-to-date symlink: /home/ros/docker_simulation_ws/install/omni_mulinex_joystic/share/omni_mulinex_joystic/environment/path.sh
[0.753s] -- Up-to-date symlink: /home/ros/docker_simulation_ws/install/omni_mulinex_joystic/share/omni_mulinex_joystic/environment/path.dsv
[0.754s] -- Up-to-date symlink: /home/ros/docker_simulation_ws/install/omni_mulinex_joystic/share/omni_mulinex_joystic/local_setup.bash
[0.754s] -- Up-to-date symlink: /home/ros/docker_simulation_ws/install/omni_mulinex_joystic/share/omni_mulinex_joystic/local_setup.sh
[0.755s] -- Up-to-date symlink: /home/ros/docker_simulation_ws/install/omni_mulinex_joystic/share/omni_mulinex_joystic/local_setup.zsh
[0.755s] -- Up-to-date symlink: /home/ros/docker_simulation_ws/install/omni_mulinex_joystic/share/omni_mulinex_joystic/local_setup.dsv
[0.756s] -- Symlinking: /home/ros/docker_simulation_ws/install/omni_mulinex_joystic/share/omni_mulinex_joystic/package.dsv
[0.793s] -- Up-to-date symlink: /home/ros/docker_simulation_ws/install/omni_mulinex_joystic/share/ament_index/resource_index/packages/omni_mulinex_joystic
[0.793s] -- Up-to-date symlink: /home/ros/docker_simulation_ws/install/omni_mulinex_joystic/share/omni_mulinex_joystic/cmake/ament_cmake_export_dependencies-extras.cmake
[0.793s] -- Up-to-date symlink: /home/ros/docker_simulation_ws/install/omni_mulinex_joystic/share/omni_mulinex_joystic/cmake/ament_cmake_export_include_directories-extras.cmake
[0.795s] -- Up-to-date symlink: /home/ros/docker_simulation_ws/install/omni_mulinex_joystic/share/omni_mulinex_joystic/cmake/ament_cmake_export_libraries-extras.cmake
[0.795s] -- Up-to-date symlink: /home/ros/docker_simulation_ws/install/omni_mulinex_joystic/share/omni_mulinex_joystic/cmake/omni_mulinex_joysticConfig.cmake
[0.796s] -- Up-to-date symlink: /home/ros/docker_simulation_ws/install/omni_mulinex_joystic/share/omni_mulinex_joystic/cmake/omni_mulinex_joysticConfig-version.cmake
[0.796s] -- Up-to-date symlink: /home/ros/docker_simulation_ws/install/omni_mulinex_joystic/share/omni_mulinex_joystic/package.xml
[0.797s] -- Up-to-date: /home/ros/docker_simulation_ws/install/omni_mulinex_joystic/lib/libomni_mulinex_joystic.so
[0.812s] Invoked command in '/home/ros/docker_simulation_ws/build/omni_mulinex_joystic' returned '0': CMAKE_PREFIX_PATH=/home/ros/docker_simulation_ws/install/pi3hat_moteus_int_msgs:/home/ros/docker_simulation_ws/install/wheels_vel_cnt:/home/ros/docker_simulation_ws/install/rbt_pd_cnt:/home/ros/docker_simulation_ws/install/omni_vel_controller:/home/ros/docker_simulation_ws/install/omni_mulinex_joystic:/home/ros/docker_simulation_ws/install/ik_quad_foot_control:/home/ros/docker_simulation_ws/install/mulinex_ignition:/home/ros/docker_simulation_ws/install/mulinex_description:/home/ros/docker_simulation_ws/install/custom_interfaces:/home/ros/docker_simulation_ws/install/rlg_quad_controller:/home/ros/docker_simulation_ws/install/mulinex_ignition_py:/opt/ros/humble LD_LIBRARY_PATH=/home/ros/docker_simulation_ws/install/pi3hat_moteus_int_msgs/lib:/home/ros/docker_simulation_ws/install/wheels_vel_cnt/lib:/home/ros/docker_simulation_ws/install/rbt_pd_cnt/lib:/home/ros/docker_simulation_ws/install/omni_vel_controller/lib:/home/ros/docker_simulation_ws/install/omni_mulinex_joystic/lib:/home/ros/docker_simulation_ws/install/ik_quad_foot_control/lib:/home/ros/docker_simulation_ws/install/custom_interfaces/lib:/opt/ros/humble/opt/rviz_ogre_vendor/lib:/opt/ros/humble/lib/x86_64-linux-gnu:/opt/ros/humble/lib /usr/bin/cmake --install /home/ros/docker_simulation_ws/build/omni_mulinex_joystic
