[3.636s] Invoking command in '/home/ros/docker_simulation_ws/build/mulinex_ignition_py': PYTHONPATH=/home/ros/docker_simulation_ws/build/mulinex_ignition_py/prefix_override:/usr/lib/python3/dist-packages/colcon_core/task/python/colcon_distutils_commands:/home/ros/docker_simulation_ws/install/mulinex_ignition_py/lib/python3.10/site-packages:${PYTHONPATH} /usr/bin/python3 -W ignore:setup.py install is deprecated -W ignore:easy_install command is deprecated setup.py develop --editable --build-directory /home/ros/docker_simulation_ws/build/mulinex_ignition_py/build --no-deps symlink_data
[4.316s] running develop
[4.711s] running egg_info
[4.711s] writing mulinex_ignition_py.egg-info/PKG-INFO
[4.712s] writing dependency_links to mulinex_ignition_py.egg-info/dependency_links.txt
[4.712s] writing entry points to mulinex_ignition_py.egg-info/entry_points.txt
[4.713s] writing requirements to mulinex_ignition_py.egg-info/requires.txt
[4.713s] writing top-level names to mulinex_ignition_py.egg-info/top_level.txt
[4.718s] reading manifest file 'mulinex_ignition_py.egg-info/SOURCES.txt'
[4.719s] writing manifest file 'mulinex_ignition_py.egg-info/SOURCES.txt'
[4.722s] running build_ext
[4.722s] Creating /home/ros/docker_simulation_ws/install/mulinex_ignition_py/lib/python3.10/site-packages/mulinex-ignition-py.egg-link (link to .)
[4.724s] Installing bridge_node script to /home/ros/docker_simulation_ws/install/mulinex_ignition_py/lib/mulinex_ignition_py
[4.725s] Installing getup script to /home/ros/docker_simulation_ws/install/mulinex_ignition_py/lib/mulinex_ignition_py
[4.725s] Installing getup_omni_1 script to /home/ros/docker_simulation_ws/install/mulinex_ignition_py/lib/mulinex_ignition_py
[4.726s] Installing gostraighton script to /home/ros/docker_simulation_ws/install/mulinex_ignition_py/lib/mulinex_ignition_py
[4.726s] Installing move_pd script to /home/ros/docker_simulation_ws/install/mulinex_ignition_py/lib/mulinex_ignition_py
[4.726s] Installing move_wheels script to /home/ros/docker_simulation_ws/install/mulinex_ignition_py/lib/mulinex_ignition_py
[4.727s] Installing move_wheels_2 script to /home/ros/docker_simulation_ws/install/mulinex_ignition_py/lib/mulinex_ignition_py
[4.727s] Installing walking script to /home/ros/docker_simulation_ws/install/mulinex_ignition_py/lib/mulinex_ignition_py
[4.728s] 
[4.728s] Installed /home/ros/docker_simulation_ws/build/mulinex_ignition_py
[4.729s] running symlink_data
[4.819s] Invoked command in '/home/ros/docker_simulation_ws/build/mulinex_ignition_py' returned '0': PYTHONPATH=/home/ros/docker_simulation_ws/build/mulinex_ignition_py/prefix_override:/usr/lib/python3/dist-packages/colcon_core/task/python/colcon_distutils_commands:/home/ros/docker_simulation_ws/install/mulinex_ignition_py/lib/python3.10/site-packages:${PYTHONPATH} /usr/bin/python3 -W ignore:setup.py install is deprecated -W ignore:easy_install command is deprecated setup.py develop --editable --build-directory /home/ros/docker_simulation_ws/build/mulinex_ignition_py/build --no-deps symlink_data
