[2.279s] Invoking command in '/home/ros/docker_simulation_ws/build/wheels_vel_cnt': CMAKE_PREFIX_PATH=/home/ros/docker_simulation_ws/install/pi3hat_moteus_int_msgs:/home/ros/docker_simulation_ws/install/custom_interfaces:/home/ros/docker_simulation_ws/install/wheels_vel_cnt:/home/ros/docker_simulation_ws/install/rbt_pd_cnt:/home/ros/docker_simulation_ws/install/omni_vel_controller:/home/ros/docker_simulation_ws/install/omni_mulinex_joystic:/home/ros/docker_simulation_ws/install/ik_quad_foot_control:/home/ros/docker_simulation_ws/install/mulinex_ignition:/home/ros/docker_simulation_ws/install/mulinex_description:/home/ros/docker_simulation_ws/install/rlg_quad_controller:/home/ros/docker_simulation_ws/install/mulinex_ignition_py:/opt/ros/humble LD_LIBRARY_PATH=/home/ros/docker_simulation_ws/install/pi3hat_moteus_int_msgs/lib:/home/ros/docker_simulation_ws/install/custom_interfaces/lib:/home/ros/docker_simulation_ws/install/wheels_vel_cnt/lib:/home/ros/docker_simulation_ws/install/rbt_pd_cnt/lib:/home/ros/docker_simulation_ws/install/omni_vel_controller/lib:/home/ros/docker_simulation_ws/install/omni_mulinex_joystic/lib:/home/ros/docker_simulation_ws/install/ik_quad_foot_control/lib:/opt/ros/humble/opt/rviz_ogre_vendor/lib:/opt/ros/humble/lib/x86_64-linux-gnu:/opt/ros/humble/lib /usr/bin/cmake --build /home/ros/docker_simulation_ws/build/wheels_vel_cnt -- -j12 -l12
[2.732s] [100%] Built target wheels_vel_cnt
[3.407s] Invoked command in '/home/ros/docker_simulation_ws/build/wheels_vel_cnt' returned '0': CMAKE_PREFIX_PATH=/home/ros/docker_simulation_ws/install/pi3hat_moteus_int_msgs:/home/ros/docker_simulation_ws/install/custom_interfaces:/home/ros/docker_simulation_ws/install/wheels_vel_cnt:/home/ros/docker_simulation_ws/install/rbt_pd_cnt:/home/ros/docker_simulation_ws/install/omni_vel_controller:/home/ros/docker_simulation_ws/install/omni_mulinex_joystic:/home/ros/docker_simulation_ws/install/ik_quad_foot_control:/home/ros/docker_simulation_ws/install/mulinex_ignition:/home/ros/docker_simulation_ws/install/mulinex_description:/home/ros/docker_simulation_ws/install/rlg_quad_controller:/home/ros/docker_simulation_ws/install/mulinex_ignition_py:/opt/ros/humble LD_LIBRARY_PATH=/home/ros/docker_simulation_ws/install/pi3hat_moteus_int_msgs/lib:/home/ros/docker_simulation_ws/install/custom_interfaces/lib:/home/ros/docker_simulation_ws/install/wheels_vel_cnt/lib:/home/ros/docker_simulation_ws/install/rbt_pd_cnt/lib:/home/ros/docker_simulation_ws/install/omni_vel_controller/lib:/home/ros/docker_simulation_ws/install/omni_mulinex_joystic/lib:/home/ros/docker_simulation_ws/install/ik_quad_foot_control/lib:/opt/ros/humble/opt/rviz_ogre_vendor/lib:/opt/ros/humble/lib/x86_64-linux-gnu:/opt/ros/humble/lib /usr/bin/cmake --build /home/ros/docker_simulation_ws/build/wheels_vel_cnt -- -j12 -l12
[3.420s] Invoking command in '/home/ros/docker_simulation_ws/build/wheels_vel_cnt': CMAKE_PREFIX_PATH=/home/ros/docker_simulation_ws/install/pi3hat_moteus_int_msgs:/home/ros/docker_simulation_ws/install/custom_interfaces:/home/ros/docker_simulation_ws/install/wheels_vel_cnt:/home/ros/docker_simulation_ws/install/rbt_pd_cnt:/home/ros/docker_simulation_ws/install/omni_vel_controller:/home/ros/docker_simulation_ws/install/omni_mulinex_joystic:/home/ros/docker_simulation_ws/install/ik_quad_foot_control:/home/ros/docker_simulation_ws/install/mulinex_ignition:/home/ros/docker_simulation_ws/install/mulinex_description:/home/ros/docker_simulation_ws/install/rlg_quad_controller:/home/ros/docker_simulation_ws/install/mulinex_ignition_py:/opt/ros/humble LD_LIBRARY_PATH=/home/ros/docker_simulation_ws/install/pi3hat_moteus_int_msgs/lib:/home/ros/docker_simulation_ws/install/custom_interfaces/lib:/home/ros/docker_simulation_ws/install/wheels_vel_cnt/lib:/home/ros/docker_simulation_ws/install/rbt_pd_cnt/lib:/home/ros/docker_simulation_ws/install/omni_vel_controller/lib:/home/ros/docker_simulation_ws/install/omni_mulinex_joystic/lib:/home/ros/docker_simulation_ws/install/ik_quad_foot_control/lib:/opt/ros/humble/opt/rviz_ogre_vendor/lib:/opt/ros/humble/lib/x86_64-linux-gnu:/opt/ros/humble/lib /usr/bin/cmake --install /home/ros/docker_simulation_ws/build/wheels_vel_cnt
[3.462s] -- Install configuration: ""
[3.464s] -- Execute custom install script
[3.464s] -- Up-to-date symlink: /home/ros/docker_simulation_ws/install/wheels_vel_cnt/share/wheels_vel_cnt//wheels_vel_cnt.xml
[3.466s] -- Up-to-date symlink: /home/ros/docker_simulation_ws/install/wheels_vel_cnt/share/wheels_vel_cnt/environment/library_path.sh
[3.488s] -- Up-to-date symlink: /home/ros/docker_simulation_ws/install/wheels_vel_cnt/share/wheels_vel_cnt/environment/library_path.dsv
[3.488s] -- Up-to-date symlink: /home/ros/docker_simulation_ws/install/wheels_vel_cnt/share/ament_index/resource_index/package_run_dependencies/wheels_vel_cnt
[3.489s] -- Up-to-date symlink: /home/ros/docker_simulation_ws/install/wheels_vel_cnt/share/ament_index/resource_index/parent_prefix_path/wheels_vel_cnt
[3.489s] -- Up-to-date symlink: /home/ros/docker_simulation_ws/install/wheels_vel_cnt/share/wheels_vel_cnt/environment/ament_prefix_path.sh
[3.489s] -- Up-to-date symlink: /home/ros/docker_simulation_ws/install/wheels_vel_cnt/share/wheels_vel_cnt/environment/ament_prefix_path.dsv
[3.489s] -- Up-to-date symlink: /home/ros/docker_simulation_ws/install/wheels_vel_cnt/share/wheels_vel_cnt/environment/path.sh
[3.490s] -- Up-to-date symlink: /home/ros/docker_simulation_ws/install/wheels_vel_cnt/share/wheels_vel_cnt/environment/path.dsv
[3.490s] -- Up-to-date symlink: /home/ros/docker_simulation_ws/install/wheels_vel_cnt/share/wheels_vel_cnt/local_setup.bash
[3.490s] -- Up-to-date symlink: /home/ros/docker_simulation_ws/install/wheels_vel_cnt/share/wheels_vel_cnt/local_setup.sh
[3.491s] -- Up-to-date symlink: /home/ros/docker_simulation_ws/install/wheels_vel_cnt/share/wheels_vel_cnt/local_setup.zsh
[3.491s] -- Up-to-date symlink: /home/ros/docker_simulation_ws/install/wheels_vel_cnt/share/wheels_vel_cnt/local_setup.dsv
[3.492s] -- Symlinking: /home/ros/docker_simulation_ws/install/wheels_vel_cnt/share/wheels_vel_cnt/package.dsv
[3.576s] -- Up-to-date symlink: /home/ros/docker_simulation_ws/install/wheels_vel_cnt/share/ament_index/resource_index/packages/wheels_vel_cnt
[3.578s] -- Up-to-date symlink: /home/ros/docker_simulation_ws/install/wheels_vel_cnt/share/ament_index/resource_index/controller_interface__pluginlib__plugin/wheels_vel_cnt
[3.591s] -- Up-to-date symlink: /home/ros/docker_simulation_ws/install/wheels_vel_cnt/share/wheels_vel_cnt/cmake/ament_cmake_export_dependencies-extras.cmake
[3.593s] -- Up-to-date symlink: /home/ros/docker_simulation_ws/install/wheels_vel_cnt/share/wheels_vel_cnt/cmake/ament_cmake_export_include_directories-extras.cmake
[3.594s] -- Up-to-date symlink: /home/ros/docker_simulation_ws/install/wheels_vel_cnt/share/wheels_vel_cnt/cmake/ament_cmake_export_libraries-extras.cmake
[3.595s] -- Up-to-date symlink: /home/ros/docker_simulation_ws/install/wheels_vel_cnt/share/wheels_vel_cnt/cmake/wheels_vel_cntConfig.cmake
[3.596s] -- Up-to-date symlink: /home/ros/docker_simulation_ws/install/wheels_vel_cnt/share/wheels_vel_cnt/cmake/wheels_vel_cntConfig-version.cmake
[3.597s] -- Up-to-date symlink: /home/ros/docker_simulation_ws/install/wheels_vel_cnt/share/wheels_vel_cnt/package.xml
[3.599s] -- Up-to-date: /home/ros/docker_simulation_ws/install/wheels_vel_cnt/lib/libwheels_vel_cnt.so
[3.614s] Invoked command in '/home/ros/docker_simulation_ws/build/wheels_vel_cnt' returned '0': CMAKE_PREFIX_PATH=/home/ros/docker_simulation_ws/install/pi3hat_moteus_int_msgs:/home/ros/docker_simulation_ws/install/custom_interfaces:/home/ros/docker_simulation_ws/install/wheels_vel_cnt:/home/ros/docker_simulation_ws/install/rbt_pd_cnt:/home/ros/docker_simulation_ws/install/omni_vel_controller:/home/ros/docker_simulation_ws/install/omni_mulinex_joystic:/home/ros/docker_simulation_ws/install/ik_quad_foot_control:/home/ros/docker_simulation_ws/install/mulinex_ignition:/home/ros/docker_simulation_ws/install/mulinex_description:/home/ros/docker_simulation_ws/install/rlg_quad_controller:/home/ros/docker_simulation_ws/install/mulinex_ignition_py:/opt/ros/humble LD_LIBRARY_PATH=/home/ros/docker_simulation_ws/install/pi3hat_moteus_int_msgs/lib:/home/ros/docker_simulation_ws/install/custom_interfaces/lib:/home/ros/docker_simulation_ws/install/wheels_vel_cnt/lib:/home/ros/docker_simulation_ws/install/rbt_pd_cnt/lib:/home/ros/docker_simulation_ws/install/omni_vel_controller/lib:/home/ros/docker_simulation_ws/install/omni_mulinex_joystic/lib:/home/ros/docker_simulation_ws/install/ik_quad_foot_control/lib:/opt/ros/humble/opt/rviz_ogre_vendor/lib:/opt/ros/humble/lib/x86_64-linux-gnu:/opt/ros/humble/lib /usr/bin/cmake --install /home/ros/docker_simulation_ws/build/wheels_vel_cnt
