[0.948s] Invoking command in '/home/ros/docker_simulation_ws/build/wheels_vel_cnt': CMAKE_PREFIX_PATH=/home/ros/docker_simulation_ws/install/pi3hat_moteus_int_msgs:/home/ros/docker_simulation_ws/install/custom_interfaces:/home/ros/docker_simulation_ws/install/wheels_vel_cnt:/home/ros/docker_simulation_ws/install/rbt_pd_cnt:/home/ros/docker_simulation_ws/install/omni_vel_controller:/home/ros/docker_simulation_ws/install/omni_mulinex_joystic:/home/ros/docker_simulation_ws/install/ik_quad_foot_control:/home/ros/docker_simulation_ws/install/mulinex_ignition:/home/ros/docker_simulation_ws/install/mulinex_description:/home/ros/docker_simulation_ws/install/rlg_quad_controller:/home/ros/docker_simulation_ws/install/mulinex_ignition_py:/opt/ros/humble LD_LIBRARY_PATH=/home/ros/docker_simulation_ws/install/pi3hat_moteus_int_msgs/lib:/home/ros/docker_simulation_ws/install/custom_interfaces/lib:/home/ros/docker_simulation_ws/install/wheels_vel_cnt/lib:/home/ros/docker_simulation_ws/install/rbt_pd_cnt/lib:/home/ros/docker_simulation_ws/install/omni_vel_controller/lib:/home/ros/docker_simulation_ws/install/omni_mulinex_joystic/lib:/home/ros/docker_simulation_ws/install/ik_quad_foot_control/lib:/opt/ros/humble/opt/rviz_ogre_vendor/lib:/opt/ros/humble/lib/x86_64-linux-gnu:/opt/ros/humble/lib /usr/bin/cmake --build /home/ros/docker_simulation_ws/build/wheels_vel_cnt -- -j12 -l12
[1.230s] [ 50%] [32mBuilding CXX object CMakeFiles/wheels_vel_cnt.dir/src/wheels_vel_cnt.cpp.o[0m
[22.790s] [100%] [32m[1mLinking CXX shared library libwheels_vel_cnt.so[0m
[24.211s] [100%] Built target wheels_vel_cnt
[24.249s] Invoked command in '/home/ros/docker_simulation_ws/build/wheels_vel_cnt' returned '0': CMAKE_PREFIX_PATH=/home/ros/docker_simulation_ws/install/pi3hat_moteus_int_msgs:/home/ros/docker_simulation_ws/install/custom_interfaces:/home/ros/docker_simulation_ws/install/wheels_vel_cnt:/home/ros/docker_simulation_ws/install/rbt_pd_cnt:/home/ros/docker_simulation_ws/install/omni_vel_controller:/home/ros/docker_simulation_ws/install/omni_mulinex_joystic:/home/ros/docker_simulation_ws/install/ik_quad_foot_control:/home/ros/docker_simulation_ws/install/mulinex_ignition:/home/ros/docker_simulation_ws/install/mulinex_description:/home/ros/docker_simulation_ws/install/rlg_quad_controller:/home/ros/docker_simulation_ws/install/mulinex_ignition_py:/opt/ros/humble LD_LIBRARY_PATH=/home/ros/docker_simulation_ws/install/pi3hat_moteus_int_msgs/lib:/home/ros/docker_simulation_ws/install/custom_interfaces/lib:/home/ros/docker_simulation_ws/install/wheels_vel_cnt/lib:/home/ros/docker_simulation_ws/install/rbt_pd_cnt/lib:/home/ros/docker_simulation_ws/install/omni_vel_controller/lib:/home/ros/docker_simulation_ws/install/omni_mulinex_joystic/lib:/home/ros/docker_simulation_ws/install/ik_quad_foot_control/lib:/opt/ros/humble/opt/rviz_ogre_vendor/lib:/opt/ros/humble/lib/x86_64-linux-gnu:/opt/ros/humble/lib /usr/bin/cmake --build /home/ros/docker_simulation_ws/build/wheels_vel_cnt -- -j12 -l12
[24.255s] Invoking command in '/home/ros/docker_simulation_ws/build/wheels_vel_cnt': CMAKE_PREFIX_PATH=/home/ros/docker_simulation_ws/install/pi3hat_moteus_int_msgs:/home/ros/docker_simulation_ws/install/custom_interfaces:/home/ros/docker_simulation_ws/install/wheels_vel_cnt:/home/ros/docker_simulation_ws/install/rbt_pd_cnt:/home/ros/docker_simulation_ws/install/omni_vel_controller:/home/ros/docker_simulation_ws/install/omni_mulinex_joystic:/home/ros/docker_simulation_ws/install/ik_quad_foot_control:/home/ros/docker_simulation_ws/install/mulinex_ignition:/home/ros/docker_simulation_ws/install/mulinex_description:/home/ros/docker_simulation_ws/install/rlg_quad_controller:/home/ros/docker_simulation_ws/install/mulinex_ignition_py:/opt/ros/humble LD_LIBRARY_PATH=/home/ros/docker_simulation_ws/install/pi3hat_moteus_int_msgs/lib:/home/ros/docker_simulation_ws/install/custom_interfaces/lib:/home/ros/docker_simulation_ws/install/wheels_vel_cnt/lib:/home/ros/docker_simulation_ws/install/rbt_pd_cnt/lib:/home/ros/docker_simulation_ws/install/omni_vel_controller/lib:/home/ros/docker_simulation_ws/install/omni_mulinex_joystic/lib:/home/ros/docker_simulation_ws/install/ik_quad_foot_control/lib:/opt/ros/humble/opt/rviz_ogre_vendor/lib:/opt/ros/humble/lib/x86_64-linux-gnu:/opt/ros/humble/lib /usr/bin/cmake --install /home/ros/docker_simulation_ws/build/wheels_vel_cnt
[24.275s] -- Install configuration: ""
[24.277s] -- Execute custom install script
[24.278s] -- Up-to-date symlink: /home/ros/docker_simulation_ws/install/wheels_vel_cnt/share/wheels_vel_cnt//wheels_vel_cnt.xml
[24.279s] -- Up-to-date symlink: /home/ros/docker_simulation_ws/install/wheels_vel_cnt/share/wheels_vel_cnt/environment/library_path.sh
[24.279s] -- Up-to-date symlink: /home/ros/docker_simulation_ws/install/wheels_vel_cnt/share/wheels_vel_cnt/environment/library_path.dsv
[24.280s] -- Up-to-date symlink: /home/ros/docker_simulation_ws/install/wheels_vel_cnt/share/ament_index/resource_index/package_run_dependencies/wheels_vel_cnt
[24.280s] -- Up-to-date symlink: /home/ros/docker_simulation_ws/install/wheels_vel_cnt/share/ament_index/resource_index/parent_prefix_path/wheels_vel_cnt
[24.281s] -- Up-to-date symlink: /home/ros/docker_simulation_ws/install/wheels_vel_cnt/share/wheels_vel_cnt/environment/ament_prefix_path.sh
[24.281s] -- Up-to-date symlink: /home/ros/docker_simulation_ws/install/wheels_vel_cnt/share/wheels_vel_cnt/environment/ament_prefix_path.dsv
[24.282s] -- Up-to-date symlink: /home/ros/docker_simulation_ws/install/wheels_vel_cnt/share/wheels_vel_cnt/environment/path.sh
[24.282s] -- Up-to-date symlink: /home/ros/docker_simulation_ws/install/wheels_vel_cnt/share/wheels_vel_cnt/environment/path.dsv
[24.283s] -- Up-to-date symlink: /home/ros/docker_simulation_ws/install/wheels_vel_cnt/share/wheels_vel_cnt/local_setup.bash
[24.284s] -- Up-to-date symlink: /home/ros/docker_simulation_ws/install/wheels_vel_cnt/share/wheels_vel_cnt/local_setup.sh
[24.284s] -- Up-to-date symlink: /home/ros/docker_simulation_ws/install/wheels_vel_cnt/share/wheels_vel_cnt/local_setup.zsh
[24.284s] -- Up-to-date symlink: /home/ros/docker_simulation_ws/install/wheels_vel_cnt/share/wheels_vel_cnt/local_setup.dsv
[24.285s] -- Symlinking: /home/ros/docker_simulation_ws/install/wheels_vel_cnt/share/wheels_vel_cnt/package.dsv
[24.310s] -- Up-to-date symlink: /home/ros/docker_simulation_ws/install/wheels_vel_cnt/share/ament_index/resource_index/packages/wheels_vel_cnt
[24.310s] -- Up-to-date symlink: /home/ros/docker_simulation_ws/install/wheels_vel_cnt/share/ament_index/resource_index/controller_interface__pluginlib__plugin/wheels_vel_cnt
[24.311s] -- Up-to-date symlink: /home/ros/docker_simulation_ws/install/wheels_vel_cnt/share/wheels_vel_cnt/cmake/ament_cmake_export_dependencies-extras.cmake
[24.311s] -- Up-to-date symlink: /home/ros/docker_simulation_ws/install/wheels_vel_cnt/share/wheels_vel_cnt/cmake/ament_cmake_export_include_directories-extras.cmake
[24.312s] -- Up-to-date symlink: /home/ros/docker_simulation_ws/install/wheels_vel_cnt/share/wheels_vel_cnt/cmake/ament_cmake_export_libraries-extras.cmake
[24.312s] -- Up-to-date symlink: /home/ros/docker_simulation_ws/install/wheels_vel_cnt/share/wheels_vel_cnt/cmake/wheels_vel_cntConfig.cmake
[24.312s] -- Up-to-date symlink: /home/ros/docker_simulation_ws/install/wheels_vel_cnt/share/wheels_vel_cnt/cmake/wheels_vel_cntConfig-version.cmake
[24.313s] -- Up-to-date symlink: /home/ros/docker_simulation_ws/install/wheels_vel_cnt/share/wheels_vel_cnt/package.xml
[24.314s] -- Installing: /home/ros/docker_simulation_ws/install/wheels_vel_cnt/lib/libwheels_vel_cnt.so
[24.331s] -- Set runtime path of "/home/ros/docker_simulation_ws/install/wheels_vel_cnt/lib/libwheels_vel_cnt.so" to ""
[24.338s] Invoked command in '/home/ros/docker_simulation_ws/build/wheels_vel_cnt' returned '0': CMAKE_PREFIX_PATH=/home/ros/docker_simulation_ws/install/pi3hat_moteus_int_msgs:/home/ros/docker_simulation_ws/install/custom_interfaces:/home/ros/docker_simulation_ws/install/wheels_vel_cnt:/home/ros/docker_simulation_ws/install/rbt_pd_cnt:/home/ros/docker_simulation_ws/install/omni_vel_controller:/home/ros/docker_simulation_ws/install/omni_mulinex_joystic:/home/ros/docker_simulation_ws/install/ik_quad_foot_control:/home/ros/docker_simulation_ws/install/mulinex_ignition:/home/ros/docker_simulation_ws/install/mulinex_description:/home/ros/docker_simulation_ws/install/rlg_quad_controller:/home/ros/docker_simulation_ws/install/mulinex_ignition_py:/opt/ros/humble LD_LIBRARY_PATH=/home/ros/docker_simulation_ws/install/pi3hat_moteus_int_msgs/lib:/home/ros/docker_simulation_ws/install/custom_interfaces/lib:/home/ros/docker_simulation_ws/install/wheels_vel_cnt/lib:/home/ros/docker_simulation_ws/install/rbt_pd_cnt/lib:/home/ros/docker_simulation_ws/install/omni_vel_controller/lib:/home/ros/docker_simulation_ws/install/omni_mulinex_joystic/lib:/home/ros/docker_simulation_ws/install/ik_quad_foot_control/lib:/opt/ros/humble/opt/rviz_ogre_vendor/lib:/opt/ros/humble/lib/x86_64-linux-gnu:/opt/ros/humble/lib /usr/bin/cmake --install /home/ros/docker_simulation_ws/build/wheels_vel_cnt
