[2.420s] Invoking command in '/home/ros/docker_simulation_ws/build/mulinex_ignition_py': PYTHONPATH=/home/ros/docker_simulation_ws/build/mulinex_ignition_py/prefix_override:/usr/lib/python3/dist-packages/colcon_core/task/python/colcon_distutils_commands:/home/ros/docker_simulation_ws/install/mulinex_ignition_py/lib/python3.10/site-packages:${PYTHONPATH} /usr/bin/python3 -W ignore:setup.py install is deprecated -W ignore:easy_install command is deprecated setup.py develop --editable --build-directory /home/ros/docker_simulation_ws/build/mulinex_ignition_py/build --no-deps symlink_data
[3.446s] running develop
[4.071s] running egg_info
[4.072s] creating mulinex_ignition_py.egg-info
[4.073s] writing mulinex_ignition_py.egg-info/PKG-INFO
[4.074s] writing dependency_links to mulinex_ignition_py.egg-info/dependency_links.txt
[4.075s] writing entry points to mulinex_ignition_py.egg-info/entry_points.txt
[4.076s] writing requirements to mulinex_ignition_py.egg-info/requires.txt
[4.076s] writing top-level names to mulinex_ignition_py.egg-info/top_level.txt
[4.077s] writing manifest file 'mulinex_ignition_py.egg-info/SOURCES.txt'
[4.081s] reading manifest file 'mulinex_ignition_py.egg-info/SOURCES.txt'
[4.082s] writing manifest file 'mulinex_ignition_py.egg-info/SOURCES.txt'
[4.087s] running build_ext
[4.088s] Creating /home/ros/docker_simulation_ws/install/mulinex_ignition_py/lib/python3.10/site-packages/mulinex-ignition-py.egg-link (link to .)
[4.091s] Installing bridge_node script to /home/ros/docker_simulation_ws/install/mulinex_ignition_py/lib/mulinex_ignition_py
[4.094s] Installing getup script to /home/ros/docker_simulation_ws/install/mulinex_ignition_py/lib/mulinex_ignition_py
[4.095s] Installing getup_omni_1 script to /home/ros/docker_simulation_ws/install/mulinex_ignition_py/lib/mulinex_ignition_py
[4.095s] Installing gostraighton script to /home/ros/docker_simulation_ws/install/mulinex_ignition_py/lib/mulinex_ignition_py
[4.095s] Installing move_pd script to /home/ros/docker_simulation_ws/install/mulinex_ignition_py/lib/mulinex_ignition_py
[4.096s] Installing move_wheels script to /home/ros/docker_simulation_ws/install/mulinex_ignition_py/lib/mulinex_ignition_py
[4.097s] Installing move_wheels_2 script to /home/ros/docker_simulation_ws/install/mulinex_ignition_py/lib/mulinex_ignition_py
[4.097s] Installing walking script to /home/ros/docker_simulation_ws/install/mulinex_ignition_py/lib/mulinex_ignition_py
[4.098s] 
[4.098s] Installed /home/ros/docker_simulation_ws/build/mulinex_ignition_py
[4.099s] running symlink_data
[4.099s] creating /home/ros/docker_simulation_ws/install/mulinex_ignition_py/share/ament_index
[4.100s] creating /home/ros/docker_simulation_ws/install/mulinex_ignition_py/share/ament_index/resource_index
[4.101s] creating /home/ros/docker_simulation_ws/install/mulinex_ignition_py/share/ament_index/resource_index/packages
[4.101s] symbolically linking /home/ros/docker_simulation_ws/build/mulinex_ignition_py/resource/mulinex_ignition_py -> /home/ros/docker_simulation_ws/install/mulinex_ignition_py/share/ament_index/resource_index/packages
[4.102s] symbolically linking /home/ros/docker_simulation_ws/build/mulinex_ignition_py/package.xml -> /home/ros/docker_simulation_ws/install/mulinex_ignition_py/share/mulinex_ignition_py
[4.103s] creating /home/ros/docker_simulation_ws/install/mulinex_ignition_py/share/mulinex_ignition_py/launch
[4.104s] symbolically linking /home/ros/docker_simulation_ws/build/mulinex_ignition_py/launch/rosbag_rec.launch.py -> /home/ros/docker_simulation_ws/install/mulinex_ignition_py/share/mulinex_ignition_py/launch
[4.105s] symbolically linking /home/ros/docker_simulation_ws/build/mulinex_ignition_py/launch/controller_start_launch.py -> /home/ros/docker_simulation_ws/install/mulinex_ignition_py/share/mulinex_ignition_py/launch
[4.195s] Invoked command in '/home/ros/docker_simulation_ws/build/mulinex_ignition_py' returned '0': PYTHONPATH=/home/ros/docker_simulation_ws/build/mulinex_ignition_py/prefix_override:/usr/lib/python3/dist-packages/colcon_core/task/python/colcon_distutils_commands:/home/ros/docker_simulation_ws/install/mulinex_ignition_py/lib/python3.10/site-packages:${PYTHONPATH} /usr/bin/python3 -W ignore:setup.py install is deprecated -W ignore:easy_install command is deprecated setup.py develop --editable --build-directory /home/ros/docker_simulation_ws/build/mulinex_ignition_py/build --no-deps symlink_data
