[0.096s] Invoking command in '/home/ros/docker_simulation_ws/build/ik_quad_foot_control': CMAKE_PREFIX_PATH=/home/ros/docker_simulation_ws/install/pi3hat_moteus_int_msgs:/home/ros/docker_simulation_ws/install/wheels_vel_cnt:/home/ros/docker_simulation_ws/install/rbt_pd_cnt:/home/ros/docker_simulation_ws/install/omni_vel_controller:/home/ros/docker_simulation_ws/install/omni_mulinex_joystic:/home/ros/docker_simulation_ws/install/ik_quad_foot_control:/home/ros/docker_simulation_ws/install/mulinex_ignition:/home/ros/docker_simulation_ws/install/mulinex_description:/home/ros/docker_simulation_ws/install/custom_interfaces:/home/ros/docker_simulation_ws/install/rlg_quad_controller:/home/ros/docker_simulation_ws/install/mulinex_ignition_py:/opt/ros/humble LD_LIBRARY_PATH=/home/ros/docker_simulation_ws/install/pi3hat_moteus_int_msgs/lib:/home/ros/docker_simulation_ws/install/wheels_vel_cnt/lib:/home/ros/docker_simulation_ws/install/rbt_pd_cnt/lib:/home/ros/docker_simulation_ws/install/omni_vel_controller/lib:/home/ros/docker_simulation_ws/install/omni_mulinex_joystic/lib:/home/ros/docker_simulation_ws/install/ik_quad_foot_control/lib:/home/ros/docker_simulation_ws/install/custom_interfaces/lib:/opt/ros/humble/opt/rviz_ogre_vendor/lib:/opt/ros/humble/lib/x86_64-linux-gnu:/opt/ros/humble/lib /usr/bin/cmake --build /home/ros/docker_simulation_ws/build/ik_quad_foot_control -- -j12 -l12
[0.628s] [ 50%] Built target base_motion
[0.630s] [100%] Built target ik_quad_foot_control
[0.643s] Invoked command in '/home/ros/docker_simulation_ws/build/ik_quad_foot_control' returned '0': CMAKE_PREFIX_PATH=/home/ros/docker_simulation_ws/install/pi3hat_moteus_int_msgs:/home/ros/docker_simulation_ws/install/wheels_vel_cnt:/home/ros/docker_simulation_ws/install/rbt_pd_cnt:/home/ros/docker_simulation_ws/install/omni_vel_controller:/home/ros/docker_simulation_ws/install/omni_mulinex_joystic:/home/ros/docker_simulation_ws/install/ik_quad_foot_control:/home/ros/docker_simulation_ws/install/mulinex_ignition:/home/ros/docker_simulation_ws/install/mulinex_description:/home/ros/docker_simulation_ws/install/custom_interfaces:/home/ros/docker_simulation_ws/install/rlg_quad_controller:/home/ros/docker_simulation_ws/install/mulinex_ignition_py:/opt/ros/humble LD_LIBRARY_PATH=/home/ros/docker_simulation_ws/install/pi3hat_moteus_int_msgs/lib:/home/ros/docker_simulation_ws/install/wheels_vel_cnt/lib:/home/ros/docker_simulation_ws/install/rbt_pd_cnt/lib:/home/ros/docker_simulation_ws/install/omni_vel_controller/lib:/home/ros/docker_simulation_ws/install/omni_mulinex_joystic/lib:/home/ros/docker_simulation_ws/install/ik_quad_foot_control/lib:/home/ros/docker_simulation_ws/install/custom_interfaces/lib:/opt/ros/humble/opt/rviz_ogre_vendor/lib:/opt/ros/humble/lib/x86_64-linux-gnu:/opt/ros/humble/lib /usr/bin/cmake --build /home/ros/docker_simulation_ws/build/ik_quad_foot_control -- -j12 -l12
[0.645s] Invoking command in '/home/ros/docker_simulation_ws/build/ik_quad_foot_control': CMAKE_PREFIX_PATH=/home/ros/docker_simulation_ws/install/pi3hat_moteus_int_msgs:/home/ros/docker_simulation_ws/install/wheels_vel_cnt:/home/ros/docker_simulation_ws/install/rbt_pd_cnt:/home/ros/docker_simulation_ws/install/omni_vel_controller:/home/ros/docker_simulation_ws/install/omni_mulinex_joystic:/home/ros/docker_simulation_ws/install/ik_quad_foot_control:/home/ros/docker_simulation_ws/install/mulinex_ignition:/home/ros/docker_simulation_ws/install/mulinex_description:/home/ros/docker_simulation_ws/install/custom_interfaces:/home/ros/docker_simulation_ws/install/rlg_quad_controller:/home/ros/docker_simulation_ws/install/mulinex_ignition_py:/opt/ros/humble LD_LIBRARY_PATH=/home/ros/docker_simulation_ws/install/pi3hat_moteus_int_msgs/lib:/home/ros/docker_simulation_ws/install/wheels_vel_cnt/lib:/home/ros/docker_simulation_ws/install/rbt_pd_cnt/lib:/home/ros/docker_simulation_ws/install/omni_vel_controller/lib:/home/ros/docker_simulation_ws/install/omni_mulinex_joystic/lib:/home/ros/docker_simulation_ws/install/ik_quad_foot_control/lib:/home/ros/docker_simulation_ws/install/custom_interfaces/lib:/opt/ros/humble/opt/rviz_ogre_vendor/lib:/opt/ros/humble/lib/x86_64-linux-gnu:/opt/ros/humble/lib /usr/bin/cmake --install /home/ros/docker_simulation_ws/build/ik_quad_foot_control
[0.696s] -- Install configuration: ""
[0.696s] -- Execute custom install script
[0.698s] -- Up-to-date symlink: /home/ros/docker_simulation_ws/install/ik_quad_foot_control/share/ik_quad_foot_control//ik_quad_foot_control.xml
[0.699s] -- Up-to-date symlink: /home/ros/docker_simulation_ws/install/ik_quad_foot_control/share/ik_quad_foot_control/environment/library_path.sh
[0.699s] -- Up-to-date symlink: /home/ros/docker_simulation_ws/install/ik_quad_foot_control/share/ik_quad_foot_control/environment/library_path.dsv
[0.700s] -- Up-to-date symlink: /home/ros/docker_simulation_ws/install/ik_quad_foot_control/lib/ik_quad_foot_control/base_motion
[0.700s] -- Up-to-date symlink: /home/ros/docker_simulation_ws/install/ik_quad_foot_control/share/ik_quad_foot_control/launch/base_motion.launch.py
[0.701s] -- Up-to-date symlink: /home/ros/docker_simulation_ws/install/ik_quad_foot_control/share/ament_index/resource_index/package_run_dependencies/ik_quad_foot_control
[0.703s] -- Up-to-date symlink: /home/ros/docker_simulation_ws/install/ik_quad_foot_control/share/ament_index/resource_index/parent_prefix_path/ik_quad_foot_control
[0.703s] -- Up-to-date symlink: /home/ros/docker_simulation_ws/install/ik_quad_foot_control/share/ik_quad_foot_control/environment/ament_prefix_path.sh
[0.704s] -- Up-to-date symlink: /home/ros/docker_simulation_ws/install/ik_quad_foot_control/share/ik_quad_foot_control/environment/ament_prefix_path.dsv
[0.705s] -- Up-to-date symlink: /home/ros/docker_simulation_ws/install/ik_quad_foot_control/share/ik_quad_foot_control/environment/path.sh
[0.705s] -- Up-to-date symlink: /home/ros/docker_simulation_ws/install/ik_quad_foot_control/share/ik_quad_foot_control/environment/path.dsv
[0.705s] -- Up-to-date symlink: /home/ros/docker_simulation_ws/install/ik_quad_foot_control/share/ik_quad_foot_control/local_setup.bash
[0.706s] -- Up-to-date symlink: /home/ros/docker_simulation_ws/install/ik_quad_foot_control/share/ik_quad_foot_control/local_setup.sh
[0.706s] -- Up-to-date symlink: /home/ros/docker_simulation_ws/install/ik_quad_foot_control/share/ik_quad_foot_control/local_setup.zsh
[0.707s] -- Up-to-date symlink: /home/ros/docker_simulation_ws/install/ik_quad_foot_control/share/ik_quad_foot_control/local_setup.dsv
[0.707s] -- Symlinking: /home/ros/docker_simulation_ws/install/ik_quad_foot_control/share/ik_quad_foot_control/package.dsv
[0.752s] -- Up-to-date symlink: /home/ros/docker_simulation_ws/install/ik_quad_foot_control/share/ament_index/resource_index/packages/ik_quad_foot_control
[0.752s] -- Up-to-date symlink: /home/ros/docker_simulation_ws/install/ik_quad_foot_control/share/ament_index/resource_index/controller_interface__pluginlib__plugin/ik_quad_foot_control
[0.752s] -- Up-to-date symlink: /home/ros/docker_simulation_ws/install/ik_quad_foot_control/share/ik_quad_foot_control/cmake/ament_cmake_export_dependencies-extras.cmake
[0.753s] -- Up-to-date symlink: /home/ros/docker_simulation_ws/install/ik_quad_foot_control/share/ik_quad_foot_control/cmake/ament_cmake_export_include_directories-extras.cmake
[0.762s] -- Up-to-date symlink: /home/ros/docker_simulation_ws/install/ik_quad_foot_control/share/ik_quad_foot_control/cmake/ament_cmake_export_libraries-extras.cmake
[0.763s] -- Up-to-date symlink: /home/ros/docker_simulation_ws/install/ik_quad_foot_control/share/ik_quad_foot_control/cmake/ik_quad_foot_controlConfig.cmake
[0.763s] -- Up-to-date symlink: /home/ros/docker_simulation_ws/install/ik_quad_foot_control/share/ik_quad_foot_control/cmake/ik_quad_foot_controlConfig-version.cmake
[0.764s] -- Up-to-date symlink: /home/ros/docker_simulation_ws/install/ik_quad_foot_control/share/ik_quad_foot_control/package.xml
[0.764s] -- Up-to-date: /home/ros/docker_simulation_ws/install/ik_quad_foot_control/lib/libik_quad_foot_control.so
[0.767s] Invoked command in '/home/ros/docker_simulation_ws/build/ik_quad_foot_control' returned '0': CMAKE_PREFIX_PATH=/home/ros/docker_simulation_ws/install/pi3hat_moteus_int_msgs:/home/ros/docker_simulation_ws/install/wheels_vel_cnt:/home/ros/docker_simulation_ws/install/rbt_pd_cnt:/home/ros/docker_simulation_ws/install/omni_vel_controller:/home/ros/docker_simulation_ws/install/omni_mulinex_joystic:/home/ros/docker_simulation_ws/install/ik_quad_foot_control:/home/ros/docker_simulation_ws/install/mulinex_ignition:/home/ros/docker_simulation_ws/install/mulinex_description:/home/ros/docker_simulation_ws/install/custom_interfaces:/home/ros/docker_simulation_ws/install/rlg_quad_controller:/home/ros/docker_simulation_ws/install/mulinex_ignition_py:/opt/ros/humble LD_LIBRARY_PATH=/home/ros/docker_simulation_ws/install/pi3hat_moteus_int_msgs/lib:/home/ros/docker_simulation_ws/install/wheels_vel_cnt/lib:/home/ros/docker_simulation_ws/install/rbt_pd_cnt/lib:/home/ros/docker_simulation_ws/install/omni_vel_controller/lib:/home/ros/docker_simulation_ws/install/omni_mulinex_joystic/lib:/home/ros/docker_simulation_ws/install/ik_quad_foot_control/lib:/home/ros/docker_simulation_ws/install/custom_interfaces/lib:/opt/ros/humble/opt/rviz_ogre_vendor/lib:/opt/ros/humble/lib/x86_64-linux-gnu:/opt/ros/humble/lib /usr/bin/cmake --install /home/ros/docker_simulation_ws/build/ik_quad_foot_control
