[0.631s] DEBUG:colcon:Command line arguments: ['/usr/bin/colcon', 'build']
[0.631s] DEBUG:colcon:Parsed command line arguments: Namespace(log_base=None, log_level=None, verb_name='build', build_base='build', install_base='install', merge_install=False, symlink_install=False, test_result_base=None, continue_on_error=False, executor='parallel', parallel_workers=12, event_handlers=None, ignore_user_meta=False, metas=['./colcon.meta'], base_paths=['.'], packages_ignore=None, packages_ignore_regex=None, paths=None, packages_up_to=None, packages_up_to_regex=None, packages_above=None, packages_above_and_dependencies=None, packages_above_depth=None, packages_select_by_dep=None, packages_skip_by_dep=None, packages_skip_up_to=None, packages_select_build_failed=False, packages_skip_build_finished=False, packages_select_test_failures=False, packages_skip_test_passed=False, packages_select=None, packages_skip=None, packages_select_regex=None, packages_skip_regex=None, packages_start=None, packages_end=None, allow_overriding=[], cmake_args=None, cmake_target=None, cmake_target_skip_unavailable=False, cmake_clean_cache=False, cmake_clean_first=False, cmake_force_configure=False, ament_cmake_args=None, catkin_cmake_args=None, catkin_skip_building_tests=False, verb_parser=<colcon_defaults.argument_parser.defaults.DefaultArgumentsDecorator object at 0x7407b2ed7f40>, verb_extension=<colcon_core.verb.build.BuildVerb object at 0x7407b3065450>, main=<bound method BuildVerb.main of <colcon_core.verb.build.BuildVerb object at 0x7407b3065450>>)
[1.398s] Level 1:colcon.colcon_core.package_discovery:discover_packages(colcon_meta) check parameters
[1.399s] Level 1:colcon.colcon_core.package_discovery:discover_packages(recursive) check parameters
[1.399s] Level 1:colcon.colcon_core.package_discovery:discover_packages(ignore) check parameters
[1.399s] Level 1:colcon.colcon_core.package_discovery:discover_packages(path) check parameters
[1.399s] Level 1:colcon.colcon_core.package_discovery:discover_packages(colcon_meta) discover
[1.399s] Level 1:colcon.colcon_core.package_discovery:discover_packages(recursive) discover
[1.400s] INFO:colcon.colcon_core.package_discovery:Crawling recursively for packages in '/home/giacomo/Omniquad-Docker-Simulator'
[1.400s] Level 1:colcon.colcon_core.package_identification:_identify(.) by extensions ['ignore', 'ignore_ament_install']
[1.400s] Level 1:colcon.colcon_core.package_identification:_identify(.) by extension 'ignore'
[1.400s] Level 1:colcon.colcon_core.package_identification:_identify(.) by extension 'ignore_ament_install'
[1.401s] Level 1:colcon.colcon_core.package_identification:_identify(.) by extensions ['colcon_pkg']
[1.401s] Level 1:colcon.colcon_core.package_identification:_identify(.) by extension 'colcon_pkg'
[1.401s] Level 1:colcon.colcon_core.package_identification:_identify(.) by extensions ['colcon_meta']
[1.401s] Level 1:colcon.colcon_core.package_identification:_identify(.) by extension 'colcon_meta'
[1.401s] Level 1:colcon.colcon_core.package_identification:_identify(.) by extensions ['ros']
[1.401s] Level 1:colcon.colcon_core.package_identification:_identify(.) by extension 'ros'
[1.439s] Level 1:colcon.colcon_core.package_identification:_identify(.) by extensions ['cmake', 'python']
[1.439s] Level 1:colcon.colcon_core.package_identification:_identify(.) by extension 'cmake'
[1.439s] Level 1:colcon.colcon_core.package_identification:_identify(.) by extension 'python'
[1.439s] Level 1:colcon.colcon_core.package_identification:_identify(.) by extensions ['python_setup_py']
[1.439s] Level 1:colcon.colcon_core.package_identification:_identify(.) by extension 'python_setup_py'
[1.440s] Level 1:colcon.colcon_core.package_identification:_identify(DockerFiles) by extensions ['ignore', 'ignore_ament_install']
[1.440s] Level 1:colcon.colcon_core.package_identification:_identify(DockerFiles) by extension 'ignore'
[1.440s] Level 1:colcon.colcon_core.package_identification:_identify(DockerFiles) by extension 'ignore_ament_install'
[1.441s] Level 1:colcon.colcon_core.package_identification:_identify(DockerFiles) by extensions ['colcon_pkg']
[1.441s] Level 1:colcon.colcon_core.package_identification:_identify(DockerFiles) by extension 'colcon_pkg'
[1.441s] Level 1:colcon.colcon_core.package_identification:_identify(DockerFiles) by extensions ['colcon_meta']
[1.441s] Level 1:colcon.colcon_core.package_identification:_identify(DockerFiles) by extension 'colcon_meta'
[1.441s] Level 1:colcon.colcon_core.package_identification:_identify(DockerFiles) by extensions ['ros']
[1.441s] Level 1:colcon.colcon_core.package_identification:_identify(DockerFiles) by extension 'ros'
[1.442s] Level 1:colcon.colcon_core.package_identification:_identify(DockerFiles) by extensions ['cmake', 'python']
[1.442s] Level 1:colcon.colcon_core.package_identification:_identify(DockerFiles) by extension 'cmake'
[1.442s] Level 1:colcon.colcon_core.package_identification:_identify(DockerFiles) by extension 'python'
[1.442s] Level 1:colcon.colcon_core.package_identification:_identify(DockerFiles) by extensions ['python_setup_py']
[1.442s] Level 1:colcon.colcon_core.package_identification:_identify(DockerFiles) by extension 'python_setup_py'
[1.442s] Level 1:colcon.colcon_core.package_identification:_identify(build) by extensions ['ignore', 'ignore_ament_install']
[1.443s] Level 1:colcon.colcon_core.package_identification:_identify(build) by extension 'ignore'
[1.443s] Level 1:colcon.colcon_core.package_identification:_identify(build) ignored
[1.443s] Level 1:colcon.colcon_core.package_identification:_identify(install) by extensions ['ignore', 'ignore_ament_install']
[1.444s] Level 1:colcon.colcon_core.package_identification:_identify(install) by extension 'ignore'
[1.444s] Level 1:colcon.colcon_core.package_identification:_identify(install) ignored
[1.444s] Level 1:colcon.colcon_core.package_identification:_identify(log) by extensions ['ignore', 'ignore_ament_install']
[1.444s] Level 1:colcon.colcon_core.package_identification:_identify(log) by extension 'ignore'
[1.444s] Level 1:colcon.colcon_core.package_identification:_identify(log) ignored
[1.444s] Level 1:colcon.colcon_core.package_identification:_identify(omni_mul_experiments) by extensions ['ignore', 'ignore_ament_install']
[1.445s] Level 1:colcon.colcon_core.package_identification:_identify(omni_mul_experiments) by extension 'ignore'
[1.445s] Level 1:colcon.colcon_core.package_identification:_identify(omni_mul_experiments) by extension 'ignore_ament_install'
[1.445s] Level 1:colcon.colcon_core.package_identification:_identify(omni_mul_experiments) by extensions ['colcon_pkg']
[1.445s] Level 1:colcon.colcon_core.package_identification:_identify(omni_mul_experiments) by extension 'colcon_pkg'
[1.445s] Level 1:colcon.colcon_core.package_identification:_identify(omni_mul_experiments) by extensions ['colcon_meta']
[1.445s] Level 1:colcon.colcon_core.package_identification:_identify(omni_mul_experiments) by extension 'colcon_meta'
[1.445s] Level 1:colcon.colcon_core.package_identification:_identify(omni_mul_experiments) by extensions ['ros']
[1.445s] Level 1:colcon.colcon_core.package_identification:_identify(omni_mul_experiments) by extension 'ros'
[1.446s] Level 1:colcon.colcon_core.package_identification:_identify(omni_mul_experiments) by extensions ['cmake', 'python']
[1.446s] Level 1:colcon.colcon_core.package_identification:_identify(omni_mul_experiments) by extension 'cmake'
[1.446s] Level 1:colcon.colcon_core.package_identification:_identify(omni_mul_experiments) by extension 'python'
[1.446s] Level 1:colcon.colcon_core.package_identification:_identify(omni_mul_experiments) by extensions ['python_setup_py']
[1.446s] Level 1:colcon.colcon_core.package_identification:_identify(omni_mul_experiments) by extension 'python_setup_py'
[1.447s] Level 1:colcon.colcon_core.package_identification:_identify(omni_mul_experiments/Experiment_OM_2025_7_17_10:18:24) by extensions ['ignore', 'ignore_ament_install']
[1.447s] Level 1:colcon.colcon_core.package_identification:_identify(omni_mul_experiments/Experiment_OM_2025_7_17_10:18:24) by extension 'ignore'
[1.447s] Level 1:colcon.colcon_core.package_identification:_identify(omni_mul_experiments/Experiment_OM_2025_7_17_10:18:24) by extension 'ignore_ament_install'
[1.448s] Level 1:colcon.colcon_core.package_identification:_identify(omni_mul_experiments/Experiment_OM_2025_7_17_10:18:24) by extensions ['colcon_pkg']
[1.448s] Level 1:colcon.colcon_core.package_identification:_identify(omni_mul_experiments/Experiment_OM_2025_7_17_10:18:24) by extension 'colcon_pkg'
[1.448s] Level 1:colcon.colcon_core.package_identification:_identify(omni_mul_experiments/Experiment_OM_2025_7_17_10:18:24) by extensions ['colcon_meta']
[1.448s] Level 1:colcon.colcon_core.package_identification:_identify(omni_mul_experiments/Experiment_OM_2025_7_17_10:18:24) by extension 'colcon_meta'
[1.448s] Level 1:colcon.colcon_core.package_identification:_identify(omni_mul_experiments/Experiment_OM_2025_7_17_10:18:24) by extensions ['ros']
[1.448s] Level 1:colcon.colcon_core.package_identification:_identify(omni_mul_experiments/Experiment_OM_2025_7_17_10:18:24) by extension 'ros'
[1.448s] Level 1:colcon.colcon_core.package_identification:_identify(omni_mul_experiments/Experiment_OM_2025_7_17_10:18:24) by extensions ['cmake', 'python']
[1.448s] Level 1:colcon.colcon_core.package_identification:_identify(omni_mul_experiments/Experiment_OM_2025_7_17_10:18:24) by extension 'cmake'
[1.449s] Level 1:colcon.colcon_core.package_identification:_identify(omni_mul_experiments/Experiment_OM_2025_7_17_10:18:24) by extension 'python'
[1.449s] Level 1:colcon.colcon_core.package_identification:_identify(omni_mul_experiments/Experiment_OM_2025_7_17_10:18:24) by extensions ['python_setup_py']
[1.449s] Level 1:colcon.colcon_core.package_identification:_identify(omni_mul_experiments/Experiment_OM_2025_7_17_10:18:24) by extension 'python_setup_py'
[1.449s] Level 1:colcon.colcon_core.package_identification:_identify(omni_mul_experiments/Experiment_OM_2025_7_17_11:26:37) by extensions ['ignore', 'ignore_ament_install']
[1.449s] Level 1:colcon.colcon_core.package_identification:_identify(omni_mul_experiments/Experiment_OM_2025_7_17_11:26:37) by extension 'ignore'
[1.449s] Level 1:colcon.colcon_core.package_identification:_identify(omni_mul_experiments/Experiment_OM_2025_7_17_11:26:37) by extension 'ignore_ament_install'
[1.450s] Level 1:colcon.colcon_core.package_identification:_identify(omni_mul_experiments/Experiment_OM_2025_7_17_11:26:37) by extensions ['colcon_pkg']
[1.450s] Level 1:colcon.colcon_core.package_identification:_identify(omni_mul_experiments/Experiment_OM_2025_7_17_11:26:37) by extension 'colcon_pkg'
[1.450s] Level 1:colcon.colcon_core.package_identification:_identify(omni_mul_experiments/Experiment_OM_2025_7_17_11:26:37) by extensions ['colcon_meta']
[1.450s] Level 1:colcon.colcon_core.package_identification:_identify(omni_mul_experiments/Experiment_OM_2025_7_17_11:26:37) by extension 'colcon_meta'
[1.450s] Level 1:colcon.colcon_core.package_identification:_identify(omni_mul_experiments/Experiment_OM_2025_7_17_11:26:37) by extensions ['ros']
[1.450s] Level 1:colcon.colcon_core.package_identification:_identify(omni_mul_experiments/Experiment_OM_2025_7_17_11:26:37) by extension 'ros'
[1.450s] Level 1:colcon.colcon_core.package_identification:_identify(omni_mul_experiments/Experiment_OM_2025_7_17_11:26:37) by extensions ['cmake', 'python']
[1.450s] Level 1:colcon.colcon_core.package_identification:_identify(omni_mul_experiments/Experiment_OM_2025_7_17_11:26:37) by extension 'cmake'
[1.450s] Level 1:colcon.colcon_core.package_identification:_identify(omni_mul_experiments/Experiment_OM_2025_7_17_11:26:37) by extension 'python'
[1.450s] Level 1:colcon.colcon_core.package_identification:_identify(omni_mul_experiments/Experiment_OM_2025_7_17_11:26:37) by extensions ['python_setup_py']
[1.451s] Level 1:colcon.colcon_core.package_identification:_identify(omni_mul_experiments/Experiment_OM_2025_7_17_11:26:37) by extension 'python_setup_py'
[1.451s] Level 1:colcon.colcon_core.package_identification:_identify(omni_mul_experiments/Experiment_OM_2025_7_17_11:29:38) by extensions ['ignore', 'ignore_ament_install']
[1.451s] Level 1:colcon.colcon_core.package_identification:_identify(omni_mul_experiments/Experiment_OM_2025_7_17_11:29:38) by extension 'ignore'
[1.451s] Level 1:colcon.colcon_core.package_identification:_identify(omni_mul_experiments/Experiment_OM_2025_7_17_11:29:38) by extension 'ignore_ament_install'
[1.451s] Level 1:colcon.colcon_core.package_identification:_identify(omni_mul_experiments/Experiment_OM_2025_7_17_11:29:38) by extensions ['colcon_pkg']
[1.451s] Level 1:colcon.colcon_core.package_identification:_identify(omni_mul_experiments/Experiment_OM_2025_7_17_11:29:38) by extension 'colcon_pkg'
[1.451s] Level 1:colcon.colcon_core.package_identification:_identify(omni_mul_experiments/Experiment_OM_2025_7_17_11:29:38) by extensions ['colcon_meta']
[1.451s] Level 1:colcon.colcon_core.package_identification:_identify(omni_mul_experiments/Experiment_OM_2025_7_17_11:29:38) by extension 'colcon_meta'
[1.452s] Level 1:colcon.colcon_core.package_identification:_identify(omni_mul_experiments/Experiment_OM_2025_7_17_11:29:38) by extensions ['ros']
[1.452s] Level 1:colcon.colcon_core.package_identification:_identify(omni_mul_experiments/Experiment_OM_2025_7_17_11:29:38) by extension 'ros'
[1.452s] Level 1:colcon.colcon_core.package_identification:_identify(omni_mul_experiments/Experiment_OM_2025_7_17_11:29:38) by extensions ['cmake', 'python']
[1.452s] Level 1:colcon.colcon_core.package_identification:_identify(omni_mul_experiments/Experiment_OM_2025_7_17_11:29:38) by extension 'cmake'
[1.452s] Level 1:colcon.colcon_core.package_identification:_identify(omni_mul_experiments/Experiment_OM_2025_7_17_11:29:38) by extension 'python'
[1.452s] Level 1:colcon.colcon_core.package_identification:_identify(omni_mul_experiments/Experiment_OM_2025_7_17_11:29:38) by extensions ['python_setup_py']
[1.452s] Level 1:colcon.colcon_core.package_identification:_identify(omni_mul_experiments/Experiment_OM_2025_7_17_11:29:38) by extension 'python_setup_py'
[1.452s] Level 1:colcon.colcon_core.package_identification:_identify(omni_mul_experiments/Experiment_OM_2025_7_17_9:39:54) by extensions ['ignore', 'ignore_ament_install']
[1.452s] Level 1:colcon.colcon_core.package_identification:_identify(omni_mul_experiments/Experiment_OM_2025_7_17_9:39:54) by extension 'ignore'
[1.452s] Level 1:colcon.colcon_core.package_identification:_identify(omni_mul_experiments/Experiment_OM_2025_7_17_9:39:54) by extension 'ignore_ament_install'
[1.453s] Level 1:colcon.colcon_core.package_identification:_identify(omni_mul_experiments/Experiment_OM_2025_7_17_9:39:54) by extensions ['colcon_pkg']
[1.453s] Level 1:colcon.colcon_core.package_identification:_identify(omni_mul_experiments/Experiment_OM_2025_7_17_9:39:54) by extension 'colcon_pkg'
[1.453s] Level 1:colcon.colcon_core.package_identification:_identify(omni_mul_experiments/Experiment_OM_2025_7_17_9:39:54) by extensions ['colcon_meta']
[1.453s] Level 1:colcon.colcon_core.package_identification:_identify(omni_mul_experiments/Experiment_OM_2025_7_17_9:39:54) by extension 'colcon_meta'
[1.453s] Level 1:colcon.colcon_core.package_identification:_identify(omni_mul_experiments/Experiment_OM_2025_7_17_9:39:54) by extensions ['ros']
[1.453s] Level 1:colcon.colcon_core.package_identification:_identify(omni_mul_experiments/Experiment_OM_2025_7_17_9:39:54) by extension 'ros'
[1.453s] Level 1:colcon.colcon_core.package_identification:_identify(omni_mul_experiments/Experiment_OM_2025_7_17_9:39:54) by extensions ['cmake', 'python']
[1.453s] Level 1:colcon.colcon_core.package_identification:_identify(omni_mul_experiments/Experiment_OM_2025_7_17_9:39:54) by extension 'cmake'
[1.453s] Level 1:colcon.colcon_core.package_identification:_identify(omni_mul_experiments/Experiment_OM_2025_7_17_9:39:54) by extension 'python'
[1.453s] Level 1:colcon.colcon_core.package_identification:_identify(omni_mul_experiments/Experiment_OM_2025_7_17_9:39:54) by extensions ['python_setup_py']
[1.453s] Level 1:colcon.colcon_core.package_identification:_identify(omni_mul_experiments/Experiment_OM_2025_7_17_9:39:54) by extension 'python_setup_py'
[1.454s] Level 1:colcon.colcon_core.package_identification:_identify(rosbag2_2025_07_28-09_26_29) by extensions ['ignore', 'ignore_ament_install']
[1.454s] Level 1:colcon.colcon_core.package_identification:_identify(rosbag2_2025_07_28-09_26_29) by extension 'ignore'
[1.454s] Level 1:colcon.colcon_core.package_identification:_identify(rosbag2_2025_07_28-09_26_29) by extension 'ignore_ament_install'
[1.454s] Level 1:colcon.colcon_core.package_identification:_identify(rosbag2_2025_07_28-09_26_29) by extensions ['colcon_pkg']
[1.454s] Level 1:colcon.colcon_core.package_identification:_identify(rosbag2_2025_07_28-09_26_29) by extension 'colcon_pkg'
[1.454s] Level 1:colcon.colcon_core.package_identification:_identify(rosbag2_2025_07_28-09_26_29) by extensions ['colcon_meta']
[1.454s] Level 1:colcon.colcon_core.package_identification:_identify(rosbag2_2025_07_28-09_26_29) by extension 'colcon_meta'
[1.454s] Level 1:colcon.colcon_core.package_identification:_identify(rosbag2_2025_07_28-09_26_29) by extensions ['ros']
[1.454s] Level 1:colcon.colcon_core.package_identification:_identify(rosbag2_2025_07_28-09_26_29) by extension 'ros'
[1.455s] Level 1:colcon.colcon_core.package_identification:_identify(rosbag2_2025_07_28-09_26_29) by extensions ['cmake', 'python']
[1.455s] Level 1:colcon.colcon_core.package_identification:_identify(rosbag2_2025_07_28-09_26_29) by extension 'cmake'
[1.455s] Level 1:colcon.colcon_core.package_identification:_identify(rosbag2_2025_07_28-09_26_29) by extension 'python'
[1.455s] Level 1:colcon.colcon_core.package_identification:_identify(rosbag2_2025_07_28-09_26_29) by extensions ['python_setup_py']
[1.455s] Level 1:colcon.colcon_core.package_identification:_identify(rosbag2_2025_07_28-09_26_29) by extension 'python_setup_py'
[1.455s] Level 1:colcon.colcon_core.package_identification:_identify(rosbag2_2025_07_28-09_28_12) by extensions ['ignore', 'ignore_ament_install']
[1.455s] Level 1:colcon.colcon_core.package_identification:_identify(rosbag2_2025_07_28-09_28_12) by extension 'ignore'
[1.455s] Level 1:colcon.colcon_core.package_identification:_identify(rosbag2_2025_07_28-09_28_12) by extension 'ignore_ament_install'
[1.455s] Level 1:colcon.colcon_core.package_identification:_identify(rosbag2_2025_07_28-09_28_12) by extensions ['colcon_pkg']
[1.455s] Level 1:colcon.colcon_core.package_identification:_identify(rosbag2_2025_07_28-09_28_12) by extension 'colcon_pkg'
[1.455s] Level 1:colcon.colcon_core.package_identification:_identify(rosbag2_2025_07_28-09_28_12) by extensions ['colcon_meta']
[1.456s] Level 1:colcon.colcon_core.package_identification:_identify(rosbag2_2025_07_28-09_28_12) by extension 'colcon_meta'
[1.456s] Level 1:colcon.colcon_core.package_identification:_identify(rosbag2_2025_07_28-09_28_12) by extensions ['ros']
[1.456s] Level 1:colcon.colcon_core.package_identification:_identify(rosbag2_2025_07_28-09_28_12) by extension 'ros'
[1.456s] Level 1:colcon.colcon_core.package_identification:_identify(rosbag2_2025_07_28-09_28_12) by extensions ['cmake', 'python']
[1.456s] Level 1:colcon.colcon_core.package_identification:_identify(rosbag2_2025_07_28-09_28_12) by extension 'cmake'
[1.456s] Level 1:colcon.colcon_core.package_identification:_identify(rosbag2_2025_07_28-09_28_12) by extension 'python'
[1.456s] Level 1:colcon.colcon_core.package_identification:_identify(rosbag2_2025_07_28-09_28_12) by extensions ['python_setup_py']
[1.456s] Level 1:colcon.colcon_core.package_identification:_identify(rosbag2_2025_07_28-09_28_12) by extension 'python_setup_py'
[1.456s] Level 1:colcon.colcon_core.package_identification:_identify(rosbag2_2025_07_28-09_32_51) by extensions ['ignore', 'ignore_ament_install']
[1.456s] Level 1:colcon.colcon_core.package_identification:_identify(rosbag2_2025_07_28-09_32_51) by extension 'ignore'
[1.456s] Level 1:colcon.colcon_core.package_identification:_identify(rosbag2_2025_07_28-09_32_51) by extension 'ignore_ament_install'
[1.456s] Level 1:colcon.colcon_core.package_identification:_identify(rosbag2_2025_07_28-09_32_51) by extensions ['colcon_pkg']
[1.457s] Level 1:colcon.colcon_core.package_identification:_identify(rosbag2_2025_07_28-09_32_51) by extension 'colcon_pkg'
[1.457s] Level 1:colcon.colcon_core.package_identification:_identify(rosbag2_2025_07_28-09_32_51) by extensions ['colcon_meta']
[1.457s] Level 1:colcon.colcon_core.package_identification:_identify(rosbag2_2025_07_28-09_32_51) by extension 'colcon_meta'
[1.457s] Level 1:colcon.colcon_core.package_identification:_identify(rosbag2_2025_07_28-09_32_51) by extensions ['ros']
[1.457s] Level 1:colcon.colcon_core.package_identification:_identify(rosbag2_2025_07_28-09_32_51) by extension 'ros'
[1.457s] Level 1:colcon.colcon_core.package_identification:_identify(rosbag2_2025_07_28-09_32_51) by extensions ['cmake', 'python']
[1.457s] Level 1:colcon.colcon_core.package_identification:_identify(rosbag2_2025_07_28-09_32_51) by extension 'cmake'
[1.457s] Level 1:colcon.colcon_core.package_identification:_identify(rosbag2_2025_07_28-09_32_51) by extension 'python'
[1.457s] Level 1:colcon.colcon_core.package_identification:_identify(rosbag2_2025_07_28-09_32_51) by extensions ['python_setup_py']
[1.457s] Level 1:colcon.colcon_core.package_identification:_identify(rosbag2_2025_07_28-09_32_51) by extension 'python_setup_py'
[1.458s] Level 1:colcon.colcon_core.package_identification:_identify(rosbag2_2025_07_28-09_39_28) by extensions ['ignore', 'ignore_ament_install']
[1.458s] Level 1:colcon.colcon_core.package_identification:_identify(rosbag2_2025_07_28-09_39_28) by extension 'ignore'
[1.458s] Level 1:colcon.colcon_core.package_identification:_identify(rosbag2_2025_07_28-09_39_28) by extension 'ignore_ament_install'
[1.458s] Level 1:colcon.colcon_core.package_identification:_identify(rosbag2_2025_07_28-09_39_28) by extensions ['colcon_pkg']
[1.458s] Level 1:colcon.colcon_core.package_identification:_identify(rosbag2_2025_07_28-09_39_28) by extension 'colcon_pkg'
[1.458s] Level 1:colcon.colcon_core.package_identification:_identify(rosbag2_2025_07_28-09_39_28) by extensions ['colcon_meta']
[1.458s] Level 1:colcon.colcon_core.package_identification:_identify(rosbag2_2025_07_28-09_39_28) by extension 'colcon_meta'
[1.458s] Level 1:colcon.colcon_core.package_identification:_identify(rosbag2_2025_07_28-09_39_28) by extensions ['ros']
[1.458s] Level 1:colcon.colcon_core.package_identification:_identify(rosbag2_2025_07_28-09_39_28) by extension 'ros'
[1.458s] Level 1:colcon.colcon_core.package_identification:_identify(rosbag2_2025_07_28-09_39_28) by extensions ['cmake', 'python']
[1.459s] Level 1:colcon.colcon_core.package_identification:_identify(rosbag2_2025_07_28-09_39_28) by extension 'cmake'
[1.459s] Level 1:colcon.colcon_core.package_identification:_identify(rosbag2_2025_07_28-09_39_28) by extension 'python'
[1.459s] Level 1:colcon.colcon_core.package_identification:_identify(rosbag2_2025_07_28-09_39_28) by extensions ['python_setup_py']
[1.459s] Level 1:colcon.colcon_core.package_identification:_identify(rosbag2_2025_07_28-09_39_28) by extension 'python_setup_py'
[1.459s] Level 1:colcon.colcon_core.package_identification:_identify(src) by extensions ['ignore', 'ignore_ament_install']
[1.459s] Level 1:colcon.colcon_core.package_identification:_identify(src) by extension 'ignore'
[1.459s] Level 1:colcon.colcon_core.package_identification:_identify(src) by extension 'ignore_ament_install'
[1.460s] Level 1:colcon.colcon_core.package_identification:_identify(src) by extensions ['colcon_pkg']
[1.460s] Level 1:colcon.colcon_core.package_identification:_identify(src) by extension 'colcon_pkg'
[1.460s] Level 1:colcon.colcon_core.package_identification:_identify(src) by extensions ['colcon_meta']
[1.460s] Level 1:colcon.colcon_core.package_identification:_identify(src) by extension 'colcon_meta'
[1.460s] Level 1:colcon.colcon_core.package_identification:_identify(src) by extensions ['ros']
[1.460s] Level 1:colcon.colcon_core.package_identification:_identify(src) by extension 'ros'
[1.460s] Level 1:colcon.colcon_core.package_identification:_identify(src) by extensions ['cmake', 'python']
[1.460s] Level 1:colcon.colcon_core.package_identification:_identify(src) by extension 'cmake'
[1.460s] Level 1:colcon.colcon_core.package_identification:_identify(src) by extension 'python'
[1.460s] Level 1:colcon.colcon_core.package_identification:_identify(src) by extensions ['python_setup_py']
[1.460s] Level 1:colcon.colcon_core.package_identification:_identify(src) by extension 'python_setup_py'
[1.460s] Level 1:colcon.colcon_core.package_identification:_identify(src/Omni_Mulinex_Joystic_OPC) by extensions ['ignore', 'ignore_ament_install']
[1.461s] Level 1:colcon.colcon_core.package_identification:_identify(src/Omni_Mulinex_Joystic_OPC) by extension 'ignore'
[1.461s] Level 1:colcon.colcon_core.package_identification:_identify(src/Omni_Mulinex_Joystic_OPC) by extension 'ignore_ament_install'
[1.461s] Level 1:colcon.colcon_core.package_identification:_identify(src/Omni_Mulinex_Joystic_OPC) by extensions ['colcon_pkg']
[1.461s] Level 1:colcon.colcon_core.package_identification:_identify(src/Omni_Mulinex_Joystic_OPC) by extension 'colcon_pkg'
[1.461s] Level 1:colcon.colcon_core.package_identification:_identify(src/Omni_Mulinex_Joystic_OPC) by extensions ['colcon_meta']
[1.461s] Level 1:colcon.colcon_core.package_identification:_identify(src/Omni_Mulinex_Joystic_OPC) by extension 'colcon_meta'
[1.461s] Level 1:colcon.colcon_core.package_identification:_identify(src/Omni_Mulinex_Joystic_OPC) by extensions ['ros']
[1.461s] Level 1:colcon.colcon_core.package_identification:_identify(src/Omni_Mulinex_Joystic_OPC) by extension 'ros'
[1.461s] Level 1:colcon.colcon_core.package_identification:_identify(src/Omni_Mulinex_Joystic_OPC) by extensions ['cmake', 'python']
[1.461s] Level 1:colcon.colcon_core.package_identification:_identify(src/Omni_Mulinex_Joystic_OPC) by extension 'cmake'
[1.461s] Level 1:colcon.colcon_core.package_identification:_identify(src/Omni_Mulinex_Joystic_OPC) by extension 'python'
[1.462s] Level 1:colcon.colcon_core.package_identification:_identify(src/Omni_Mulinex_Joystic_OPC) by extensions ['python_setup_py']
[1.462s] Level 1:colcon.colcon_core.package_identification:_identify(src/Omni_Mulinex_Joystic_OPC) by extension 'python_setup_py'
[1.462s] Level 1:colcon.colcon_core.package_identification:_identify(src/Omni_Mulinex_Joystic_OPC/omni_mulinex_joystic) by extensions ['ignore', 'ignore_ament_install']
[1.462s] Level 1:colcon.colcon_core.package_identification:_identify(src/Omni_Mulinex_Joystic_OPC/omni_mulinex_joystic) by extension 'ignore'
[1.462s] Level 1:colcon.colcon_core.package_identification:_identify(src/Omni_Mulinex_Joystic_OPC/omni_mulinex_joystic) by extension 'ignore_ament_install'
[1.462s] Level 1:colcon.colcon_core.package_identification:_identify(src/Omni_Mulinex_Joystic_OPC/omni_mulinex_joystic) by extensions ['colcon_pkg']
[1.462s] Level 1:colcon.colcon_core.package_identification:_identify(src/Omni_Mulinex_Joystic_OPC/omni_mulinex_joystic) by extension 'colcon_pkg'
[1.462s] Level 1:colcon.colcon_core.package_identification:_identify(src/Omni_Mulinex_Joystic_OPC/omni_mulinex_joystic) by extensions ['colcon_meta']
[1.462s] Level 1:colcon.colcon_core.package_identification:_identify(src/Omni_Mulinex_Joystic_OPC/omni_mulinex_joystic) by extension 'colcon_meta'
[1.462s] Level 1:colcon.colcon_core.package_identification:_identify(src/Omni_Mulinex_Joystic_OPC/omni_mulinex_joystic) by extensions ['ros']
[1.462s] Level 1:colcon.colcon_core.package_identification:_identify(src/Omni_Mulinex_Joystic_OPC/omni_mulinex_joystic) by extension 'ros'
[1.472s] DEBUG:colcon.colcon_core.package_identification:Package 'src/Omni_Mulinex_Joystic_OPC/omni_mulinex_joystic' with type 'ros.ament_cmake' and name 'omni_mulinex_joystic'
[1.472s] Level 1:colcon.colcon_core.package_identification:_identify(src/Pi3Hat_Controllers) by extensions ['ignore', 'ignore_ament_install']
[1.472s] Level 1:colcon.colcon_core.package_identification:_identify(src/Pi3Hat_Controllers) by extension 'ignore'
[1.472s] Level 1:colcon.colcon_core.package_identification:_identify(src/Pi3Hat_Controllers) by extension 'ignore_ament_install'
[1.473s] Level 1:colcon.colcon_core.package_identification:_identify(src/Pi3Hat_Controllers) by extensions ['colcon_pkg']
[1.473s] Level 1:colcon.colcon_core.package_identification:_identify(src/Pi3Hat_Controllers) by extension 'colcon_pkg'
[1.473s] Level 1:colcon.colcon_core.package_identification:_identify(src/Pi3Hat_Controllers) by extensions ['colcon_meta']
[1.473s] Level 1:colcon.colcon_core.package_identification:_identify(src/Pi3Hat_Controllers) by extension 'colcon_meta'
[1.473s] Level 1:colcon.colcon_core.package_identification:_identify(src/Pi3Hat_Controllers) by extensions ['ros']
[1.473s] Level 1:colcon.colcon_core.package_identification:_identify(src/Pi3Hat_Controllers) by extension 'ros'
[1.473s] Level 1:colcon.colcon_core.package_identification:_identify(src/Pi3Hat_Controllers) by extensions ['cmake', 'python']
[1.474s] Level 1:colcon.colcon_core.package_identification:_identify(src/Pi3Hat_Controllers) by extension 'cmake'
[1.474s] Level 1:colcon.colcon_core.package_identification:_identify(src/Pi3Hat_Controllers) by extension 'python'
[1.474s] Level 1:colcon.colcon_core.package_identification:_identify(src/Pi3Hat_Controllers) by extensions ['python_setup_py']
[1.474s] Level 1:colcon.colcon_core.package_identification:_identify(src/Pi3Hat_Controllers) by extension 'python_setup_py'
[1.474s] Level 1:colcon.colcon_core.package_identification:_identify(src/Pi3Hat_Controllers/log) by extensions ['ignore', 'ignore_ament_install']
[1.474s] Level 1:colcon.colcon_core.package_identification:_identify(src/Pi3Hat_Controllers/log) by extension 'ignore'
[1.475s] Level 1:colcon.colcon_core.package_identification:_identify(src/Pi3Hat_Controllers/log) ignored
[1.475s] Level 1:colcon.colcon_core.package_identification:_identify(src/Pi3Hat_Controllers/src) by extensions ['ignore', 'ignore_ament_install']
[1.475s] Level 1:colcon.colcon_core.package_identification:_identify(src/Pi3Hat_Controllers/src) by extension 'ignore'
[1.475s] Level 1:colcon.colcon_core.package_identification:_identify(src/Pi3Hat_Controllers/src) by extension 'ignore_ament_install'
[1.475s] Level 1:colcon.colcon_core.package_identification:_identify(src/Pi3Hat_Controllers/src) by extensions ['colcon_pkg']
[1.476s] Level 1:colcon.colcon_core.package_identification:_identify(src/Pi3Hat_Controllers/src) by extension 'colcon_pkg'
[1.476s] Level 1:colcon.colcon_core.package_identification:_identify(src/Pi3Hat_Controllers/src) by extensions ['colcon_meta']
[1.476s] Level 1:colcon.colcon_core.package_identification:_identify(src/Pi3Hat_Controllers/src) by extension 'colcon_meta'
[1.476s] Level 1:colcon.colcon_core.package_identification:_identify(src/Pi3Hat_Controllers/src) by extensions ['ros']
[1.476s] Level 1:colcon.colcon_core.package_identification:_identify(src/Pi3Hat_Controllers/src) by extension 'ros'
[1.476s] Level 1:colcon.colcon_core.package_identification:_identify(src/Pi3Hat_Controllers/src) by extensions ['cmake', 'python']
[1.476s] Level 1:colcon.colcon_core.package_identification:_identify(src/Pi3Hat_Controllers/src) by extension 'cmake'
[1.476s] Level 1:colcon.colcon_core.package_identification:_identify(src/Pi3Hat_Controllers/src) by extension 'python'
[1.476s] Level 1:colcon.colcon_core.package_identification:_identify(src/Pi3Hat_Controllers/src) by extensions ['python_setup_py']
[1.476s] Level 1:colcon.colcon_core.package_identification:_identify(src/Pi3Hat_Controllers/src) by extension 'python_setup_py'
[1.477s] Level 1:colcon.colcon_core.package_identification:_identify(src/Pi3Hat_Controllers/src/ik_quad_foot_control) by extensions ['ignore', 'ignore_ament_install']
[1.477s] Level 1:colcon.colcon_core.package_identification:_identify(src/Pi3Hat_Controllers/src/ik_quad_foot_control) by extension 'ignore'
[1.477s] Level 1:colcon.colcon_core.package_identification:_identify(src/Pi3Hat_Controllers/src/ik_quad_foot_control) by extension 'ignore_ament_install'
[1.477s] Level 1:colcon.colcon_core.package_identification:_identify(src/Pi3Hat_Controllers/src/ik_quad_foot_control) by extensions ['colcon_pkg']
[1.477s] Level 1:colcon.colcon_core.package_identification:_identify(src/Pi3Hat_Controllers/src/ik_quad_foot_control) by extension 'colcon_pkg'
[1.477s] Level 1:colcon.colcon_core.package_identification:_identify(src/Pi3Hat_Controllers/src/ik_quad_foot_control) by extensions ['colcon_meta']
[1.478s] Level 1:colcon.colcon_core.package_identification:_identify(src/Pi3Hat_Controllers/src/ik_quad_foot_control) by extension 'colcon_meta'
[1.478s] Level 1:colcon.colcon_core.package_identification:_identify(src/Pi3Hat_Controllers/src/ik_quad_foot_control) by extensions ['ros']
[1.478s] Level 1:colcon.colcon_core.package_identification:_identify(src/Pi3Hat_Controllers/src/ik_quad_foot_control) by extension 'ros'
[1.480s] DEBUG:colcon.colcon_core.package_identification:Package 'src/Pi3Hat_Controllers/src/ik_quad_foot_control' with type 'ros.ament_cmake' and name 'ik_quad_foot_control'
[1.481s] Level 1:colcon.colcon_core.package_identification:_identify(src/Pi3Hat_Controllers/src/omni_vel_controller) by extensions ['ignore', 'ignore_ament_install']
[1.481s] Level 1:colcon.colcon_core.package_identification:_identify(src/Pi3Hat_Controllers/src/omni_vel_controller) by extension 'ignore'
[1.481s] Level 1:colcon.colcon_core.package_identification:_identify(src/Pi3Hat_Controllers/src/omni_vel_controller) by extension 'ignore_ament_install'
[1.481s] Level 1:colcon.colcon_core.package_identification:_identify(src/Pi3Hat_Controllers/src/omni_vel_controller) by extensions ['colcon_pkg']
[1.482s] Level 1:colcon.colcon_core.package_identification:_identify(src/Pi3Hat_Controllers/src/omni_vel_controller) by extension 'colcon_pkg'
[1.482s] Level 1:colcon.colcon_core.package_identification:_identify(src/Pi3Hat_Controllers/src/omni_vel_controller) by extensions ['colcon_meta']
[1.482s] Level 1:colcon.colcon_core.package_identification:_identify(src/Pi3Hat_Controllers/src/omni_vel_controller) by extension 'colcon_meta'
[1.482s] Level 1:colcon.colcon_core.package_identification:_identify(src/Pi3Hat_Controllers/src/omni_vel_controller) by extensions ['ros']
[1.482s] Level 1:colcon.colcon_core.package_identification:_identify(src/Pi3Hat_Controllers/src/omni_vel_controller) by extension 'ros'
[1.485s] DEBUG:colcon.colcon_core.package_identification:Package 'src/Pi3Hat_Controllers/src/omni_vel_controller' with type 'ros.ament_cmake' and name 'omni_vel_controller'
[1.486s] Level 1:colcon.colcon_core.package_identification:_identify(src/Pi3Hat_Controllers/src/pi3hat_moteus_int_msgs) by extensions ['ignore', 'ignore_ament_install']
[1.486s] Level 1:colcon.colcon_core.package_identification:_identify(src/Pi3Hat_Controllers/src/pi3hat_moteus_int_msgs) by extension 'ignore'
[1.486s] Level 1:colcon.colcon_core.package_identification:_identify(src/Pi3Hat_Controllers/src/pi3hat_moteus_int_msgs) by extension 'ignore_ament_install'
[1.487s] Level 1:colcon.colcon_core.package_identification:_identify(src/Pi3Hat_Controllers/src/pi3hat_moteus_int_msgs) by extensions ['colcon_pkg']
[1.487s] Level 1:colcon.colcon_core.package_identification:_identify(src/Pi3Hat_Controllers/src/pi3hat_moteus_int_msgs) by extension 'colcon_pkg'
[1.487s] Level 1:colcon.colcon_core.package_identification:_identify(src/Pi3Hat_Controllers/src/pi3hat_moteus_int_msgs) by extensions ['colcon_meta']
[1.487s] Level 1:colcon.colcon_core.package_identification:_identify(src/Pi3Hat_Controllers/src/pi3hat_moteus_int_msgs) by extension 'colcon_meta'
[1.487s] Level 1:colcon.colcon_core.package_identification:_identify(src/Pi3Hat_Controllers/src/pi3hat_moteus_int_msgs) by extensions ['ros']
[1.487s] Level 1:colcon.colcon_core.package_identification:_identify(src/Pi3Hat_Controllers/src/pi3hat_moteus_int_msgs) by extension 'ros'
[1.488s] DEBUG:colcon.colcon_core.package_identification:Package 'src/Pi3Hat_Controllers/src/pi3hat_moteus_int_msgs' with type 'ros.ament_cmake' and name 'pi3hat_moteus_int_msgs'
[1.489s] Level 1:colcon.colcon_core.package_identification:_identify(src/custom_interfaces) by extensions ['ignore', 'ignore_ament_install']
[1.489s] Level 1:colcon.colcon_core.package_identification:_identify(src/custom_interfaces) by extension 'ignore'
[1.489s] Level 1:colcon.colcon_core.package_identification:_identify(src/custom_interfaces) by extension 'ignore_ament_install'
[1.489s] Level 1:colcon.colcon_core.package_identification:_identify(src/custom_interfaces) by extensions ['colcon_pkg']
[1.489s] Level 1:colcon.colcon_core.package_identification:_identify(src/custom_interfaces) by extension 'colcon_pkg'
[1.489s] Level 1:colcon.colcon_core.package_identification:_identify(src/custom_interfaces) by extensions ['colcon_meta']
[1.489s] Level 1:colcon.colcon_core.package_identification:_identify(src/custom_interfaces) by extension 'colcon_meta'
[1.489s] Level 1:colcon.colcon_core.package_identification:_identify(src/custom_interfaces) by extensions ['ros']
[1.490s] Level 1:colcon.colcon_core.package_identification:_identify(src/custom_interfaces) by extension 'ros'
[1.490s] DEBUG:colcon.colcon_core.package_identification:Package 'src/custom_interfaces' with type 'ros.ament_cmake' and name 'custom_interfaces'
[1.491s] Level 1:colcon.colcon_core.package_identification:_identify(src/mulinex_description) by extensions ['ignore', 'ignore_ament_install']
[1.491s] Level 1:colcon.colcon_core.package_identification:_identify(src/mulinex_description) by extension 'ignore'
[1.491s] Level 1:colcon.colcon_core.package_identification:_identify(src/mulinex_description) by extension 'ignore_ament_install'
[1.491s] Level 1:colcon.colcon_core.package_identification:_identify(src/mulinex_description) by extensions ['colcon_pkg']
[1.491s] Level 1:colcon.colcon_core.package_identification:_identify(src/mulinex_description) by extension 'colcon_pkg'
[1.492s] Level 1:colcon.colcon_core.package_identification:_identify(src/mulinex_description) by extensions ['colcon_meta']
[1.492s] Level 1:colcon.colcon_core.package_identification:_identify(src/mulinex_description) by extension 'colcon_meta'
[1.492s] Level 1:colcon.colcon_core.package_identification:_identify(src/mulinex_description) by extensions ['ros']
[1.492s] Level 1:colcon.colcon_core.package_identification:_identify(src/mulinex_description) by extension 'ros'
[1.493s] DEBUG:colcon.colcon_core.package_identification:Package 'src/mulinex_description' with type 'ros.ament_cmake' and name 'mulinex_description'
[1.493s] Level 1:colcon.colcon_core.package_identification:_identify(src/mulinex_ignition) by extensions ['ignore', 'ignore_ament_install']
[1.493s] Level 1:colcon.colcon_core.package_identification:_identify(src/mulinex_ignition) by extension 'ignore'
[1.493s] Level 1:colcon.colcon_core.package_identification:_identify(src/mulinex_ignition) by extension 'ignore_ament_install'
[1.493s] Level 1:colcon.colcon_core.package_identification:_identify(src/mulinex_ignition) by extensions ['colcon_pkg']
[1.494s] Level 1:colcon.colcon_core.package_identification:_identify(src/mulinex_ignition) by extension 'colcon_pkg'
[1.494s] Level 1:colcon.colcon_core.package_identification:_identify(src/mulinex_ignition) by extensions ['colcon_meta']
[1.494s] Level 1:colcon.colcon_core.package_identification:_identify(src/mulinex_ignition) by extension 'colcon_meta'
[1.494s] Level 1:colcon.colcon_core.package_identification:_identify(src/mulinex_ignition) by extensions ['ros']
[1.494s] Level 1:colcon.colcon_core.package_identification:_identify(src/mulinex_ignition) by extension 'ros'
[1.495s] DEBUG:colcon.colcon_core.package_identification:Package 'src/mulinex_ignition' with type 'ros.ament_cmake' and name 'mulinex_ignition'
[1.495s] Level 1:colcon.colcon_core.package_identification:_identify(src/mulinex_ignition_py) by extensions ['ignore', 'ignore_ament_install']
[1.495s] Level 1:colcon.colcon_core.package_identification:_identify(src/mulinex_ignition_py) by extension 'ignore'
[1.496s] Level 1:colcon.colcon_core.package_identification:_identify(src/mulinex_ignition_py) by extension 'ignore_ament_install'
[1.496s] Level 1:colcon.colcon_core.package_identification:_identify(src/mulinex_ignition_py) by extensions ['colcon_pkg']
[1.496s] Level 1:colcon.colcon_core.package_identification:_identify(src/mulinex_ignition_py) by extension 'colcon_pkg'
[1.496s] Level 1:colcon.colcon_core.package_identification:_identify(src/mulinex_ignition_py) by extensions ['colcon_meta']
[1.496s] Level 1:colcon.colcon_core.package_identification:_identify(src/mulinex_ignition_py) by extension 'colcon_meta'
[1.496s] Level 1:colcon.colcon_core.package_identification:_identify(src/mulinex_ignition_py) by extensions ['ros']
[1.496s] Level 1:colcon.colcon_core.package_identification:_identify(src/mulinex_ignition_py) by extension 'ros'
[1.497s] DEBUG:colcon.colcon_core.package_identification:Package 'src/mulinex_ignition_py' with type 'ros.ament_python' and name 'mulinex_ignition_py'
[1.497s] Level 1:colcon.colcon_core.package_identification:_identify(src/rbt_pd_cnt) by extensions ['ignore', 'ignore_ament_install']
[1.498s] Level 1:colcon.colcon_core.package_identification:_identify(src/rbt_pd_cnt) by extension 'ignore'
[1.498s] Level 1:colcon.colcon_core.package_identification:_identify(src/rbt_pd_cnt) by extension 'ignore_ament_install'
[1.498s] Level 1:colcon.colcon_core.package_identification:_identify(src/rbt_pd_cnt) by extensions ['colcon_pkg']
[1.498s] Level 1:colcon.colcon_core.package_identification:_identify(src/rbt_pd_cnt) by extension 'colcon_pkg'
[1.498s] Level 1:colcon.colcon_core.package_identification:_identify(src/rbt_pd_cnt) by extensions ['colcon_meta']
[1.498s] Level 1:colcon.colcon_core.package_identification:_identify(src/rbt_pd_cnt) by extension 'colcon_meta'
[1.498s] Level 1:colcon.colcon_core.package_identification:_identify(src/rbt_pd_cnt) by extensions ['ros']
[1.498s] Level 1:colcon.colcon_core.package_identification:_identify(src/rbt_pd_cnt) by extension 'ros'
[1.500s] DEBUG:colcon.colcon_core.package_identification:Package 'src/rbt_pd_cnt' with type 'ros.ament_cmake' and name 'rbt_pd_cnt'
[1.501s] Level 1:colcon.colcon_core.package_identification:_identify(src/rlg_quad_controller) by extensions ['ignore', 'ignore_ament_install']
[1.501s] Level 1:colcon.colcon_core.package_identification:_identify(src/rlg_quad_controller) by extension 'ignore'
[1.501s] Level 1:colcon.colcon_core.package_identification:_identify(src/rlg_quad_controller) by extension 'ignore_ament_install'
[1.502s] Level 1:colcon.colcon_core.package_identification:_identify(src/rlg_quad_controller) by extensions ['colcon_pkg']
[1.502s] Level 1:colcon.colcon_core.package_identification:_identify(src/rlg_quad_controller) by extension 'colcon_pkg'
[1.502s] Level 1:colcon.colcon_core.package_identification:_identify(src/rlg_quad_controller) by extensions ['colcon_meta']
[1.502s] Level 1:colcon.colcon_core.package_identification:_identify(src/rlg_quad_controller) by extension 'colcon_meta'
[1.502s] Level 1:colcon.colcon_core.package_identification:_identify(src/rlg_quad_controller) by extensions ['ros']
[1.502s] Level 1:colcon.colcon_core.package_identification:_identify(src/rlg_quad_controller) by extension 'ros'
[1.503s] DEBUG:colcon.colcon_core.package_identification:Package 'src/rlg_quad_controller' with type 'ros.ament_python' and name 'rlg_quad_controller'
[1.503s] Level 1:colcon.colcon_core.package_identification:_identify(src/wheels_vel_cnt) by extensions ['ignore', 'ignore_ament_install']
[1.503s] Level 1:colcon.colcon_core.package_identification:_identify(src/wheels_vel_cnt) by extension 'ignore'
[1.503s] Level 1:colcon.colcon_core.package_identification:_identify(src/wheels_vel_cnt) by extension 'ignore_ament_install'
[1.504s] Level 1:colcon.colcon_core.package_identification:_identify(src/wheels_vel_cnt) by extensions ['colcon_pkg']
[1.504s] Level 1:colcon.colcon_core.package_identification:_identify(src/wheels_vel_cnt) by extension 'colcon_pkg'
[1.504s] Level 1:colcon.colcon_core.package_identification:_identify(src/wheels_vel_cnt) by extensions ['colcon_meta']
[1.504s] Level 1:colcon.colcon_core.package_identification:_identify(src/wheels_vel_cnt) by extension 'colcon_meta'
[1.504s] Level 1:colcon.colcon_core.package_identification:_identify(src/wheels_vel_cnt) by extensions ['ros']
[1.504s] Level 1:colcon.colcon_core.package_identification:_identify(src/wheels_vel_cnt) by extension 'ros'
[1.506s] DEBUG:colcon.colcon_core.package_identification:Package 'src/wheels_vel_cnt' with type 'ros.ament_cmake' and name 'wheels_vel_cnt'
[1.506s] Level 1:colcon.colcon_core.package_discovery:discover_packages(recursive) using defaults
[1.506s] Level 1:colcon.colcon_core.package_discovery:discover_packages(ignore) discover
[1.506s] Level 1:colcon.colcon_core.package_discovery:discover_packages(ignore) using defaults
[1.506s] Level 1:colcon.colcon_core.package_discovery:discover_packages(path) discover
[1.506s] Level 1:colcon.colcon_core.package_discovery:discover_packages(path) using defaults
[1.572s] Level 1:colcon.colcon_core.package_discovery:discover_packages(prefix_path) check parameters
[1.572s] Level 1:colcon.colcon_core.package_discovery:discover_packages(prefix_path) discover
[1.582s] DEBUG:colcon.colcon_installed_package_information.package_discovery:Found 11 installed packages in /home/giacomo/Omniquad-Docker-Simulator/install
[1.584s] DEBUG:colcon.colcon_installed_package_information.package_discovery:Found 289 installed packages in /opt/ros/humble
[1.586s] Level 1:colcon.colcon_core.package_discovery:discover_packages(prefix_path) using defaults
[1.641s] Level 5:colcon.colcon_core.verb:set package 'custom_interfaces' build argument 'cmake_args' from command line to 'None'
[1.641s] Level 5:colcon.colcon_core.verb:set package 'custom_interfaces' build argument 'cmake_target' from command line to 'None'
[1.641s] Level 5:colcon.colcon_core.verb:set package 'custom_interfaces' build argument 'cmake_target_skip_unavailable' from command line to 'False'
[1.642s] Level 5:colcon.colcon_core.verb:set package 'custom_interfaces' build argument 'cmake_clean_cache' from command line to 'False'
[1.642s] Level 5:colcon.colcon_core.verb:set package 'custom_interfaces' build argument 'cmake_clean_first' from command line to 'False'
[1.642s] Level 5:colcon.colcon_core.verb:set package 'custom_interfaces' build argument 'cmake_force_configure' from command line to 'False'
[1.642s] Level 5:colcon.colcon_core.verb:set package 'custom_interfaces' build argument 'ament_cmake_args' from command line to 'None'
[1.642s] Level 5:colcon.colcon_core.verb:set package 'custom_interfaces' build argument 'catkin_cmake_args' from command line to 'None'
[1.642s] Level 5:colcon.colcon_core.verb:set package 'custom_interfaces' build argument 'catkin_skip_building_tests' from command line to 'False'
[1.642s] DEBUG:colcon.colcon_core.verb:Building package 'custom_interfaces' with the following arguments: {'ament_cmake_args': None, 'build_base': '/home/giacomo/Omniquad-Docker-Simulator/build/custom_interfaces', 'catkin_cmake_args': None, 'catkin_skip_building_tests': False, 'cmake_args': None, 'cmake_clean_cache': False, 'cmake_clean_first': False, 'cmake_force_configure': False, 'cmake_target': None, 'cmake_target_skip_unavailable': False, 'install_base': '/home/giacomo/Omniquad-Docker-Simulator/install/custom_interfaces', 'merge_install': False, 'path': '/home/giacomo/Omniquad-Docker-Simulator/src/custom_interfaces', 'symlink_install': False, 'test_result_base': None}
[1.643s] Level 5:colcon.colcon_core.verb:set package 'mulinex_description' build argument 'cmake_args' from command line to 'None'
[1.643s] Level 5:colcon.colcon_core.verb:set package 'mulinex_description' build argument 'cmake_target' from command line to 'None'
[1.643s] Level 5:colcon.colcon_core.verb:set package 'mulinex_description' build argument 'cmake_target_skip_unavailable' from command line to 'False'
[1.643s] Level 5:colcon.colcon_core.verb:set package 'mulinex_description' build argument 'cmake_clean_cache' from command line to 'False'
[1.643s] Level 5:colcon.colcon_core.verb:set package 'mulinex_description' build argument 'cmake_clean_first' from command line to 'False'
[1.644s] Level 5:colcon.colcon_core.verb:set package 'mulinex_description' build argument 'cmake_force_configure' from command line to 'False'
[1.644s] Level 5:colcon.colcon_core.verb:set package 'mulinex_description' build argument 'ament_cmake_args' from command line to 'None'
[1.644s] Level 5:colcon.colcon_core.verb:set package 'mulinex_description' build argument 'catkin_cmake_args' from command line to 'None'
[1.644s] Level 5:colcon.colcon_core.verb:set package 'mulinex_description' build argument 'catkin_skip_building_tests' from command line to 'False'
[1.644s] DEBUG:colcon.colcon_core.verb:Building package 'mulinex_description' with the following arguments: {'ament_cmake_args': None, 'build_base': '/home/giacomo/Omniquad-Docker-Simulator/build/mulinex_description', 'catkin_cmake_args': None, 'catkin_skip_building_tests': False, 'cmake_args': None, 'cmake_clean_cache': False, 'cmake_clean_first': False, 'cmake_force_configure': False, 'cmake_target': None, 'cmake_target_skip_unavailable': False, 'install_base': '/home/giacomo/Omniquad-Docker-Simulator/install/mulinex_description', 'merge_install': False, 'path': '/home/giacomo/Omniquad-Docker-Simulator/src/mulinex_description', 'symlink_install': False, 'test_result_base': None}
[1.645s] Level 5:colcon.colcon_core.verb:set package 'mulinex_ignition_py' build argument 'cmake_args' from command line to 'None'
[1.645s] Level 5:colcon.colcon_core.verb:set package 'mulinex_ignition_py' build argument 'cmake_target' from command line to 'None'
[1.645s] Level 5:colcon.colcon_core.verb:set package 'mulinex_ignition_py' build argument 'cmake_target_skip_unavailable' from command line to 'False'
[1.645s] Level 5:colcon.colcon_core.verb:set package 'mulinex_ignition_py' build argument 'cmake_clean_cache' from command line to 'False'
[1.645s] Level 5:colcon.colcon_core.verb:set package 'mulinex_ignition_py' build argument 'cmake_clean_first' from command line to 'False'
[1.646s] Level 5:colcon.colcon_core.verb:set package 'mulinex_ignition_py' build argument 'cmake_force_configure' from command line to 'False'
[1.646s] Level 5:colcon.colcon_core.verb:set package 'mulinex_ignition_py' build argument 'ament_cmake_args' from command line to 'None'
[1.646s] Level 5:colcon.colcon_core.verb:set package 'mulinex_ignition_py' build argument 'catkin_cmake_args' from command line to 'None'
[1.646s] Level 5:colcon.colcon_core.verb:set package 'mulinex_ignition_py' build argument 'catkin_skip_building_tests' from command line to 'False'
[1.646s] DEBUG:colcon.colcon_core.verb:Building package 'mulinex_ignition_py' with the following arguments: {'ament_cmake_args': None, 'build_base': '/home/giacomo/Omniquad-Docker-Simulator/build/mulinex_ignition_py', 'catkin_cmake_args': None, 'catkin_skip_building_tests': False, 'cmake_args': None, 'cmake_clean_cache': False, 'cmake_clean_first': False, 'cmake_force_configure': False, 'cmake_target': None, 'cmake_target_skip_unavailable': False, 'install_base': '/home/giacomo/Omniquad-Docker-Simulator/install/mulinex_ignition_py', 'merge_install': False, 'path': '/home/giacomo/Omniquad-Docker-Simulator/src/mulinex_ignition_py', 'symlink_install': False, 'test_result_base': None}
[1.647s] Level 5:colcon.colcon_core.verb:set package 'pi3hat_moteus_int_msgs' build argument 'cmake_args' from command line to 'None'
[1.647s] Level 5:colcon.colcon_core.verb:set package 'pi3hat_moteus_int_msgs' build argument 'cmake_target' from command line to 'None'
[1.647s] Level 5:colcon.colcon_core.verb:set package 'pi3hat_moteus_int_msgs' build argument 'cmake_target_skip_unavailable' from command line to 'False'
[1.647s] Level 5:colcon.colcon_core.verb:set package 'pi3hat_moteus_int_msgs' build argument 'cmake_clean_cache' from command line to 'False'
[1.647s] Level 5:colcon.colcon_core.verb:set package 'pi3hat_moteus_int_msgs' build argument 'cmake_clean_first' from command line to 'False'
[1.647s] Level 5:colcon.colcon_core.verb:set package 'pi3hat_moteus_int_msgs' build argument 'cmake_force_configure' from command line to 'False'
[1.647s] Level 5:colcon.colcon_core.verb:set package 'pi3hat_moteus_int_msgs' build argument 'ament_cmake_args' from command line to 'None'
[1.647s] Level 5:colcon.colcon_core.verb:set package 'pi3hat_moteus_int_msgs' build argument 'catkin_cmake_args' from command line to 'None'
[1.647s] Level 5:colcon.colcon_core.verb:set package 'pi3hat_moteus_int_msgs' build argument 'catkin_skip_building_tests' from command line to 'False'
[1.647s] DEBUG:colcon.colcon_core.verb:Building package 'pi3hat_moteus_int_msgs' with the following arguments: {'ament_cmake_args': None, 'build_base': '/home/giacomo/Omniquad-Docker-Simulator/build/pi3hat_moteus_int_msgs', 'catkin_cmake_args': None, 'catkin_skip_building_tests': False, 'cmake_args': None, 'cmake_clean_cache': False, 'cmake_clean_first': False, 'cmake_force_configure': False, 'cmake_target': None, 'cmake_target_skip_unavailable': False, 'install_base': '/home/giacomo/Omniquad-Docker-Simulator/install/pi3hat_moteus_int_msgs', 'merge_install': False, 'path': '/home/giacomo/Omniquad-Docker-Simulator/src/Pi3Hat_Controllers/src/pi3hat_moteus_int_msgs', 'symlink_install': False, 'test_result_base': None}
[1.648s] Level 5:colcon.colcon_core.verb:set package 'ik_quad_foot_control' build argument 'cmake_args' from command line to 'None'
[1.648s] Level 5:colcon.colcon_core.verb:set package 'ik_quad_foot_control' build argument 'cmake_target' from command line to 'None'
[1.648s] Level 5:colcon.colcon_core.verb:set package 'ik_quad_foot_control' build argument 'cmake_target_skip_unavailable' from command line to 'False'
[1.648s] Level 5:colcon.colcon_core.verb:set package 'ik_quad_foot_control' build argument 'cmake_clean_cache' from command line to 'False'
[1.648s] Level 5:colcon.colcon_core.verb:set package 'ik_quad_foot_control' build argument 'cmake_clean_first' from command line to 'False'
[1.648s] Level 5:colcon.colcon_core.verb:set package 'ik_quad_foot_control' build argument 'cmake_force_configure' from command line to 'False'
[1.648s] Level 5:colcon.colcon_core.verb:set package 'ik_quad_foot_control' build argument 'ament_cmake_args' from command line to 'None'
[1.648s] Level 5:colcon.colcon_core.verb:set package 'ik_quad_foot_control' build argument 'catkin_cmake_args' from command line to 'None'
[1.648s] Level 5:colcon.colcon_core.verb:set package 'ik_quad_foot_control' build argument 'catkin_skip_building_tests' from command line to 'False'
[1.648s] DEBUG:colcon.colcon_core.verb:Building package 'ik_quad_foot_control' with the following arguments: {'ament_cmake_args': None, 'build_base': '/home/giacomo/Omniquad-Docker-Simulator/build/ik_quad_foot_control', 'catkin_cmake_args': None, 'catkin_skip_building_tests': False, 'cmake_args': None, 'cmake_clean_cache': False, 'cmake_clean_first': False, 'cmake_force_configure': False, 'cmake_target': None, 'cmake_target_skip_unavailable': False, 'install_base': '/home/giacomo/Omniquad-Docker-Simulator/install/ik_quad_foot_control', 'merge_install': False, 'path': '/home/giacomo/Omniquad-Docker-Simulator/src/Pi3Hat_Controllers/src/ik_quad_foot_control', 'symlink_install': False, 'test_result_base': None}
[1.648s] Level 5:colcon.colcon_core.verb:set package 'mulinex_ignition' build argument 'cmake_args' from command line to 'None'
[1.648s] Level 5:colcon.colcon_core.verb:set package 'mulinex_ignition' build argument 'cmake_target' from command line to 'None'
[1.648s] Level 5:colcon.colcon_core.verb:set package 'mulinex_ignition' build argument 'cmake_target_skip_unavailable' from command line to 'False'
[1.649s] Level 5:colcon.colcon_core.verb:set package 'mulinex_ignition' build argument 'cmake_clean_cache' from command line to 'False'
[1.649s] Level 5:colcon.colcon_core.verb:set package 'mulinex_ignition' build argument 'cmake_clean_first' from command line to 'False'
[1.649s] Level 5:colcon.colcon_core.verb:set package 'mulinex_ignition' build argument 'cmake_force_configure' from command line to 'False'
[1.649s] Level 5:colcon.colcon_core.verb:set package 'mulinex_ignition' build argument 'ament_cmake_args' from command line to 'None'
[1.649s] Level 5:colcon.colcon_core.verb:set package 'mulinex_ignition' build argument 'catkin_cmake_args' from command line to 'None'
[1.649s] Level 5:colcon.colcon_core.verb:set package 'mulinex_ignition' build argument 'catkin_skip_building_tests' from command line to 'False'
[1.649s] DEBUG:colcon.colcon_core.verb:Building package 'mulinex_ignition' with the following arguments: {'ament_cmake_args': None, 'build_base': '/home/giacomo/Omniquad-Docker-Simulator/build/mulinex_ignition', 'catkin_cmake_args': None, 'catkin_skip_building_tests': False, 'cmake_args': None, 'cmake_clean_cache': False, 'cmake_clean_first': False, 'cmake_force_configure': False, 'cmake_target': None, 'cmake_target_skip_unavailable': False, 'install_base': '/home/giacomo/Omniquad-Docker-Simulator/install/mulinex_ignition', 'merge_install': False, 'path': '/home/giacomo/Omniquad-Docker-Simulator/src/mulinex_ignition', 'symlink_install': False, 'test_result_base': None}
[1.649s] Level 5:colcon.colcon_core.verb:set package 'omni_mulinex_joystic' build argument 'cmake_args' from command line to 'None'
[1.649s] Level 5:colcon.colcon_core.verb:set package 'omni_mulinex_joystic' build argument 'cmake_target' from command line to 'None'
[1.649s] Level 5:colcon.colcon_core.verb:set package 'omni_mulinex_joystic' build argument 'cmake_target_skip_unavailable' from command line to 'False'
[1.650s] Level 5:colcon.colcon_core.verb:set package 'omni_mulinex_joystic' build argument 'cmake_clean_cache' from command line to 'False'
[1.650s] Level 5:colcon.colcon_core.verb:set package 'omni_mulinex_joystic' build argument 'cmake_clean_first' from command line to 'False'
[1.650s] Level 5:colcon.colcon_core.verb:set package 'omni_mulinex_joystic' build argument 'cmake_force_configure' from command line to 'False'
[1.650s] Level 5:colcon.colcon_core.verb:set package 'omni_mulinex_joystic' build argument 'ament_cmake_args' from command line to 'None'
[1.650s] Level 5:colcon.colcon_core.verb:set package 'omni_mulinex_joystic' build argument 'catkin_cmake_args' from command line to 'None'
[1.650s] Level 5:colcon.colcon_core.verb:set package 'omni_mulinex_joystic' build argument 'catkin_skip_building_tests' from command line to 'False'
[1.650s] DEBUG:colcon.colcon_core.verb:Building package 'omni_mulinex_joystic' with the following arguments: {'ament_cmake_args': None, 'build_base': '/home/giacomo/Omniquad-Docker-Simulator/build/omni_mulinex_joystic', 'catkin_cmake_args': None, 'catkin_skip_building_tests': False, 'cmake_args': None, 'cmake_clean_cache': False, 'cmake_clean_first': False, 'cmake_force_configure': False, 'cmake_target': None, 'cmake_target_skip_unavailable': False, 'install_base': '/home/giacomo/Omniquad-Docker-Simulator/install/omni_mulinex_joystic', 'merge_install': False, 'path': '/home/giacomo/Omniquad-Docker-Simulator/src/Omni_Mulinex_Joystic_OPC/omni_mulinex_joystic', 'symlink_install': False, 'test_result_base': None}
[1.650s] Level 5:colcon.colcon_core.verb:set package 'omni_vel_controller' build argument 'cmake_args' from command line to 'None'
[1.651s] Level 5:colcon.colcon_core.verb:set package 'omni_vel_controller' build argument 'cmake_target' from command line to 'None'
[1.651s] Level 5:colcon.colcon_core.verb:set package 'omni_vel_controller' build argument 'cmake_target_skip_unavailable' from command line to 'False'
[1.651s] Level 5:colcon.colcon_core.verb:set package 'omni_vel_controller' build argument 'cmake_clean_cache' from command line to 'False'
[1.651s] Level 5:colcon.colcon_core.verb:set package 'omni_vel_controller' build argument 'cmake_clean_first' from command line to 'False'
[1.651s] Level 5:colcon.colcon_core.verb:set package 'omni_vel_controller' build argument 'cmake_force_configure' from command line to 'False'
[1.651s] Level 5:colcon.colcon_core.verb:set package 'omni_vel_controller' build argument 'ament_cmake_args' from command line to 'None'
[1.651s] Level 5:colcon.colcon_core.verb:set package 'omni_vel_controller' build argument 'catkin_cmake_args' from command line to 'None'
[1.651s] Level 5:colcon.colcon_core.verb:set package 'omni_vel_controller' build argument 'catkin_skip_building_tests' from command line to 'False'
[1.651s] DEBUG:colcon.colcon_core.verb:Building package 'omni_vel_controller' with the following arguments: {'ament_cmake_args': None, 'build_base': '/home/giacomo/Omniquad-Docker-Simulator/build/omni_vel_controller', 'catkin_cmake_args': None, 'catkin_skip_building_tests': False, 'cmake_args': None, 'cmake_clean_cache': False, 'cmake_clean_first': False, 'cmake_force_configure': False, 'cmake_target': None, 'cmake_target_skip_unavailable': False, 'install_base': '/home/giacomo/Omniquad-Docker-Simulator/install/omni_vel_controller', 'merge_install': False, 'path': '/home/giacomo/Omniquad-Docker-Simulator/src/Pi3Hat_Controllers/src/omni_vel_controller', 'symlink_install': False, 'test_result_base': None}
[1.651s] Level 5:colcon.colcon_core.verb:set package 'rbt_pd_cnt' build argument 'cmake_args' from command line to 'None'
[1.652s] Level 5:colcon.colcon_core.verb:set package 'rbt_pd_cnt' build argument 'cmake_target' from command line to 'None'
[1.652s] Level 5:colcon.colcon_core.verb:set package 'rbt_pd_cnt' build argument 'cmake_target_skip_unavailable' from command line to 'False'
[1.652s] Level 5:colcon.colcon_core.verb:set package 'rbt_pd_cnt' build argument 'cmake_clean_cache' from command line to 'False'
[1.652s] Level 5:colcon.colcon_core.verb:set package 'rbt_pd_cnt' build argument 'cmake_clean_first' from command line to 'False'
[1.652s] Level 5:colcon.colcon_core.verb:set package 'rbt_pd_cnt' build argument 'cmake_force_configure' from command line to 'False'
[1.652s] Level 5:colcon.colcon_core.verb:set package 'rbt_pd_cnt' build argument 'ament_cmake_args' from command line to 'None'
[1.652s] Level 5:colcon.colcon_core.verb:set package 'rbt_pd_cnt' build argument 'catkin_cmake_args' from command line to 'None'
[1.652s] Level 5:colcon.colcon_core.verb:set package 'rbt_pd_cnt' build argument 'catkin_skip_building_tests' from command line to 'False'
[1.652s] DEBUG:colcon.colcon_core.verb:Building package 'rbt_pd_cnt' with the following arguments: {'ament_cmake_args': None, 'build_base': '/home/giacomo/Omniquad-Docker-Simulator/build/rbt_pd_cnt', 'catkin_cmake_args': None, 'catkin_skip_building_tests': False, 'cmake_args': None, 'cmake_clean_cache': False, 'cmake_clean_first': False, 'cmake_force_configure': False, 'cmake_target': None, 'cmake_target_skip_unavailable': False, 'install_base': '/home/giacomo/Omniquad-Docker-Simulator/install/rbt_pd_cnt', 'merge_install': False, 'path': '/home/giacomo/Omniquad-Docker-Simulator/src/rbt_pd_cnt', 'symlink_install': False, 'test_result_base': None}
[1.652s] Level 5:colcon.colcon_core.verb:set package 'rlg_quad_controller' build argument 'cmake_args' from command line to 'None'
[1.652s] Level 5:colcon.colcon_core.verb:set package 'rlg_quad_controller' build argument 'cmake_target' from command line to 'None'
[1.652s] Level 5:colcon.colcon_core.verb:set package 'rlg_quad_controller' build argument 'cmake_target_skip_unavailable' from command line to 'False'
[1.653s] Level 5:colcon.colcon_core.verb:set package 'rlg_quad_controller' build argument 'cmake_clean_cache' from command line to 'False'
[1.653s] Level 5:colcon.colcon_core.verb:set package 'rlg_quad_controller' build argument 'cmake_clean_first' from command line to 'False'
[1.653s] Level 5:colcon.colcon_core.verb:set package 'rlg_quad_controller' build argument 'cmake_force_configure' from command line to 'False'
[1.653s] Level 5:colcon.colcon_core.verb:set package 'rlg_quad_controller' build argument 'ament_cmake_args' from command line to 'None'
[1.653s] Level 5:colcon.colcon_core.verb:set package 'rlg_quad_controller' build argument 'catkin_cmake_args' from command line to 'None'
[1.653s] Level 5:colcon.colcon_core.verb:set package 'rlg_quad_controller' build argument 'catkin_skip_building_tests' from command line to 'False'
[1.653s] DEBUG:colcon.colcon_core.verb:Building package 'rlg_quad_controller' with the following arguments: {'ament_cmake_args': None, 'build_base': '/home/giacomo/Omniquad-Docker-Simulator/build/rlg_quad_controller', 'catkin_cmake_args': None, 'catkin_skip_building_tests': False, 'cmake_args': None, 'cmake_clean_cache': False, 'cmake_clean_first': False, 'cmake_force_configure': False, 'cmake_target': None, 'cmake_target_skip_unavailable': False, 'install_base': '/home/giacomo/Omniquad-Docker-Simulator/install/rlg_quad_controller', 'merge_install': False, 'path': '/home/giacomo/Omniquad-Docker-Simulator/src/rlg_quad_controller', 'symlink_install': False, 'test_result_base': None}
[1.653s] Level 5:colcon.colcon_core.verb:set package 'wheels_vel_cnt' build argument 'cmake_args' from command line to 'None'
[1.653s] Level 5:colcon.colcon_core.verb:set package 'wheels_vel_cnt' build argument 'cmake_target' from command line to 'None'
[1.653s] Level 5:colcon.colcon_core.verb:set package 'wheels_vel_cnt' build argument 'cmake_target_skip_unavailable' from command line to 'False'
[1.653s] Level 5:colcon.colcon_core.verb:set package 'wheels_vel_cnt' build argument 'cmake_clean_cache' from command line to 'False'
[1.653s] Level 5:colcon.colcon_core.verb:set package 'wheels_vel_cnt' build argument 'cmake_clean_first' from command line to 'False'
[1.653s] Level 5:colcon.colcon_core.verb:set package 'wheels_vel_cnt' build argument 'cmake_force_configure' from command line to 'False'
[1.653s] Level 5:colcon.colcon_core.verb:set package 'wheels_vel_cnt' build argument 'ament_cmake_args' from command line to 'None'
[1.653s] Level 5:colcon.colcon_core.verb:set package 'wheels_vel_cnt' build argument 'catkin_cmake_args' from command line to 'None'
[1.654s] Level 5:colcon.colcon_core.verb:set package 'wheels_vel_cnt' build argument 'catkin_skip_building_tests' from command line to 'False'
[1.654s] DEBUG:colcon.colcon_core.verb:Building package 'wheels_vel_cnt' with the following arguments: {'ament_cmake_args': None, 'build_base': '/home/giacomo/Omniquad-Docker-Simulator/build/wheels_vel_cnt', 'catkin_cmake_args': None, 'catkin_skip_building_tests': False, 'cmake_args': None, 'cmake_clean_cache': False, 'cmake_clean_first': False, 'cmake_force_configure': False, 'cmake_target': None, 'cmake_target_skip_unavailable': False, 'install_base': '/home/giacomo/Omniquad-Docker-Simulator/install/wheels_vel_cnt', 'merge_install': False, 'path': '/home/giacomo/Omniquad-Docker-Simulator/src/wheels_vel_cnt', 'symlink_install': False, 'test_result_base': None}
[1.654s] INFO:colcon.colcon_core.executor:Executing jobs using 'parallel' executor
[1.656s] DEBUG:colcon.colcon_parallel_executor.executor.parallel:run_until_complete
[1.657s] INFO:colcon.colcon_ros.task.ament_cmake.build:Building ROS package in '/home/giacomo/Omniquad-Docker-Simulator/src/Pi3Hat_Controllers/src/pi3hat_moteus_int_msgs' with build type 'ament_cmake'
[1.657s] INFO:colcon.colcon_cmake.task.cmake.build:Building CMake package in '/home/giacomo/Omniquad-Docker-Simulator/src/Pi3Hat_Controllers/src/pi3hat_moteus_int_msgs'
[1.670s] INFO:colcon.colcon_core.plugin_system:Skipping extension 'colcon_core.shell.bat': Not used on non-Windows systems
[1.671s] INFO:colcon.colcon_core.shell:Skip shell extension 'powershell' for command environment: Not usable outside of PowerShell
[1.671s] DEBUG:colcon.colcon_core.shell:Skip shell extension 'dsv' for command environment
[1.679s] INFO:colcon.colcon_ros.task.ament_cmake.build:Building ROS package in '/home/giacomo/Omniquad-Docker-Simulator/src/custom_interfaces' with build type 'ament_cmake'
[1.680s] INFO:colcon.colcon_cmake.task.cmake.build:Building CMake package in '/home/giacomo/Omniquad-Docker-Simulator/src/custom_interfaces'
[1.681s] INFO:colcon.colcon_core.shell:Skip shell extension 'powershell' for command environment: Not usable outside of PowerShell
[1.681s] DEBUG:colcon.colcon_core.shell:Skip shell extension 'dsv' for command environment
[1.690s] INFO:colcon.colcon_ros.task.ament_cmake.build:Building ROS package in '/home/giacomo/Omniquad-Docker-Simulator/src/mulinex_description' with build type 'ament_cmake'
[1.691s] INFO:colcon.colcon_cmake.task.cmake.build:Building CMake package in '/home/giacomo/Omniquad-Docker-Simulator/src/mulinex_description'
[1.692s] INFO:colcon.colcon_core.shell:Skip shell extension 'powershell' for command environment: Not usable outside of PowerShell
[1.693s] DEBUG:colcon.colcon_core.shell:Skip shell extension 'dsv' for command environment
[1.700s] INFO:colcon.colcon_ros.task.ament_python.build:Building ROS package in '/home/giacomo/Omniquad-Docker-Simulator/src/mulinex_ignition_py' with build type 'ament_python'
[1.701s] Level 1:colcon.colcon_core.shell:create_environment_hook('mulinex_ignition_py', 'ament_prefix_path')
[1.702s] INFO:colcon.colcon_core.shell:Creating environment hook '/home/giacomo/Omniquad-Docker-Simulator/install/mulinex_ignition_py/share/mulinex_ignition_py/hook/ament_prefix_path.ps1'
[1.705s] INFO:colcon.colcon_core.shell:Creating environment descriptor '/home/giacomo/Omniquad-Docker-Simulator/install/mulinex_ignition_py/share/mulinex_ignition_py/hook/ament_prefix_path.dsv'
[1.794s] INFO:colcon.colcon_core.shell:Creating environment hook '/home/giacomo/Omniquad-Docker-Simulator/install/mulinex_ignition_py/share/mulinex_ignition_py/hook/ament_prefix_path.sh'
[1.796s] INFO:colcon.colcon_core.shell:Skip shell extension 'powershell' for command environment: Not usable outside of PowerShell
[1.796s] DEBUG:colcon.colcon_core.shell:Skip shell extension 'dsv' for command environment
[1.822s] DEBUG:colcon.colcon_core.event_handler.log_command:Invoking command in '/home/giacomo/Omniquad-Docker-Simulator/build/pi3hat_moteus_int_msgs': CMAKE_PREFIX_PATH=${CMAKE_PREFIX_PATH}:/home/giacomo/Omniquad-Docker-Simulator/install/rlg_quad_controller:/home/giacomo/Omniquad-Docker-Simulator/install/mulinex_ignition_py:/opt/ros/humble /usr/bin/cmake --build /home/giacomo/Omniquad-Docker-Simulator/build/pi3hat_moteus_int_msgs -- -j12 -l12
[1.837s] DEBUG:colcon.colcon_core.event_handler.log_command:Invoking command in '/home/giacomo/Omniquad-Docker-Simulator/build/custom_interfaces': CMAKE_PREFIX_PATH=${CMAKE_PREFIX_PATH}:/home/giacomo/Omniquad-Docker-Simulator/install/rlg_quad_controller:/home/giacomo/Omniquad-Docker-Simulator/install/mulinex_ignition_py:/opt/ros/humble /usr/bin/cmake --build /home/giacomo/Omniquad-Docker-Simulator/build/custom_interfaces -- -j12 -l12
[1.850s] DEBUG:colcon.colcon_core.event_handler.log_command:Invoking command in '/home/giacomo/Omniquad-Docker-Simulator/build/mulinex_description': CMAKE_PREFIX_PATH=${CMAKE_PREFIX_PATH}:/home/giacomo/Omniquad-Docker-Simulator/install/rlg_quad_controller:/home/giacomo/Omniquad-Docker-Simulator/install/mulinex_ignition_py:/opt/ros/humble /usr/bin/cmake --build /home/giacomo/Omniquad-Docker-Simulator/build/mulinex_description -- -j12 -l12
[2.244s] INFO:colcon.colcon_core.task.python.build:Building Python package in '/home/giacomo/Omniquad-Docker-Simulator/src/mulinex_ignition_py'
[2.245s] INFO:colcon.colcon_core.shell:Skip shell extension 'powershell' for command environment: Not usable outside of PowerShell
[2.245s] DEBUG:colcon.colcon_core.shell:Skip shell extension 'dsv' for command environment
[2.257s] DEBUG:colcon.colcon_core.event_handler.log_command:Invoked command in '/home/giacomo/Omniquad-Docker-Simulator/build/pi3hat_moteus_int_msgs' returned '2': CMAKE_PREFIX_PATH=${CMAKE_PREFIX_PATH}:/home/giacomo/Omniquad-Docker-Simulator/install/rlg_quad_controller:/home/giacomo/Omniquad-Docker-Simulator/install/mulinex_ignition_py:/opt/ros/humble /usr/bin/cmake --build /home/giacomo/Omniquad-Docker-Simulator/build/pi3hat_moteus_int_msgs -- -j12 -l12
[2.259s] Level 1:colcon.colcon_core.environment:create_environment_scripts_only(pi3hat_moteus_int_msgs)
[2.276s] Level 1:colcon.colcon_core.environment:checking '/home/giacomo/Omniquad-Docker-Simulator/install/pi3hat_moteus_int_msgs' for CMake module files
[2.278s] Level 1:colcon.colcon_core.environment:checking '/home/giacomo/Omniquad-Docker-Simulator/install/pi3hat_moteus_int_msgs' for CMake config files
[2.279s] Level 1:colcon.colcon_core.shell:create_environment_hook('pi3hat_moteus_int_msgs', 'cmake_prefix_path')
[2.280s] INFO:colcon.colcon_core.shell:Creating environment hook '/home/giacomo/Omniquad-Docker-Simulator/install/pi3hat_moteus_int_msgs/share/pi3hat_moteus_int_msgs/hook/cmake_prefix_path.ps1'
[2.281s] INFO:colcon.colcon_core.shell:Creating environment descriptor '/home/giacomo/Omniquad-Docker-Simulator/install/pi3hat_moteus_int_msgs/share/pi3hat_moteus_int_msgs/hook/cmake_prefix_path.dsv'
[2.282s] INFO:colcon.colcon_core.shell:Creating environment hook '/home/giacomo/Omniquad-Docker-Simulator/install/pi3hat_moteus_int_msgs/share/pi3hat_moteus_int_msgs/hook/cmake_prefix_path.sh'
[2.284s] Level 1:colcon.colcon_core.environment:checking '/home/giacomo/Omniquad-Docker-Simulator/install/pi3hat_moteus_int_msgs/lib'
[2.284s] Level 1:colcon.colcon_core.shell:create_environment_hook('pi3hat_moteus_int_msgs', 'ld_library_path_lib')
[2.285s] INFO:colcon.colcon_core.shell:Creating environment hook '/home/giacomo/Omniquad-Docker-Simulator/install/pi3hat_moteus_int_msgs/share/pi3hat_moteus_int_msgs/hook/ld_library_path_lib.ps1'
[2.286s] INFO:colcon.colcon_core.shell:Creating environment descriptor '/home/giacomo/Omniquad-Docker-Simulator/install/pi3hat_moteus_int_msgs/share/pi3hat_moteus_int_msgs/hook/ld_library_path_lib.dsv'
[2.287s] INFO:colcon.colcon_core.shell:Creating environment hook '/home/giacomo/Omniquad-Docker-Simulator/install/pi3hat_moteus_int_msgs/share/pi3hat_moteus_int_msgs/hook/ld_library_path_lib.sh'
[2.289s] Level 1:colcon.colcon_core.environment:checking '/home/giacomo/Omniquad-Docker-Simulator/install/pi3hat_moteus_int_msgs/bin'
[2.289s] Level 1:colcon.colcon_core.environment:checking '/home/giacomo/Omniquad-Docker-Simulator/install/pi3hat_moteus_int_msgs/lib/pkgconfig/pi3hat_moteus_int_msgs.pc'
[2.290s] Level 1:colcon.colcon_core.environment:checking '/home/giacomo/Omniquad-Docker-Simulator/install/pi3hat_moteus_int_msgs/lib/python3.10/site-packages'
[2.291s] Level 1:colcon.colcon_core.environment:checking '/home/giacomo/Omniquad-Docker-Simulator/install/pi3hat_moteus_int_msgs/bin'
[2.292s] INFO:colcon.colcon_core.shell:Creating package script '/home/giacomo/Omniquad-Docker-Simulator/install/pi3hat_moteus_int_msgs/share/pi3hat_moteus_int_msgs/package.ps1'
[2.379s] INFO:colcon.colcon_core.shell:Creating package descriptor '/home/giacomo/Omniquad-Docker-Simulator/install/pi3hat_moteus_int_msgs/share/pi3hat_moteus_int_msgs/package.dsv'
[2.381s] INFO:colcon.colcon_core.shell:Creating package script '/home/giacomo/Omniquad-Docker-Simulator/install/pi3hat_moteus_int_msgs/share/pi3hat_moteus_int_msgs/package.sh'
[2.385s] INFO:colcon.colcon_core.shell:Creating package script '/home/giacomo/Omniquad-Docker-Simulator/install/pi3hat_moteus_int_msgs/share/pi3hat_moteus_int_msgs/package.bash'
[2.388s] INFO:colcon.colcon_core.shell:Creating package script '/home/giacomo/Omniquad-Docker-Simulator/install/pi3hat_moteus_int_msgs/share/pi3hat_moteus_int_msgs/package.zsh'
[2.390s] Level 1:colcon.colcon_core.environment:create_file_with_runtime_dependencies(/home/giacomo/Omniquad-Docker-Simulator/install/pi3hat_moteus_int_msgs/share/colcon-core/packages/pi3hat_moteus_int_msgs)
[2.402s] DEBUG:colcon.colcon_parallel_executor.executor.parallel:closing loop
[2.403s] DEBUG:colcon.colcon_parallel_executor.executor.parallel:loop closed
[2.404s] DEBUG:colcon.colcon_parallel_executor.executor.parallel:run_until_complete finished with '2'
[2.404s] DEBUG:colcon.colcon_core.event_reactor:joining thread
[2.503s] INFO:colcon.colcon_core.plugin_system:Skipping extension 'colcon_notification.desktop_notification.notify_send': Could not find 'notify-send'
[2.504s] INFO:colcon.colcon_core.plugin_system:Skipping extension 'colcon_notification.desktop_notification.terminal_notifier': Not used on non-Darwin systems
[2.504s] INFO:colcon.colcon_core.plugin_system:Skipping extension 'colcon_notification.desktop_notification.win32': Not used on non-Windows systems
[2.504s] INFO:colcon.colcon_notification.desktop_notification:Sending desktop notification using 'notify2'
[2.507s] DEBUG:colcon.colcon_notification.desktop_notification.notify2:Failed to initialize notify2: org.freedesktop.DBus.Error.FileNotFound: Failed to connect to socket /run/user/1000/bus: No such file or directory
[2.507s] DEBUG:colcon.colcon_core.event_reactor:joined thread
[2.508s] INFO:colcon.colcon_core.shell:Creating prefix script '/home/giacomo/Omniquad-Docker-Simulator/install/local_setup.ps1'
[2.511s] INFO:colcon.colcon_core.shell:Creating prefix util module '/home/giacomo/Omniquad-Docker-Simulator/install/_local_setup_util_ps1.py'
[2.515s] INFO:colcon.colcon_core.shell:Creating prefix chain script '/home/giacomo/Omniquad-Docker-Simulator/install/setup.ps1'
[2.517s] INFO:colcon.colcon_core.shell:Creating prefix script '/home/giacomo/Omniquad-Docker-Simulator/install/local_setup.sh'
[2.519s] INFO:colcon.colcon_core.shell:Creating prefix util module '/home/giacomo/Omniquad-Docker-Simulator/install/_local_setup_util_sh.py'
[2.521s] INFO:colcon.colcon_core.shell:Creating prefix chain script '/home/giacomo/Omniquad-Docker-Simulator/install/setup.sh'
[2.524s] INFO:colcon.colcon_core.shell:Creating prefix script '/home/giacomo/Omniquad-Docker-Simulator/install/local_setup.bash'
[2.526s] INFO:colcon.colcon_core.shell:Creating prefix chain script '/home/giacomo/Omniquad-Docker-Simulator/install/setup.bash'
[2.529s] INFO:colcon.colcon_core.shell:Creating prefix script '/home/giacomo/Omniquad-Docker-Simulator/install/local_setup.zsh'
[2.531s] INFO:colcon.colcon_core.shell:Creating prefix chain script '/home/giacomo/Omniquad-Docker-Simulator/install/setup.zsh'
