[2.386s] Invoking command in '/home/ros/docker_simulation_ws/build/mulinex_ignition_py': PYTHONPATH=/home/ros/docker_simulation_ws/build/mulinex_ignition_py/prefix_override:/usr/lib/python3/dist-packages/colcon_core/task/python/colcon_distutils_commands:/home/ros/docker_simulation_ws/install/mulinex_ignition_py/lib/python3.10/site-packages:${PYTHONPATH} /usr/bin/python3 -W ignore:setup.py install is deprecated -W ignore:easy_install command is deprecated setup.py develop --uninstall --editable --build-directory /home/ros/docker_simulation_ws/build/mulinex_ignition_py/build
[3.271s] running develop
[3.832s] Removing /home/ros/docker_simulation_ws/install/mulinex_ignition_py/lib/python3.10/site-packages/mulinex-ignition-py.egg-link (link to .)
[3.926s] Invoked command in '/home/ros/docker_simulation_ws/build/mulinex_ignition_py' returned '0': PYTHONPATH=/home/ros/docker_simulation_ws/build/mulinex_ignition_py/prefix_override:/usr/lib/python3/dist-packages/colcon_core/task/python/colcon_distutils_commands:/home/ros/docker_simulation_ws/install/mulinex_ignition_py/lib/python3.10/site-packages:${PYTHONPATH} /usr/bin/python3 -W ignore:setup.py install is deprecated -W ignore:easy_install command is deprecated setup.py develop --uninstall --editable --build-directory /home/ros/docker_simulation_ws/build/mulinex_ignition_py/build
[3.931s] Invoking command in '/home/ros/docker_simulation_ws/src/mulinex_ignition_py': PYTHONPATH=/home/ros/docker_simulation_ws/build/mulinex_ignition_py/prefix_override:/usr/lib/python3/dist-packages/colcon_core/task/python/colcon_distutils_commands:/home/ros/docker_simulation_ws/install/mulinex_ignition_py/lib/python3.10/site-packages:${PYTHONPATH} /usr/bin/python3 -W ignore:setup.py install is deprecated -W ignore:easy_install command is deprecated setup.py egg_info --egg-base ../../build/mulinex_ignition_py build --build-base /home/ros/docker_simulation_ws/build/mulinex_ignition_py/build install --record /home/ros/docker_simulation_ws/build/mulinex_ignition_py/install.log --single-version-externally-managed install_data --force
[4.839s] running egg_info
[4.841s] writing ../../build/mulinex_ignition_py/mulinex_ignition_py.egg-info/PKG-INFO
[4.842s] writing dependency_links to ../../build/mulinex_ignition_py/mulinex_ignition_py.egg-info/dependency_links.txt
[4.843s] writing entry points to ../../build/mulinex_ignition_py/mulinex_ignition_py.egg-info/entry_points.txt
[4.844s] writing requirements to ../../build/mulinex_ignition_py/mulinex_ignition_py.egg-info/requires.txt
[4.844s] writing top-level names to ../../build/mulinex_ignition_py/mulinex_ignition_py.egg-info/top_level.txt
[4.850s] reading manifest file '../../build/mulinex_ignition_py/mulinex_ignition_py.egg-info/SOURCES.txt'
[4.853s] writing manifest file '../../build/mulinex_ignition_py/mulinex_ignition_py.egg-info/SOURCES.txt'
[4.854s] running build
[4.854s] running build_py
[4.855s] copying mulinex_ignition_py/walking.py -> /home/ros/docker_simulation_ws/build/mulinex_ignition_py/build/lib/mulinex_ignition_py
[4.855s] copying mulinex_ignition_py/getup.py -> /home/ros/docker_simulation_ws/build/mulinex_ignition_py/build/lib/mulinex_ignition_py
[4.856s] copying mulinex_ignition_py/stash.py -> /home/ros/docker_simulation_ws/build/mulinex_ignition_py/build/lib/mulinex_ignition_py
[4.858s] copying mulinex_ignition_py/bridge_node.py -> /home/ros/docker_simulation_ws/build/mulinex_ignition_py/build/lib/mulinex_ignition_py
[4.859s] copying mulinex_ignition_py/move_wheels_2.py -> /home/ros/docker_simulation_ws/build/mulinex_ignition_py/build/lib/mulinex_ignition_py
[4.859s] copying mulinex_ignition_py/move_pd.py -> /home/ros/docker_simulation_ws/build/mulinex_ignition_py/build/lib/mulinex_ignition_py
[4.863s] copying mulinex_ignition_py/getup_omni_1.py -> /home/ros/docker_simulation_ws/build/mulinex_ignition_py/build/lib/mulinex_ignition_py
[4.865s] copying mulinex_ignition_py/move_wheels.py -> /home/ros/docker_simulation_ws/build/mulinex_ignition_py/build/lib/mulinex_ignition_py
[4.865s] copying mulinex_ignition_py/gostraighton.py -> /home/ros/docker_simulation_ws/build/mulinex_ignition_py/build/lib/mulinex_ignition_py
[4.893s] copying mulinex_ignition_py/__init__.py -> /home/ros/docker_simulation_ws/build/mulinex_ignition_py/build/lib/mulinex_ignition_py
[4.894s] running install
[4.894s] running install_lib
[4.894s] creating /home/ros/docker_simulation_ws/install/mulinex_ignition_py/lib/python3.10/site-packages/mulinex_ignition_py
[4.894s] copying /home/ros/docker_simulation_ws/build/mulinex_ignition_py/build/lib/mulinex_ignition_py/walking.py -> /home/ros/docker_simulation_ws/install/mulinex_ignition_py/lib/python3.10/site-packages/mulinex_ignition_py
[4.895s] copying /home/ros/docker_simulation_ws/build/mulinex_ignition_py/build/lib/mulinex_ignition_py/getup.py -> /home/ros/docker_simulation_ws/install/mulinex_ignition_py/lib/python3.10/site-packages/mulinex_ignition_py
[4.895s] copying /home/ros/docker_simulation_ws/build/mulinex_ignition_py/build/lib/mulinex_ignition_py/stash.py -> /home/ros/docker_simulation_ws/install/mulinex_ignition_py/lib/python3.10/site-packages/mulinex_ignition_py
[4.895s] copying /home/ros/docker_simulation_ws/build/mulinex_ignition_py/build/lib/mulinex_ignition_py/bridge_node.py -> /home/ros/docker_simulation_ws/install/mulinex_ignition_py/lib/python3.10/site-packages/mulinex_ignition_py
[4.895s] copying /home/ros/docker_simulation_ws/build/mulinex_ignition_py/build/lib/mulinex_ignition_py/move_wheels_2.py -> /home/ros/docker_simulation_ws/install/mulinex_ignition_py/lib/python3.10/site-packages/mulinex_ignition_py
[4.896s] copying /home/ros/docker_simulation_ws/build/mulinex_ignition_py/build/lib/mulinex_ignition_py/move_pd.py -> /home/ros/docker_simulation_ws/install/mulinex_ignition_py/lib/python3.10/site-packages/mulinex_ignition_py
[4.896s] copying /home/ros/docker_simulation_ws/build/mulinex_ignition_py/build/lib/mulinex_ignition_py/getup_omni_1.py -> /home/ros/docker_simulation_ws/install/mulinex_ignition_py/lib/python3.10/site-packages/mulinex_ignition_py
[4.898s] copying /home/ros/docker_simulation_ws/build/mulinex_ignition_py/build/lib/mulinex_ignition_py/move_wheels.py -> /home/ros/docker_simulation_ws/install/mulinex_ignition_py/lib/python3.10/site-packages/mulinex_ignition_py
[4.901s] copying /home/ros/docker_simulation_ws/build/mulinex_ignition_py/build/lib/mulinex_ignition_py/gostraighton.py -> /home/ros/docker_simulation_ws/install/mulinex_ignition_py/lib/python3.10/site-packages/mulinex_ignition_py
[4.901s] copying /home/ros/docker_simulation_ws/build/mulinex_ignition_py/build/lib/mulinex_ignition_py/__init__.py -> /home/ros/docker_simulation_ws/install/mulinex_ignition_py/lib/python3.10/site-packages/mulinex_ignition_py
[4.902s] byte-compiling /home/ros/docker_simulation_ws/install/mulinex_ignition_py/lib/python3.10/site-packages/mulinex_ignition_py/walking.py to walking.cpython-310.pyc
[4.906s] byte-compiling /home/ros/docker_simulation_ws/install/mulinex_ignition_py/lib/python3.10/site-packages/mulinex_ignition_py/getup.py to getup.cpython-310.pyc
[4.906s] byte-compiling /home/ros/docker_simulation_ws/install/mulinex_ignition_py/lib/python3.10/site-packages/mulinex_ignition_py/stash.py to stash.cpython-310.pyc
[4.906s] byte-compiling /home/ros/docker_simulation_ws/install/mulinex_ignition_py/lib/python3.10/site-packages/mulinex_ignition_py/bridge_node.py to bridge_node.cpython-310.pyc
[4.907s] byte-compiling /home/ros/docker_simulation_ws/install/mulinex_ignition_py/lib/python3.10/site-packages/mulinex_ignition_py/move_wheels_2.py to move_wheels_2.cpython-310.pyc
[4.907s] byte-compiling /home/ros/docker_simulation_ws/install/mulinex_ignition_py/lib/python3.10/site-packages/mulinex_ignition_py/move_pd.py to move_pd.cpython-310.pyc
[4.908s] byte-compiling /home/ros/docker_simulation_ws/install/mulinex_ignition_py/lib/python3.10/site-packages/mulinex_ignition_py/getup_omni_1.py to getup_omni_1.cpython-310.pyc
[4.911s] byte-compiling /home/ros/docker_simulation_ws/install/mulinex_ignition_py/lib/python3.10/site-packages/mulinex_ignition_py/move_wheels.py to move_wheels.cpython-310.pyc
[4.914s] byte-compiling /home/ros/docker_simulation_ws/install/mulinex_ignition_py/lib/python3.10/site-packages/mulinex_ignition_py/gostraighton.py to gostraighton.cpython-310.pyc
[4.916s] byte-compiling /home/ros/docker_simulation_ws/install/mulinex_ignition_py/lib/python3.10/site-packages/mulinex_ignition_py/__init__.py to __init__.cpython-310.pyc
[4.917s] running install_data
[4.917s] copying resource/mulinex_ignition_py -> /home/ros/docker_simulation_ws/install/mulinex_ignition_py/share/ament_index/resource_index/packages
[4.918s] copying package.xml -> /home/ros/docker_simulation_ws/install/mulinex_ignition_py/share/mulinex_ignition_py
[4.919s] copying launch/rosbag_rec.launch.py -> /home/ros/docker_simulation_ws/install/mulinex_ignition_py/share/mulinex_ignition_py/launch
[4.921s] copying launch/controller_start_launch.py -> /home/ros/docker_simulation_ws/install/mulinex_ignition_py/share/mulinex_ignition_py/launch
[4.922s] running install_egg_info
[4.929s] Copying ../../build/mulinex_ignition_py/mulinex_ignition_py.egg-info to /home/ros/docker_simulation_ws/install/mulinex_ignition_py/lib/python3.10/site-packages/mulinex_ignition_py-0.0.0-py3.10.egg-info
[4.946s] running install_scripts
[5.013s] Installing bridge_node script to /home/ros/docker_simulation_ws/install/mulinex_ignition_py/lib/mulinex_ignition_py
[5.014s] Installing getup script to /home/ros/docker_simulation_ws/install/mulinex_ignition_py/lib/mulinex_ignition_py
[5.015s] Installing getup_omni_1 script to /home/ros/docker_simulation_ws/install/mulinex_ignition_py/lib/mulinex_ignition_py
[5.016s] Installing gostraighton script to /home/ros/docker_simulation_ws/install/mulinex_ignition_py/lib/mulinex_ignition_py
[5.017s] Installing move_pd script to /home/ros/docker_simulation_ws/install/mulinex_ignition_py/lib/mulinex_ignition_py
[5.018s] Installing move_wheels script to /home/ros/docker_simulation_ws/install/mulinex_ignition_py/lib/mulinex_ignition_py
[5.018s] Installing move_wheels_2 script to /home/ros/docker_simulation_ws/install/mulinex_ignition_py/lib/mulinex_ignition_py
[5.019s] Installing walking script to /home/ros/docker_simulation_ws/install/mulinex_ignition_py/lib/mulinex_ignition_py
[5.021s] writing list of installed files to '/home/ros/docker_simulation_ws/build/mulinex_ignition_py/install.log'
[5.095s] Invoked command in '/home/ros/docker_simulation_ws/src/mulinex_ignition_py' returned '0': PYTHONPATH=/home/ros/docker_simulation_ws/build/mulinex_ignition_py/prefix_override:/usr/lib/python3/dist-packages/colcon_core/task/python/colcon_distutils_commands:/home/ros/docker_simulation_ws/install/mulinex_ignition_py/lib/python3.10/site-packages:${PYTHONPATH} /usr/bin/python3 -W ignore:setup.py install is deprecated -W ignore:easy_install command is deprecated setup.py egg_info --egg-base ../../build/mulinex_ignition_py build --build-base /home/ros/docker_simulation_ws/build/mulinex_ignition_py/build install --record /home/ros/docker_simulation_ws/build/mulinex_ignition_py/install.log --single-version-externally-managed install_data --force
