[0.524s] Invoking command in '/home/ros/docker_simulation_ws/build/wheels_vel_cnt': CMAKE_PREFIX_PATH=/home/ros/docker_simulation_ws/install/pi3hat_moteus_int_msgs:/home/ros/docker_simulation_ws/install/custom_interfaces:/home/ros/docker_simulation_ws/install/wheels_vel_cnt:/home/ros/docker_simulation_ws/install/rbt_pd_cnt:/home/ros/docker_simulation_ws/install/omni_vel_controller:/home/ros/docker_simulation_ws/install/omni_mulinex_joystic:/home/ros/docker_simulation_ws/install/ik_quad_foot_control:/home/ros/docker_simulation_ws/install/mulinex_ignition:/home/ros/docker_simulation_ws/install/mulinex_description:/home/ros/docker_simulation_ws/install/rlg_quad_controller:/home/ros/docker_simulation_ws/install/mulinex_ignition_py:/opt/ros/humble LD_LIBRARY_PATH=/home/ros/docker_simulation_ws/install/pi3hat_moteus_int_msgs/lib:/home/ros/docker_simulation_ws/install/custom_interfaces/lib:/home/ros/docker_simulation_ws/install/wheels_vel_cnt/lib:/home/ros/docker_simulation_ws/install/rbt_pd_cnt/lib:/home/ros/docker_simulation_ws/install/omni_vel_controller/lib:/home/ros/docker_simulation_ws/install/omni_mulinex_joystic/lib:/home/ros/docker_simulation_ws/install/ik_quad_foot_control/lib:/opt/ros/humble/opt/rviz_ogre_vendor/lib:/opt/ros/humble/lib/x86_64-linux-gnu:/opt/ros/humble/lib /usr/bin/cmake --build /home/ros/docker_simulation_ws/build/wheels_vel_cnt -- -j12 -l12
[0.653s] [35m[1mConsolidate compiler generated dependencies of target wheels_vel_cnt[0m
[0.842s] [100%] Built target wheels_vel_cnt
[1.034s] Invoked command in '/home/ros/docker_simulation_ws/build/wheels_vel_cnt' returned '0': CMAKE_PREFIX_PATH=/home/ros/docker_simulation_ws/install/pi3hat_moteus_int_msgs:/home/ros/docker_simulation_ws/install/custom_interfaces:/home/ros/docker_simulation_ws/install/wheels_vel_cnt:/home/ros/docker_simulation_ws/install/rbt_pd_cnt:/home/ros/docker_simulation_ws/install/omni_vel_controller:/home/ros/docker_simulation_ws/install/omni_mulinex_joystic:/home/ros/docker_simulation_ws/install/ik_quad_foot_control:/home/ros/docker_simulation_ws/install/mulinex_ignition:/home/ros/docker_simulation_ws/install/mulinex_description:/home/ros/docker_simulation_ws/install/rlg_quad_controller:/home/ros/docker_simulation_ws/install/mulinex_ignition_py:/opt/ros/humble LD_LIBRARY_PATH=/home/ros/docker_simulation_ws/install/pi3hat_moteus_int_msgs/lib:/home/ros/docker_simulation_ws/install/custom_interfaces/lib:/home/ros/docker_simulation_ws/install/wheels_vel_cnt/lib:/home/ros/docker_simulation_ws/install/rbt_pd_cnt/lib:/home/ros/docker_simulation_ws/install/omni_vel_controller/lib:/home/ros/docker_simulation_ws/install/omni_mulinex_joystic/lib:/home/ros/docker_simulation_ws/install/ik_quad_foot_control/lib:/opt/ros/humble/opt/rviz_ogre_vendor/lib:/opt/ros/humble/lib/x86_64-linux-gnu:/opt/ros/humble/lib /usr/bin/cmake --build /home/ros/docker_simulation_ws/build/wheels_vel_cnt -- -j12 -l12
[1.036s] Invoking command in '/home/ros/docker_simulation_ws/build/wheels_vel_cnt': CMAKE_PREFIX_PATH=/home/ros/docker_simulation_ws/install/pi3hat_moteus_int_msgs:/home/ros/docker_simulation_ws/install/custom_interfaces:/home/ros/docker_simulation_ws/install/wheels_vel_cnt:/home/ros/docker_simulation_ws/install/rbt_pd_cnt:/home/ros/docker_simulation_ws/install/omni_vel_controller:/home/ros/docker_simulation_ws/install/omni_mulinex_joystic:/home/ros/docker_simulation_ws/install/ik_quad_foot_control:/home/ros/docker_simulation_ws/install/mulinex_ignition:/home/ros/docker_simulation_ws/install/mulinex_description:/home/ros/docker_simulation_ws/install/rlg_quad_controller:/home/ros/docker_simulation_ws/install/mulinex_ignition_py:/opt/ros/humble LD_LIBRARY_PATH=/home/ros/docker_simulation_ws/install/pi3hat_moteus_int_msgs/lib:/home/ros/docker_simulation_ws/install/custom_interfaces/lib:/home/ros/docker_simulation_ws/install/wheels_vel_cnt/lib:/home/ros/docker_simulation_ws/install/rbt_pd_cnt/lib:/home/ros/docker_simulation_ws/install/omni_vel_controller/lib:/home/ros/docker_simulation_ws/install/omni_mulinex_joystic/lib:/home/ros/docker_simulation_ws/install/ik_quad_foot_control/lib:/opt/ros/humble/opt/rviz_ogre_vendor/lib:/opt/ros/humble/lib/x86_64-linux-gnu:/opt/ros/humble/lib /usr/bin/cmake --install /home/ros/docker_simulation_ws/build/wheels_vel_cnt
[1.051s] -- Install configuration: ""
[1.052s] -- Execute custom install script
[1.052s] -- Up-to-date symlink: /home/ros/docker_simulation_ws/install/wheels_vel_cnt/share/wheels_vel_cnt//wheels_vel_cnt.xml
[1.053s] -- Up-to-date symlink: /home/ros/docker_simulation_ws/install/wheels_vel_cnt/share/wheels_vel_cnt/environment/library_path.sh
[1.054s] -- Up-to-date symlink: /home/ros/docker_simulation_ws/install/wheels_vel_cnt/share/wheels_vel_cnt/environment/library_path.dsv
[1.054s] -- Up-to-date symlink: /home/ros/docker_simulation_ws/install/wheels_vel_cnt/share/ament_index/resource_index/package_run_dependencies/wheels_vel_cnt
[1.055s] -- Up-to-date symlink: /home/ros/docker_simulation_ws/install/wheels_vel_cnt/share/ament_index/resource_index/parent_prefix_path/wheels_vel_cnt
[1.055s] -- Up-to-date symlink: /home/ros/docker_simulation_ws/install/wheels_vel_cnt/share/wheels_vel_cnt/environment/ament_prefix_path.sh
[1.056s] -- Up-to-date symlink: /home/ros/docker_simulation_ws/install/wheels_vel_cnt/share/wheels_vel_cnt/environment/ament_prefix_path.dsv
[1.056s] -- Up-to-date symlink: /home/ros/docker_simulation_ws/install/wheels_vel_cnt/share/wheels_vel_cnt/environment/path.sh
[1.057s] -- Up-to-date symlink: /home/ros/docker_simulation_ws/install/wheels_vel_cnt/share/wheels_vel_cnt/environment/path.dsv
[1.057s] -- Up-to-date symlink: /home/ros/docker_simulation_ws/install/wheels_vel_cnt/share/wheels_vel_cnt/local_setup.bash
[1.058s] -- Up-to-date symlink: /home/ros/docker_simulation_ws/install/wheels_vel_cnt/share/wheels_vel_cnt/local_setup.sh
[1.058s] -- Up-to-date symlink: /home/ros/docker_simulation_ws/install/wheels_vel_cnt/share/wheels_vel_cnt/local_setup.zsh
[1.059s] -- Up-to-date symlink: /home/ros/docker_simulation_ws/install/wheels_vel_cnt/share/wheels_vel_cnt/local_setup.dsv
[1.059s] -- Symlinking: /home/ros/docker_simulation_ws/install/wheels_vel_cnt/share/wheels_vel_cnt/package.dsv
[1.081s] -- Up-to-date symlink: /home/ros/docker_simulation_ws/install/wheels_vel_cnt/share/ament_index/resource_index/packages/wheels_vel_cnt
[1.082s] -- Up-to-date symlink: /home/ros/docker_simulation_ws/install/wheels_vel_cnt/share/ament_index/resource_index/controller_interface__pluginlib__plugin/wheels_vel_cnt
[1.082s] -- Up-to-date symlink: /home/ros/docker_simulation_ws/install/wheels_vel_cnt/share/wheels_vel_cnt/cmake/ament_cmake_export_dependencies-extras.cmake
[1.082s] -- Up-to-date symlink: /home/ros/docker_simulation_ws/install/wheels_vel_cnt/share/wheels_vel_cnt/cmake/ament_cmake_export_include_directories-extras.cmake
[1.083s] -- Up-to-date symlink: /home/ros/docker_simulation_ws/install/wheels_vel_cnt/share/wheels_vel_cnt/cmake/ament_cmake_export_libraries-extras.cmake
[1.083s] -- Up-to-date symlink: /home/ros/docker_simulation_ws/install/wheels_vel_cnt/share/wheels_vel_cnt/cmake/wheels_vel_cntConfig.cmake
[1.084s] -- Up-to-date symlink: /home/ros/docker_simulation_ws/install/wheels_vel_cnt/share/wheels_vel_cnt/cmake/wheels_vel_cntConfig-version.cmake
[1.084s] -- Up-to-date symlink: /home/ros/docker_simulation_ws/install/wheels_vel_cnt/share/wheels_vel_cnt/package.xml
[1.085s] -- Up-to-date: /home/ros/docker_simulation_ws/install/wheels_vel_cnt/lib/libwheels_vel_cnt.so
[1.089s] Invoked command in '/home/ros/docker_simulation_ws/build/wheels_vel_cnt' returned '0': CMAKE_PREFIX_PATH=/home/ros/docker_simulation_ws/install/pi3hat_moteus_int_msgs:/home/ros/docker_simulation_ws/install/custom_interfaces:/home/ros/docker_simulation_ws/install/wheels_vel_cnt:/home/ros/docker_simulation_ws/install/rbt_pd_cnt:/home/ros/docker_simulation_ws/install/omni_vel_controller:/home/ros/docker_simulation_ws/install/omni_mulinex_joystic:/home/ros/docker_simulation_ws/install/ik_quad_foot_control:/home/ros/docker_simulation_ws/install/mulinex_ignition:/home/ros/docker_simulation_ws/install/mulinex_description:/home/ros/docker_simulation_ws/install/rlg_quad_controller:/home/ros/docker_simulation_ws/install/mulinex_ignition_py:/opt/ros/humble LD_LIBRARY_PATH=/home/ros/docker_simulation_ws/install/pi3hat_moteus_int_msgs/lib:/home/ros/docker_simulation_ws/install/custom_interfaces/lib:/home/ros/docker_simulation_ws/install/wheels_vel_cnt/lib:/home/ros/docker_simulation_ws/install/rbt_pd_cnt/lib:/home/ros/docker_simulation_ws/install/omni_vel_controller/lib:/home/ros/docker_simulation_ws/install/omni_mulinex_joystic/lib:/home/ros/docker_simulation_ws/install/ik_quad_foot_control/lib:/opt/ros/humble/opt/rviz_ogre_vendor/lib:/opt/ros/humble/lib/x86_64-linux-gnu:/opt/ros/humble/lib /usr/bin/cmake --install /home/ros/docker_simulation_ws/build/wheels_vel_cnt
