[6.048s] Invoking command in '/home/ros/docker_simulation_ws/build/mulinex_ignition_py': PYTHONPATH=/home/ros/docker_simulation_ws/build/mulinex_ignition_py/prefix_override:/usr/lib/python3/dist-packages/colcon_core/task/python/colcon_distutils_commands:/home/ros/docker_simulation_ws/install/mulinex_ignition_py/lib/python3.10/site-packages:${PYTHONPATH} /usr/bin/python3 -W ignore:setup.py install is deprecated -W ignore:easy_install command is deprecated setup.py develop --editable --build-directory /home/ros/docker_simulation_ws/build/mulinex_ignition_py/build --no-deps symlink_data
[7.989s] running develop
[9.369s] running egg_info
[9.370s] writing mulinex_ignition_py.egg-info/PKG-INFO
[9.371s] writing dependency_links to mulinex_ignition_py.egg-info/dependency_links.txt
[9.372s] writing entry points to mulinex_ignition_py.egg-info/entry_points.txt
[9.373s] writing requirements to mulinex_ignition_py.egg-info/requires.txt
[9.374s] writing top-level names to mulinex_ignition_py.egg-info/top_level.txt
[9.392s] reading manifest file 'mulinex_ignition_py.egg-info/SOURCES.txt'
[9.402s] writing manifest file 'mulinex_ignition_py.egg-info/SOURCES.txt'
[9.408s] running build_ext
[9.411s] Creating /home/ros/docker_simulation_ws/install/mulinex_ignition_py/lib/python3.10/site-packages/mulinex-ignition-py.egg-link (link to .)
[9.424s] Installing bridge_node script to /home/ros/docker_simulation_ws/install/mulinex_ignition_py/lib/mulinex_ignition_py
[9.426s] Installing getup script to /home/ros/docker_simulation_ws/install/mulinex_ignition_py/lib/mulinex_ignition_py
[9.426s] Installing getup_omni_1 script to /home/ros/docker_simulation_ws/install/mulinex_ignition_py/lib/mulinex_ignition_py
[9.427s] Installing gostraighton script to /home/ros/docker_simulation_ws/install/mulinex_ignition_py/lib/mulinex_ignition_py
[9.427s] Installing move_pd script to /home/ros/docker_simulation_ws/install/mulinex_ignition_py/lib/mulinex_ignition_py
[9.427s] Installing move_wheels script to /home/ros/docker_simulation_ws/install/mulinex_ignition_py/lib/mulinex_ignition_py
[9.428s] Installing move_wheels_2 script to /home/ros/docker_simulation_ws/install/mulinex_ignition_py/lib/mulinex_ignition_py
[9.429s] Installing walking script to /home/ros/docker_simulation_ws/install/mulinex_ignition_py/lib/mulinex_ignition_py
[9.431s] 
[9.431s] Installed /home/ros/docker_simulation_ws/build/mulinex_ignition_py
[9.432s] running symlink_data
[9.587s] Invoked command in '/home/ros/docker_simulation_ws/build/mulinex_ignition_py' returned '0': PYTHONPATH=/home/ros/docker_simulation_ws/build/mulinex_ignition_py/prefix_override:/usr/lib/python3/dist-packages/colcon_core/task/python/colcon_distutils_commands:/home/ros/docker_simulation_ws/install/mulinex_ignition_py/lib/python3.10/site-packages:${PYTHONPATH} /usr/bin/python3 -W ignore:setup.py install is deprecated -W ignore:easy_install command is deprecated setup.py develop --editable --build-directory /home/ros/docker_simulation_ws/build/mulinex_ignition_py/build --no-deps symlink_data
