[2.266s] Invoking command in '/home/ros/docker_simulation_ws/src/mulinex_ignition_py': PYTHONPATH=/home/ros/docker_simulation_ws/build/mulinex_ignition_py/prefix_override:/usr/lib/python3/dist-packages/colcon_core/task/python/colcon_distutils_commands:/home/ros/docker_simulation_ws/install/mulinex_ignition_py/lib/python3.10/site-packages:${PYTHONPATH} /usr/bin/python3 -W ignore:setup.py install is deprecated -W ignore:easy_install command is deprecated setup.py egg_info --egg-base ../../build/mulinex_ignition_py build --build-base /home/ros/docker_simulation_ws/build/mulinex_ignition_py/build install --record /home/ros/docker_simulation_ws/build/mulinex_ignition_py/install.log --single-version-externally-managed install_data
[2.923s] running egg_info
[2.925s] writing ../../build/mulinex_ignition_py/mulinex_ignition_py.egg-info/PKG-INFO
[2.926s] writing dependency_links to ../../build/mulinex_ignition_py/mulinex_ignition_py.egg-info/dependency_links.txt
[2.926s] writing entry points to ../../build/mulinex_ignition_py/mulinex_ignition_py.egg-info/entry_points.txt
[2.927s] writing requirements to ../../build/mulinex_ignition_py/mulinex_ignition_py.egg-info/requires.txt
[2.927s] writing top-level names to ../../build/mulinex_ignition_py/mulinex_ignition_py.egg-info/top_level.txt
[2.930s] reading manifest file '../../build/mulinex_ignition_py/mulinex_ignition_py.egg-info/SOURCES.txt'
[2.933s] writing manifest file '../../build/mulinex_ignition_py/mulinex_ignition_py.egg-info/SOURCES.txt'
[2.934s] running build
[2.934s] running build_py
[2.936s] running install
[2.936s] running install_lib
[2.940s] running install_data
[2.940s] running install_egg_info
[2.945s] removing '/home/ros/docker_simulation_ws/install/mulinex_ignition_py/lib/python3.10/site-packages/mulinex_ignition_py-0.0.0-py3.10.egg-info' (and everything under it)
[2.946s] Copying ../../build/mulinex_ignition_py/mulinex_ignition_py.egg-info to /home/ros/docker_simulation_ws/install/mulinex_ignition_py/lib/python3.10/site-packages/mulinex_ignition_py-0.0.0-py3.10.egg-info
[2.951s] running install_scripts
[2.994s] Installing bridge_node script to /home/ros/docker_simulation_ws/install/mulinex_ignition_py/lib/mulinex_ignition_py
[2.996s] Installing getup script to /home/ros/docker_simulation_ws/install/mulinex_ignition_py/lib/mulinex_ignition_py
[2.996s] Installing getup_omni_1 script to /home/ros/docker_simulation_ws/install/mulinex_ignition_py/lib/mulinex_ignition_py
[2.997s] Installing gostraighton script to /home/ros/docker_simulation_ws/install/mulinex_ignition_py/lib/mulinex_ignition_py
[2.998s] Installing move_pd script to /home/ros/docker_simulation_ws/install/mulinex_ignition_py/lib/mulinex_ignition_py
[2.999s] Installing move_wheels script to /home/ros/docker_simulation_ws/install/mulinex_ignition_py/lib/mulinex_ignition_py
[2.999s] Installing move_wheels_2 script to /home/ros/docker_simulation_ws/install/mulinex_ignition_py/lib/mulinex_ignition_py
[3.000s] Installing walking script to /home/ros/docker_simulation_ws/install/mulinex_ignition_py/lib/mulinex_ignition_py
[3.000s] writing list of installed files to '/home/ros/docker_simulation_ws/build/mulinex_ignition_py/install.log'
[3.042s] Invoked command in '/home/ros/docker_simulation_ws/src/mulinex_ignition_py' returned '0': PYTHONPATH=/home/ros/docker_simulation_ws/build/mulinex_ignition_py/prefix_override:/usr/lib/python3/dist-packages/colcon_core/task/python/colcon_distutils_commands:/home/ros/docker_simulation_ws/install/mulinex_ignition_py/lib/python3.10/site-packages:${PYTHONPATH} /usr/bin/python3 -W ignore:setup.py install is deprecated -W ignore:easy_install command is deprecated setup.py egg_info --egg-base ../../build/mulinex_ignition_py build --build-base /home/ros/docker_simulation_ws/build/mulinex_ignition_py/build install --record /home/ros/docker_simulation_ws/build/mulinex_ignition_py/install.log --single-version-externally-managed install_data
