[3.251s] Invoking command in '/home/ros/docker_simulation_ws/build/mulinex_ignition_py': PYTHONPATH=/home/ros/docker_simulation_ws/build/mulinex_ignition_py/prefix_override:/usr/lib/python3/dist-packages/colcon_core/task/python/colcon_distutils_commands:/home/ros/docker_simulation_ws/install/mulinex_ignition_py/lib/python3.10/site-packages:${PYTHONPATH} /usr/bin/python3 -W ignore:setup.py install is deprecated -W ignore:easy_install command is deprecated setup.py develop --editable --build-directory /home/ros/docker_simulation_ws/build/mulinex_ignition_py/build --no-deps symlink_data --force
[4.370s] running develop
[5.058s] running egg_info
[5.059s] writing mulinex_ignition_py.egg-info/PKG-INFO
[5.061s] writing dependency_links to mulinex_ignition_py.egg-info/dependency_links.txt
[5.062s] writing entry points to mulinex_ignition_py.egg-info/entry_points.txt
[5.064s] writing requirements to mulinex_ignition_py.egg-info/requires.txt
[5.064s] writing top-level names to mulinex_ignition_py.egg-info/top_level.txt
[5.072s] reading manifest file 'mulinex_ignition_py.egg-info/SOURCES.txt'
[5.080s] writing manifest file 'mulinex_ignition_py.egg-info/SOURCES.txt'
[5.088s] running build_ext
[5.088s] Creating /home/ros/docker_simulation_ws/install/mulinex_ignition_py/lib/python3.10/site-packages/mulinex-ignition-py.egg-link (link to .)
[5.093s] Installing bridge_node script to /home/ros/docker_simulation_ws/install/mulinex_ignition_py/lib/mulinex_ignition_py
[5.094s] Installing getup script to /home/ros/docker_simulation_ws/install/mulinex_ignition_py/lib/mulinex_ignition_py
[5.095s] Installing getup_omni_1 script to /home/ros/docker_simulation_ws/install/mulinex_ignition_py/lib/mulinex_ignition_py
[5.096s] Installing gostraighton script to /home/ros/docker_simulation_ws/install/mulinex_ignition_py/lib/mulinex_ignition_py
[5.097s] Installing move_pd script to /home/ros/docker_simulation_ws/install/mulinex_ignition_py/lib/mulinex_ignition_py
[5.098s] Installing move_wheels script to /home/ros/docker_simulation_ws/install/mulinex_ignition_py/lib/mulinex_ignition_py
[5.100s] Installing move_wheels_2 script to /home/ros/docker_simulation_ws/install/mulinex_ignition_py/lib/mulinex_ignition_py
[5.100s] Installing walking script to /home/ros/docker_simulation_ws/install/mulinex_ignition_py/lib/mulinex_ignition_py
[5.102s] 
[5.103s] Installed /home/ros/docker_simulation_ws/build/mulinex_ignition_py
[5.104s] running symlink_data
[5.104s] symbolically linking /home/ros/docker_simulation_ws/build/mulinex_ignition_py/resource/mulinex_ignition_py -> /home/ros/docker_simulation_ws/install/mulinex_ignition_py/share/ament_index/resource_index/packages
[5.107s] symbolically linking /home/ros/docker_simulation_ws/build/mulinex_ignition_py/package.xml -> /home/ros/docker_simulation_ws/install/mulinex_ignition_py/share/mulinex_ignition_py
[5.112s] symbolically linking /home/ros/docker_simulation_ws/build/mulinex_ignition_py/launch/rosbag_rec.launch.py -> /home/ros/docker_simulation_ws/install/mulinex_ignition_py/share/mulinex_ignition_py/launch
[5.114s] symbolically linking /home/ros/docker_simulation_ws/build/mulinex_ignition_py/launch/controller_start_launch.py -> /home/ros/docker_simulation_ws/install/mulinex_ignition_py/share/mulinex_ignition_py/launch
[5.245s] Invoked command in '/home/ros/docker_simulation_ws/build/mulinex_ignition_py' returned '0': PYTHONPATH=/home/ros/docker_simulation_ws/build/mulinex_ignition_py/prefix_override:/usr/lib/python3/dist-packages/colcon_core/task/python/colcon_distutils_commands:/home/ros/docker_simulation_ws/install/mulinex_ignition_py/lib/python3.10/site-packages:${PYTHONPATH} /usr/bin/python3 -W ignore:setup.py install is deprecated -W ignore:easy_install command is deprecated setup.py develop --editable --build-directory /home/ros/docker_simulation_ws/build/mulinex_ignition_py/build --no-deps symlink_data --force
