[0.073s] Invoking command in '/home/ros/docker_simulation_ws/build/custom_interfaces': CMAKE_PREFIX_PATH=${CMAKE_PREFIX_PATH}:/home/ros/docker_simulation_ws/install/rlg_quad_controller:/home/ros/docker_simulation_ws/install/mulinex_ignition_py:/opt/ros/humble /usr/bin/cmake --build /home/ros/docker_simulation_ws/build/custom_interfaces -- -j12 -l12
[0.205s] [  9%] Built target custom_interfaces__rosidl_generator_c
[0.207s] [ 12%] Built target custom_interfaces__cpp
[0.235s] [ 12%] Built target ament_cmake_python_symlink_custom_interfaces
[0.324s] [ 22%] Built target custom_interfaces__rosidl_typesupport_introspection_c
[0.334s] [ 32%] Built target custom_interfaces__rosidl_typesupport_fastrtps_c
[0.340s] [ 45%] Built target custom_interfaces__rosidl_typesupport_cpp
[0.344s] [ 51%] Built target custom_interfaces__rosidl_typesupport_fastrtps_cpp
[0.363s] [ 61%] Built target custom_interfaces__rosidl_typesupport_introspection_cpp
[0.379s] [ 70%] Built target custom_interfaces__rosidl_typesupport_c
[0.456s] [ 70%] Built target custom_interfaces
[0.522s] [ 74%] Built target custom_interfaces__py
[0.596s] [ 80%] Built target custom_interfaces__rosidl_generator_py
[0.683s] [ 87%] Built target custom_interfaces__rosidl_typesupport_c__pyext
[0.687s] [ 93%] Built target custom_interfaces__rosidl_typesupport_fastrtps_c__pyext
[0.694s] [100%] Built target custom_interfaces__rosidl_typesupport_introspection_c__pyext
[0.950s] running egg_info
[0.951s] writing custom_interfaces.egg-info/PKG-INFO
[0.952s] writing dependency_links to custom_interfaces.egg-info/dependency_links.txt
[0.952s] writing top-level names to custom_interfaces.egg-info/top_level.txt
[0.956s] reading manifest file 'custom_interfaces.egg-info/SOURCES.txt'
[0.958s] writing manifest file 'custom_interfaces.egg-info/SOURCES.txt'
[1.007s] [100%] Built target ament_cmake_python_build_custom_interfaces_egg
[1.130s] Invoked command in '/home/ros/docker_simulation_ws/build/custom_interfaces' returned '0': CMAKE_PREFIX_PATH=${CMAKE_PREFIX_PATH}:/home/ros/docker_simulation_ws/install/rlg_quad_controller:/home/ros/docker_simulation_ws/install/mulinex_ignition_py:/opt/ros/humble /usr/bin/cmake --build /home/ros/docker_simulation_ws/build/custom_interfaces -- -j12 -l12
[1.137s] Invoking command in '/home/ros/docker_simulation_ws/build/custom_interfaces': CMAKE_PREFIX_PATH=${CMAKE_PREFIX_PATH}:/home/ros/docker_simulation_ws/install/rlg_quad_controller:/home/ros/docker_simulation_ws/install/mulinex_ignition_py:/opt/ros/humble /usr/bin/cmake --install /home/ros/docker_simulation_ws/build/custom_interfaces
[1.163s] -- Install configuration: ""
[1.163s] -- Execute custom install script
[1.163s] -- Up-to-date symlink: /home/ros/docker_simulation_ws/install/custom_interfaces/share/ament_index/resource_index/rosidl_interfaces/custom_interfaces
[1.163s] -- Up-to-date symlink: /home/ros/docker_simulation_ws/install/custom_interfaces/include/custom_interfaces/custom_interfaces/msg/detail/wheel_velocity_command__functions.h
[1.164s] -- Up-to-date symlink: /home/ros/docker_simulation_ws/install/custom_interfaces/include/custom_interfaces/custom_interfaces/msg/detail/wheel_velocity_command__struct.h
[1.164s] -- Up-to-date symlink: /home/ros/docker_simulation_ws/install/custom_interfaces/include/custom_interfaces/custom_interfaces/msg/detail/wheel_velocity_command__type_support.h
[1.164s] -- Up-to-date symlink: /home/ros/docker_simulation_ws/install/custom_interfaces/include/custom_interfaces/custom_interfaces/msg/rosidl_generator_c__visibility_control.h
[1.165s] -- Up-to-date symlink: /home/ros/docker_simulation_ws/install/custom_interfaces/include/custom_interfaces/custom_interfaces/msg/wheel_velocity_command.h
[1.165s] -- Up-to-date symlink: /home/ros/docker_simulation_ws/install/custom_interfaces/share/custom_interfaces/environment/library_path.sh
[1.165s] -- Up-to-date symlink: /home/ros/docker_simulation_ws/install/custom_interfaces/share/custom_interfaces/environment/library_path.dsv
[1.166s] -- Up-to-date symlink: /home/ros/docker_simulation_ws/install/custom_interfaces/include/custom_interfaces/custom_interfaces/msg/detail/wheel_velocity_command__rosidl_typesupport_fastrtps_c.h
[1.166s] -- Up-to-date symlink: /home/ros/docker_simulation_ws/install/custom_interfaces/include/custom_interfaces/custom_interfaces/msg/rosidl_typesupport_fastrtps_c__visibility_control.h
[1.166s] -- Up-to-date symlink: /home/ros/docker_simulation_ws/install/custom_interfaces/include/custom_interfaces/custom_interfaces/msg/detail/wheel_velocity_command__builder.hpp
[1.167s] -- Up-to-date symlink: /home/ros/docker_simulation_ws/install/custom_interfaces/include/custom_interfaces/custom_interfaces/msg/detail/wheel_velocity_command__struct.hpp
[1.168s] -- Up-to-date symlink: /home/ros/docker_simulation_ws/install/custom_interfaces/include/custom_interfaces/custom_interfaces/msg/detail/wheel_velocity_command__traits.hpp
[1.168s] -- Up-to-date symlink: /home/ros/docker_simulation_ws/install/custom_interfaces/include/custom_interfaces/custom_interfaces/msg/detail/wheel_velocity_command__type_support.hpp
[1.169s] -- Up-to-date symlink: /home/ros/docker_simulation_ws/install/custom_interfaces/include/custom_interfaces/custom_interfaces/msg/rosidl_generator_cpp__visibility_control.hpp
[1.170s] -- Up-to-date symlink: /home/ros/docker_simulation_ws/install/custom_interfaces/include/custom_interfaces/custom_interfaces/msg/wheel_velocity_command.hpp
[1.172s] -- Up-to-date symlink: /home/ros/docker_simulation_ws/install/custom_interfaces/include/custom_interfaces/custom_interfaces/msg/detail/wheel_velocity_command__rosidl_typesupport_fastrtps_cpp.hpp
[1.173s] -- Up-to-date symlink: /home/ros/docker_simulation_ws/install/custom_interfaces/include/custom_interfaces/custom_interfaces/msg/rosidl_typesupport_fastrtps_cpp__visibility_control.h
[1.175s] -- Up-to-date symlink: /home/ros/docker_simulation_ws/install/custom_interfaces/include/custom_interfaces/custom_interfaces/msg/detail/wheel_velocity_command__rosidl_typesupport_introspection_c.h
[1.176s] -- Up-to-date symlink: /home/ros/docker_simulation_ws/install/custom_interfaces/include/custom_interfaces/custom_interfaces/msg/rosidl_typesupport_introspection_c__visibility_control.h
[1.181s] -- Up-to-date symlink: /home/ros/docker_simulation_ws/install/custom_interfaces/include/custom_interfaces/custom_interfaces/msg/detail/wheel_velocity_command__rosidl_typesupport_introspection_cpp.hpp
[1.181s] -- Up-to-date symlink: /home/ros/docker_simulation_ws/install/custom_interfaces/share/custom_interfaces/environment/pythonpath.sh
[1.183s] -- Up-to-date symlink: /home/ros/docker_simulation_ws/install/custom_interfaces/share/custom_interfaces/environment/pythonpath.dsv
[1.183s] -- Up-to-date symlink: /home/ros/docker_simulation_ws/install/custom_interfaces/local/lib/python3.10/dist-packages/custom_interfaces-0.0.0-py3.10.egg-info/PKG-INFO
[1.185s] -- Up-to-date symlink: /home/ros/docker_simulation_ws/install/custom_interfaces/local/lib/python3.10/dist-packages/custom_interfaces-0.0.0-py3.10.egg-info/SOURCES.txt
[1.194s] -- Up-to-date symlink: /home/ros/docker_simulation_ws/install/custom_interfaces/local/lib/python3.10/dist-packages/custom_interfaces-0.0.0-py3.10.egg-info/dependency_links.txt
[1.194s] -- Up-to-date symlink: /home/ros/docker_simulation_ws/install/custom_interfaces/local/lib/python3.10/dist-packages/custom_interfaces-0.0.0-py3.10.egg-info/top_level.txt
[1.195s] -- Up-to-date symlink: /home/ros/docker_simulation_ws/install/custom_interfaces/local/lib/python3.10/dist-packages/custom_interfaces/__init__.py
[1.196s] -- Up-to-date symlink: /home/ros/docker_simulation_ws/install/custom_interfaces/local/lib/python3.10/dist-packages/custom_interfaces/_custom_interfaces_s.ep.rosidl_typesupport_c.c
[1.197s] -- Up-to-date symlink: /home/ros/docker_simulation_ws/install/custom_interfaces/local/lib/python3.10/dist-packages/custom_interfaces/_custom_interfaces_s.ep.rosidl_typesupport_fastrtps_c.c
[1.198s] -- Up-to-date symlink: /home/ros/docker_simulation_ws/install/custom_interfaces/local/lib/python3.10/dist-packages/custom_interfaces/_custom_interfaces_s.ep.rosidl_typesupport_introspection_c.c
[1.200s] -- Up-to-date symlink: /home/ros/docker_simulation_ws/install/custom_interfaces/local/lib/python3.10/dist-packages/custom_interfaces/custom_interfaces_s__rosidl_typesupport_c.cpython-310-x86_64-linux-gnu.so
[1.200s] -- Up-to-date symlink: /home/ros/docker_simulation_ws/install/custom_interfaces/local/lib/python3.10/dist-packages/custom_interfaces/custom_interfaces_s__rosidl_typesupport_fastrtps_c.cpython-310-x86_64-linux-gnu.so
[1.201s] -- Up-to-date symlink: /home/ros/docker_simulation_ws/install/custom_interfaces/local/lib/python3.10/dist-packages/custom_interfaces/custom_interfaces_s__rosidl_typesupport_introspection_c.cpython-310-x86_64-linux-gnu.so
[1.201s] -- Up-to-date symlink: /home/ros/docker_simulation_ws/install/custom_interfaces/local/lib/python3.10/dist-packages/custom_interfaces/libcustom_interfaces__rosidl_generator_py.so
[1.202s] -- Up-to-date symlink: /home/ros/docker_simulation_ws/install/custom_interfaces/local/lib/python3.10/dist-packages/custom_interfaces/msg/__init__.py
[1.202s] -- Up-to-date symlink: /home/ros/docker_simulation_ws/install/custom_interfaces/local/lib/python3.10/dist-packages/custom_interfaces/msg/_wheel_velocity_command.py
[1.203s] -- Up-to-date symlink: /home/ros/docker_simulation_ws/install/custom_interfaces/local/lib/python3.10/dist-packages/custom_interfaces/msg/_wheel_velocity_command_s.c
[1.203s] -- Up-to-date symlink: /home/ros/docker_simulation_ws/install/custom_interfaces/local/lib/python3.10/dist-packages/custom_interfaces/custom_interfaces_s__rosidl_typesupport_fastrtps_c.cpython-310-x86_64-linux-gnu.so
[1.203s] -- Up-to-date symlink: /home/ros/docker_simulation_ws/install/custom_interfaces/local/lib/python3.10/dist-packages/custom_interfaces/custom_interfaces_s__rosidl_typesupport_introspection_c.cpython-310-x86_64-linux-gnu.so
[1.204s] -- Up-to-date symlink: /home/ros/docker_simulation_ws/install/custom_interfaces/local/lib/python3.10/dist-packages/custom_interfaces/custom_interfaces_s__rosidl_typesupport_c.cpython-310-x86_64-linux-gnu.so
[1.204s] -- Up-to-date symlink: /home/ros/docker_simulation_ws/install/custom_interfaces/share/custom_interfaces/msg/WheelVelocityCommand.idl
[1.205s] -- Up-to-date symlink: /home/ros/docker_simulation_ws/install/custom_interfaces/share/custom_interfaces/msg/WheelVelocityCommand.msg
[1.205s] -- Up-to-date symlink: /home/ros/docker_simulation_ws/install/custom_interfaces/share/ament_index/resource_index/package_run_dependencies/custom_interfaces
[1.206s] -- Up-to-date symlink: /home/ros/docker_simulation_ws/install/custom_interfaces/share/ament_index/resource_index/parent_prefix_path/custom_interfaces
[1.206s] -- Up-to-date symlink: /home/ros/docker_simulation_ws/install/custom_interfaces/share/custom_interfaces/environment/ament_prefix_path.sh
[1.206s] -- Up-to-date symlink: /home/ros/docker_simulation_ws/install/custom_interfaces/share/custom_interfaces/environment/ament_prefix_path.dsv
[1.207s] -- Up-to-date symlink: /home/ros/docker_simulation_ws/install/custom_interfaces/share/custom_interfaces/environment/path.sh
[1.213s] -- Up-to-date symlink: /home/ros/docker_simulation_ws/install/custom_interfaces/share/custom_interfaces/environment/path.dsv
[1.217s] -- Up-to-date symlink: /home/ros/docker_simulation_ws/install/custom_interfaces/share/custom_interfaces/local_setup.bash
[1.217s] -- Up-to-date symlink: /home/ros/docker_simulation_ws/install/custom_interfaces/share/custom_interfaces/local_setup.sh
[1.218s] -- Up-to-date symlink: /home/ros/docker_simulation_ws/install/custom_interfaces/share/custom_interfaces/local_setup.zsh
[1.219s] -- Up-to-date symlink: /home/ros/docker_simulation_ws/install/custom_interfaces/share/custom_interfaces/local_setup.dsv
[1.219s] -- Symlinking: /home/ros/docker_simulation_ws/install/custom_interfaces/share/custom_interfaces/package.dsv
[1.240s] -- Up-to-date symlink: /home/ros/docker_simulation_ws/install/custom_interfaces/share/ament_index/resource_index/packages/custom_interfaces
[1.243s] -- Up-to-date symlink: /home/ros/docker_simulation_ws/install/custom_interfaces/share/custom_interfaces/cmake/rosidl_cmake-extras.cmake
[1.243s] -- Up-to-date symlink: /home/ros/docker_simulation_ws/install/custom_interfaces/share/custom_interfaces/cmake/ament_cmake_export_dependencies-extras.cmake
[1.243s] -- Up-to-date symlink: /home/ros/docker_simulation_ws/install/custom_interfaces/share/custom_interfaces/cmake/ament_cmake_export_include_directories-extras.cmake
[1.244s] -- Up-to-date symlink: /home/ros/docker_simulation_ws/install/custom_interfaces/share/custom_interfaces/cmake/ament_cmake_export_libraries-extras.cmake
[1.244s] -- Up-to-date symlink: /home/ros/docker_simulation_ws/install/custom_interfaces/share/custom_interfaces/cmake/ament_cmake_export_targets-extras.cmake
[1.244s] -- Up-to-date symlink: /home/ros/docker_simulation_ws/install/custom_interfaces/share/custom_interfaces/cmake/rosidl_cmake_export_typesupport_targets-extras.cmake
[1.244s] -- Up-to-date symlink: /home/ros/docker_simulation_ws/install/custom_interfaces/share/custom_interfaces/cmake/rosidl_cmake_export_typesupport_libraries-extras.cmake
[1.244s] -- Up-to-date symlink: /home/ros/docker_simulation_ws/install/custom_interfaces/share/custom_interfaces/cmake/custom_interfacesConfig.cmake
[1.245s] -- Up-to-date symlink: /home/ros/docker_simulation_ws/install/custom_interfaces/share/custom_interfaces/cmake/custom_interfacesConfig-version.cmake
[1.246s] -- Up-to-date symlink: /home/ros/docker_simulation_ws/install/custom_interfaces/share/custom_interfaces/package.xml
[1.246s] -- Up-to-date: /home/ros/docker_simulation_ws/install/custom_interfaces/lib/libcustom_interfaces__rosidl_generator_c.so
[1.246s] -- Up-to-date: /home/ros/docker_simulation_ws/install/custom_interfaces/lib/libcustom_interfaces__rosidl_typesupport_fastrtps_c.so
[1.247s] -- Up-to-date: /home/ros/docker_simulation_ws/install/custom_interfaces/lib/libcustom_interfaces__rosidl_typesupport_fastrtps_cpp.so
[1.247s] -- Up-to-date: /home/ros/docker_simulation_ws/install/custom_interfaces/lib/libcustom_interfaces__rosidl_typesupport_introspection_c.so
[1.247s] -- Up-to-date: /home/ros/docker_simulation_ws/install/custom_interfaces/lib/libcustom_interfaces__rosidl_typesupport_c.so
[1.247s] -- Up-to-date: /home/ros/docker_simulation_ws/install/custom_interfaces/lib/libcustom_interfaces__rosidl_typesupport_introspection_cpp.so
[1.248s] -- Up-to-date: /home/ros/docker_simulation_ws/install/custom_interfaces/lib/libcustom_interfaces__rosidl_typesupport_cpp.so
[1.340s] Listing '/home/ros/docker_simulation_ws/install/custom_interfaces/local/lib/python3.10/dist-packages/custom_interfaces'...
[1.340s] Listing '/home/ros/docker_simulation_ws/install/custom_interfaces/local/lib/python3.10/dist-packages/custom_interfaces/msg'...
[1.351s] -- Up-to-date: /home/ros/docker_simulation_ws/install/custom_interfaces/lib/libcustom_interfaces__rosidl_generator_py.so
[1.352s] -- Up-to-date: /home/ros/docker_simulation_ws/install/custom_interfaces/share/custom_interfaces/cmake/export_custom_interfaces__rosidl_generator_cExport.cmake
[1.353s] -- Up-to-date: /home/ros/docker_simulation_ws/install/custom_interfaces/share/custom_interfaces/cmake/export_custom_interfaces__rosidl_generator_cExport-noconfig.cmake
[1.353s] -- Up-to-date: /home/ros/docker_simulation_ws/install/custom_interfaces/share/custom_interfaces/cmake/export_custom_interfaces__rosidl_typesupport_fastrtps_cExport.cmake
[1.354s] -- Up-to-date: /home/ros/docker_simulation_ws/install/custom_interfaces/share/custom_interfaces/cmake/export_custom_interfaces__rosidl_typesupport_fastrtps_cExport-noconfig.cmake
[1.354s] -- Up-to-date: /home/ros/docker_simulation_ws/install/custom_interfaces/share/custom_interfaces/cmake/export_custom_interfaces__rosidl_generator_cppExport.cmake
[1.354s] -- Up-to-date: /home/ros/docker_simulation_ws/install/custom_interfaces/share/custom_interfaces/cmake/export_custom_interfaces__rosidl_typesupport_fastrtps_cppExport.cmake
[1.355s] -- Up-to-date: /home/ros/docker_simulation_ws/install/custom_interfaces/share/custom_interfaces/cmake/export_custom_interfaces__rosidl_typesupport_fastrtps_cppExport-noconfig.cmake
[1.355s] -- Up-to-date: /home/ros/docker_simulation_ws/install/custom_interfaces/share/custom_interfaces/cmake/custom_interfaces__rosidl_typesupport_introspection_cExport.cmake
[1.356s] -- Up-to-date: /home/ros/docker_simulation_ws/install/custom_interfaces/share/custom_interfaces/cmake/custom_interfaces__rosidl_typesupport_introspection_cExport-noconfig.cmake
[1.356s] -- Up-to-date: /home/ros/docker_simulation_ws/install/custom_interfaces/share/custom_interfaces/cmake/custom_interfaces__rosidl_typesupport_cExport.cmake
[1.356s] -- Up-to-date: /home/ros/docker_simulation_ws/install/custom_interfaces/share/custom_interfaces/cmake/custom_interfaces__rosidl_typesupport_cExport-noconfig.cmake
[1.357s] -- Up-to-date: /home/ros/docker_simulation_ws/install/custom_interfaces/share/custom_interfaces/cmake/custom_interfaces__rosidl_typesupport_introspection_cppExport.cmake
[1.357s] -- Up-to-date: /home/ros/docker_simulation_ws/install/custom_interfaces/share/custom_interfaces/cmake/custom_interfaces__rosidl_typesupport_introspection_cppExport-noconfig.cmake
[1.358s] -- Up-to-date: /home/ros/docker_simulation_ws/install/custom_interfaces/share/custom_interfaces/cmake/custom_interfaces__rosidl_typesupport_cppExport.cmake
[1.358s] -- Up-to-date: /home/ros/docker_simulation_ws/install/custom_interfaces/share/custom_interfaces/cmake/custom_interfaces__rosidl_typesupport_cppExport-noconfig.cmake
[1.358s] -- Up-to-date: /home/ros/docker_simulation_ws/install/custom_interfaces/share/custom_interfaces/cmake/export_custom_interfaces__rosidl_generator_pyExport.cmake
[1.358s] -- Up-to-date: /home/ros/docker_simulation_ws/install/custom_interfaces/share/custom_interfaces/cmake/export_custom_interfaces__rosidl_generator_pyExport-noconfig.cmake
[1.363s] Invoked command in '/home/ros/docker_simulation_ws/build/custom_interfaces' returned '0': CMAKE_PREFIX_PATH=${CMAKE_PREFIX_PATH}:/home/ros/docker_simulation_ws/install/rlg_quad_controller:/home/ros/docker_simulation_ws/install/mulinex_ignition_py:/opt/ros/humble /usr/bin/cmake --install /home/ros/docker_simulation_ws/build/custom_interfaces
