[2.301s] Invoking command in '/home/ros/docker_simulation_ws/build/mulinex_ignition_py': PYTHONPATH=/home/ros/docker_simulation_ws/build/mulinex_ignition_py/prefix_override:/usr/lib/python3/dist-packages/colcon_core/task/python/colcon_distutils_commands:/home/ros/docker_simulation_ws/install/mulinex_ignition_py/lib/python3.10/site-packages:${PYTHONPATH} /usr/bin/python3 -W ignore:setup.py install is deprecated -W ignore:easy_install command is deprecated setup.py develop --editable --build-directory /home/ros/docker_simulation_ws/build/mulinex_ignition_py/build --no-deps symlink_data
[2.901s] running develop
[3.185s] running egg_info
[3.186s] writing mulinex_ignition_py.egg-info/PKG-INFO
[3.186s] writing dependency_links to mulinex_ignition_py.egg-info/dependency_links.txt
[3.187s] writing entry points to mulinex_ignition_py.egg-info/entry_points.txt
[3.187s] writing requirements to mulinex_ignition_py.egg-info/requires.txt
[3.188s] writing top-level names to mulinex_ignition_py.egg-info/top_level.txt
[3.192s] reading manifest file 'mulinex_ignition_py.egg-info/SOURCES.txt'
[3.194s] writing manifest file 'mulinex_ignition_py.egg-info/SOURCES.txt'
[3.198s] running build_ext
[3.198s] Creating /home/ros/docker_simulation_ws/install/mulinex_ignition_py/lib/python3.10/site-packages/mulinex-ignition-py.egg-link (link to .)
[3.200s] Installing bridge_node script to /home/ros/docker_simulation_ws/install/mulinex_ignition_py/lib/mulinex_ignition_py
[3.201s] Installing getup script to /home/ros/docker_simulation_ws/install/mulinex_ignition_py/lib/mulinex_ignition_py
[3.201s] Installing getup_omni_1 script to /home/ros/docker_simulation_ws/install/mulinex_ignition_py/lib/mulinex_ignition_py
[3.201s] Installing gostraighton script to /home/ros/docker_simulation_ws/install/mulinex_ignition_py/lib/mulinex_ignition_py
[3.202s] Installing move_pd script to /home/ros/docker_simulation_ws/install/mulinex_ignition_py/lib/mulinex_ignition_py
[3.203s] Installing move_wheels script to /home/ros/docker_simulation_ws/install/mulinex_ignition_py/lib/mulinex_ignition_py
[3.203s] Installing move_wheels_2 script to /home/ros/docker_simulation_ws/install/mulinex_ignition_py/lib/mulinex_ignition_py
[3.204s] Installing walking script to /home/ros/docker_simulation_ws/install/mulinex_ignition_py/lib/mulinex_ignition_py
[3.204s] 
[3.204s] Installed /home/ros/docker_simulation_ws/build/mulinex_ignition_py
[3.205s] running symlink_data
[3.259s] Invoked command in '/home/ros/docker_simulation_ws/build/mulinex_ignition_py' returned '0': PYTHONPATH=/home/ros/docker_simulation_ws/build/mulinex_ignition_py/prefix_override:/usr/lib/python3/dist-packages/colcon_core/task/python/colcon_distutils_commands:/home/ros/docker_simulation_ws/install/mulinex_ignition_py/lib/python3.10/site-packages:${PYTHONPATH} /usr/bin/python3 -W ignore:setup.py install is deprecated -W ignore:easy_install command is deprecated setup.py develop --editable --build-directory /home/ros/docker_simulation_ws/build/mulinex_ignition_py/build --no-deps symlink_data
