[1.932s] Invoking command in '/home/ros/docker_simulation_ws/build/mulinex_ignition_py': PYTHONPATH=/home/ros/docker_simulation_ws/build/mulinex_ignition_py/prefix_override:/usr/lib/python3/dist-packages/colcon_core/task/python/colcon_distutils_commands:/home/ros/docker_simulation_ws/install/mulinex_ignition_py/lib/python3.10/site-packages:${PYTHONPATH} /usr/bin/python3 -W ignore:setup.py install is deprecated -W ignore:easy_install command is deprecated setup.py develop --uninstall --editable --build-directory /home/ros/docker_simulation_ws/build/mulinex_ignition_py/build
[2.587s] running develop
[2.919s] Removing /home/ros/docker_simulation_ws/install/mulinex_ignition_py/lib/python3.10/site-packages/mulinex-ignition-py.egg-link (link to .)
[2.976s] Invoked command in '/home/ros/docker_simulation_ws/build/mulinex_ignition_py' returned '0': PYTHONPATH=/home/ros/docker_simulation_ws/build/mulinex_ignition_py/prefix_override:/usr/lib/python3/dist-packages/colcon_core/task/python/colcon_distutils_commands:/home/ros/docker_simulation_ws/install/mulinex_ignition_py/lib/python3.10/site-packages:${PYTHONPATH} /usr/bin/python3 -W ignore:setup.py install is deprecated -W ignore:easy_install command is deprecated setup.py develop --uninstall --editable --build-directory /home/ros/docker_simulation_ws/build/mulinex_ignition_py/build
[2.982s] Invoking command in '/home/ros/docker_simulation_ws/src/mulinex_ignition_py': PYTHONPATH=/home/ros/docker_simulation_ws/build/mulinex_ignition_py/prefix_override:/usr/lib/python3/dist-packages/colcon_core/task/python/colcon_distutils_commands:/home/ros/docker_simulation_ws/install/mulinex_ignition_py/lib/python3.10/site-packages:${PYTHONPATH} /usr/bin/python3 -W ignore:setup.py install is deprecated -W ignore:easy_install command is deprecated setup.py egg_info --egg-base ../../build/mulinex_ignition_py build --build-base /home/ros/docker_simulation_ws/build/mulinex_ignition_py/build install --record /home/ros/docker_simulation_ws/build/mulinex_ignition_py/install.log --single-version-externally-managed install_data --force
[3.857s] running egg_info
[3.861s] writing ../../build/mulinex_ignition_py/mulinex_ignition_py.egg-info/PKG-INFO
[3.861s] writing dependency_links to ../../build/mulinex_ignition_py/mulinex_ignition_py.egg-info/dependency_links.txt
[3.863s] writing entry points to ../../build/mulinex_ignition_py/mulinex_ignition_py.egg-info/entry_points.txt
[3.865s] writing requirements to ../../build/mulinex_ignition_py/mulinex_ignition_py.egg-info/requires.txt
[3.871s] writing top-level names to ../../build/mulinex_ignition_py/mulinex_ignition_py.egg-info/top_level.txt
[3.881s] reading manifest file '../../build/mulinex_ignition_py/mulinex_ignition_py.egg-info/SOURCES.txt'
[3.884s] writing manifest file '../../build/mulinex_ignition_py/mulinex_ignition_py.egg-info/SOURCES.txt'
[3.884s] running build
[3.884s] running build_py
[3.886s] creating /home/ros/docker_simulation_ws/build/mulinex_ignition_py/build
[3.887s] creating /home/ros/docker_simulation_ws/build/mulinex_ignition_py/build/lib
[3.888s] creating /home/ros/docker_simulation_ws/build/mulinex_ignition_py/build/lib/mulinex_ignition_py
[3.889s] copying mulinex_ignition_py/walking.py -> /home/ros/docker_simulation_ws/build/mulinex_ignition_py/build/lib/mulinex_ignition_py
[3.890s] copying mulinex_ignition_py/getup.py -> /home/ros/docker_simulation_ws/build/mulinex_ignition_py/build/lib/mulinex_ignition_py
[3.890s] copying mulinex_ignition_py/stash.py -> /home/ros/docker_simulation_ws/build/mulinex_ignition_py/build/lib/mulinex_ignition_py
[3.891s] copying mulinex_ignition_py/bridge_node.py -> /home/ros/docker_simulation_ws/build/mulinex_ignition_py/build/lib/mulinex_ignition_py
[3.891s] copying mulinex_ignition_py/move_wheels_2.py -> /home/ros/docker_simulation_ws/build/mulinex_ignition_py/build/lib/mulinex_ignition_py
[3.893s] copying mulinex_ignition_py/move_pd.py -> /home/ros/docker_simulation_ws/build/mulinex_ignition_py/build/lib/mulinex_ignition_py
[3.893s] copying mulinex_ignition_py/getup_omni_1.py -> /home/ros/docker_simulation_ws/build/mulinex_ignition_py/build/lib/mulinex_ignition_py
[3.894s] copying mulinex_ignition_py/move_wheels.py -> /home/ros/docker_simulation_ws/build/mulinex_ignition_py/build/lib/mulinex_ignition_py
[3.894s] copying mulinex_ignition_py/gostraighton.py -> /home/ros/docker_simulation_ws/build/mulinex_ignition_py/build/lib/mulinex_ignition_py
[3.895s] copying mulinex_ignition_py/__init__.py -> /home/ros/docker_simulation_ws/build/mulinex_ignition_py/build/lib/mulinex_ignition_py
[3.896s] running install
[3.897s] running install_lib
[3.902s] creating /home/ros/docker_simulation_ws/install/mulinex_ignition_py/lib/python3.10/site-packages/mulinex_ignition_py
[3.904s] copying /home/ros/docker_simulation_ws/build/mulinex_ignition_py/build/lib/mulinex_ignition_py/walking.py -> /home/ros/docker_simulation_ws/install/mulinex_ignition_py/lib/python3.10/site-packages/mulinex_ignition_py
[3.906s] copying /home/ros/docker_simulation_ws/build/mulinex_ignition_py/build/lib/mulinex_ignition_py/getup.py -> /home/ros/docker_simulation_ws/install/mulinex_ignition_py/lib/python3.10/site-packages/mulinex_ignition_py
[3.909s] copying /home/ros/docker_simulation_ws/build/mulinex_ignition_py/build/lib/mulinex_ignition_py/stash.py -> /home/ros/docker_simulation_ws/install/mulinex_ignition_py/lib/python3.10/site-packages/mulinex_ignition_py
[3.909s] copying /home/ros/docker_simulation_ws/build/mulinex_ignition_py/build/lib/mulinex_ignition_py/bridge_node.py -> /home/ros/docker_simulation_ws/install/mulinex_ignition_py/lib/python3.10/site-packages/mulinex_ignition_py
[3.913s] copying /home/ros/docker_simulation_ws/build/mulinex_ignition_py/build/lib/mulinex_ignition_py/move_wheels_2.py -> /home/ros/docker_simulation_ws/install/mulinex_ignition_py/lib/python3.10/site-packages/mulinex_ignition_py
[3.913s] copying /home/ros/docker_simulation_ws/build/mulinex_ignition_py/build/lib/mulinex_ignition_py/move_pd.py -> /home/ros/docker_simulation_ws/install/mulinex_ignition_py/lib/python3.10/site-packages/mulinex_ignition_py
[3.913s] copying /home/ros/docker_simulation_ws/build/mulinex_ignition_py/build/lib/mulinex_ignition_py/getup_omni_1.py -> /home/ros/docker_simulation_ws/install/mulinex_ignition_py/lib/python3.10/site-packages/mulinex_ignition_py
[3.915s] copying /home/ros/docker_simulation_ws/build/mulinex_ignition_py/build/lib/mulinex_ignition_py/move_wheels.py -> /home/ros/docker_simulation_ws/install/mulinex_ignition_py/lib/python3.10/site-packages/mulinex_ignition_py
[3.915s] copying /home/ros/docker_simulation_ws/build/mulinex_ignition_py/build/lib/mulinex_ignition_py/gostraighton.py -> /home/ros/docker_simulation_ws/install/mulinex_ignition_py/lib/python3.10/site-packages/mulinex_ignition_py
[3.915s] copying /home/ros/docker_simulation_ws/build/mulinex_ignition_py/build/lib/mulinex_ignition_py/__init__.py -> /home/ros/docker_simulation_ws/install/mulinex_ignition_py/lib/python3.10/site-packages/mulinex_ignition_py
[3.916s] byte-compiling /home/ros/docker_simulation_ws/install/mulinex_ignition_py/lib/python3.10/site-packages/mulinex_ignition_py/walking.py to walking.cpython-310.pyc
[3.919s] byte-compiling /home/ros/docker_simulation_ws/install/mulinex_ignition_py/lib/python3.10/site-packages/mulinex_ignition_py/getup.py to getup.cpython-310.pyc
[3.922s] byte-compiling /home/ros/docker_simulation_ws/install/mulinex_ignition_py/lib/python3.10/site-packages/mulinex_ignition_py/stash.py to stash.cpython-310.pyc
[3.926s] byte-compiling /home/ros/docker_simulation_ws/install/mulinex_ignition_py/lib/python3.10/site-packages/mulinex_ignition_py/bridge_node.py to bridge_node.cpython-310.pyc
[3.927s] byte-compiling /home/ros/docker_simulation_ws/install/mulinex_ignition_py/lib/python3.10/site-packages/mulinex_ignition_py/move_wheels_2.py to move_wheels_2.cpython-310.pyc
[3.933s] byte-compiling /home/ros/docker_simulation_ws/install/mulinex_ignition_py/lib/python3.10/site-packages/mulinex_ignition_py/move_pd.py to move_pd.cpython-310.pyc
[3.936s] byte-compiling /home/ros/docker_simulation_ws/install/mulinex_ignition_py/lib/python3.10/site-packages/mulinex_ignition_py/getup_omni_1.py to getup_omni_1.cpython-310.pyc
[3.941s] byte-compiling /home/ros/docker_simulation_ws/install/mulinex_ignition_py/lib/python3.10/site-packages/mulinex_ignition_py/move_wheels.py to move_wheels.cpython-310.pyc
[3.943s] byte-compiling /home/ros/docker_simulation_ws/install/mulinex_ignition_py/lib/python3.10/site-packages/mulinex_ignition_py/gostraighton.py to gostraighton.cpython-310.pyc
[3.947s] byte-compiling /home/ros/docker_simulation_ws/install/mulinex_ignition_py/lib/python3.10/site-packages/mulinex_ignition_py/__init__.py to __init__.cpython-310.pyc
[3.948s] running install_data
[3.951s] copying resource/mulinex_ignition_py -> /home/ros/docker_simulation_ws/install/mulinex_ignition_py/share/ament_index/resource_index/packages
[3.956s] copying package.xml -> /home/ros/docker_simulation_ws/install/mulinex_ignition_py/share/mulinex_ignition_py
[3.958s] copying launch/rosbag_rec.launch.py -> /home/ros/docker_simulation_ws/install/mulinex_ignition_py/share/mulinex_ignition_py/launch
[3.961s] copying launch/controller_start_launch.py -> /home/ros/docker_simulation_ws/install/mulinex_ignition_py/share/mulinex_ignition_py/launch
[3.962s] running install_egg_info
[3.972s] Copying ../../build/mulinex_ignition_py/mulinex_ignition_py.egg-info to /home/ros/docker_simulation_ws/install/mulinex_ignition_py/lib/python3.10/site-packages/mulinex_ignition_py-0.0.0-py3.10.egg-info
[3.979s] running install_scripts
[4.070s] Installing bridge_node script to /home/ros/docker_simulation_ws/install/mulinex_ignition_py/lib/mulinex_ignition_py
[4.071s] Installing getup script to /home/ros/docker_simulation_ws/install/mulinex_ignition_py/lib/mulinex_ignition_py
[4.072s] Installing getup_omni_1 script to /home/ros/docker_simulation_ws/install/mulinex_ignition_py/lib/mulinex_ignition_py
[4.072s] Installing gostraighton script to /home/ros/docker_simulation_ws/install/mulinex_ignition_py/lib/mulinex_ignition_py
[4.073s] Installing move_pd script to /home/ros/docker_simulation_ws/install/mulinex_ignition_py/lib/mulinex_ignition_py
[4.074s] Installing move_wheels script to /home/ros/docker_simulation_ws/install/mulinex_ignition_py/lib/mulinex_ignition_py
[4.075s] Installing move_wheels_2 script to /home/ros/docker_simulation_ws/install/mulinex_ignition_py/lib/mulinex_ignition_py
[4.078s] Installing walking script to /home/ros/docker_simulation_ws/install/mulinex_ignition_py/lib/mulinex_ignition_py
[4.081s] writing list of installed files to '/home/ros/docker_simulation_ws/build/mulinex_ignition_py/install.log'
[4.188s] Invoked command in '/home/ros/docker_simulation_ws/src/mulinex_ignition_py' returned '0': PYTHONPATH=/home/ros/docker_simulation_ws/build/mulinex_ignition_py/prefix_override:/usr/lib/python3/dist-packages/colcon_core/task/python/colcon_distutils_commands:/home/ros/docker_simulation_ws/install/mulinex_ignition_py/lib/python3.10/site-packages:${PYTHONPATH} /usr/bin/python3 -W ignore:setup.py install is deprecated -W ignore:easy_install command is deprecated setup.py egg_info --egg-base ../../build/mulinex_ignition_py build --build-base /home/ros/docker_simulation_ws/build/mulinex_ignition_py/build install --record /home/ros/docker_simulation_ws/build/mulinex_ignition_py/install.log --single-version-externally-managed install_data --force
