[0.092s] Invoking command in '/home/ros/docker_simulation_ws/build/custom_interfaces': CMAKE_PREFIX_PATH=${CMAKE_PREFIX_PATH}:/home/ros/docker_simulation_ws/install/rlg_quad_controller:/home/ros/docker_simulation_ws/install/mulinex_ignition_py:/opt/ros/humble /usr/bin/cmake --build /home/ros/docker_simulation_ws/build/custom_interfaces -- -j12 -l12
[0.311s] [  3%] Built target custom_interfaces__cpp
[0.337s] [ 12%] Built target custom_interfaces__rosidl_generator_c
[0.364s] [ 12%] Built target ament_cmake_python_symlink_custom_interfaces
[0.532s] [ 22%] Built target custom_interfaces__rosidl_typesupport_fastrtps_cpp
[0.557s] [ 32%] Built target custom_interfaces__rosidl_typesupport_introspection_cpp
[0.562s] [ 41%] Built target custom_interfaces__rosidl_typesupport_cpp
[0.591s] [ 51%] Built target custom_interfaces__rosidl_typesupport_c
[0.629s] [ 61%] Built target custom_interfaces__rosidl_typesupport_fastrtps_c
[0.654s] [ 70%] Built target custom_interfaces__rosidl_typesupport_introspection_c
[0.764s] [ 70%] Built target custom_interfaces
[0.864s] [ 74%] Built target custom_interfaces__py
[0.951s] [ 80%] Built target custom_interfaces__rosidl_generator_py
[1.046s] [ 90%] Built target custom_interfaces__rosidl_typesupport_c__pyext
[1.046s] [ 93%] Built target custom_interfaces__rosidl_typesupport_fastrtps_c__pyext
[1.064s] [100%] Built target custom_interfaces__rosidl_typesupport_introspection_c__pyext
[1.522s] running egg_info
[1.522s] writing custom_interfaces.egg-info/PKG-INFO
[1.523s] writing dependency_links to custom_interfaces.egg-info/dependency_links.txt
[1.523s] writing top-level names to custom_interfaces.egg-info/top_level.txt
[1.525s] reading manifest file 'custom_interfaces.egg-info/SOURCES.txt'
[1.536s] writing manifest file 'custom_interfaces.egg-info/SOURCES.txt'
[1.628s] [100%] Built target ament_cmake_python_build_custom_interfaces_egg
[1.685s] Invoked command in '/home/ros/docker_simulation_ws/build/custom_interfaces' returned '0': CMAKE_PREFIX_PATH=${CMAKE_PREFIX_PATH}:/home/ros/docker_simulation_ws/install/rlg_quad_controller:/home/ros/docker_simulation_ws/install/mulinex_ignition_py:/opt/ros/humble /usr/bin/cmake --build /home/ros/docker_simulation_ws/build/custom_interfaces -- -j12 -l12
[1.686s] Invoking command in '/home/ros/docker_simulation_ws/build/custom_interfaces': CMAKE_PREFIX_PATH=${CMAKE_PREFIX_PATH}:/home/ros/docker_simulation_ws/install/rlg_quad_controller:/home/ros/docker_simulation_ws/install/mulinex_ignition_py:/opt/ros/humble /usr/bin/cmake --install /home/ros/docker_simulation_ws/build/custom_interfaces
[1.714s] -- Install configuration: ""
[1.718s] -- Execute custom install script
[1.718s] -- Up-to-date symlink: /home/ros/docker_simulation_ws/install/custom_interfaces/share/ament_index/resource_index/rosidl_interfaces/custom_interfaces
[1.719s] -- Up-to-date symlink: /home/ros/docker_simulation_ws/install/custom_interfaces/include/custom_interfaces/custom_interfaces/msg/detail/wheel_velocity_command__functions.h
[1.720s] -- Up-to-date symlink: /home/ros/docker_simulation_ws/install/custom_interfaces/include/custom_interfaces/custom_interfaces/msg/detail/wheel_velocity_command__struct.h
[1.721s] -- Up-to-date symlink: /home/ros/docker_simulation_ws/install/custom_interfaces/include/custom_interfaces/custom_interfaces/msg/detail/wheel_velocity_command__type_support.h
[1.721s] -- Up-to-date symlink: /home/ros/docker_simulation_ws/install/custom_interfaces/include/custom_interfaces/custom_interfaces/msg/rosidl_generator_c__visibility_control.h
[1.721s] -- Up-to-date symlink: /home/ros/docker_simulation_ws/install/custom_interfaces/include/custom_interfaces/custom_interfaces/msg/wheel_velocity_command.h
[1.722s] -- Up-to-date symlink: /home/ros/docker_simulation_ws/install/custom_interfaces/share/custom_interfaces/environment/library_path.sh
[1.722s] -- Up-to-date symlink: /home/ros/docker_simulation_ws/install/custom_interfaces/share/custom_interfaces/environment/library_path.dsv
[1.722s] -- Up-to-date symlink: /home/ros/docker_simulation_ws/install/custom_interfaces/include/custom_interfaces/custom_interfaces/msg/detail/wheel_velocity_command__rosidl_typesupport_fastrtps_c.h
[1.724s] -- Up-to-date symlink: /home/ros/docker_simulation_ws/install/custom_interfaces/include/custom_interfaces/custom_interfaces/msg/rosidl_typesupport_fastrtps_c__visibility_control.h
[1.726s] -- Up-to-date symlink: /home/ros/docker_simulation_ws/install/custom_interfaces/include/custom_interfaces/custom_interfaces/msg/detail/wheel_velocity_command__builder.hpp
[1.726s] -- Up-to-date symlink: /home/ros/docker_simulation_ws/install/custom_interfaces/include/custom_interfaces/custom_interfaces/msg/detail/wheel_velocity_command__struct.hpp
[1.728s] -- Up-to-date symlink: /home/ros/docker_simulation_ws/install/custom_interfaces/include/custom_interfaces/custom_interfaces/msg/detail/wheel_velocity_command__traits.hpp
[1.728s] -- Up-to-date symlink: /home/ros/docker_simulation_ws/install/custom_interfaces/include/custom_interfaces/custom_interfaces/msg/detail/wheel_velocity_command__type_support.hpp
[1.728s] -- Up-to-date symlink: /home/ros/docker_simulation_ws/install/custom_interfaces/include/custom_interfaces/custom_interfaces/msg/rosidl_generator_cpp__visibility_control.hpp
[1.729s] -- Up-to-date symlink: /home/ros/docker_simulation_ws/install/custom_interfaces/include/custom_interfaces/custom_interfaces/msg/wheel_velocity_command.hpp
[1.730s] -- Up-to-date symlink: /home/ros/docker_simulation_ws/install/custom_interfaces/include/custom_interfaces/custom_interfaces/msg/detail/wheel_velocity_command__rosidl_typesupport_fastrtps_cpp.hpp
[1.730s] -- Up-to-date symlink: /home/ros/docker_simulation_ws/install/custom_interfaces/include/custom_interfaces/custom_interfaces/msg/rosidl_typesupport_fastrtps_cpp__visibility_control.h
[1.732s] -- Up-to-date symlink: /home/ros/docker_simulation_ws/install/custom_interfaces/include/custom_interfaces/custom_interfaces/msg/detail/wheel_velocity_command__rosidl_typesupport_introspection_c.h
[1.732s] -- Up-to-date symlink: /home/ros/docker_simulation_ws/install/custom_interfaces/include/custom_interfaces/custom_interfaces/msg/rosidl_typesupport_introspection_c__visibility_control.h
[1.733s] -- Up-to-date symlink: /home/ros/docker_simulation_ws/install/custom_interfaces/include/custom_interfaces/custom_interfaces/msg/detail/wheel_velocity_command__rosidl_typesupport_introspection_cpp.hpp
[1.735s] -- Up-to-date symlink: /home/ros/docker_simulation_ws/install/custom_interfaces/share/custom_interfaces/environment/pythonpath.sh
[1.735s] -- Up-to-date symlink: /home/ros/docker_simulation_ws/install/custom_interfaces/share/custom_interfaces/environment/pythonpath.dsv
[1.737s] -- Up-to-date symlink: /home/ros/docker_simulation_ws/install/custom_interfaces/local/lib/python3.10/dist-packages/custom_interfaces-0.0.0-py3.10.egg-info/PKG-INFO
[1.738s] -- Up-to-date symlink: /home/ros/docker_simulation_ws/install/custom_interfaces/local/lib/python3.10/dist-packages/custom_interfaces-0.0.0-py3.10.egg-info/SOURCES.txt
[1.739s] -- Up-to-date symlink: /home/ros/docker_simulation_ws/install/custom_interfaces/local/lib/python3.10/dist-packages/custom_interfaces-0.0.0-py3.10.egg-info/dependency_links.txt
[1.739s] -- Up-to-date symlink: /home/ros/docker_simulation_ws/install/custom_interfaces/local/lib/python3.10/dist-packages/custom_interfaces-0.0.0-py3.10.egg-info/top_level.txt
[1.740s] -- Up-to-date symlink: /home/ros/docker_simulation_ws/install/custom_interfaces/local/lib/python3.10/dist-packages/custom_interfaces/__init__.py
[1.740s] -- Up-to-date symlink: /home/ros/docker_simulation_ws/install/custom_interfaces/local/lib/python3.10/dist-packages/custom_interfaces/_custom_interfaces_s.ep.rosidl_typesupport_c.c
[1.741s] -- Up-to-date symlink: /home/ros/docker_simulation_ws/install/custom_interfaces/local/lib/python3.10/dist-packages/custom_interfaces/_custom_interfaces_s.ep.rosidl_typesupport_fastrtps_c.c
[1.747s] -- Up-to-date symlink: /home/ros/docker_simulation_ws/install/custom_interfaces/local/lib/python3.10/dist-packages/custom_interfaces/_custom_interfaces_s.ep.rosidl_typesupport_introspection_c.c
[1.747s] -- Up-to-date symlink: /home/ros/docker_simulation_ws/install/custom_interfaces/local/lib/python3.10/dist-packages/custom_interfaces/custom_interfaces_s__rosidl_typesupport_c.cpython-310-x86_64-linux-gnu.so
[1.748s] -- Up-to-date symlink: /home/ros/docker_simulation_ws/install/custom_interfaces/local/lib/python3.10/dist-packages/custom_interfaces/custom_interfaces_s__rosidl_typesupport_fastrtps_c.cpython-310-x86_64-linux-gnu.so
[1.748s] -- Up-to-date symlink: /home/ros/docker_simulation_ws/install/custom_interfaces/local/lib/python3.10/dist-packages/custom_interfaces/custom_interfaces_s__rosidl_typesupport_introspection_c.cpython-310-x86_64-linux-gnu.so
[1.749s] -- Up-to-date symlink: /home/ros/docker_simulation_ws/install/custom_interfaces/local/lib/python3.10/dist-packages/custom_interfaces/libcustom_interfaces__rosidl_generator_py.so
[1.749s] -- Up-to-date symlink: /home/ros/docker_simulation_ws/install/custom_interfaces/local/lib/python3.10/dist-packages/custom_interfaces/msg/__init__.py
[1.749s] -- Up-to-date symlink: /home/ros/docker_simulation_ws/install/custom_interfaces/local/lib/python3.10/dist-packages/custom_interfaces/msg/_wheel_velocity_command.py
[1.749s] -- Up-to-date symlink: /home/ros/docker_simulation_ws/install/custom_interfaces/local/lib/python3.10/dist-packages/custom_interfaces/msg/_wheel_velocity_command_s.c
[1.750s] -- Up-to-date symlink: /home/ros/docker_simulation_ws/install/custom_interfaces/local/lib/python3.10/dist-packages/custom_interfaces/custom_interfaces_s__rosidl_typesupport_fastrtps_c.cpython-310-x86_64-linux-gnu.so
[1.750s] -- Up-to-date symlink: /home/ros/docker_simulation_ws/install/custom_interfaces/local/lib/python3.10/dist-packages/custom_interfaces/custom_interfaces_s__rosidl_typesupport_introspection_c.cpython-310-x86_64-linux-gnu.so
[1.751s] -- Up-to-date symlink: /home/ros/docker_simulation_ws/install/custom_interfaces/local/lib/python3.10/dist-packages/custom_interfaces/custom_interfaces_s__rosidl_typesupport_c.cpython-310-x86_64-linux-gnu.so
[1.751s] -- Up-to-date symlink: /home/ros/docker_simulation_ws/install/custom_interfaces/share/custom_interfaces/msg/WheelVelocityCommand.idl
[1.752s] -- Up-to-date symlink: /home/ros/docker_simulation_ws/install/custom_interfaces/share/custom_interfaces/msg/WheelVelocityCommand.msg
[1.752s] -- Up-to-date symlink: /home/ros/docker_simulation_ws/install/custom_interfaces/share/ament_index/resource_index/package_run_dependencies/custom_interfaces
[1.752s] -- Up-to-date symlink: /home/ros/docker_simulation_ws/install/custom_interfaces/share/ament_index/resource_index/parent_prefix_path/custom_interfaces
[1.753s] -- Up-to-date symlink: /home/ros/docker_simulation_ws/install/custom_interfaces/share/custom_interfaces/environment/ament_prefix_path.sh
[1.754s] -- Up-to-date symlink: /home/ros/docker_simulation_ws/install/custom_interfaces/share/custom_interfaces/environment/ament_prefix_path.dsv
[1.755s] -- Up-to-date symlink: /home/ros/docker_simulation_ws/install/custom_interfaces/share/custom_interfaces/environment/path.sh
[1.761s] -- Up-to-date symlink: /home/ros/docker_simulation_ws/install/custom_interfaces/share/custom_interfaces/environment/path.dsv
[1.765s] -- Up-to-date symlink: /home/ros/docker_simulation_ws/install/custom_interfaces/share/custom_interfaces/local_setup.bash
[1.765s] -- Up-to-date symlink: /home/ros/docker_simulation_ws/install/custom_interfaces/share/custom_interfaces/local_setup.sh
[1.765s] -- Up-to-date symlink: /home/ros/docker_simulation_ws/install/custom_interfaces/share/custom_interfaces/local_setup.zsh
[1.766s] -- Up-to-date symlink: /home/ros/docker_simulation_ws/install/custom_interfaces/share/custom_interfaces/local_setup.dsv
[1.766s] -- Symlinking: /home/ros/docker_simulation_ws/install/custom_interfaces/share/custom_interfaces/package.dsv
[1.787s] -- Up-to-date symlink: /home/ros/docker_simulation_ws/install/custom_interfaces/share/ament_index/resource_index/packages/custom_interfaces
[1.788s] -- Up-to-date symlink: /home/ros/docker_simulation_ws/install/custom_interfaces/share/custom_interfaces/cmake/rosidl_cmake-extras.cmake
[1.790s] -- Up-to-date symlink: /home/ros/docker_simulation_ws/install/custom_interfaces/share/custom_interfaces/cmake/ament_cmake_export_dependencies-extras.cmake
[1.790s] -- Up-to-date symlink: /home/ros/docker_simulation_ws/install/custom_interfaces/share/custom_interfaces/cmake/ament_cmake_export_include_directories-extras.cmake
[1.792s] -- Up-to-date symlink: /home/ros/docker_simulation_ws/install/custom_interfaces/share/custom_interfaces/cmake/ament_cmake_export_libraries-extras.cmake
[1.794s] -- Up-to-date symlink: /home/ros/docker_simulation_ws/install/custom_interfaces/share/custom_interfaces/cmake/ament_cmake_export_targets-extras.cmake
[1.794s] -- Up-to-date symlink: /home/ros/docker_simulation_ws/install/custom_interfaces/share/custom_interfaces/cmake/rosidl_cmake_export_typesupport_targets-extras.cmake
[1.795s] -- Up-to-date symlink: /home/ros/docker_simulation_ws/install/custom_interfaces/share/custom_interfaces/cmake/rosidl_cmake_export_typesupport_libraries-extras.cmake
[1.799s] -- Up-to-date symlink: /home/ros/docker_simulation_ws/install/custom_interfaces/share/custom_interfaces/cmake/custom_interfacesConfig.cmake
[1.799s] -- Up-to-date symlink: /home/ros/docker_simulation_ws/install/custom_interfaces/share/custom_interfaces/cmake/custom_interfacesConfig-version.cmake
[1.800s] -- Up-to-date symlink: /home/ros/docker_simulation_ws/install/custom_interfaces/share/custom_interfaces/package.xml
[1.800s] -- Up-to-date: /home/ros/docker_simulation_ws/install/custom_interfaces/lib/libcustom_interfaces__rosidl_generator_c.so
[1.800s] -- Up-to-date: /home/ros/docker_simulation_ws/install/custom_interfaces/lib/libcustom_interfaces__rosidl_typesupport_fastrtps_c.so
[1.800s] -- Up-to-date: /home/ros/docker_simulation_ws/install/custom_interfaces/lib/libcustom_interfaces__rosidl_typesupport_fastrtps_cpp.so
[1.801s] -- Up-to-date: /home/ros/docker_simulation_ws/install/custom_interfaces/lib/libcustom_interfaces__rosidl_typesupport_introspection_c.so
[1.805s] -- Up-to-date: /home/ros/docker_simulation_ws/install/custom_interfaces/lib/libcustom_interfaces__rosidl_typesupport_c.so
[1.807s] -- Up-to-date: /home/ros/docker_simulation_ws/install/custom_interfaces/lib/libcustom_interfaces__rosidl_typesupport_introspection_cpp.so
[1.810s] -- Up-to-date: /home/ros/docker_simulation_ws/install/custom_interfaces/lib/libcustom_interfaces__rosidl_typesupport_cpp.so
[1.933s] Listing '/home/ros/docker_simulation_ws/install/custom_interfaces/local/lib/python3.10/dist-packages/custom_interfaces'...
[1.934s] Listing '/home/ros/docker_simulation_ws/install/custom_interfaces/local/lib/python3.10/dist-packages/custom_interfaces/msg'...
[1.946s] -- Up-to-date: /home/ros/docker_simulation_ws/install/custom_interfaces/lib/libcustom_interfaces__rosidl_generator_py.so
[1.947s] -- Up-to-date: /home/ros/docker_simulation_ws/install/custom_interfaces/share/custom_interfaces/cmake/export_custom_interfaces__rosidl_generator_cExport.cmake
[1.947s] -- Up-to-date: /home/ros/docker_simulation_ws/install/custom_interfaces/share/custom_interfaces/cmake/export_custom_interfaces__rosidl_generator_cExport-noconfig.cmake
[1.948s] -- Up-to-date: /home/ros/docker_simulation_ws/install/custom_interfaces/share/custom_interfaces/cmake/export_custom_interfaces__rosidl_typesupport_fastrtps_cExport.cmake
[1.948s] -- Up-to-date: /home/ros/docker_simulation_ws/install/custom_interfaces/share/custom_interfaces/cmake/export_custom_interfaces__rosidl_typesupport_fastrtps_cExport-noconfig.cmake
[1.949s] -- Up-to-date: /home/ros/docker_simulation_ws/install/custom_interfaces/share/custom_interfaces/cmake/export_custom_interfaces__rosidl_generator_cppExport.cmake
[1.950s] -- Up-to-date: /home/ros/docker_simulation_ws/install/custom_interfaces/share/custom_interfaces/cmake/export_custom_interfaces__rosidl_typesupport_fastrtps_cppExport.cmake
[1.950s] -- Up-to-date: /home/ros/docker_simulation_ws/install/custom_interfaces/share/custom_interfaces/cmake/export_custom_interfaces__rosidl_typesupport_fastrtps_cppExport-noconfig.cmake
[1.951s] -- Up-to-date: /home/ros/docker_simulation_ws/install/custom_interfaces/share/custom_interfaces/cmake/custom_interfaces__rosidl_typesupport_introspection_cExport.cmake
[1.952s] -- Up-to-date: /home/ros/docker_simulation_ws/install/custom_interfaces/share/custom_interfaces/cmake/custom_interfaces__rosidl_typesupport_introspection_cExport-noconfig.cmake
[1.953s] -- Up-to-date: /home/ros/docker_simulation_ws/install/custom_interfaces/share/custom_interfaces/cmake/custom_interfaces__rosidl_typesupport_cExport.cmake
[1.954s] -- Up-to-date: /home/ros/docker_simulation_ws/install/custom_interfaces/share/custom_interfaces/cmake/custom_interfaces__rosidl_typesupport_cExport-noconfig.cmake
[1.955s] -- Up-to-date: /home/ros/docker_simulation_ws/install/custom_interfaces/share/custom_interfaces/cmake/custom_interfaces__rosidl_typesupport_introspection_cppExport.cmake
[1.965s] -- Up-to-date: /home/ros/docker_simulation_ws/install/custom_interfaces/share/custom_interfaces/cmake/custom_interfaces__rosidl_typesupport_introspection_cppExport-noconfig.cmake
[1.965s] -- Up-to-date: /home/ros/docker_simulation_ws/install/custom_interfaces/share/custom_interfaces/cmake/custom_interfaces__rosidl_typesupport_cppExport.cmake
[1.965s] -- Up-to-date: /home/ros/docker_simulation_ws/install/custom_interfaces/share/custom_interfaces/cmake/custom_interfaces__rosidl_typesupport_cppExport-noconfig.cmake
[1.965s] -- Up-to-date: /home/ros/docker_simulation_ws/install/custom_interfaces/share/custom_interfaces/cmake/export_custom_interfaces__rosidl_generator_pyExport.cmake
[1.966s] -- Up-to-date: /home/ros/docker_simulation_ws/install/custom_interfaces/share/custom_interfaces/cmake/export_custom_interfaces__rosidl_generator_pyExport-noconfig.cmake
[1.999s] Invoked command in '/home/ros/docker_simulation_ws/build/custom_interfaces' returned '0': CMAKE_PREFIX_PATH=${CMAKE_PREFIX_PATH}:/home/ros/docker_simulation_ws/install/rlg_quad_controller:/home/ros/docker_simulation_ws/install/mulinex_ignition_py:/opt/ros/humble /usr/bin/cmake --install /home/ros/docker_simulation_ws/build/custom_interfaces
