/home/ros/docker_simulation_ws/install/mulinex_ignition_py/lib/python3.10/site-packages/mulinex_ignition_py/walking.py
/home/ros/docker_simulation_ws/install/mulinex_ignition_py/lib/python3.10/site-packages/mulinex_ignition_py/getup.py
/home/ros/docker_simulation_ws/install/mulinex_ignition_py/lib/python3.10/site-packages/mulinex_ignition_py/stash.py
/home/ros/docker_simulation_ws/install/mulinex_ignition_py/lib/python3.10/site-packages/mulinex_ignition_py/bridge_node.py
/home/ros/docker_simulation_ws/install/mulinex_ignition_py/lib/python3.10/site-packages/mulinex_ignition_py/move_wheels_2.py
/home/ros/docker_simulation_ws/install/mulinex_ignition_py/lib/python3.10/site-packages/mulinex_ignition_py/move_pd.py
/home/ros/docker_simulation_ws/install/mulinex_ignition_py/lib/python3.10/site-packages/mulinex_ignition_py/getup_omni_1.py
/home/ros/docker_simulation_ws/install/mulinex_ignition_py/lib/python3.10/site-packages/mulinex_ignition_py/move_wheels.py
/home/ros/docker_simulation_ws/install/mulinex_ignition_py/lib/python3.10/site-packages/mulinex_ignition_py/gostraighton.py
/home/ros/docker_simulation_ws/install/mulinex_ignition_py/lib/python3.10/site-packages/mulinex_ignition_py/__init__.py
/home/ros/docker_simulation_ws/install/mulinex_ignition_py/lib/python3.10/site-packages/mulinex_ignition_py/__pycache__/walking.cpython-310.pyc
/home/ros/docker_simulation_ws/install/mulinex_ignition_py/lib/python3.10/site-packages/mulinex_ignition_py/__pycache__/getup.cpython-310.pyc
/home/ros/docker_simulation_ws/install/mulinex_ignition_py/lib/python3.10/site-packages/mulinex_ignition_py/__pycache__/stash.cpython-310.pyc
/home/ros/docker_simulation_ws/install/mulinex_ignition_py/lib/python3.10/site-packages/mulinex_ignition_py/__pycache__/bridge_node.cpython-310.pyc
/home/ros/docker_simulation_ws/install/mulinex_ignition_py/lib/python3.10/site-packages/mulinex_ignition_py/__pycache__/move_wheels_2.cpython-310.pyc
/home/ros/docker_simulation_ws/install/mulinex_ignition_py/lib/python3.10/site-packages/mulinex_ignition_py/__pycache__/move_pd.cpython-310.pyc
/home/ros/docker_simulation_ws/install/mulinex_ignition_py/lib/python3.10/site-packages/mulinex_ignition_py/__pycache__/getup_omni_1.cpython-310.pyc
/home/ros/docker_simulation_ws/install/mulinex_ignition_py/lib/python3.10/site-packages/mulinex_ignition_py/__pycache__/move_wheels.cpython-310.pyc
/home/ros/docker_simulation_ws/install/mulinex_ignition_py/lib/python3.10/site-packages/mulinex_ignition_py/__pycache__/gostraighton.cpython-310.pyc
/home/ros/docker_simulation_ws/install/mulinex_ignition_py/lib/python3.10/site-packages/mulinex_ignition_py/__pycache__/__init__.cpython-310.pyc
/home/ros/docker_simulation_ws/install/mulinex_ignition_py/share/ament_index/resource_index/packages/mulinex_ignition_py
/home/ros/docker_simulation_ws/install/mulinex_ignition_py/share/mulinex_ignition_py/package.xml
/home/ros/docker_simulation_ws/install/mulinex_ignition_py/share/mulinex_ignition_py/launch/rosbag_rec.launch.py
/home/ros/docker_simulation_ws/install/mulinex_ignition_py/share/mulinex_ignition_py/launch/controller_start_launch.py
/home/ros/docker_simulation_ws/install/mulinex_ignition_py/lib/python3.10/site-packages/mulinex_ignition_py-0.0.0-py3.10.egg-info/dependency_links.txt
/home/ros/docker_simulation_ws/install/mulinex_ignition_py/lib/python3.10/site-packages/mulinex_ignition_py-0.0.0-py3.10.egg-info/SOURCES.txt
/home/ros/docker_simulation_ws/install/mulinex_ignition_py/lib/python3.10/site-packages/mulinex_ignition_py-0.0.0-py3.10.egg-info/requires.txt
/home/ros/docker_simulation_ws/install/mulinex_ignition_py/lib/python3.10/site-packages/mulinex_ignition_py-0.0.0-py3.10.egg-info/entry_points.txt
/home/ros/docker_simulation_ws/install/mulinex_ignition_py/lib/python3.10/site-packages/mulinex_ignition_py-0.0.0-py3.10.egg-info/top_level.txt
/home/ros/docker_simulation_ws/install/mulinex_ignition_py/lib/python3.10/site-packages/mulinex_ignition_py-0.0.0-py3.10.egg-info/zip-safe
/home/ros/docker_simulation_ws/install/mulinex_ignition_py/lib/python3.10/site-packages/mulinex_ignition_py-0.0.0-py3.10.egg-info/PKG-INFO
/home/ros/docker_simulation_ws/install/mulinex_ignition_py/lib/mulinex_ignition_py/bridge_node
/home/ros/docker_simulation_ws/install/mulinex_ignition_py/lib/mulinex_ignition_py/getup
/home/ros/docker_simulation_ws/install/mulinex_ignition_py/lib/mulinex_ignition_py/getup_omni_1
/home/ros/docker_simulation_ws/install/mulinex_ignition_py/lib/mulinex_ignition_py/gostraighton
/home/ros/docker_simulation_ws/install/mulinex_ignition_py/lib/mulinex_ignition_py/move_pd
/home/ros/docker_simulation_ws/install/mulinex_ignition_py/lib/mulinex_ignition_py/move_wheels
/home/ros/docker_simulation_ws/install/mulinex_ignition_py/lib/mulinex_ignition_py/move_wheels_2
/home/ros/docker_simulation_ws/install/mulinex_ignition_py/lib/mulinex_ignition_py/walking
