[0.235s] Invoking command in '/home/ros/docker_simulation_ws/build/mulinex_description': CMAKE_PREFIX_PATH=${CMAKE_PREFIX_PATH}:/home/ros/docker_simulation_ws/install/rlg_quad_controller:/home/ros/docker_simulation_ws/install/mulinex_ignition_py:/opt/ros/humble /usr/bin/cmake --build /home/ros/docker_simulation_ws/build/mulinex_description -- -j12 -l12
[2.508s] Invoked command in '/home/ros/docker_simulation_ws/build/mulinex_description' returned '0': CMAKE_PREFIX_PATH=${CMAKE_PREFIX_PATH}:/home/ros/docker_simulation_ws/install/rlg_quad_controller:/home/ros/docker_simulation_ws/install/mulinex_ignition_py:/opt/ros/humble /usr/bin/cmake --build /home/ros/docker_simulation_ws/build/mulinex_description -- -j12 -l12
[2.588s] Invoking command in '/home/ros/docker_simulation_ws/build/mulinex_description': CMAKE_PREFIX_PATH=${CMAKE_PREFIX_PATH}:/home/ros/docker_simulation_ws/install/rlg_quad_controller:/home/ros/docker_simulation_ws/install/mulinex_ignition_py:/opt/ros/humble /usr/bin/cmake --install /home/ros/docker_simulation_ws/build/mulinex_description
[2.643s] -- Install configuration: ""
[2.659s] -- Execute custom install script
[2.660s] -- Up-to-date symlink: /home/ros/docker_simulation_ws/install/mulinex_description/share/mulinex_description/urdf/base_inertia.xacro
[2.662s] -- Up-to-date symlink: /home/ros/docker_simulation_ws/install/mulinex_description/share/mulinex_description/urdf/camera_sensor.xacro
[2.663s] -- Up-to-date symlink: /home/ros/docker_simulation_ws/install/mulinex_description/share/mulinex_description/urdf/hip_module.xacro
[2.663s] -- Up-to-date symlink: /home/ros/docker_simulation_ws/install/mulinex_description/share/mulinex_description/urdf/imu_sensor.xacro
[2.664s] -- Up-to-date symlink: /home/ros/docker_simulation_ws/install/mulinex_description/share/mulinex_description/urdf/leg.xacro
[2.664s] -- Up-to-date symlink: /home/ros/docker_simulation_ws/install/mulinex_description/share/mulinex_description/urdf/lidar_sensor.xacro
[2.664s] -- Up-to-date symlink: /home/ros/docker_simulation_ws/install/mulinex_description/share/mulinex_description/urdf/links.xacro
[2.665s] -- Up-to-date symlink: /home/ros/docker_simulation_ws/install/mulinex_description/share/mulinex_description/urdf/material.xacro
[2.666s] -- Up-to-date symlink: /home/ros/docker_simulation_ws/install/mulinex_description/share/mulinex_description/urdf/mul_hw_ign.xacro
[2.666s] -- Up-to-date symlink: /home/ros/docker_simulation_ws/install/mulinex_description/share/mulinex_description/urdf/mul_ignition.xacro
[2.667s] -- Up-to-date symlink: /home/ros/docker_simulation_ws/install/mulinex_description/share/mulinex_description/urdf/mulinex.xacro
[2.668s] -- Up-to-date symlink: /home/ros/docker_simulation_ws/install/mulinex_description/share/mulinex_description/urdf/omni_car_module.xacro
[2.669s] -- Up-to-date symlink: /home/ros/docker_simulation_ws/install/mulinex_description/share/mulinex_description/urdf/omnicar.xacro
[2.670s] -- Up-to-date symlink: /home/ros/docker_simulation_ws/install/mulinex_description/share/mulinex_description/urdf/omnicar_gazebo.xacro
[2.673s] -- Up-to-date symlink: /home/ros/docker_simulation_ws/install/mulinex_description/share/mulinex_description/urdf/omnicar_ignition.xacro
[2.676s] -- Up-to-date symlink: /home/ros/docker_simulation_ws/install/mulinex_description/share/mulinex_description/urdf/track.xacro
[2.677s] -- Up-to-date symlink: /home/ros/docker_simulation_ws/install/mulinex_description/share/mulinex_description/urdf/traquad.xacro
[2.677s] -- Up-to-date symlink: /home/ros/docker_simulation_ws/install/mulinex_description/share/mulinex_description/urdf/traquad_hw_ign.xacro
[2.678s] -- Up-to-date symlink: /home/ros/docker_simulation_ws/install/mulinex_description/share/mulinex_description/urdf/wheel.xacro
[2.678s] -- Up-to-date symlink: /home/ros/docker_simulation_ws/install/mulinex_description/share/mulinex_description/launch/display_mulinex.launch.py
[2.679s] -- Up-to-date symlink: /home/ros/docker_simulation_ws/install/mulinex_description/share/mulinex_description/launch/gazebo_mulinex.launch.py
[2.687s] -- Up-to-date symlink: /home/ros/docker_simulation_ws/install/mulinex_description/share/mulinex_description/meshes/Body.stl
[2.687s] -- Up-to-date symlink: /home/ros/docker_simulation_ws/install/mulinex_description/share/mulinex_description/meshes/Lower_leg_left.stl
[2.689s] -- Up-to-date symlink: /home/ros/docker_simulation_ws/install/mulinex_description/share/mulinex_description/meshes/Lower_leg_right.stl
[2.690s] -- Up-to-date symlink: /home/ros/docker_simulation_ws/install/mulinex_description/share/mulinex_description/meshes/Module_2_left.stl
[2.690s] -- Up-to-date symlink: /home/ros/docker_simulation_ws/install/mulinex_description/share/mulinex_description/meshes/Module_2_right.stl
[2.691s] -- Up-to-date symlink: /home/ros/docker_simulation_ws/install/mulinex_description/share/mulinex_description/meshes/Module_left_front.stl
[2.691s] -- Up-to-date symlink: /home/ros/docker_simulation_ws/install/mulinex_description/share/mulinex_description/meshes/Module_left_hind.stl
[2.691s] -- Up-to-date symlink: /home/ros/docker_simulation_ws/install/mulinex_description/share/mulinex_description/meshes/Module_right_front.stl
[2.692s] -- Up-to-date symlink: /home/ros/docker_simulation_ws/install/mulinex_description/share/mulinex_description/meshes/Module_right_hind.stl
[2.692s] -- Up-to-date symlink: /home/ros/docker_simulation_ws/install/mulinex_description/share/mulinex_description/meshes/body_left.stl
[2.692s] -- Up-to-date symlink: /home/ros/docker_simulation_ws/install/mulinex_description/share/mulinex_description/meshes/body_right.stl
[2.693s] -- Up-to-date symlink: /home/ros/docker_simulation_ws/install/mulinex_description/share/mulinex_description/meshes/goat_lower_foot_LF.STL
[2.693s] -- Up-to-date symlink: /home/ros/docker_simulation_ws/install/mulinex_description/share/mulinex_description/meshes/goat_lower_foot_LH.STL
[2.694s] -- Up-to-date symlink: /home/ros/docker_simulation_ws/install/mulinex_description/share/mulinex_description/meshes/goat_lower_foot_RF.STL
[2.695s] -- Up-to-date symlink: /home/ros/docker_simulation_ws/install/mulinex_description/share/mulinex_description/meshes/goat_lower_foot_RH.STL
[2.695s] -- Up-to-date symlink: /home/ros/docker_simulation_ws/install/mulinex_description/share/mulinex_description/meshes/goat_lower_leg_LF.STL
[2.696s] -- Up-to-date symlink: /home/ros/docker_simulation_ws/install/mulinex_description/share/mulinex_description/meshes/goat_lower_leg_LH.STL
[2.696s] -- Up-to-date symlink: /home/ros/docker_simulation_ws/install/mulinex_description/share/mulinex_description/meshes/goat_lower_leg_RF.STL
[2.696s] -- Up-to-date symlink: /home/ros/docker_simulation_ws/install/mulinex_description/share/mulinex_description/meshes/goat_lower_leg_RH.STL
[2.697s] -- Up-to-date symlink: /home/ros/docker_simulation_ws/install/mulinex_description/share/mulinex_description/meshes/goat_upper_foot_LF.STL
[2.699s] -- Up-to-date symlink: /home/ros/docker_simulation_ws/install/mulinex_description/share/mulinex_description/meshes/goat_upper_foot_LH.STL
[2.700s] -- Up-to-date symlink: /home/ros/docker_simulation_ws/install/mulinex_description/share/mulinex_description/meshes/goat_upper_foot_RF.STL
[2.707s] -- Up-to-date symlink: /home/ros/docker_simulation_ws/install/mulinex_description/share/mulinex_description/meshes/goat_upper_foot_RH.STL
[2.708s] -- Up-to-date symlink: /home/ros/docker_simulation_ws/install/mulinex_description/share/mulinex_description/meshes/mecanum_wheel_lf.STL
[2.709s] -- Up-to-date symlink: /home/ros/docker_simulation_ws/install/mulinex_description/share/mulinex_description/meshes/mecanum_wheel_lh.STL
[2.710s] -- Up-to-date symlink: /home/ros/docker_simulation_ws/install/mulinex_description/share/mulinex_description/meshes/mecanum_wheel_rf.STL
[2.710s] -- Up-to-date symlink: /home/ros/docker_simulation_ws/install/mulinex_description/share/mulinex_description/meshes/mecanum_wheel_rh.STL
[2.712s] -- Up-to-date symlink: /home/ros/docker_simulation_ws/install/mulinex_description/share/mulinex_description/meshes/old_Body.stl
[2.713s] -- Up-to-date symlink: /home/ros/docker_simulation_ws/install/mulinex_description/share/mulinex_description/meshes/old_Lower_leg_left.stl
[2.713s] -- Up-to-date symlink: /home/ros/docker_simulation_ws/install/mulinex_description/share/mulinex_description/meshes/old_Lower_leg_right.stl
[2.713s] -- Up-to-date symlink: /home/ros/docker_simulation_ws/install/mulinex_description/share/mulinex_description/meshes/old_Module_2_left.stl
[2.714s] -- Up-to-date symlink: /home/ros/docker_simulation_ws/install/mulinex_description/share/mulinex_description/meshes/old_Module_2_right.stl
[2.715s] -- Up-to-date symlink: /home/ros/docker_simulation_ws/install/mulinex_description/share/mulinex_description/meshes/old_Module_left_front.stl
[2.715s] -- Up-to-date symlink: /home/ros/docker_simulation_ws/install/mulinex_description/share/mulinex_description/meshes/old_Module_left_hind.stl
[2.716s] -- Up-to-date symlink: /home/ros/docker_simulation_ws/install/mulinex_description/share/mulinex_description/meshes/old_Module_right_front.stl
[2.720s] -- Up-to-date symlink: /home/ros/docker_simulation_ws/install/mulinex_description/share/mulinex_description/meshes/old_Module_right_hind.stl
[2.721s] -- Up-to-date symlink: /home/ros/docker_simulation_ws/install/mulinex_description/share/mulinex_description/meshes/omni_lower_leg_LF.STL
[2.722s] -- Up-to-date symlink: /home/ros/docker_simulation_ws/install/mulinex_description/share/mulinex_description/meshes/omni_lower_leg_LH.STL
[2.723s] -- Up-to-date symlink: /home/ros/docker_simulation_ws/install/mulinex_description/share/mulinex_description/meshes/omni_lower_leg_RF.STL
[2.724s] -- Up-to-date symlink: /home/ros/docker_simulation_ws/install/mulinex_description/share/mulinex_description/meshes/omni_lower_leg_RH.STL
[2.725s] -- Up-to-date symlink: /home/ros/docker_simulation_ws/install/mulinex_description/share/mulinex_description/meshes/roller_1.STL
[2.726s] -- Up-to-date symlink: /home/ros/docker_simulation_ws/install/mulinex_description/share/mulinex_description/meshes/simplify_meshes.py
[2.727s] -- Up-to-date symlink: /home/ros/docker_simulation_ws/install/mulinex_description/share/mulinex_description/meshes/wheel.stl
[2.728s] -- Up-to-date symlink: /home/ros/docker_simulation_ws/install/mulinex_description/share/mulinex_description/rviz/config.rviz
[2.729s] -- Up-to-date symlink: /home/ros/docker_simulation_ws/install/mulinex_description/share/mulinex_description/world/empty.world
[2.730s] -- Up-to-date symlink: /home/ros/docker_simulation_ws/install/mulinex_description/share/mulinex_description/world/gap.world
[2.730s] -- Up-to-date symlink: /home/ros/docker_simulation_ws/install/mulinex_description/share/mulinex_description/world/obs_down.world
[2.731s] -- Up-to-date symlink: /home/ros/docker_simulation_ws/install/mulinex_description/share/mulinex_description/world/obs_up.world
[2.732s] -- Up-to-date symlink: /home/ros/docker_simulation_ws/install/mulinex_description/share/ament_index/resource_index/package_run_dependencies/mulinex_description
[2.733s] -- Up-to-date symlink: /home/ros/docker_simulation_ws/install/mulinex_description/share/ament_index/resource_index/parent_prefix_path/mulinex_description
[2.733s] -- Up-to-date symlink: /home/ros/docker_simulation_ws/install/mulinex_description/share/mulinex_description/environment/ament_prefix_path.sh
[2.734s] -- Up-to-date symlink: /home/ros/docker_simulation_ws/install/mulinex_description/share/mulinex_description/environment/ament_prefix_path.dsv
[2.735s] -- Up-to-date symlink: /home/ros/docker_simulation_ws/install/mulinex_description/share/mulinex_description/environment/path.sh
[2.736s] -- Up-to-date symlink: /home/ros/docker_simulation_ws/install/mulinex_description/share/mulinex_description/environment/path.dsv
[2.737s] -- Up-to-date symlink: /home/ros/docker_simulation_ws/install/mulinex_description/share/mulinex_description/local_setup.bash
[2.739s] -- Up-to-date symlink: /home/ros/docker_simulation_ws/install/mulinex_description/share/mulinex_description/local_setup.sh
[2.740s] -- Up-to-date symlink: /home/ros/docker_simulation_ws/install/mulinex_description/share/mulinex_description/local_setup.zsh
[2.740s] -- Up-to-date symlink: /home/ros/docker_simulation_ws/install/mulinex_description/share/mulinex_description/local_setup.dsv
[2.740s] -- Symlinking: /home/ros/docker_simulation_ws/install/mulinex_description/share/mulinex_description/package.dsv
[2.810s] -- Up-to-date symlink: /home/ros/docker_simulation_ws/install/mulinex_description/share/ament_index/resource_index/packages/mulinex_description
[2.810s] -- Up-to-date symlink: /home/ros/docker_simulation_ws/install/mulinex_description/share/mulinex_description/cmake/mulinex_descriptionConfig.cmake
[2.814s] -- Up-to-date symlink: /home/ros/docker_simulation_ws/install/mulinex_description/share/mulinex_description/cmake/mulinex_descriptionConfig-version.cmake
[2.815s] -- Up-to-date symlink: /home/ros/docker_simulation_ws/install/mulinex_description/share/mulinex_description/package.xml
[2.840s] Invoked command in '/home/ros/docker_simulation_ws/build/mulinex_description' returned '0': CMAKE_PREFIX_PATH=${CMAKE_PREFIX_PATH}:/home/ros/docker_simulation_ws/install/rlg_quad_controller:/home/ros/docker_simulation_ws/install/mulinex_ignition_py:/opt/ros/humble /usr/bin/cmake --install /home/ros/docker_simulation_ws/build/mulinex_description
