[0.106s] Invoking command in '/home/ros/docker_simulation_ws/build/omni_mulinex_joystic': CMAKE_PREFIX_PATH=/home/ros/docker_simulation_ws/install/pi3hat_moteus_int_msgs:/home/ros/docker_simulation_ws/install/wheels_vel_cnt:/home/ros/docker_simulation_ws/install/rbt_pd_cnt:/home/ros/docker_simulation_ws/install/omni_vel_controller:/home/ros/docker_simulation_ws/install/omni_mulinex_joystic:/home/ros/docker_simulation_ws/install/ik_quad_foot_control:/home/ros/docker_simulation_ws/install/mulinex_ignition:/home/ros/docker_simulation_ws/install/mulinex_description:/home/ros/docker_simulation_ws/install/custom_interfaces:/home/ros/docker_simulation_ws/install/rlg_quad_controller:/home/ros/docker_simulation_ws/install/mulinex_ignition_py:/opt/ros/humble LD_LIBRARY_PATH=/home/ros/docker_simulation_ws/install/pi3hat_moteus_int_msgs/lib:/home/ros/docker_simulation_ws/install/wheels_vel_cnt/lib:/home/ros/docker_simulation_ws/install/rbt_pd_cnt/lib:/home/ros/docker_simulation_ws/install/omni_vel_controller/lib:/home/ros/docker_simulation_ws/install/omni_mulinex_joystic/lib:/home/ros/docker_simulation_ws/install/ik_quad_foot_control/lib:/home/ros/docker_simulation_ws/install/custom_interfaces/lib:/opt/ros/humble/opt/rviz_ogre_vendor/lib:/opt/ros/humble/lib/x86_64-linux-gnu:/opt/ros/humble/lib /usr/bin/cmake /home/ros/docker_simulation_ws/src/Omni_Mulinex_Joystic_OPC/omni_mulinex_joystic -DCMAKE_INSTALL_PREFIX=/home/ros/docker_simulation_ws/install/omni_mulinex_joystic
[1.293s] -- Found ament_cmake: 1.3.12 (/opt/ros/humble/share/ament_cmake/cmake)
[1.293s] -- Override CMake install command with custom implementation using symlinks instead of copying resources
[1.294s] -- Found rclcpp: 16.0.15 (/opt/ros/humble/share/rclcpp/cmake)
[1.294s] -- Found rosidl_generator_c: 3.1.7 (/opt/ros/humble/share/rosidl_generator_c/cmake)
[1.295s] -- Found rosidl_adapter: 3.1.7 (/opt/ros/humble/share/rosidl_adapter/cmake)
[1.296s] -- Found rosidl_generator_cpp: 3.1.7 (/opt/ros/humble/share/rosidl_generator_cpp/cmake)
[1.297s] -- Using all available rosidl_typesupport_c: rosidl_typesupport_fastrtps_c;rosidl_typesupport_introspection_c
[1.298s] -- Using all available rosidl_typesupport_cpp: rosidl_typesupport_fastrtps_cpp;rosidl_typesupport_introspection_cpp
[1.298s] -- Found rmw_implementation_cmake: 6.1.2 (/opt/ros/humble/share/rmw_implementation_cmake/cmake)
[1.299s] -- Found rmw_fastrtps_cpp: 6.2.8 (/opt/ros/humble/share/rmw_fastrtps_cpp/cmake)
[1.737s] -- Using RMW implementation 'rmw_fastrtps_cpp' as default
[1.943s] -- Found sensor_msgs: 4.9.0 (/opt/ros/humble/share/sensor_msgs/cmake)
[2.065s] -- Found pi3hat_moteus_int_msgs: 0.0.0 (/home/ros/docker_simulation_ws/install/pi3hat_moteus_int_msgs/share/pi3hat_moteus_int_msgs/cmake)
[2.127s] -- Found std_srvs: 4.9.0 (/opt/ros/humble/share/std_srvs/cmake)
[2.162s] -- Found rosbag2_cpp: 0.15.15 (/opt/ros/humble/share/rosbag2_cpp/cmake)
[2.296s] -- Found ament_lint_auto: 0.12.14 (/opt/ros/humble/share/ament_lint_auto/cmake)
[2.740s] -- Added test 'cppcheck' to perform static code analysis on C / C++ code
[2.741s] -- Configured cppcheck include dirs: $<BUILD_INTERFACE:/home/ros/docker_simulation_ws/src/Omni_Mulinex_Joystic_OPC/omni_mulinex_joystic/include>
[2.741s] -- Configured cppcheck exclude dirs and/or files: 
[2.744s] -- Added test 'flake8' to check Python code syntax and style conventions
[2.746s] -- Added test 'lint_cmake' to check CMake code style
[2.747s] -- Added test 'pep257' to check Python code against some of the docstring style conventions in PEP 257
[2.751s] -- Added test 'uncrustify' to check C / C++ code style
[2.754s] -- Configured uncrustify additional arguments: 
[2.755s] -- Added test 'xmllint' to check XML markup files
[2.776s] -- Configuring done
[2.869s] -- Generating done
[2.895s] -- Build files have been written to: /home/ros/docker_simulation_ws/build/omni_mulinex_joystic
[2.918s] Invoked command in '/home/ros/docker_simulation_ws/build/omni_mulinex_joystic' returned '0': CMAKE_PREFIX_PATH=/home/ros/docker_simulation_ws/install/pi3hat_moteus_int_msgs:/home/ros/docker_simulation_ws/install/wheels_vel_cnt:/home/ros/docker_simulation_ws/install/rbt_pd_cnt:/home/ros/docker_simulation_ws/install/omni_vel_controller:/home/ros/docker_simulation_ws/install/omni_mulinex_joystic:/home/ros/docker_simulation_ws/install/ik_quad_foot_control:/home/ros/docker_simulation_ws/install/mulinex_ignition:/home/ros/docker_simulation_ws/install/mulinex_description:/home/ros/docker_simulation_ws/install/custom_interfaces:/home/ros/docker_simulation_ws/install/rlg_quad_controller:/home/ros/docker_simulation_ws/install/mulinex_ignition_py:/opt/ros/humble LD_LIBRARY_PATH=/home/ros/docker_simulation_ws/install/pi3hat_moteus_int_msgs/lib:/home/ros/docker_simulation_ws/install/wheels_vel_cnt/lib:/home/ros/docker_simulation_ws/install/rbt_pd_cnt/lib:/home/ros/docker_simulation_ws/install/omni_vel_controller/lib:/home/ros/docker_simulation_ws/install/omni_mulinex_joystic/lib:/home/ros/docker_simulation_ws/install/ik_quad_foot_control/lib:/home/ros/docker_simulation_ws/install/custom_interfaces/lib:/opt/ros/humble/opt/rviz_ogre_vendor/lib:/opt/ros/humble/lib/x86_64-linux-gnu:/opt/ros/humble/lib /usr/bin/cmake /home/ros/docker_simulation_ws/src/Omni_Mulinex_Joystic_OPC/omni_mulinex_joystic -DCMAKE_INSTALL_PREFIX=/home/ros/docker_simulation_ws/install/omni_mulinex_joystic
[2.931s] Invoking command in '/home/ros/docker_simulation_ws/build/omni_mulinex_joystic': CMAKE_PREFIX_PATH=/home/ros/docker_simulation_ws/install/pi3hat_moteus_int_msgs:/home/ros/docker_simulation_ws/install/wheels_vel_cnt:/home/ros/docker_simulation_ws/install/rbt_pd_cnt:/home/ros/docker_simulation_ws/install/omni_vel_controller:/home/ros/docker_simulation_ws/install/omni_mulinex_joystic:/home/ros/docker_simulation_ws/install/ik_quad_foot_control:/home/ros/docker_simulation_ws/install/mulinex_ignition:/home/ros/docker_simulation_ws/install/mulinex_description:/home/ros/docker_simulation_ws/install/custom_interfaces:/home/ros/docker_simulation_ws/install/rlg_quad_controller:/home/ros/docker_simulation_ws/install/mulinex_ignition_py:/opt/ros/humble LD_LIBRARY_PATH=/home/ros/docker_simulation_ws/install/pi3hat_moteus_int_msgs/lib:/home/ros/docker_simulation_ws/install/wheels_vel_cnt/lib:/home/ros/docker_simulation_ws/install/rbt_pd_cnt/lib:/home/ros/docker_simulation_ws/install/omni_vel_controller/lib:/home/ros/docker_simulation_ws/install/omni_mulinex_joystic/lib:/home/ros/docker_simulation_ws/install/ik_quad_foot_control/lib:/home/ros/docker_simulation_ws/install/custom_interfaces/lib:/opt/ros/humble/opt/rviz_ogre_vendor/lib:/opt/ros/humble/lib/x86_64-linux-gnu:/opt/ros/humble/lib /usr/bin/cmake --build /home/ros/docker_simulation_ws/build/omni_mulinex_joystic -- -j12 -l12
[3.100s] [35m[1mConsolidate compiler generated dependencies of target omni_mulinex_joystic[0m
[3.180s] [ 50%] Built target omni_mulinex_joystic
[3.227s] [35m[1mConsolidate compiler generated dependencies of target omni_mul_joystic_node[0m
[3.302s] [100%] Built target omni_mul_joystic_node
[3.372s] Invoked command in '/home/ros/docker_simulation_ws/build/omni_mulinex_joystic' returned '0': CMAKE_PREFIX_PATH=/home/ros/docker_simulation_ws/install/pi3hat_moteus_int_msgs:/home/ros/docker_simulation_ws/install/wheels_vel_cnt:/home/ros/docker_simulation_ws/install/rbt_pd_cnt:/home/ros/docker_simulation_ws/install/omni_vel_controller:/home/ros/docker_simulation_ws/install/omni_mulinex_joystic:/home/ros/docker_simulation_ws/install/ik_quad_foot_control:/home/ros/docker_simulation_ws/install/mulinex_ignition:/home/ros/docker_simulation_ws/install/mulinex_description:/home/ros/docker_simulation_ws/install/custom_interfaces:/home/ros/docker_simulation_ws/install/rlg_quad_controller:/home/ros/docker_simulation_ws/install/mulinex_ignition_py:/opt/ros/humble LD_LIBRARY_PATH=/home/ros/docker_simulation_ws/install/pi3hat_moteus_int_msgs/lib:/home/ros/docker_simulation_ws/install/wheels_vel_cnt/lib:/home/ros/docker_simulation_ws/install/rbt_pd_cnt/lib:/home/ros/docker_simulation_ws/install/omni_vel_controller/lib:/home/ros/docker_simulation_ws/install/omni_mulinex_joystic/lib:/home/ros/docker_simulation_ws/install/ik_quad_foot_control/lib:/home/ros/docker_simulation_ws/install/custom_interfaces/lib:/opt/ros/humble/opt/rviz_ogre_vendor/lib:/opt/ros/humble/lib/x86_64-linux-gnu:/opt/ros/humble/lib /usr/bin/cmake --build /home/ros/docker_simulation_ws/build/omni_mulinex_joystic -- -j12 -l12
[3.374s] Invoking command in '/home/ros/docker_simulation_ws/build/omni_mulinex_joystic': CMAKE_PREFIX_PATH=/home/ros/docker_simulation_ws/install/pi3hat_moteus_int_msgs:/home/ros/docker_simulation_ws/install/wheels_vel_cnt:/home/ros/docker_simulation_ws/install/rbt_pd_cnt:/home/ros/docker_simulation_ws/install/omni_vel_controller:/home/ros/docker_simulation_ws/install/omni_mulinex_joystic:/home/ros/docker_simulation_ws/install/ik_quad_foot_control:/home/ros/docker_simulation_ws/install/mulinex_ignition:/home/ros/docker_simulation_ws/install/mulinex_description:/home/ros/docker_simulation_ws/install/custom_interfaces:/home/ros/docker_simulation_ws/install/rlg_quad_controller:/home/ros/docker_simulation_ws/install/mulinex_ignition_py:/opt/ros/humble LD_LIBRARY_PATH=/home/ros/docker_simulation_ws/install/pi3hat_moteus_int_msgs/lib:/home/ros/docker_simulation_ws/install/wheels_vel_cnt/lib:/home/ros/docker_simulation_ws/install/rbt_pd_cnt/lib:/home/ros/docker_simulation_ws/install/omni_vel_controller/lib:/home/ros/docker_simulation_ws/install/omni_mulinex_joystic/lib:/home/ros/docker_simulation_ws/install/ik_quad_foot_control/lib:/home/ros/docker_simulation_ws/install/custom_interfaces/lib:/opt/ros/humble/opt/rviz_ogre_vendor/lib:/opt/ros/humble/lib/x86_64-linux-gnu:/opt/ros/humble/lib /usr/bin/cmake --install /home/ros/docker_simulation_ws/build/omni_mulinex_joystic
[3.408s] -- Install configuration: ""
[3.414s] -- Execute custom install script
[3.415s] -- Up-to-date symlink: /home/ros/docker_simulation_ws/install/omni_mulinex_joystic/lib/omni_mulinex_joystic/omni_mul_joystic_node
[3.415s] -- Up-to-date symlink: /home/ros/docker_simulation_ws/install/omni_mulinex_joystic/include/omni_mulinex_joystic/include/omni_mulinex_joystic/omnimul_joy.hpp
[3.418s] -- Up-to-date symlink: /home/ros/docker_simulation_ws/install/omni_mulinex_joystic/share/omni_mulinex_joystic/launch/start_joy_sim.launch.py
[3.421s] -- Up-to-date symlink: /home/ros/docker_simulation_ws/install/omni_mulinex_joystic/share/omni_mulinex_joystic/launch/start_joystic_nodes.launch.py
[3.423s] -- Up-to-date symlink: /home/ros/docker_simulation_ws/install/omni_mulinex_joystic/share/omni_mulinex_joystic/config/joy_node.yaml
[3.429s] -- Up-to-date symlink: /home/ros/docker_simulation_ws/install/omni_mulinex_joystic/share/omni_mulinex_joystic/environment/library_path.sh
[3.430s] -- Up-to-date symlink: /home/ros/docker_simulation_ws/install/omni_mulinex_joystic/share/omni_mulinex_joystic/environment/library_path.dsv
[3.430s] -- Up-to-date symlink: /home/ros/docker_simulation_ws/install/omni_mulinex_joystic/share/ament_index/resource_index/package_run_dependencies/omni_mulinex_joystic
[3.431s] -- Up-to-date symlink: /home/ros/docker_simulation_ws/install/omni_mulinex_joystic/share/ament_index/resource_index/parent_prefix_path/omni_mulinex_joystic
[3.432s] -- Up-to-date symlink: /home/ros/docker_simulation_ws/install/omni_mulinex_joystic/share/omni_mulinex_joystic/environment/ament_prefix_path.sh
[3.433s] -- Up-to-date symlink: /home/ros/docker_simulation_ws/install/omni_mulinex_joystic/share/omni_mulinex_joystic/environment/ament_prefix_path.dsv
[3.437s] -- Up-to-date symlink: /home/ros/docker_simulation_ws/install/omni_mulinex_joystic/share/omni_mulinex_joystic/environment/path.sh
[3.441s] -- Up-to-date symlink: /home/ros/docker_simulation_ws/install/omni_mulinex_joystic/share/omni_mulinex_joystic/environment/path.dsv
[3.443s] -- Up-to-date symlink: /home/ros/docker_simulation_ws/install/omni_mulinex_joystic/share/omni_mulinex_joystic/local_setup.bash
[3.445s] -- Up-to-date symlink: /home/ros/docker_simulation_ws/install/omni_mulinex_joystic/share/omni_mulinex_joystic/local_setup.sh
[3.447s] -- Up-to-date symlink: /home/ros/docker_simulation_ws/install/omni_mulinex_joystic/share/omni_mulinex_joystic/local_setup.zsh
[3.448s] -- Up-to-date symlink: /home/ros/docker_simulation_ws/install/omni_mulinex_joystic/share/omni_mulinex_joystic/local_setup.dsv
[3.448s] -- Symlinking: /home/ros/docker_simulation_ws/install/omni_mulinex_joystic/share/omni_mulinex_joystic/package.dsv
[3.487s] -- Up-to-date symlink: /home/ros/docker_simulation_ws/install/omni_mulinex_joystic/share/ament_index/resource_index/packages/omni_mulinex_joystic
[3.488s] -- Up-to-date symlink: /home/ros/docker_simulation_ws/install/omni_mulinex_joystic/share/omni_mulinex_joystic/cmake/ament_cmake_export_dependencies-extras.cmake
[3.492s] -- Up-to-date symlink: /home/ros/docker_simulation_ws/install/omni_mulinex_joystic/share/omni_mulinex_joystic/cmake/ament_cmake_export_include_directories-extras.cmake
[3.492s] -- Up-to-date symlink: /home/ros/docker_simulation_ws/install/omni_mulinex_joystic/share/omni_mulinex_joystic/cmake/ament_cmake_export_libraries-extras.cmake
[3.493s] -- Up-to-date symlink: /home/ros/docker_simulation_ws/install/omni_mulinex_joystic/share/omni_mulinex_joystic/cmake/omni_mulinex_joysticConfig.cmake
[3.494s] -- Up-to-date symlink: /home/ros/docker_simulation_ws/install/omni_mulinex_joystic/share/omni_mulinex_joystic/cmake/omni_mulinex_joysticConfig-version.cmake
[3.496s] -- Up-to-date symlink: /home/ros/docker_simulation_ws/install/omni_mulinex_joystic/share/omni_mulinex_joystic/package.xml
[3.508s] -- Up-to-date: /home/ros/docker_simulation_ws/install/omni_mulinex_joystic/lib/libomni_mulinex_joystic.so
[3.514s] Invoked command in '/home/ros/docker_simulation_ws/build/omni_mulinex_joystic' returned '0': CMAKE_PREFIX_PATH=/home/ros/docker_simulation_ws/install/pi3hat_moteus_int_msgs:/home/ros/docker_simulation_ws/install/wheels_vel_cnt:/home/ros/docker_simulation_ws/install/rbt_pd_cnt:/home/ros/docker_simulation_ws/install/omni_vel_controller:/home/ros/docker_simulation_ws/install/omni_mulinex_joystic:/home/ros/docker_simulation_ws/install/ik_quad_foot_control:/home/ros/docker_simulation_ws/install/mulinex_ignition:/home/ros/docker_simulation_ws/install/mulinex_description:/home/ros/docker_simulation_ws/install/custom_interfaces:/home/ros/docker_simulation_ws/install/rlg_quad_controller:/home/ros/docker_simulation_ws/install/mulinex_ignition_py:/opt/ros/humble LD_LIBRARY_PATH=/home/ros/docker_simulation_ws/install/pi3hat_moteus_int_msgs/lib:/home/ros/docker_simulation_ws/install/wheels_vel_cnt/lib:/home/ros/docker_simulation_ws/install/rbt_pd_cnt/lib:/home/ros/docker_simulation_ws/install/omni_vel_controller/lib:/home/ros/docker_simulation_ws/install/omni_mulinex_joystic/lib:/home/ros/docker_simulation_ws/install/ik_quad_foot_control/lib:/home/ros/docker_simulation_ws/install/custom_interfaces/lib:/opt/ros/humble/opt/rviz_ogre_vendor/lib:/opt/ros/humble/lib/x86_64-linux-gnu:/opt/ros/humble/lib /usr/bin/cmake --install /home/ros/docker_simulation_ws/build/omni_mulinex_joystic
