[0.387s] Invoking command in '/home/ros/docker_simulation_ws/build/ik_quad_foot_control': CMAKE_PREFIX_PATH=/home/ros/docker_simulation_ws/install/pi3hat_moteus_int_msgs:/home/ros/docker_simulation_ws/install/wheels_vel_cnt:/home/ros/docker_simulation_ws/install/rbt_pd_cnt:/home/ros/docker_simulation_ws/install/omni_vel_controller:/home/ros/docker_simulation_ws/install/omni_mulinex_joystic:/home/ros/docker_simulation_ws/install/ik_quad_foot_control:/home/ros/docker_simulation_ws/install/mulinex_ignition:/home/ros/docker_simulation_ws/install/mulinex_description:/home/ros/docker_simulation_ws/install/custom_interfaces:/home/ros/docker_simulation_ws/install/rlg_quad_controller:/home/ros/docker_simulation_ws/install/mulinex_ignition_py:/opt/ros/humble LD_LIBRARY_PATH=/home/ros/docker_simulation_ws/install/pi3hat_moteus_int_msgs/lib:/home/ros/docker_simulation_ws/install/wheels_vel_cnt/lib:/home/ros/docker_simulation_ws/install/rbt_pd_cnt/lib:/home/ros/docker_simulation_ws/install/omni_vel_controller/lib:/home/ros/docker_simulation_ws/install/omni_mulinex_joystic/lib:/home/ros/docker_simulation_ws/install/ik_quad_foot_control/lib:/home/ros/docker_simulation_ws/install/custom_interfaces/lib:/opt/ros/humble/opt/rviz_ogre_vendor/lib:/opt/ros/humble/lib/x86_64-linux-gnu:/opt/ros/humble/lib /usr/bin/cmake --build /home/ros/docker_simulation_ws/build/ik_quad_foot_control -- -j12 -l12
[2.800s] [ 50%] Built target ik_quad_foot_control
[2.813s] [100%] Built target base_motion
[2.824s] Invoked command in '/home/ros/docker_simulation_ws/build/ik_quad_foot_control' returned '0': CMAKE_PREFIX_PATH=/home/ros/docker_simulation_ws/install/pi3hat_moteus_int_msgs:/home/ros/docker_simulation_ws/install/wheels_vel_cnt:/home/ros/docker_simulation_ws/install/rbt_pd_cnt:/home/ros/docker_simulation_ws/install/omni_vel_controller:/home/ros/docker_simulation_ws/install/omni_mulinex_joystic:/home/ros/docker_simulation_ws/install/ik_quad_foot_control:/home/ros/docker_simulation_ws/install/mulinex_ignition:/home/ros/docker_simulation_ws/install/mulinex_description:/home/ros/docker_simulation_ws/install/custom_interfaces:/home/ros/docker_simulation_ws/install/rlg_quad_controller:/home/ros/docker_simulation_ws/install/mulinex_ignition_py:/opt/ros/humble LD_LIBRARY_PATH=/home/ros/docker_simulation_ws/install/pi3hat_moteus_int_msgs/lib:/home/ros/docker_simulation_ws/install/wheels_vel_cnt/lib:/home/ros/docker_simulation_ws/install/rbt_pd_cnt/lib:/home/ros/docker_simulation_ws/install/omni_vel_controller/lib:/home/ros/docker_simulation_ws/install/omni_mulinex_joystic/lib:/home/ros/docker_simulation_ws/install/ik_quad_foot_control/lib:/home/ros/docker_simulation_ws/install/custom_interfaces/lib:/opt/ros/humble/opt/rviz_ogre_vendor/lib:/opt/ros/humble/lib/x86_64-linux-gnu:/opt/ros/humble/lib /usr/bin/cmake --build /home/ros/docker_simulation_ws/build/ik_quad_foot_control -- -j12 -l12
[2.828s] Invoking command in '/home/ros/docker_simulation_ws/build/ik_quad_foot_control': CMAKE_PREFIX_PATH=/home/ros/docker_simulation_ws/install/pi3hat_moteus_int_msgs:/home/ros/docker_simulation_ws/install/wheels_vel_cnt:/home/ros/docker_simulation_ws/install/rbt_pd_cnt:/home/ros/docker_simulation_ws/install/omni_vel_controller:/home/ros/docker_simulation_ws/install/omni_mulinex_joystic:/home/ros/docker_simulation_ws/install/ik_quad_foot_control:/home/ros/docker_simulation_ws/install/mulinex_ignition:/home/ros/docker_simulation_ws/install/mulinex_description:/home/ros/docker_simulation_ws/install/custom_interfaces:/home/ros/docker_simulation_ws/install/rlg_quad_controller:/home/ros/docker_simulation_ws/install/mulinex_ignition_py:/opt/ros/humble LD_LIBRARY_PATH=/home/ros/docker_simulation_ws/install/pi3hat_moteus_int_msgs/lib:/home/ros/docker_simulation_ws/install/wheels_vel_cnt/lib:/home/ros/docker_simulation_ws/install/rbt_pd_cnt/lib:/home/ros/docker_simulation_ws/install/omni_vel_controller/lib:/home/ros/docker_simulation_ws/install/omni_mulinex_joystic/lib:/home/ros/docker_simulation_ws/install/ik_quad_foot_control/lib:/home/ros/docker_simulation_ws/install/custom_interfaces/lib:/opt/ros/humble/opt/rviz_ogre_vendor/lib:/opt/ros/humble/lib/x86_64-linux-gnu:/opt/ros/humble/lib /usr/bin/cmake --install /home/ros/docker_simulation_ws/build/ik_quad_foot_control
[2.944s] -- Install configuration: ""
[2.947s] -- Execute custom install script
[2.948s] -- Up-to-date symlink: /home/ros/docker_simulation_ws/install/ik_quad_foot_control/share/ik_quad_foot_control//ik_quad_foot_control.xml
[2.967s] -- Up-to-date symlink: /home/ros/docker_simulation_ws/install/ik_quad_foot_control/share/ik_quad_foot_control/environment/library_path.sh
[2.973s] -- Up-to-date symlink: /home/ros/docker_simulation_ws/install/ik_quad_foot_control/share/ik_quad_foot_control/environment/library_path.dsv
[2.973s] -- Up-to-date symlink: /home/ros/docker_simulation_ws/install/ik_quad_foot_control/lib/ik_quad_foot_control/base_motion
[2.974s] -- Up-to-date symlink: /home/ros/docker_simulation_ws/install/ik_quad_foot_control/share/ik_quad_foot_control/launch/base_motion.launch.py
[2.984s] -- Up-to-date symlink: /home/ros/docker_simulation_ws/install/ik_quad_foot_control/share/ament_index/resource_index/package_run_dependencies/ik_quad_foot_control
[2.986s] -- Up-to-date symlink: /home/ros/docker_simulation_ws/install/ik_quad_foot_control/share/ament_index/resource_index/parent_prefix_path/ik_quad_foot_control
[2.988s] -- Up-to-date symlink: /home/ros/docker_simulation_ws/install/ik_quad_foot_control/share/ik_quad_foot_control/environment/ament_prefix_path.sh
[2.989s] -- Up-to-date symlink: /home/ros/docker_simulation_ws/install/ik_quad_foot_control/share/ik_quad_foot_control/environment/ament_prefix_path.dsv
[2.990s] -- Up-to-date symlink: /home/ros/docker_simulation_ws/install/ik_quad_foot_control/share/ik_quad_foot_control/environment/path.sh
[2.998s] -- Up-to-date symlink: /home/ros/docker_simulation_ws/install/ik_quad_foot_control/share/ik_quad_foot_control/environment/path.dsv
[2.999s] -- Up-to-date symlink: /home/ros/docker_simulation_ws/install/ik_quad_foot_control/share/ik_quad_foot_control/local_setup.bash
[3.000s] -- Up-to-date symlink: /home/ros/docker_simulation_ws/install/ik_quad_foot_control/share/ik_quad_foot_control/local_setup.sh
[3.000s] -- Up-to-date symlink: /home/ros/docker_simulation_ws/install/ik_quad_foot_control/share/ik_quad_foot_control/local_setup.zsh
[3.001s] -- Up-to-date symlink: /home/ros/docker_simulation_ws/install/ik_quad_foot_control/share/ik_quad_foot_control/local_setup.dsv
[3.001s] -- Symlinking: /home/ros/docker_simulation_ws/install/ik_quad_foot_control/share/ik_quad_foot_control/package.dsv
[3.056s] -- Up-to-date symlink: /home/ros/docker_simulation_ws/install/ik_quad_foot_control/share/ament_index/resource_index/packages/ik_quad_foot_control
[3.057s] -- Up-to-date symlink: /home/ros/docker_simulation_ws/install/ik_quad_foot_control/share/ament_index/resource_index/controller_interface__pluginlib__plugin/ik_quad_foot_control
[3.058s] -- Up-to-date symlink: /home/ros/docker_simulation_ws/install/ik_quad_foot_control/share/ik_quad_foot_control/cmake/ament_cmake_export_dependencies-extras.cmake
[3.058s] -- Up-to-date symlink: /home/ros/docker_simulation_ws/install/ik_quad_foot_control/share/ik_quad_foot_control/cmake/ament_cmake_export_include_directories-extras.cmake
[3.109s] -- Up-to-date symlink: /home/ros/docker_simulation_ws/install/ik_quad_foot_control/share/ik_quad_foot_control/cmake/ament_cmake_export_libraries-extras.cmake
[3.110s] -- Up-to-date symlink: /home/ros/docker_simulation_ws/install/ik_quad_foot_control/share/ik_quad_foot_control/cmake/ik_quad_foot_controlConfig.cmake
[3.111s] -- Up-to-date symlink: /home/ros/docker_simulation_ws/install/ik_quad_foot_control/share/ik_quad_foot_control/cmake/ik_quad_foot_controlConfig-version.cmake
[3.111s] -- Up-to-date symlink: /home/ros/docker_simulation_ws/install/ik_quad_foot_control/share/ik_quad_foot_control/package.xml
[3.112s] -- Up-to-date: /home/ros/docker_simulation_ws/install/ik_quad_foot_control/lib/libik_quad_foot_control.so
[3.156s] Invoked command in '/home/ros/docker_simulation_ws/build/ik_quad_foot_control' returned '0': CMAKE_PREFIX_PATH=/home/ros/docker_simulation_ws/install/pi3hat_moteus_int_msgs:/home/ros/docker_simulation_ws/install/wheels_vel_cnt:/home/ros/docker_simulation_ws/install/rbt_pd_cnt:/home/ros/docker_simulation_ws/install/omni_vel_controller:/home/ros/docker_simulation_ws/install/omni_mulinex_joystic:/home/ros/docker_simulation_ws/install/ik_quad_foot_control:/home/ros/docker_simulation_ws/install/mulinex_ignition:/home/ros/docker_simulation_ws/install/mulinex_description:/home/ros/docker_simulation_ws/install/custom_interfaces:/home/ros/docker_simulation_ws/install/rlg_quad_controller:/home/ros/docker_simulation_ws/install/mulinex_ignition_py:/opt/ros/humble LD_LIBRARY_PATH=/home/ros/docker_simulation_ws/install/pi3hat_moteus_int_msgs/lib:/home/ros/docker_simulation_ws/install/wheels_vel_cnt/lib:/home/ros/docker_simulation_ws/install/rbt_pd_cnt/lib:/home/ros/docker_simulation_ws/install/omni_vel_controller/lib:/home/ros/docker_simulation_ws/install/omni_mulinex_joystic/lib:/home/ros/docker_simulation_ws/install/ik_quad_foot_control/lib:/home/ros/docker_simulation_ws/install/custom_interfaces/lib:/opt/ros/humble/opt/rviz_ogre_vendor/lib:/opt/ros/humble/lib/x86_64-linux-gnu:/opt/ros/humble/lib /usr/bin/cmake --install /home/ros/docker_simulation_ws/build/ik_quad_foot_control
