-- Found ament_cmake: 1.3.12 (/opt/ros/humble/share/ament_cmake/cmake)
-- Override CMake install command with custom implementation using symlinks instead of copying resources
-- Found rclcpp: 16.0.15 (/opt/ros/humble/share/rclcpp/cmake)
-- Found rosidl_generator_c: 3.1.7 (/opt/ros/humble/share/rosidl_generator_c/cmake)
-- Found rosidl_adapter: 3.1.7 (/opt/ros/humble/share/rosidl_adapter/cmake)
-- Found rosidl_generator_cpp: 3.1.7 (/opt/ros/humble/share/rosidl_generator_cpp/cmake)
-- Using all available rosidl_typesupport_c: rosidl_typesupport_fastrtps_c;rosidl_typesupport_introspection_c
-- Using all available rosidl_typesupport_cpp: rosidl_typesupport_fastrtps_cpp;rosidl_typesupport_introspection_cpp
-- Found rmw_implementation_cmake: 6.1.2 (/opt/ros/humble/share/rmw_implementation_cmake/cmake)
-- Found rmw_fastrtps_cpp: 6.2.8 (/opt/ros/humble/share/rmw_fastrtps_cpp/cmake)
-- Using RMW implementation 'rmw_fastrtps_cpp' as default
-- Found rclcpp_lifecycle: 16.0.15 (/opt/ros/humble/share/rclcpp_lifecycle/cmake)
-- Found hardware_interface: 2.52.0 (/opt/ros/humble/share/hardware_interface/cmake)
-- Found controller_interface: 2.52.0 (/opt/ros/humble/share/controller_interface/cmake)
-- Found pi3hat_moteus_int_msgs: 0.0.0 (/home/ros/docker_simulation_ws/install/pi3hat_moteus_int_msgs/share/pi3hat_moteus_int_msgs/cmake)
-- Found std_srvs: 4.9.0 (/opt/ros/humble/share/std_srvs/cmake)
-- Found ament_lint_auto: 0.12.14 (/opt/ros/humble/share/ament_lint_auto/cmake)
-- Added test 'cppcheck' to perform static code analysis on C / C++ code
-- Configured cppcheck include dirs: /home/ros/docker_simulation_ws/src/Pi3Hat_Controllers/src/ik_quad_foot_control/include;$<BUILD_INTERFACE:/home/ros/docker_simulation_ws/src/Pi3Hat_Controllers/src/ik_quad_foot_control/include>
-- Configured cppcheck exclude dirs and/or files: 
-- Added test 'flake8' to check Python code syntax and style conventions
-- Added test 'lint_cmake' to check CMake code style
-- Added test 'pep257' to check Python code against some of the docstring style conventions in PEP 257
-- Added test 'uncrustify' to check C / C++ code style
-- Configured uncrustify additional arguments: 
-- Added test 'xmllint' to check XML markup files
-- Configuring done
-- Generating done
-- Build files have been written to: /home/ros/docker_simulation_ws/build/ik_quad_foot_control
[35m[1mConsolidate compiler generated dependencies of target base_motion[0m
[35m[1mConsolidate compiler generated dependencies of target ik_quad_foot_control[0m
[ 25%] [32mBuilding CXX object CMakeFiles/base_motion.dir/src/base_twist_cmd.cpp.o[0m
[ 50%] [32mBuilding CXX object CMakeFiles/ik_quad_foot_control.dir/src/ik_quad_foot_control.cpp.o[0m
[01m[K/home/ros/docker_simulation_ws/src/Pi3Hat_Controllers/src/ik_quad_foot_control/src/ik_quad_foot_control.cpp:[m[K In member function ‘[01m[Kvoid ik_quad_foot_control::IK_Quad_Foot_Controller::FK_comp(double, double, double&, double&, ik_quad_foot_control::LEG_IND)[m[K’:
[01m[K/home/ros/docker_simulation_ws/src/Pi3Hat_Controllers/src/ik_quad_foot_control/src/ik_quad_foot_control.cpp:75:94:[m[K [01;35m[Kwarning: [m[Kunused parameter ‘[01m[Kleg[m[K’ [[01;35m[K-Wunused-parameter[m[K]
   75 |     void IK_Quad_Foot_Controller::FK_comp(double q1, double q2, double &y, double &x,[01;35m[KLEG_IND leg[m[K)
      |                                                                                      [01;35m[K~~~~~~~~^~~[m[K
[01m[K/home/ros/docker_simulation_ws/src/Pi3Hat_Controllers/src/ik_quad_foot_control/src/ik_quad_foot_control.cpp:[m[K In lambda function:
[01m[K/home/ros/docker_simulation_ws/src/Pi3Hat_Controllers/src/ik_quad_foot_control/src/ik_quad_foot_control.cpp:202:51:[m[K [01;35m[Kwarning: [m[Kunused parameter ‘[01m[Kevent[m[K’ [[01;35m[K-Wunused-parameter[m[K]
  202 |         [this]([01;35m[Krclcpp::QOSDeadlineRequestedInfo & event[m[K)
      |                [01;35m[K~~~~~~~~~~~~~~~~~~~~~~~~~~~~~~~~~~~^~~~~[m[K
In file included from [01m[K/opt/ros/humble/include/rclcpp/rclcpp/logging.hpp:24[m[K,
                 from [01m[K/home/ros/docker_simulation_ws/src/Pi3Hat_Controllers/src/ik_quad_foot_control/src/ik_quad_foot_control.cpp:5[m[K:
[01m[K/home/ros/docker_simulation_ws/src/Pi3Hat_Controllers/src/ik_quad_foot_control/src/ik_quad_foot_control.cpp:[m[K In member function ‘[01m[Kvirtual controller_interface::return_type ik_quad_foot_control::IK_Quad_Foot_Controller::update(const rclcpp::Time&, const rclcpp::Duration&)[m[K’:
[01m[K/home/ros/docker_simulation_ws/src/Pi3Hat_Controllers/src/ik_quad_foot_control/src/ik_quad_foot_control.cpp:375:58:[m[K [01;35m[Kwarning: [m[Kformat ‘[01m[K%d[m[K’ expects argument of type ‘[01m[Kint[m[K’, but argument 5 has type ‘[01m[K__gnu_cxx::__alloc_traits<std::allocator<double>, double>::value_type[m[K’ {aka ‘[01m[Kdouble[m[K’} [[01;35m[K-Wformat=[m[K]
  375 |                     RCLCPP_INFO(get_node()->get_logger(),[01;35m[K"the computed %d IK for pushup are [%f,%f]"[m[K,pushup_jnt_pos[2*i],pushup_jnt_pos[2*i + 1]);
      |                                                          [01;35m[K^~~~~~~~~~~~~~~~~~~~~~~~~~~~~~~~~~~~~~~~~~~[m[K
[01m[K/home/ros/docker_simulation_ws/src/Pi3Hat_Controllers/src/ik_quad_foot_control/src/ik_quad_foot_control.cpp:375:73:[m[K [01;36m[Knote: [m[Kformat string is defined here
  375 |                     RCLCPP_INFO(get_node()->get_logger(),"the computed [01;36m[K%d[m[K IK for pushup are [%f,%f]",pushup_jnt_pos[2*i],pushup_jnt_pos[2*i + 1]);
      |                                                                        [01;36m[K~^[m[K
      |                                                                         [01;36m[K|[m[K
      |                                                                         [01;36m[Kint[m[K
      |                                                                        [32m[K%f[m[K
In file included from [01m[K/opt/ros/humble/include/rclcpp/rclcpp/logging.hpp:24[m[K,
                 from [01m[K/home/ros/docker_simulation_ws/src/Pi3Hat_Controllers/src/ik_quad_foot_control/src/ik_quad_foot_control.cpp:5[m[K:
[01m[K/home/ros/docker_simulation_ws/src/Pi3Hat_Controllers/src/ik_quad_foot_control/src/ik_quad_foot_control.cpp:375:58:[m[K [01;35m[Kwarning: [m[Kformat ‘[01m[K%f[m[K’ expects a matching ‘[01m[Kdouble[m[K’ argument [[01;35m[K-Wformat=[m[K]
  375 |                     RCLCPP_INFO(get_node()->get_logger(),[01;35m[K"the computed %d IK for pushup are [%f,%f]"[m[K,pushup_jnt_pos[2*i],pushup_jnt_pos[2*i + 1]);
      |                                                          [01;35m[K^~~~~~~~~~~~~~~~~~~~~~~~~~~~~~~~~~~~~~~~~~~[m[K
[01m[K/home/ros/docker_simulation_ws/src/Pi3Hat_Controllers/src/ik_quad_foot_control/src/ik_quad_foot_control.cpp:375:98:[m[K [01;36m[Knote: [m[Kformat string is defined here
  375 |                     RCLCPP_INFO(get_node()->get_logger(),"the computed %d IK for pushup are [%f,[01;36m[K%f[m[K]",pushup_jnt_pos[2*i],pushup_jnt_pos[2*i + 1]);
      |                                                                                                 [01;36m[K~^[m[K
      |                                                                                                  [01;36m[K|[m[K
      |                                                                                                  [01;36m[Kdouble[m[K
[01m[K/home/ros/docker_simulation_ws/src/Pi3Hat_Controllers/src/ik_quad_foot_control/src/ik_quad_foot_control.cpp:297:16:[m[K [01;35m[Kwarning: [m[Kunused variable ‘[01m[Kq1[m[K’ [[01;35m[K-Wunused-variable[m[K]
  297 |         double [01;35m[Kq1[m[K=0,q2=0,t,k;
      |                [01;35m[K^~[m[K
[01m[K/home/ros/docker_simulation_ws/src/Pi3Hat_Controllers/src/ik_quad_foot_control/src/ik_quad_foot_control.cpp:297:21:[m[K [01;35m[Kwarning: [m[Kunused variable ‘[01m[Kq2[m[K’ [[01;35m[K-Wunused-variable[m[K]
  297 |         double q1=0,[01;35m[Kq2[m[K=0,t,k;
      |                     [01;35m[K^~[m[K
[01m[K/home/ros/docker_simulation_ws/src/Pi3Hat_Controllers/src/ik_quad_foot_control/src/ik_quad_foot_control.cpp:297:26:[m[K [01;35m[Kwarning: [m[Kunused variable ‘[01m[Kt[m[K’ [[01;35m[K-Wunused-variable[m[K]
  297 |         double q1=0,q2=0,[01;35m[Kt[m[K,k;
      |                          [01;35m[K^[m[K
[01m[K/home/ros/docker_simulation_ws/src/Pi3Hat_Controllers/src/ik_quad_foot_control/src/ik_quad_foot_control.cpp:297:28:[m[K [01;35m[Kwarning: [m[Kunused variable ‘[01m[Kk[m[K’ [[01;35m[K-Wunused-variable[m[K]
  297 |         double q1=0,q2=0,t,[01;35m[Kk[m[K;
      |                            [01;35m[K^[m[K
[01m[K/home/ros/docker_simulation_ws/src/Pi3Hat_Controllers/src/ik_quad_foot_control/src/ik_quad_foot_control.cpp:292:92:[m[K [01;35m[Kwarning: [m[Kunused parameter ‘[01m[Ktime[m[K’ [[01;35m[K-Wunused-parameter[m[K]
  292 |     controller_interface::return_type IK_Quad_Foot_Controller::update([01;35m[Kconst rclcpp::Time & time[m[K, const rclcpp::Duration & period)
      |                                                                       [01;35m[K~~~~~~~~~~~~~~~~~~~~~^~~~[m[K
[ 75%] [32m[1mLinking CXX executable base_motion[0m
[ 75%] Built target base_motion
[100%] [32m[1mLinking CXX shared library libik_quad_foot_control.so[0m
[100%] Built target ik_quad_foot_control
-- Install configuration: ""
-- Execute custom install script
-- Up-to-date symlink: /home/ros/docker_simulation_ws/install/ik_quad_foot_control/share/ik_quad_foot_control//ik_quad_foot_control.xml
-- Up-to-date symlink: /home/ros/docker_simulation_ws/install/ik_quad_foot_control/share/ik_quad_foot_control/environment/library_path.sh
-- Up-to-date symlink: /home/ros/docker_simulation_ws/install/ik_quad_foot_control/share/ik_quad_foot_control/environment/library_path.dsv
-- Up-to-date symlink: /home/ros/docker_simulation_ws/install/ik_quad_foot_control/lib/ik_quad_foot_control/base_motion
-- Up-to-date symlink: /home/ros/docker_simulation_ws/install/ik_quad_foot_control/share/ik_quad_foot_control/launch/base_motion.launch.py
-- Up-to-date symlink: /home/ros/docker_simulation_ws/install/ik_quad_foot_control/share/ament_index/resource_index/package_run_dependencies/ik_quad_foot_control
-- Up-to-date symlink: /home/ros/docker_simulation_ws/install/ik_quad_foot_control/share/ament_index/resource_index/parent_prefix_path/ik_quad_foot_control
-- Up-to-date symlink: /home/ros/docker_simulation_ws/install/ik_quad_foot_control/share/ik_quad_foot_control/environment/ament_prefix_path.sh
-- Up-to-date symlink: /home/ros/docker_simulation_ws/install/ik_quad_foot_control/share/ik_quad_foot_control/environment/ament_prefix_path.dsv
-- Up-to-date symlink: /home/ros/docker_simulation_ws/install/ik_quad_foot_control/share/ik_quad_foot_control/environment/path.sh
-- Up-to-date symlink: /home/ros/docker_simulation_ws/install/ik_quad_foot_control/share/ik_quad_foot_control/environment/path.dsv
-- Up-to-date symlink: /home/ros/docker_simulation_ws/install/ik_quad_foot_control/share/ik_quad_foot_control/local_setup.bash
-- Up-to-date symlink: /home/ros/docker_simulation_ws/install/ik_quad_foot_control/share/ik_quad_foot_control/local_setup.sh
-- Up-to-date symlink: /home/ros/docker_simulation_ws/install/ik_quad_foot_control/share/ik_quad_foot_control/local_setup.zsh
-- Up-to-date symlink: /home/ros/docker_simulation_ws/install/ik_quad_foot_control/share/ik_quad_foot_control/local_setup.dsv
-- Symlinking: /home/ros/docker_simulation_ws/install/ik_quad_foot_control/share/ik_quad_foot_control/package.dsv
-- Up-to-date symlink: /home/ros/docker_simulation_ws/install/ik_quad_foot_control/share/ament_index/resource_index/packages/ik_quad_foot_control
-- Up-to-date symlink: /home/ros/docker_simulation_ws/install/ik_quad_foot_control/share/ament_index/resource_index/controller_interface__pluginlib__plugin/ik_quad_foot_control
-- Up-to-date symlink: /home/ros/docker_simulation_ws/install/ik_quad_foot_control/share/ik_quad_foot_control/cmake/ament_cmake_export_dependencies-extras.cmake
-- Up-to-date symlink: /home/ros/docker_simulation_ws/install/ik_quad_foot_control/share/ik_quad_foot_control/cmake/ament_cmake_export_include_directories-extras.cmake
-- Up-to-date symlink: /home/ros/docker_simulation_ws/install/ik_quad_foot_control/share/ik_quad_foot_control/cmake/ament_cmake_export_libraries-extras.cmake
-- Up-to-date symlink: /home/ros/docker_simulation_ws/install/ik_quad_foot_control/share/ik_quad_foot_control/cmake/ik_quad_foot_controlConfig.cmake
-- Up-to-date symlink: /home/ros/docker_simulation_ws/install/ik_quad_foot_control/share/ik_quad_foot_control/cmake/ik_quad_foot_controlConfig-version.cmake
-- Up-to-date symlink: /home/ros/docker_simulation_ws/install/ik_quad_foot_control/share/ik_quad_foot_control/package.xml
-- Installing: /home/ros/docker_simulation_ws/install/ik_quad_foot_control/lib/libik_quad_foot_control.so
-- Set runtime path of "/home/ros/docker_simulation_ws/install/ik_quad_foot_control/lib/libik_quad_foot_control.so" to ""
