[0.169s] Invoking command in '/home/ros/docker_simulation_ws/build/ik_quad_foot_control': CMAKE_PREFIX_PATH=/home/ros/docker_simulation_ws/install/pi3hat_moteus_int_msgs:/home/ros/docker_simulation_ws/install/wheels_vel_cnt:/home/ros/docker_simulation_ws/install/rbt_pd_cnt:/home/ros/docker_simulation_ws/install/omni_vel_controller:/home/ros/docker_simulation_ws/install/omni_mulinex_joystic:/home/ros/docker_simulation_ws/install/ik_quad_foot_control:/home/ros/docker_simulation_ws/install/mulinex_ignition:/home/ros/docker_simulation_ws/install/mulinex_description:/home/ros/docker_simulation_ws/install/custom_interfaces:/home/ros/docker_simulation_ws/install/rlg_quad_controller:/home/ros/docker_simulation_ws/install/mulinex_ignition_py:/opt/ros/humble LD_LIBRARY_PATH=/home/ros/docker_simulation_ws/install/pi3hat_moteus_int_msgs/lib:/home/ros/docker_simulation_ws/install/wheels_vel_cnt/lib:/home/ros/docker_simulation_ws/install/rbt_pd_cnt/lib:/home/ros/docker_simulation_ws/install/omni_vel_controller/lib:/home/ros/docker_simulation_ws/install/omni_mulinex_joystic/lib:/home/ros/docker_simulation_ws/install/ik_quad_foot_control/lib:/home/ros/docker_simulation_ws/install/custom_interfaces/lib:/opt/ros/humble/opt/rviz_ogre_vendor/lib:/opt/ros/humble/lib/x86_64-linux-gnu:/opt/ros/humble/lib /usr/bin/cmake --build /home/ros/docker_simulation_ws/build/ik_quad_foot_control -- -j12 -l12
[1.505s] -- Found ament_cmake: 1.3.12 (/opt/ros/humble/share/ament_cmake/cmake)
[1.506s] -- Override CMake install command with custom implementation using symlinks instead of copying resources
[1.506s] -- Found rclcpp: 16.0.15 (/opt/ros/humble/share/rclcpp/cmake)
[1.507s] -- Found rosidl_generator_c: 3.1.7 (/opt/ros/humble/share/rosidl_generator_c/cmake)
[1.508s] -- Found rosidl_adapter: 3.1.7 (/opt/ros/humble/share/rosidl_adapter/cmake)
[1.510s] -- Found rosidl_generator_cpp: 3.1.7 (/opt/ros/humble/share/rosidl_generator_cpp/cmake)
[1.518s] -- Using all available rosidl_typesupport_c: rosidl_typesupport_fastrtps_c;rosidl_typesupport_introspection_c
[1.518s] -- Using all available rosidl_typesupport_cpp: rosidl_typesupport_fastrtps_cpp;rosidl_typesupport_introspection_cpp
[1.519s] -- Found rmw_implementation_cmake: 6.1.2 (/opt/ros/humble/share/rmw_implementation_cmake/cmake)
[1.519s] -- Found rmw_fastrtps_cpp: 6.2.8 (/opt/ros/humble/share/rmw_fastrtps_cpp/cmake)
[2.015s] -- Using RMW implementation 'rmw_fastrtps_cpp' as default
[2.307s] -- Found rclcpp_lifecycle: 16.0.15 (/opt/ros/humble/share/rclcpp_lifecycle/cmake)
[2.446s] -- Found hardware_interface: 2.52.0 (/opt/ros/humble/share/hardware_interface/cmake)
[3.095s] -- Found controller_interface: 2.52.0 (/opt/ros/humble/share/controller_interface/cmake)
[3.106s] -- Found pi3hat_moteus_int_msgs: 0.0.0 (/home/ros/docker_simulation_ws/install/pi3hat_moteus_int_msgs/share/pi3hat_moteus_int_msgs/cmake)
[3.190s] -- Found std_srvs: 4.9.0 (/opt/ros/humble/share/std_srvs/cmake)
[3.286s] -- Found ament_lint_auto: 0.12.14 (/opt/ros/humble/share/ament_lint_auto/cmake)
[3.746s] -- Added test 'cppcheck' to perform static code analysis on C / C++ code
[3.751s] -- Configured cppcheck include dirs: /home/ros/docker_simulation_ws/src/Pi3Hat_Controllers/src/ik_quad_foot_control/include;$<BUILD_INTERFACE:/home/ros/docker_simulation_ws/src/Pi3Hat_Controllers/src/ik_quad_foot_control/include>
[3.752s] -- Configured cppcheck exclude dirs and/or files: 
[3.758s] -- Added test 'flake8' to check Python code syntax and style conventions
[3.758s] -- Added test 'lint_cmake' to check CMake code style
[3.759s] -- Added test 'pep257' to check Python code against some of the docstring style conventions in PEP 257
[3.762s] -- Added test 'uncrustify' to check C / C++ code style
[3.762s] -- Configured uncrustify additional arguments: 
[3.764s] -- Added test 'xmllint' to check XML markup files
[3.782s] -- Configuring done
[3.923s] -- Generating done
[3.977s] -- Build files have been written to: /home/ros/docker_simulation_ws/build/ik_quad_foot_control
[4.142s] [35m[1mConsolidate compiler generated dependencies of target base_motion[0m
[4.156s] [35m[1mConsolidate compiler generated dependencies of target ik_quad_foot_control[0m
[4.256s] [ 25%] [32mBuilding CXX object CMakeFiles/base_motion.dir/src/base_twist_cmd.cpp.o[0m
[4.285s] [ 50%] [32mBuilding CXX object CMakeFiles/ik_quad_foot_control.dir/src/ik_quad_foot_control.cpp.o[0m
[22.567s] [01m[K/home/ros/docker_simulation_ws/src/Pi3Hat_Controllers/src/ik_quad_foot_control/src/ik_quad_foot_control.cpp:[m[K In member function ‘[01m[Kvoid ik_quad_foot_control::IK_Quad_Foot_Controller::FK_comp(double, double, double&, double&, ik_quad_foot_control::LEG_IND)[m[K’:
[22.567s] [01m[K/home/ros/docker_simulation_ws/src/Pi3Hat_Controllers/src/ik_quad_foot_control/src/ik_quad_foot_control.cpp:75:94:[m[K [01;35m[Kwarning: [m[Kunused parameter ‘[01m[Kleg[m[K’ [[01;35m[K-Wunused-parameter[m[K]
[22.567s]    75 |     void IK_Quad_Foot_Controller::FK_comp(double q1, double q2, double &y, double &x,[01;35m[KLEG_IND leg[m[K)
[22.568s]       |                                                                                      [01;35m[K~~~~~~~~^~~[m[K
[22.618s] [01m[K/home/ros/docker_simulation_ws/src/Pi3Hat_Controllers/src/ik_quad_foot_control/src/ik_quad_foot_control.cpp:[m[K In lambda function:
[22.618s] [01m[K/home/ros/docker_simulation_ws/src/Pi3Hat_Controllers/src/ik_quad_foot_control/src/ik_quad_foot_control.cpp:202:51:[m[K [01;35m[Kwarning: [m[Kunused parameter ‘[01m[Kevent[m[K’ [[01;35m[K-Wunused-parameter[m[K]
[22.619s]   202 |         [this]([01;35m[Krclcpp::QOSDeadlineRequestedInfo & event[m[K)
[22.619s]       |                [01;35m[K~~~~~~~~~~~~~~~~~~~~~~~~~~~~~~~~~~~^~~~~[m[K
[22.714s] In file included from [01m[K/opt/ros/humble/include/rclcpp/rclcpp/logging.hpp:24[m[K,
[22.714s]                  from [01m[K/home/ros/docker_simulation_ws/src/Pi3Hat_Controllers/src/ik_quad_foot_control/src/ik_quad_foot_control.cpp:5[m[K:
[22.715s] [01m[K/home/ros/docker_simulation_ws/src/Pi3Hat_Controllers/src/ik_quad_foot_control/src/ik_quad_foot_control.cpp:[m[K In member function ‘[01m[Kvirtual controller_interface::return_type ik_quad_foot_control::IK_Quad_Foot_Controller::update(const rclcpp::Time&, const rclcpp::Duration&)[m[K’:
[22.715s] [01m[K/home/ros/docker_simulation_ws/src/Pi3Hat_Controllers/src/ik_quad_foot_control/src/ik_quad_foot_control.cpp:375:58:[m[K [01;35m[Kwarning: [m[Kformat ‘[01m[K%d[m[K’ expects argument of type ‘[01m[Kint[m[K’, but argument 5 has type ‘[01m[K__gnu_cxx::__alloc_traits<std::allocator<double>, double>::value_type[m[K’ {aka ‘[01m[Kdouble[m[K’} [[01;35m[K-Wformat=[m[K]
[22.715s]   375 |                     RCLCPP_INFO(get_node()->get_logger(),[01;35m[K"the computed %d IK for pushup are [%f,%f]"[m[K,pushup_jnt_pos[2*i],pushup_jnt_pos[2*i + 1]);
[22.716s]       |                                                          [01;35m[K^~~~~~~~~~~~~~~~~~~~~~~~~~~~~~~~~~~~~~~~~~~[m[K
[22.716s] [01m[K/home/ros/docker_simulation_ws/src/Pi3Hat_Controllers/src/ik_quad_foot_control/src/ik_quad_foot_control.cpp:375:73:[m[K [01;36m[Knote: [m[Kformat string is defined here
[22.716s]   375 |                     RCLCPP_INFO(get_node()->get_logger(),"the computed [01;36m[K%d[m[K IK for pushup are [%f,%f]",pushup_jnt_pos[2*i],pushup_jnt_pos[2*i + 1]);
[22.716s]       |                                                                        [01;36m[K~^[m[K
[22.717s]       |                                                                         [01;36m[K|[m[K
[22.717s]       |                                                                         [01;36m[Kint[m[K
[22.717s]       |                                                                        [32m[K%f[m[K
[22.717s] In file included from [01m[K/opt/ros/humble/include/rclcpp/rclcpp/logging.hpp:24[m[K,
[22.717s]                  from [01m[K/home/ros/docker_simulation_ws/src/Pi3Hat_Controllers/src/ik_quad_foot_control/src/ik_quad_foot_control.cpp:5[m[K:
[22.718s] [01m[K/home/ros/docker_simulation_ws/src/Pi3Hat_Controllers/src/ik_quad_foot_control/src/ik_quad_foot_control.cpp:375:58:[m[K [01;35m[Kwarning: [m[Kformat ‘[01m[K%f[m[K’ expects a matching ‘[01m[Kdouble[m[K’ argument [[01;35m[K-Wformat=[m[K]
[22.718s]   375 |                     RCLCPP_INFO(get_node()->get_logger(),[01;35m[K"the computed %d IK for pushup are [%f,%f]"[m[K,pushup_jnt_pos[2*i],pushup_jnt_pos[2*i + 1]);
[22.718s]       |                                                          [01;35m[K^~~~~~~~~~~~~~~~~~~~~~~~~~~~~~~~~~~~~~~~~~~[m[K
[22.719s] [01m[K/home/ros/docker_simulation_ws/src/Pi3Hat_Controllers/src/ik_quad_foot_control/src/ik_quad_foot_control.cpp:375:98:[m[K [01;36m[Knote: [m[Kformat string is defined here
[22.719s]   375 |                     RCLCPP_INFO(get_node()->get_logger(),"the computed %d IK for pushup are [%f,[01;36m[K%f[m[K]",pushup_jnt_pos[2*i],pushup_jnt_pos[2*i + 1]);
[22.720s]       |                                                                                                 [01;36m[K~^[m[K
[22.721s]       |                                                                                                  [01;36m[K|[m[K
[22.722s]       |                                                                                                  [01;36m[Kdouble[m[K
[22.722s] [01m[K/home/ros/docker_simulation_ws/src/Pi3Hat_Controllers/src/ik_quad_foot_control/src/ik_quad_foot_control.cpp:297:16:[m[K [01;35m[Kwarning: [m[Kunused variable ‘[01m[Kq1[m[K’ [[01;35m[K-Wunused-variable[m[K]
[22.722s]   297 |         double [01;35m[Kq1[m[K=0,q2=0,t,k;
[22.723s]       |                [01;35m[K^~[m[K
[22.723s] [01m[K/home/ros/docker_simulation_ws/src/Pi3Hat_Controllers/src/ik_quad_foot_control/src/ik_quad_foot_control.cpp:297:21:[m[K [01;35m[Kwarning: [m[Kunused variable ‘[01m[Kq2[m[K’ [[01;35m[K-Wunused-variable[m[K]
[22.723s]   297 |         double q1=0,[01;35m[Kq2[m[K=0,t,k;
[22.724s]       |                     [01;35m[K^~[m[K
[22.724s] [01m[K/home/ros/docker_simulation_ws/src/Pi3Hat_Controllers/src/ik_quad_foot_control/src/ik_quad_foot_control.cpp:297:26:[m[K [01;35m[Kwarning: [m[Kunused variable ‘[01m[Kt[m[K’ [[01;35m[K-Wunused-variable[m[K]
[22.724s]   297 |         double q1=0,q2=0,[01;35m[Kt[m[K,k;
[22.725s]       |                          [01;35m[K^[m[K
[22.725s] [01m[K/home/ros/docker_simulation_ws/src/Pi3Hat_Controllers/src/ik_quad_foot_control/src/ik_quad_foot_control.cpp:297:28:[m[K [01;35m[Kwarning: [m[Kunused variable ‘[01m[Kk[m[K’ [[01;35m[K-Wunused-variable[m[K]
[22.725s]   297 |         double q1=0,q2=0,t,[01;35m[Kk[m[K;
[22.726s]       |                            [01;35m[K^[m[K
[22.726s] [01m[K/home/ros/docker_simulation_ws/src/Pi3Hat_Controllers/src/ik_quad_foot_control/src/ik_quad_foot_control.cpp:292:92:[m[K [01;35m[Kwarning: [m[Kunused parameter ‘[01m[Ktime[m[K’ [[01;35m[K-Wunused-parameter[m[K]
[22.727s]   292 |     controller_interface::return_type IK_Quad_Foot_Controller::update([01;35m[Kconst rclcpp::Time & time[m[K, const rclcpp::Duration & period)
[22.727s]       |                                                                       [01;35m[K~~~~~~~~~~~~~~~~~~~~~^~~~[m[K
[32.996s] [ 75%] [32m[1mLinking CXX executable base_motion[0m
[34.048s] [ 75%] Built target base_motion
[49.492s] [100%] [32m[1mLinking CXX shared library libik_quad_foot_control.so[0m
[50.847s] [100%] Built target ik_quad_foot_control
[50.881s] Invoked command in '/home/ros/docker_simulation_ws/build/ik_quad_foot_control' returned '0': CMAKE_PREFIX_PATH=/home/ros/docker_simulation_ws/install/pi3hat_moteus_int_msgs:/home/ros/docker_simulation_ws/install/wheels_vel_cnt:/home/ros/docker_simulation_ws/install/rbt_pd_cnt:/home/ros/docker_simulation_ws/install/omni_vel_controller:/home/ros/docker_simulation_ws/install/omni_mulinex_joystic:/home/ros/docker_simulation_ws/install/ik_quad_foot_control:/home/ros/docker_simulation_ws/install/mulinex_ignition:/home/ros/docker_simulation_ws/install/mulinex_description:/home/ros/docker_simulation_ws/install/custom_interfaces:/home/ros/docker_simulation_ws/install/rlg_quad_controller:/home/ros/docker_simulation_ws/install/mulinex_ignition_py:/opt/ros/humble LD_LIBRARY_PATH=/home/ros/docker_simulation_ws/install/pi3hat_moteus_int_msgs/lib:/home/ros/docker_simulation_ws/install/wheels_vel_cnt/lib:/home/ros/docker_simulation_ws/install/rbt_pd_cnt/lib:/home/ros/docker_simulation_ws/install/omni_vel_controller/lib:/home/ros/docker_simulation_ws/install/omni_mulinex_joystic/lib:/home/ros/docker_simulation_ws/install/ik_quad_foot_control/lib:/home/ros/docker_simulation_ws/install/custom_interfaces/lib:/opt/ros/humble/opt/rviz_ogre_vendor/lib:/opt/ros/humble/lib/x86_64-linux-gnu:/opt/ros/humble/lib /usr/bin/cmake --build /home/ros/docker_simulation_ws/build/ik_quad_foot_control -- -j12 -l12
[50.886s] Invoking command in '/home/ros/docker_simulation_ws/build/ik_quad_foot_control': CMAKE_PREFIX_PATH=/home/ros/docker_simulation_ws/install/pi3hat_moteus_int_msgs:/home/ros/docker_simulation_ws/install/wheels_vel_cnt:/home/ros/docker_simulation_ws/install/rbt_pd_cnt:/home/ros/docker_simulation_ws/install/omni_vel_controller:/home/ros/docker_simulation_ws/install/omni_mulinex_joystic:/home/ros/docker_simulation_ws/install/ik_quad_foot_control:/home/ros/docker_simulation_ws/install/mulinex_ignition:/home/ros/docker_simulation_ws/install/mulinex_description:/home/ros/docker_simulation_ws/install/custom_interfaces:/home/ros/docker_simulation_ws/install/rlg_quad_controller:/home/ros/docker_simulation_ws/install/mulinex_ignition_py:/opt/ros/humble LD_LIBRARY_PATH=/home/ros/docker_simulation_ws/install/pi3hat_moteus_int_msgs/lib:/home/ros/docker_simulation_ws/install/wheels_vel_cnt/lib:/home/ros/docker_simulation_ws/install/rbt_pd_cnt/lib:/home/ros/docker_simulation_ws/install/omni_vel_controller/lib:/home/ros/docker_simulation_ws/install/omni_mulinex_joystic/lib:/home/ros/docker_simulation_ws/install/ik_quad_foot_control/lib:/home/ros/docker_simulation_ws/install/custom_interfaces/lib:/opt/ros/humble/opt/rviz_ogre_vendor/lib:/opt/ros/humble/lib/x86_64-linux-gnu:/opt/ros/humble/lib /usr/bin/cmake --install /home/ros/docker_simulation_ws/build/ik_quad_foot_control
[50.913s] -- Install configuration: ""
[50.916s] -- Execute custom install script
[50.917s] -- Up-to-date symlink: /home/ros/docker_simulation_ws/install/ik_quad_foot_control/share/ik_quad_foot_control//ik_quad_foot_control.xml
[50.919s] -- Up-to-date symlink: /home/ros/docker_simulation_ws/install/ik_quad_foot_control/share/ik_quad_foot_control/environment/library_path.sh
[50.920s] -- Up-to-date symlink: /home/ros/docker_simulation_ws/install/ik_quad_foot_control/share/ik_quad_foot_control/environment/library_path.dsv
[50.921s] -- Up-to-date symlink: /home/ros/docker_simulation_ws/install/ik_quad_foot_control/lib/ik_quad_foot_control/base_motion
[50.923s] -- Up-to-date symlink: /home/ros/docker_simulation_ws/install/ik_quad_foot_control/share/ik_quad_foot_control/launch/base_motion.launch.py
[50.924s] -- Up-to-date symlink: /home/ros/docker_simulation_ws/install/ik_quad_foot_control/share/ament_index/resource_index/package_run_dependencies/ik_quad_foot_control
[50.924s] -- Up-to-date symlink: /home/ros/docker_simulation_ws/install/ik_quad_foot_control/share/ament_index/resource_index/parent_prefix_path/ik_quad_foot_control
[50.925s] -- Up-to-date symlink: /home/ros/docker_simulation_ws/install/ik_quad_foot_control/share/ik_quad_foot_control/environment/ament_prefix_path.sh
[50.925s] -- Up-to-date symlink: /home/ros/docker_simulation_ws/install/ik_quad_foot_control/share/ik_quad_foot_control/environment/ament_prefix_path.dsv
[50.926s] -- Up-to-date symlink: /home/ros/docker_simulation_ws/install/ik_quad_foot_control/share/ik_quad_foot_control/environment/path.sh
[50.926s] -- Up-to-date symlink: /home/ros/docker_simulation_ws/install/ik_quad_foot_control/share/ik_quad_foot_control/environment/path.dsv
[50.927s] -- Up-to-date symlink: /home/ros/docker_simulation_ws/install/ik_quad_foot_control/share/ik_quad_foot_control/local_setup.bash
[50.928s] -- Up-to-date symlink: /home/ros/docker_simulation_ws/install/ik_quad_foot_control/share/ik_quad_foot_control/local_setup.sh
[50.928s] -- Up-to-date symlink: /home/ros/docker_simulation_ws/install/ik_quad_foot_control/share/ik_quad_foot_control/local_setup.zsh
[50.929s] -- Up-to-date symlink: /home/ros/docker_simulation_ws/install/ik_quad_foot_control/share/ik_quad_foot_control/local_setup.dsv
[50.929s] -- Symlinking: /home/ros/docker_simulation_ws/install/ik_quad_foot_control/share/ik_quad_foot_control/package.dsv
[50.958s] -- Up-to-date symlink: /home/ros/docker_simulation_ws/install/ik_quad_foot_control/share/ament_index/resource_index/packages/ik_quad_foot_control
[50.959s] -- Up-to-date symlink: /home/ros/docker_simulation_ws/install/ik_quad_foot_control/share/ament_index/resource_index/controller_interface__pluginlib__plugin/ik_quad_foot_control
[50.959s] -- Up-to-date symlink: /home/ros/docker_simulation_ws/install/ik_quad_foot_control/share/ik_quad_foot_control/cmake/ament_cmake_export_dependencies-extras.cmake
[50.960s] -- Up-to-date symlink: /home/ros/docker_simulation_ws/install/ik_quad_foot_control/share/ik_quad_foot_control/cmake/ament_cmake_export_include_directories-extras.cmake
[50.961s] -- Up-to-date symlink: /home/ros/docker_simulation_ws/install/ik_quad_foot_control/share/ik_quad_foot_control/cmake/ament_cmake_export_libraries-extras.cmake
[50.961s] -- Up-to-date symlink: /home/ros/docker_simulation_ws/install/ik_quad_foot_control/share/ik_quad_foot_control/cmake/ik_quad_foot_controlConfig.cmake
[50.963s] -- Up-to-date symlink: /home/ros/docker_simulation_ws/install/ik_quad_foot_control/share/ik_quad_foot_control/cmake/ik_quad_foot_controlConfig-version.cmake
[50.964s] -- Up-to-date symlink: /home/ros/docker_simulation_ws/install/ik_quad_foot_control/share/ik_quad_foot_control/package.xml
[50.964s] -- Installing: /home/ros/docker_simulation_ws/install/ik_quad_foot_control/lib/libik_quad_foot_control.so
[50.988s] -- Set runtime path of "/home/ros/docker_simulation_ws/install/ik_quad_foot_control/lib/libik_quad_foot_control.so" to ""
[50.995s] Invoked command in '/home/ros/docker_simulation_ws/build/ik_quad_foot_control' returned '0': CMAKE_PREFIX_PATH=/home/ros/docker_simulation_ws/install/pi3hat_moteus_int_msgs:/home/ros/docker_simulation_ws/install/wheels_vel_cnt:/home/ros/docker_simulation_ws/install/rbt_pd_cnt:/home/ros/docker_simulation_ws/install/omni_vel_controller:/home/ros/docker_simulation_ws/install/omni_mulinex_joystic:/home/ros/docker_simulation_ws/install/ik_quad_foot_control:/home/ros/docker_simulation_ws/install/mulinex_ignition:/home/ros/docker_simulation_ws/install/mulinex_description:/home/ros/docker_simulation_ws/install/custom_interfaces:/home/ros/docker_simulation_ws/install/rlg_quad_controller:/home/ros/docker_simulation_ws/install/mulinex_ignition_py:/opt/ros/humble LD_LIBRARY_PATH=/home/ros/docker_simulation_ws/install/pi3hat_moteus_int_msgs/lib:/home/ros/docker_simulation_ws/install/wheels_vel_cnt/lib:/home/ros/docker_simulation_ws/install/rbt_pd_cnt/lib:/home/ros/docker_simulation_ws/install/omni_vel_controller/lib:/home/ros/docker_simulation_ws/install/omni_mulinex_joystic/lib:/home/ros/docker_simulation_ws/install/ik_quad_foot_control/lib:/home/ros/docker_simulation_ws/install/custom_interfaces/lib:/opt/ros/humble/opt/rviz_ogre_vendor/lib:/opt/ros/humble/lib/x86_64-linux-gnu:/opt/ros/humble/lib /usr/bin/cmake --install /home/ros/docker_simulation_ws/build/ik_quad_foot_control
