[0.115s] Invoking command in '/home/ros/docker_simulation_ws/build/omni_vel_controller': CMAKE_PREFIX_PATH=/home/ros/docker_simulation_ws/install/pi3hat_moteus_int_msgs:/home/ros/docker_simulation_ws/install/wheels_vel_cnt:/home/ros/docker_simulation_ws/install/rbt_pd_cnt:/home/ros/docker_simulation_ws/install/omni_vel_controller:/home/ros/docker_simulation_ws/install/omni_mulinex_joystic:/home/ros/docker_simulation_ws/install/ik_quad_foot_control:/home/ros/docker_simulation_ws/install/mulinex_ignition:/home/ros/docker_simulation_ws/install/mulinex_description:/home/ros/docker_simulation_ws/install/custom_interfaces:/home/ros/docker_simulation_ws/install/rlg_quad_controller:/home/ros/docker_simulation_ws/install/mulinex_ignition_py:/opt/ros/humble LD_LIBRARY_PATH=/home/ros/docker_simulation_ws/install/pi3hat_moteus_int_msgs/lib:/home/ros/docker_simulation_ws/install/wheels_vel_cnt/lib:/home/ros/docker_simulation_ws/install/rbt_pd_cnt/lib:/home/ros/docker_simulation_ws/install/omni_vel_controller/lib:/home/ros/docker_simulation_ws/install/omni_mulinex_joystic/lib:/home/ros/docker_simulation_ws/install/ik_quad_foot_control/lib:/home/ros/docker_simulation_ws/install/custom_interfaces/lib:/opt/ros/humble/opt/rviz_ogre_vendor/lib:/opt/ros/humble/lib/x86_64-linux-gnu:/opt/ros/humble/lib /usr/bin/cmake /home/ros/docker_simulation_ws/src/Pi3Hat_Controllers/src/omni_vel_controller -DAMENT_CMAKE_SYMLINK_INSTALL=1 -DCMAKE_INSTALL_PREFIX=/home/ros/docker_simulation_ws/install/omni_vel_controller
[1.067s] -- Found ament_cmake: 1.3.12 (/opt/ros/humble/share/ament_cmake/cmake)
[1.068s] -- Override CMake install command with custom implementation using symlinks instead of copying resources
[1.069s] -- Found rclcpp: 16.0.15 (/opt/ros/humble/share/rclcpp/cmake)
[1.069s] -- Found rosidl_generator_c: 3.1.7 (/opt/ros/humble/share/rosidl_generator_c/cmake)
[1.070s] -- Found rosidl_adapter: 3.1.7 (/opt/ros/humble/share/rosidl_adapter/cmake)
[1.070s] -- Found rosidl_generator_cpp: 3.1.7 (/opt/ros/humble/share/rosidl_generator_cpp/cmake)
[1.071s] -- Using all available rosidl_typesupport_c: rosidl_typesupport_fastrtps_c;rosidl_typesupport_introspection_c
[1.071s] -- Using all available rosidl_typesupport_cpp: rosidl_typesupport_fastrtps_cpp;rosidl_typesupport_introspection_cpp
[1.072s] -- Found rmw_implementation_cmake: 6.1.2 (/opt/ros/humble/share/rmw_implementation_cmake/cmake)
[1.072s] -- Found rmw_fastrtps_cpp: 6.2.8 (/opt/ros/humble/share/rmw_fastrtps_cpp/cmake)
[1.375s] -- Using RMW implementation 'rmw_fastrtps_cpp' as default
[1.575s] -- Found rclcpp_lifecycle: 16.0.15 (/opt/ros/humble/share/rclcpp_lifecycle/cmake)
[1.635s] -- Found hardware_interface: 2.52.0 (/opt/ros/humble/share/hardware_interface/cmake)
[2.318s] -- Found controller_interface: 2.52.0 (/opt/ros/humble/share/controller_interface/cmake)
[2.332s] -- Found pi3hat_moteus_int_msgs: 0.0.0 (/home/ros/docker_simulation_ws/install/pi3hat_moteus_int_msgs/share/pi3hat_moteus_int_msgs/cmake)
[2.403s] -- Found std_srvs: 4.9.0 (/opt/ros/humble/share/std_srvs/cmake)
[2.473s] -- Found ament_lint_auto: 0.12.14 (/opt/ros/humble/share/ament_lint_auto/cmake)
[2.855s] -- Added test 'cppcheck' to perform static code analysis on C / C++ code
[2.856s] -- Configured cppcheck include dirs: /home/ros/docker_simulation_ws/src/Pi3Hat_Controllers/src/omni_vel_controller/include;$<BUILD_INTERFACE:/home/ros/docker_simulation_ws/src/Pi3Hat_Controllers/src/omni_vel_controller/include>
[2.856s] -- Configured cppcheck exclude dirs and/or files: 
[2.859s] -- Added test 'lint_cmake' to check CMake code style
[2.863s] -- Added test 'uncrustify' to check C / C++ code style
[2.863s] -- Configured uncrustify additional arguments: 
[2.865s] -- Added test 'xmllint' to check XML markup files
[2.884s] -- Configuring done
[2.954s] -- Generating done
[2.986s] -- Build files have been written to: /home/ros/docker_simulation_ws/build/omni_vel_controller
[3.030s] Invoked command in '/home/ros/docker_simulation_ws/build/omni_vel_controller' returned '0': CMAKE_PREFIX_PATH=/home/ros/docker_simulation_ws/install/pi3hat_moteus_int_msgs:/home/ros/docker_simulation_ws/install/wheels_vel_cnt:/home/ros/docker_simulation_ws/install/rbt_pd_cnt:/home/ros/docker_simulation_ws/install/omni_vel_controller:/home/ros/docker_simulation_ws/install/omni_mulinex_joystic:/home/ros/docker_simulation_ws/install/ik_quad_foot_control:/home/ros/docker_simulation_ws/install/mulinex_ignition:/home/ros/docker_simulation_ws/install/mulinex_description:/home/ros/docker_simulation_ws/install/custom_interfaces:/home/ros/docker_simulation_ws/install/rlg_quad_controller:/home/ros/docker_simulation_ws/install/mulinex_ignition_py:/opt/ros/humble LD_LIBRARY_PATH=/home/ros/docker_simulation_ws/install/pi3hat_moteus_int_msgs/lib:/home/ros/docker_simulation_ws/install/wheels_vel_cnt/lib:/home/ros/docker_simulation_ws/install/rbt_pd_cnt/lib:/home/ros/docker_simulation_ws/install/omni_vel_controller/lib:/home/ros/docker_simulation_ws/install/omni_mulinex_joystic/lib:/home/ros/docker_simulation_ws/install/ik_quad_foot_control/lib:/home/ros/docker_simulation_ws/install/custom_interfaces/lib:/opt/ros/humble/opt/rviz_ogre_vendor/lib:/opt/ros/humble/lib/x86_64-linux-gnu:/opt/ros/humble/lib /usr/bin/cmake /home/ros/docker_simulation_ws/src/Pi3Hat_Controllers/src/omni_vel_controller -DAMENT_CMAKE_SYMLINK_INSTALL=1 -DCMAKE_INSTALL_PREFIX=/home/ros/docker_simulation_ws/install/omni_vel_controller
[3.034s] Invoking command in '/home/ros/docker_simulation_ws/build/omni_vel_controller': CMAKE_PREFIX_PATH=/home/ros/docker_simulation_ws/install/pi3hat_moteus_int_msgs:/home/ros/docker_simulation_ws/install/wheels_vel_cnt:/home/ros/docker_simulation_ws/install/rbt_pd_cnt:/home/ros/docker_simulation_ws/install/omni_vel_controller:/home/ros/docker_simulation_ws/install/omni_mulinex_joystic:/home/ros/docker_simulation_ws/install/ik_quad_foot_control:/home/ros/docker_simulation_ws/install/mulinex_ignition:/home/ros/docker_simulation_ws/install/mulinex_description:/home/ros/docker_simulation_ws/install/custom_interfaces:/home/ros/docker_simulation_ws/install/rlg_quad_controller:/home/ros/docker_simulation_ws/install/mulinex_ignition_py:/opt/ros/humble LD_LIBRARY_PATH=/home/ros/docker_simulation_ws/install/pi3hat_moteus_int_msgs/lib:/home/ros/docker_simulation_ws/install/wheels_vel_cnt/lib:/home/ros/docker_simulation_ws/install/rbt_pd_cnt/lib:/home/ros/docker_simulation_ws/install/omni_vel_controller/lib:/home/ros/docker_simulation_ws/install/omni_mulinex_joystic/lib:/home/ros/docker_simulation_ws/install/ik_quad_foot_control/lib:/home/ros/docker_simulation_ws/install/custom_interfaces/lib:/opt/ros/humble/opt/rviz_ogre_vendor/lib:/opt/ros/humble/lib/x86_64-linux-gnu:/opt/ros/humble/lib /usr/bin/cmake --build /home/ros/docker_simulation_ws/build/omni_vel_controller -- -j12 -l12
[3.226s] [35m[1mConsolidate compiler generated dependencies of target omni_vel_controller[0m
[3.340s] [100%] Built target omni_vel_controller
[3.392s] Invoked command in '/home/ros/docker_simulation_ws/build/omni_vel_controller' returned '0': CMAKE_PREFIX_PATH=/home/ros/docker_simulation_ws/install/pi3hat_moteus_int_msgs:/home/ros/docker_simulation_ws/install/wheels_vel_cnt:/home/ros/docker_simulation_ws/install/rbt_pd_cnt:/home/ros/docker_simulation_ws/install/omni_vel_controller:/home/ros/docker_simulation_ws/install/omni_mulinex_joystic:/home/ros/docker_simulation_ws/install/ik_quad_foot_control:/home/ros/docker_simulation_ws/install/mulinex_ignition:/home/ros/docker_simulation_ws/install/mulinex_description:/home/ros/docker_simulation_ws/install/custom_interfaces:/home/ros/docker_simulation_ws/install/rlg_quad_controller:/home/ros/docker_simulation_ws/install/mulinex_ignition_py:/opt/ros/humble LD_LIBRARY_PATH=/home/ros/docker_simulation_ws/install/pi3hat_moteus_int_msgs/lib:/home/ros/docker_simulation_ws/install/wheels_vel_cnt/lib:/home/ros/docker_simulation_ws/install/rbt_pd_cnt/lib:/home/ros/docker_simulation_ws/install/omni_vel_controller/lib:/home/ros/docker_simulation_ws/install/omni_mulinex_joystic/lib:/home/ros/docker_simulation_ws/install/ik_quad_foot_control/lib:/home/ros/docker_simulation_ws/install/custom_interfaces/lib:/opt/ros/humble/opt/rviz_ogre_vendor/lib:/opt/ros/humble/lib/x86_64-linux-gnu:/opt/ros/humble/lib /usr/bin/cmake --build /home/ros/docker_simulation_ws/build/omni_vel_controller -- -j12 -l12
[3.400s] Invoking command in '/home/ros/docker_simulation_ws/build/omni_vel_controller': CMAKE_PREFIX_PATH=/home/ros/docker_simulation_ws/install/pi3hat_moteus_int_msgs:/home/ros/docker_simulation_ws/install/wheels_vel_cnt:/home/ros/docker_simulation_ws/install/rbt_pd_cnt:/home/ros/docker_simulation_ws/install/omni_vel_controller:/home/ros/docker_simulation_ws/install/omni_mulinex_joystic:/home/ros/docker_simulation_ws/install/ik_quad_foot_control:/home/ros/docker_simulation_ws/install/mulinex_ignition:/home/ros/docker_simulation_ws/install/mulinex_description:/home/ros/docker_simulation_ws/install/custom_interfaces:/home/ros/docker_simulation_ws/install/rlg_quad_controller:/home/ros/docker_simulation_ws/install/mulinex_ignition_py:/opt/ros/humble LD_LIBRARY_PATH=/home/ros/docker_simulation_ws/install/pi3hat_moteus_int_msgs/lib:/home/ros/docker_simulation_ws/install/wheels_vel_cnt/lib:/home/ros/docker_simulation_ws/install/rbt_pd_cnt/lib:/home/ros/docker_simulation_ws/install/omni_vel_controller/lib:/home/ros/docker_simulation_ws/install/omni_mulinex_joystic/lib:/home/ros/docker_simulation_ws/install/ik_quad_foot_control/lib:/home/ros/docker_simulation_ws/install/custom_interfaces/lib:/opt/ros/humble/opt/rviz_ogre_vendor/lib:/opt/ros/humble/lib/x86_64-linux-gnu:/opt/ros/humble/lib /usr/bin/cmake --install /home/ros/docker_simulation_ws/build/omni_vel_controller
[3.433s] -- Install configuration: ""
[3.435s] -- Execute custom install script
[3.436s] -- Up-to-date symlink: /home/ros/docker_simulation_ws/install/omni_vel_controller/share/omni_vel_controller//omni_vel_controller.xml
[3.437s] -- Up-to-date symlink: /home/ros/docker_simulation_ws/install/omni_vel_controller/share/omni_vel_controller/environment/library_path.sh
[3.438s] -- Up-to-date symlink: /home/ros/docker_simulation_ws/install/omni_vel_controller/share/omni_vel_controller/environment/library_path.dsv
[3.438s] -- Up-to-date symlink: /home/ros/docker_simulation_ws/install/omni_vel_controller/share/ament_index/resource_index/package_run_dependencies/omni_vel_controller
[3.439s] -- Up-to-date symlink: /home/ros/docker_simulation_ws/install/omni_vel_controller/share/ament_index/resource_index/parent_prefix_path/omni_vel_controller
[3.440s] -- Up-to-date symlink: /home/ros/docker_simulation_ws/install/omni_vel_controller/share/omni_vel_controller/environment/ament_prefix_path.sh
[3.441s] -- Up-to-date symlink: /home/ros/docker_simulation_ws/install/omni_vel_controller/share/omni_vel_controller/environment/ament_prefix_path.dsv
[3.443s] -- Up-to-date symlink: /home/ros/docker_simulation_ws/install/omni_vel_controller/share/omni_vel_controller/environment/path.sh
[3.444s] -- Up-to-date symlink: /home/ros/docker_simulation_ws/install/omni_vel_controller/share/omni_vel_controller/environment/path.dsv
[3.444s] -- Up-to-date symlink: /home/ros/docker_simulation_ws/install/omni_vel_controller/share/omni_vel_controller/local_setup.bash
[3.445s] -- Up-to-date symlink: /home/ros/docker_simulation_ws/install/omni_vel_controller/share/omni_vel_controller/local_setup.sh
[3.446s] -- Up-to-date symlink: /home/ros/docker_simulation_ws/install/omni_vel_controller/share/omni_vel_controller/local_setup.zsh
[3.447s] -- Up-to-date symlink: /home/ros/docker_simulation_ws/install/omni_vel_controller/share/omni_vel_controller/local_setup.dsv
[3.448s] -- Symlinking: /home/ros/docker_simulation_ws/install/omni_vel_controller/share/omni_vel_controller/package.dsv
[3.487s] -- Up-to-date symlink: /home/ros/docker_simulation_ws/install/omni_vel_controller/share/ament_index/resource_index/packages/omni_vel_controller
[3.487s] -- Up-to-date symlink: /home/ros/docker_simulation_ws/install/omni_vel_controller/share/ament_index/resource_index/controller_interface__pluginlib__plugin/omni_vel_controller
[3.488s] -- Up-to-date symlink: /home/ros/docker_simulation_ws/install/omni_vel_controller/share/omni_vel_controller/cmake/ament_cmake_export_dependencies-extras.cmake
[3.489s] -- Up-to-date symlink: /home/ros/docker_simulation_ws/install/omni_vel_controller/share/omni_vel_controller/cmake/ament_cmake_export_include_directories-extras.cmake
[3.490s] -- Up-to-date symlink: /home/ros/docker_simulation_ws/install/omni_vel_controller/share/omni_vel_controller/cmake/ament_cmake_export_libraries-extras.cmake
[3.493s] -- Up-to-date symlink: /home/ros/docker_simulation_ws/install/omni_vel_controller/share/omni_vel_controller/cmake/omni_vel_controllerConfig.cmake
[3.494s] -- Up-to-date symlink: /home/ros/docker_simulation_ws/install/omni_vel_controller/share/omni_vel_controller/cmake/omni_vel_controllerConfig-version.cmake
[3.495s] -- Up-to-date symlink: /home/ros/docker_simulation_ws/install/omni_vel_controller/share/omni_vel_controller/package.xml
[3.495s] -- Up-to-date: /home/ros/docker_simulation_ws/install/omni_vel_controller/lib/libomni_vel_controller.so
[3.509s] Invoked command in '/home/ros/docker_simulation_ws/build/omni_vel_controller' returned '0': CMAKE_PREFIX_PATH=/home/ros/docker_simulation_ws/install/pi3hat_moteus_int_msgs:/home/ros/docker_simulation_ws/install/wheels_vel_cnt:/home/ros/docker_simulation_ws/install/rbt_pd_cnt:/home/ros/docker_simulation_ws/install/omni_vel_controller:/home/ros/docker_simulation_ws/install/omni_mulinex_joystic:/home/ros/docker_simulation_ws/install/ik_quad_foot_control:/home/ros/docker_simulation_ws/install/mulinex_ignition:/home/ros/docker_simulation_ws/install/mulinex_description:/home/ros/docker_simulation_ws/install/custom_interfaces:/home/ros/docker_simulation_ws/install/rlg_quad_controller:/home/ros/docker_simulation_ws/install/mulinex_ignition_py:/opt/ros/humble LD_LIBRARY_PATH=/home/ros/docker_simulation_ws/install/pi3hat_moteus_int_msgs/lib:/home/ros/docker_simulation_ws/install/wheels_vel_cnt/lib:/home/ros/docker_simulation_ws/install/rbt_pd_cnt/lib:/home/ros/docker_simulation_ws/install/omni_vel_controller/lib:/home/ros/docker_simulation_ws/install/omni_mulinex_joystic/lib:/home/ros/docker_simulation_ws/install/ik_quad_foot_control/lib:/home/ros/docker_simulation_ws/install/custom_interfaces/lib:/opt/ros/humble/opt/rviz_ogre_vendor/lib:/opt/ros/humble/lib/x86_64-linux-gnu:/opt/ros/humble/lib /usr/bin/cmake --install /home/ros/docker_simulation_ws/build/omni_vel_controller
