[0.254s] DEBUG:colcon:Command line arguments: ['/usr/bin/colcon', 'build', '--packages-select', 'pi3hat_moteus_int_msgs', '--symlink-install']
[0.254s] DEBUG:colcon:Parsed command line arguments: Namespace(log_base=None, log_level=None, verb_name='build', build_base='build', install_base='install', merge_install=False, symlink_install=True, test_result_base=None, continue_on_error=False, executor='parallel', parallel_workers=12, event_handlers=None, ignore_user_meta=False, metas=['./colcon.meta'], base_paths=['.'], packages_ignore=None, packages_ignore_regex=None, paths=None, packages_up_to=None, packages_up_to_regex=None, packages_above=None, packages_above_and_dependencies=None, packages_above_depth=None, packages_select_by_dep=None, packages_skip_by_dep=None, packages_skip_up_to=None, packages_select_build_failed=False, packages_skip_build_finished=False, packages_select_test_failures=False, packages_skip_test_passed=False, packages_select=['pi3hat_moteus_int_msgs'], packages_skip=None, packages_select_regex=None, packages_skip_regex=None, packages_start=None, packages_end=None, cmake_args=None, cmake_target=None, cmake_target_skip_unavailable=False, cmake_clean_cache=False, cmake_clean_first=False, cmake_force_configure=False, ament_cmake_args=None, catkin_cmake_args=None, catkin_skip_building_tests=False, mixin_files=None, mixin=None, verb_parser=<colcon_mixin.mixin.mixin_argument.MixinArgumentDecorator object at 0x786386be0760>, verb_extension=<colcon_core.verb.build.BuildVerb object at 0x786386d79660>, main=<bound method BuildVerb.main of <colcon_core.verb.build.BuildVerb object at 0x786386d79660>>, mixin_verb=('build',))
[0.586s] Level 1:colcon.colcon_core.package_discovery:discover_packages(colcon_meta) check parameters
[0.586s] Level 1:colcon.colcon_core.package_discovery:discover_packages(recursive) check parameters
[0.586s] Level 1:colcon.colcon_core.package_discovery:discover_packages(ignore) check parameters
[0.586s] Level 1:colcon.colcon_core.package_discovery:discover_packages(path) check parameters
[0.586s] Level 1:colcon.colcon_core.package_discovery:discover_packages(colcon_meta) discover
[0.586s] Level 1:colcon.colcon_core.package_discovery:discover_packages(recursive) discover
[0.586s] INFO:colcon.colcon_core.package_discovery:Crawling recursively for packages in '/home/ros/docker_simulation_ws'
[0.587s] Level 1:colcon.colcon_core.package_identification:_identify(.) by extensions ['ignore', 'ignore_ament_install']
[0.587s] Level 1:colcon.colcon_core.package_identification:_identify(.) by extension 'ignore'
[0.588s] Level 1:colcon.colcon_core.package_identification:_identify(.) by extension 'ignore_ament_install'
[0.588s] Level 1:colcon.colcon_core.package_identification:_identify(.) by extensions ['colcon_pkg']
[0.588s] Level 1:colcon.colcon_core.package_identification:_identify(.) by extension 'colcon_pkg'
[0.588s] Level 1:colcon.colcon_core.package_identification:_identify(.) by extensions ['colcon_meta']
[0.588s] Level 1:colcon.colcon_core.package_identification:_identify(.) by extension 'colcon_meta'
[0.588s] Level 1:colcon.colcon_core.package_identification:_identify(.) by extensions ['ros']
[0.588s] Level 1:colcon.colcon_core.package_identification:_identify(.) by extension 'ros'
[0.640s] Level 1:colcon.colcon_core.package_identification:_identify(.) by extensions ['cmake', 'python']
[0.641s] Level 1:colcon.colcon_core.package_identification:_identify(.) by extension 'cmake'
[0.641s] Level 1:colcon.colcon_core.package_identification:_identify(.) by extension 'python'
[0.641s] Level 1:colcon.colcon_core.package_identification:_identify(.) by extensions ['python_setup_py']
[0.642s] Level 1:colcon.colcon_core.package_identification:_identify(.) by extension 'python_setup_py'
[0.642s] Level 1:colcon.colcon_core.package_identification:_identify(DockerFiles) by extensions ['ignore', 'ignore_ament_install']
[0.644s] Level 1:colcon.colcon_core.package_identification:_identify(DockerFiles) by extension 'ignore'
[0.644s] Level 1:colcon.colcon_core.package_identification:_identify(DockerFiles) by extension 'ignore_ament_install'
[0.645s] Level 1:colcon.colcon_core.package_identification:_identify(DockerFiles) by extensions ['colcon_pkg']
[0.645s] Level 1:colcon.colcon_core.package_identification:_identify(DockerFiles) by extension 'colcon_pkg'
[0.645s] Level 1:colcon.colcon_core.package_identification:_identify(DockerFiles) by extensions ['colcon_meta']
[0.645s] Level 1:colcon.colcon_core.package_identification:_identify(DockerFiles) by extension 'colcon_meta'
[0.645s] Level 1:colcon.colcon_core.package_identification:_identify(DockerFiles) by extensions ['ros']
[0.646s] Level 1:colcon.colcon_core.package_identification:_identify(DockerFiles) by extension 'ros'
[0.646s] Level 1:colcon.colcon_core.package_identification:_identify(DockerFiles) by extensions ['cmake', 'python']
[0.646s] Level 1:colcon.colcon_core.package_identification:_identify(DockerFiles) by extension 'cmake'
[0.646s] Level 1:colcon.colcon_core.package_identification:_identify(DockerFiles) by extension 'python'
[0.647s] Level 1:colcon.colcon_core.package_identification:_identify(DockerFiles) by extensions ['python_setup_py']
[0.647s] Level 1:colcon.colcon_core.package_identification:_identify(DockerFiles) by extension 'python_setup_py'
[0.647s] Level 1:colcon.colcon_core.package_identification:_identify(build) by extensions ['ignore', 'ignore_ament_install']
[0.647s] Level 1:colcon.colcon_core.package_identification:_identify(build) by extension 'ignore'
[0.648s] Level 1:colcon.colcon_core.package_identification:_identify(build) ignored
[0.648s] Level 1:colcon.colcon_core.package_identification:_identify(install) by extensions ['ignore', 'ignore_ament_install']
[0.648s] Level 1:colcon.colcon_core.package_identification:_identify(install) by extension 'ignore'
[0.649s] Level 1:colcon.colcon_core.package_identification:_identify(install) ignored
[0.649s] Level 1:colcon.colcon_core.package_identification:_identify(log) by extensions ['ignore', 'ignore_ament_install']
[0.649s] Level 1:colcon.colcon_core.package_identification:_identify(log) by extension 'ignore'
[0.650s] Level 1:colcon.colcon_core.package_identification:_identify(log) ignored
[0.650s] Level 1:colcon.colcon_core.package_identification:_identify(omni_mul_experiments) by extensions ['ignore', 'ignore_ament_install']
[0.650s] Level 1:colcon.colcon_core.package_identification:_identify(omni_mul_experiments) by extension 'ignore'
[0.650s] Level 1:colcon.colcon_core.package_identification:_identify(omni_mul_experiments) by extension 'ignore_ament_install'
[0.651s] Level 1:colcon.colcon_core.package_identification:_identify(omni_mul_experiments) by extensions ['colcon_pkg']
[0.651s] Level 1:colcon.colcon_core.package_identification:_identify(omni_mul_experiments) by extension 'colcon_pkg'
[0.651s] Level 1:colcon.colcon_core.package_identification:_identify(omni_mul_experiments) by extensions ['colcon_meta']
[0.651s] Level 1:colcon.colcon_core.package_identification:_identify(omni_mul_experiments) by extension 'colcon_meta'
[0.651s] Level 1:colcon.colcon_core.package_identification:_identify(omni_mul_experiments) by extensions ['ros']
[0.651s] Level 1:colcon.colcon_core.package_identification:_identify(omni_mul_experiments) by extension 'ros'
[0.652s] Level 1:colcon.colcon_core.package_identification:_identify(omni_mul_experiments) by extensions ['cmake', 'python']
[0.652s] Level 1:colcon.colcon_core.package_identification:_identify(omni_mul_experiments) by extension 'cmake'
[0.652s] Level 1:colcon.colcon_core.package_identification:_identify(omni_mul_experiments) by extension 'python'
[0.652s] Level 1:colcon.colcon_core.package_identification:_identify(omni_mul_experiments) by extensions ['python_setup_py']
[0.652s] Level 1:colcon.colcon_core.package_identification:_identify(omni_mul_experiments) by extension 'python_setup_py'
[0.653s] Level 1:colcon.colcon_core.package_identification:_identify(omni_mul_experiments/Experiment_OM_2025_7_17_10:18:24) by extensions ['ignore', 'ignore_ament_install']
[0.653s] Level 1:colcon.colcon_core.package_identification:_identify(omni_mul_experiments/Experiment_OM_2025_7_17_10:18:24) by extension 'ignore'
[0.653s] Level 1:colcon.colcon_core.package_identification:_identify(omni_mul_experiments/Experiment_OM_2025_7_17_10:18:24) by extension 'ignore_ament_install'
[0.653s] Level 1:colcon.colcon_core.package_identification:_identify(omni_mul_experiments/Experiment_OM_2025_7_17_10:18:24) by extensions ['colcon_pkg']
[0.654s] Level 1:colcon.colcon_core.package_identification:_identify(omni_mul_experiments/Experiment_OM_2025_7_17_10:18:24) by extension 'colcon_pkg'
[0.654s] Level 1:colcon.colcon_core.package_identification:_identify(omni_mul_experiments/Experiment_OM_2025_7_17_10:18:24) by extensions ['colcon_meta']
[0.654s] Level 1:colcon.colcon_core.package_identification:_identify(omni_mul_experiments/Experiment_OM_2025_7_17_10:18:24) by extension 'colcon_meta'
[0.654s] Level 1:colcon.colcon_core.package_identification:_identify(omni_mul_experiments/Experiment_OM_2025_7_17_10:18:24) by extensions ['ros']
[0.654s] Level 1:colcon.colcon_core.package_identification:_identify(omni_mul_experiments/Experiment_OM_2025_7_17_10:18:24) by extension 'ros'
[0.654s] Level 1:colcon.colcon_core.package_identification:_identify(omni_mul_experiments/Experiment_OM_2025_7_17_10:18:24) by extensions ['cmake', 'python']
[0.655s] Level 1:colcon.colcon_core.package_identification:_identify(omni_mul_experiments/Experiment_OM_2025_7_17_10:18:24) by extension 'cmake'
[0.655s] Level 1:colcon.colcon_core.package_identification:_identify(omni_mul_experiments/Experiment_OM_2025_7_17_10:18:24) by extension 'python'
[0.655s] Level 1:colcon.colcon_core.package_identification:_identify(omni_mul_experiments/Experiment_OM_2025_7_17_10:18:24) by extensions ['python_setup_py']
[0.655s] Level 1:colcon.colcon_core.package_identification:_identify(omni_mul_experiments/Experiment_OM_2025_7_17_10:18:24) by extension 'python_setup_py'
[0.655s] Level 1:colcon.colcon_core.package_identification:_identify(omni_mul_experiments/Experiment_OM_2025_7_17_11:26:37) by extensions ['ignore', 'ignore_ament_install']
[0.656s] Level 1:colcon.colcon_core.package_identification:_identify(omni_mul_experiments/Experiment_OM_2025_7_17_11:26:37) by extension 'ignore'
[0.656s] Level 1:colcon.colcon_core.package_identification:_identify(omni_mul_experiments/Experiment_OM_2025_7_17_11:26:37) by extension 'ignore_ament_install'
[0.656s] Level 1:colcon.colcon_core.package_identification:_identify(omni_mul_experiments/Experiment_OM_2025_7_17_11:26:37) by extensions ['colcon_pkg']
[0.656s] Level 1:colcon.colcon_core.package_identification:_identify(omni_mul_experiments/Experiment_OM_2025_7_17_11:26:37) by extension 'colcon_pkg'
[0.657s] Level 1:colcon.colcon_core.package_identification:_identify(omni_mul_experiments/Experiment_OM_2025_7_17_11:26:37) by extensions ['colcon_meta']
[0.657s] Level 1:colcon.colcon_core.package_identification:_identify(omni_mul_experiments/Experiment_OM_2025_7_17_11:26:37) by extension 'colcon_meta'
[0.657s] Level 1:colcon.colcon_core.package_identification:_identify(omni_mul_experiments/Experiment_OM_2025_7_17_11:26:37) by extensions ['ros']
[0.657s] Level 1:colcon.colcon_core.package_identification:_identify(omni_mul_experiments/Experiment_OM_2025_7_17_11:26:37) by extension 'ros'
[0.657s] Level 1:colcon.colcon_core.package_identification:_identify(omni_mul_experiments/Experiment_OM_2025_7_17_11:26:37) by extensions ['cmake', 'python']
[0.657s] Level 1:colcon.colcon_core.package_identification:_identify(omni_mul_experiments/Experiment_OM_2025_7_17_11:26:37) by extension 'cmake'
[0.657s] Level 1:colcon.colcon_core.package_identification:_identify(omni_mul_experiments/Experiment_OM_2025_7_17_11:26:37) by extension 'python'
[0.658s] Level 1:colcon.colcon_core.package_identification:_identify(omni_mul_experiments/Experiment_OM_2025_7_17_11:26:37) by extensions ['python_setup_py']
[0.658s] Level 1:colcon.colcon_core.package_identification:_identify(omni_mul_experiments/Experiment_OM_2025_7_17_11:26:37) by extension 'python_setup_py'
[0.658s] Level 1:colcon.colcon_core.package_identification:_identify(omni_mul_experiments/Experiment_OM_2025_7_17_11:29:38) by extensions ['ignore', 'ignore_ament_install']
[0.658s] Level 1:colcon.colcon_core.package_identification:_identify(omni_mul_experiments/Experiment_OM_2025_7_17_11:29:38) by extension 'ignore'
[0.659s] Level 1:colcon.colcon_core.package_identification:_identify(omni_mul_experiments/Experiment_OM_2025_7_17_11:29:38) by extension 'ignore_ament_install'
[0.659s] Level 1:colcon.colcon_core.package_identification:_identify(omni_mul_experiments/Experiment_OM_2025_7_17_11:29:38) by extensions ['colcon_pkg']
[0.659s] Level 1:colcon.colcon_core.package_identification:_identify(omni_mul_experiments/Experiment_OM_2025_7_17_11:29:38) by extension 'colcon_pkg'
[0.659s] Level 1:colcon.colcon_core.package_identification:_identify(omni_mul_experiments/Experiment_OM_2025_7_17_11:29:38) by extensions ['colcon_meta']
[0.659s] Level 1:colcon.colcon_core.package_identification:_identify(omni_mul_experiments/Experiment_OM_2025_7_17_11:29:38) by extension 'colcon_meta'
[0.659s] Level 1:colcon.colcon_core.package_identification:_identify(omni_mul_experiments/Experiment_OM_2025_7_17_11:29:38) by extensions ['ros']
[0.659s] Level 1:colcon.colcon_core.package_identification:_identify(omni_mul_experiments/Experiment_OM_2025_7_17_11:29:38) by extension 'ros'
[0.660s] Level 1:colcon.colcon_core.package_identification:_identify(omni_mul_experiments/Experiment_OM_2025_7_17_11:29:38) by extensions ['cmake', 'python']
[0.660s] Level 1:colcon.colcon_core.package_identification:_identify(omni_mul_experiments/Experiment_OM_2025_7_17_11:29:38) by extension 'cmake'
[0.660s] Level 1:colcon.colcon_core.package_identification:_identify(omni_mul_experiments/Experiment_OM_2025_7_17_11:29:38) by extension 'python'
[0.660s] Level 1:colcon.colcon_core.package_identification:_identify(omni_mul_experiments/Experiment_OM_2025_7_17_11:29:38) by extensions ['python_setup_py']
[0.660s] Level 1:colcon.colcon_core.package_identification:_identify(omni_mul_experiments/Experiment_OM_2025_7_17_11:29:38) by extension 'python_setup_py'
[0.660s] Level 1:colcon.colcon_core.package_identification:_identify(omni_mul_experiments/Experiment_OM_2025_7_17_9:39:54) by extensions ['ignore', 'ignore_ament_install']
[0.661s] Level 1:colcon.colcon_core.package_identification:_identify(omni_mul_experiments/Experiment_OM_2025_7_17_9:39:54) by extension 'ignore'
[0.661s] Level 1:colcon.colcon_core.package_identification:_identify(omni_mul_experiments/Experiment_OM_2025_7_17_9:39:54) by extension 'ignore_ament_install'
[0.661s] Level 1:colcon.colcon_core.package_identification:_identify(omni_mul_experiments/Experiment_OM_2025_7_17_9:39:54) by extensions ['colcon_pkg']
[0.661s] Level 1:colcon.colcon_core.package_identification:_identify(omni_mul_experiments/Experiment_OM_2025_7_17_9:39:54) by extension 'colcon_pkg'
[0.661s] Level 1:colcon.colcon_core.package_identification:_identify(omni_mul_experiments/Experiment_OM_2025_7_17_9:39:54) by extensions ['colcon_meta']
[0.661s] Level 1:colcon.colcon_core.package_identification:_identify(omni_mul_experiments/Experiment_OM_2025_7_17_9:39:54) by extension 'colcon_meta'
[0.662s] Level 1:colcon.colcon_core.package_identification:_identify(omni_mul_experiments/Experiment_OM_2025_7_17_9:39:54) by extensions ['ros']
[0.662s] Level 1:colcon.colcon_core.package_identification:_identify(omni_mul_experiments/Experiment_OM_2025_7_17_9:39:54) by extension 'ros'
[0.662s] Level 1:colcon.colcon_core.package_identification:_identify(omni_mul_experiments/Experiment_OM_2025_7_17_9:39:54) by extensions ['cmake', 'python']
[0.662s] Level 1:colcon.colcon_core.package_identification:_identify(omni_mul_experiments/Experiment_OM_2025_7_17_9:39:54) by extension 'cmake'
[0.662s] Level 1:colcon.colcon_core.package_identification:_identify(omni_mul_experiments/Experiment_OM_2025_7_17_9:39:54) by extension 'python'
[0.662s] Level 1:colcon.colcon_core.package_identification:_identify(omni_mul_experiments/Experiment_OM_2025_7_17_9:39:54) by extensions ['python_setup_py']
[0.662s] Level 1:colcon.colcon_core.package_identification:_identify(omni_mul_experiments/Experiment_OM_2025_7_17_9:39:54) by extension 'python_setup_py'
[0.663s] Level 1:colcon.colcon_core.package_identification:_identify(rosbag2_2025_07_28-09_26_29) by extensions ['ignore', 'ignore_ament_install']
[0.663s] Level 1:colcon.colcon_core.package_identification:_identify(rosbag2_2025_07_28-09_26_29) by extension 'ignore'
[0.663s] Level 1:colcon.colcon_core.package_identification:_identify(rosbag2_2025_07_28-09_26_29) by extension 'ignore_ament_install'
[0.664s] Level 1:colcon.colcon_core.package_identification:_identify(rosbag2_2025_07_28-09_26_29) by extensions ['colcon_pkg']
[0.664s] Level 1:colcon.colcon_core.package_identification:_identify(rosbag2_2025_07_28-09_26_29) by extension 'colcon_pkg'
[0.664s] Level 1:colcon.colcon_core.package_identification:_identify(rosbag2_2025_07_28-09_26_29) by extensions ['colcon_meta']
[0.664s] Level 1:colcon.colcon_core.package_identification:_identify(rosbag2_2025_07_28-09_26_29) by extension 'colcon_meta'
[0.664s] Level 1:colcon.colcon_core.package_identification:_identify(rosbag2_2025_07_28-09_26_29) by extensions ['ros']
[0.664s] Level 1:colcon.colcon_core.package_identification:_identify(rosbag2_2025_07_28-09_26_29) by extension 'ros'
[0.664s] Level 1:colcon.colcon_core.package_identification:_identify(rosbag2_2025_07_28-09_26_29) by extensions ['cmake', 'python']
[0.665s] Level 1:colcon.colcon_core.package_identification:_identify(rosbag2_2025_07_28-09_26_29) by extension 'cmake'
[0.665s] Level 1:colcon.colcon_core.package_identification:_identify(rosbag2_2025_07_28-09_26_29) by extension 'python'
[0.665s] Level 1:colcon.colcon_core.package_identification:_identify(rosbag2_2025_07_28-09_26_29) by extensions ['python_setup_py']
[0.665s] Level 1:colcon.colcon_core.package_identification:_identify(rosbag2_2025_07_28-09_26_29) by extension 'python_setup_py'
[0.665s] Level 1:colcon.colcon_core.package_identification:_identify(rosbag2_2025_07_28-09_28_12) by extensions ['ignore', 'ignore_ament_install']
[0.666s] Level 1:colcon.colcon_core.package_identification:_identify(rosbag2_2025_07_28-09_28_12) by extension 'ignore'
[0.666s] Level 1:colcon.colcon_core.package_identification:_identify(rosbag2_2025_07_28-09_28_12) by extension 'ignore_ament_install'
[0.666s] Level 1:colcon.colcon_core.package_identification:_identify(rosbag2_2025_07_28-09_28_12) by extensions ['colcon_pkg']
[0.666s] Level 1:colcon.colcon_core.package_identification:_identify(rosbag2_2025_07_28-09_28_12) by extension 'colcon_pkg'
[0.666s] Level 1:colcon.colcon_core.package_identification:_identify(rosbag2_2025_07_28-09_28_12) by extensions ['colcon_meta']
[0.667s] Level 1:colcon.colcon_core.package_identification:_identify(rosbag2_2025_07_28-09_28_12) by extension 'colcon_meta'
[0.667s] Level 1:colcon.colcon_core.package_identification:_identify(rosbag2_2025_07_28-09_28_12) by extensions ['ros']
[0.667s] Level 1:colcon.colcon_core.package_identification:_identify(rosbag2_2025_07_28-09_28_12) by extension 'ros'
[0.667s] Level 1:colcon.colcon_core.package_identification:_identify(rosbag2_2025_07_28-09_28_12) by extensions ['cmake', 'python']
[0.667s] Level 1:colcon.colcon_core.package_identification:_identify(rosbag2_2025_07_28-09_28_12) by extension 'cmake'
[0.668s] Level 1:colcon.colcon_core.package_identification:_identify(rosbag2_2025_07_28-09_28_12) by extension 'python'
[0.668s] Level 1:colcon.colcon_core.package_identification:_identify(rosbag2_2025_07_28-09_28_12) by extensions ['python_setup_py']
[0.668s] Level 1:colcon.colcon_core.package_identification:_identify(rosbag2_2025_07_28-09_28_12) by extension 'python_setup_py'
[0.668s] Level 1:colcon.colcon_core.package_identification:_identify(rosbag2_2025_07_28-09_32_51) by extensions ['ignore', 'ignore_ament_install']
[0.669s] Level 1:colcon.colcon_core.package_identification:_identify(rosbag2_2025_07_28-09_32_51) by extension 'ignore'
[0.669s] Level 1:colcon.colcon_core.package_identification:_identify(rosbag2_2025_07_28-09_32_51) by extension 'ignore_ament_install'
[0.669s] Level 1:colcon.colcon_core.package_identification:_identify(rosbag2_2025_07_28-09_32_51) by extensions ['colcon_pkg']
[0.670s] Level 1:colcon.colcon_core.package_identification:_identify(rosbag2_2025_07_28-09_32_51) by extension 'colcon_pkg'
[0.670s] Level 1:colcon.colcon_core.package_identification:_identify(rosbag2_2025_07_28-09_32_51) by extensions ['colcon_meta']
[0.670s] Level 1:colcon.colcon_core.package_identification:_identify(rosbag2_2025_07_28-09_32_51) by extension 'colcon_meta'
[0.670s] Level 1:colcon.colcon_core.package_identification:_identify(rosbag2_2025_07_28-09_32_51) by extensions ['ros']
[0.671s] Level 1:colcon.colcon_core.package_identification:_identify(rosbag2_2025_07_28-09_32_51) by extension 'ros'
[0.671s] Level 1:colcon.colcon_core.package_identification:_identify(rosbag2_2025_07_28-09_32_51) by extensions ['cmake', 'python']
[0.671s] Level 1:colcon.colcon_core.package_identification:_identify(rosbag2_2025_07_28-09_32_51) by extension 'cmake'
[0.671s] Level 1:colcon.colcon_core.package_identification:_identify(rosbag2_2025_07_28-09_32_51) by extension 'python'
[0.672s] Level 1:colcon.colcon_core.package_identification:_identify(rosbag2_2025_07_28-09_32_51) by extensions ['python_setup_py']
[0.672s] Level 1:colcon.colcon_core.package_identification:_identify(rosbag2_2025_07_28-09_32_51) by extension 'python_setup_py'
[0.672s] Level 1:colcon.colcon_core.package_identification:_identify(rosbag2_2025_07_28-09_39_28) by extensions ['ignore', 'ignore_ament_install']
[0.673s] Level 1:colcon.colcon_core.package_identification:_identify(rosbag2_2025_07_28-09_39_28) by extension 'ignore'
[0.673s] Level 1:colcon.colcon_core.package_identification:_identify(rosbag2_2025_07_28-09_39_28) by extension 'ignore_ament_install'
[0.673s] Level 1:colcon.colcon_core.package_identification:_identify(rosbag2_2025_07_28-09_39_28) by extensions ['colcon_pkg']
[0.673s] Level 1:colcon.colcon_core.package_identification:_identify(rosbag2_2025_07_28-09_39_28) by extension 'colcon_pkg'
[0.673s] Level 1:colcon.colcon_core.package_identification:_identify(rosbag2_2025_07_28-09_39_28) by extensions ['colcon_meta']
[0.674s] Level 1:colcon.colcon_core.package_identification:_identify(rosbag2_2025_07_28-09_39_28) by extension 'colcon_meta'
[0.674s] Level 1:colcon.colcon_core.package_identification:_identify(rosbag2_2025_07_28-09_39_28) by extensions ['ros']
[0.674s] Level 1:colcon.colcon_core.package_identification:_identify(rosbag2_2025_07_28-09_39_28) by extension 'ros'
[0.674s] Level 1:colcon.colcon_core.package_identification:_identify(rosbag2_2025_07_28-09_39_28) by extensions ['cmake', 'python']
[0.675s] Level 1:colcon.colcon_core.package_identification:_identify(rosbag2_2025_07_28-09_39_28) by extension 'cmake'
[0.675s] Level 1:colcon.colcon_core.package_identification:_identify(rosbag2_2025_07_28-09_39_28) by extension 'python'
[0.675s] Level 1:colcon.colcon_core.package_identification:_identify(rosbag2_2025_07_28-09_39_28) by extensions ['python_setup_py']
[0.675s] Level 1:colcon.colcon_core.package_identification:_identify(rosbag2_2025_07_28-09_39_28) by extension 'python_setup_py'
[0.676s] Level 1:colcon.colcon_core.package_identification:_identify(src) by extensions ['ignore', 'ignore_ament_install']
[0.676s] Level 1:colcon.colcon_core.package_identification:_identify(src) by extension 'ignore'
[0.676s] Level 1:colcon.colcon_core.package_identification:_identify(src) by extension 'ignore_ament_install'
[0.677s] Level 1:colcon.colcon_core.package_identification:_identify(src) by extensions ['colcon_pkg']
[0.677s] Level 1:colcon.colcon_core.package_identification:_identify(src) by extension 'colcon_pkg'
[0.677s] Level 1:colcon.colcon_core.package_identification:_identify(src) by extensions ['colcon_meta']
[0.677s] Level 1:colcon.colcon_core.package_identification:_identify(src) by extension 'colcon_meta'
[0.677s] Level 1:colcon.colcon_core.package_identification:_identify(src) by extensions ['ros']
[0.677s] Level 1:colcon.colcon_core.package_identification:_identify(src) by extension 'ros'
[0.678s] Level 1:colcon.colcon_core.package_identification:_identify(src) by extensions ['cmake', 'python']
[0.678s] Level 1:colcon.colcon_core.package_identification:_identify(src) by extension 'cmake'
[0.679s] Level 1:colcon.colcon_core.package_identification:_identify(src) by extension 'python'
[0.680s] Level 1:colcon.colcon_core.package_identification:_identify(src) by extensions ['python_setup_py']
[0.680s] Level 1:colcon.colcon_core.package_identification:_identify(src) by extension 'python_setup_py'
[0.680s] Level 1:colcon.colcon_core.package_identification:_identify(src/Omni_Mulinex_Joystic_OPC) by extensions ['ignore', 'ignore_ament_install']
[0.681s] Level 1:colcon.colcon_core.package_identification:_identify(src/Omni_Mulinex_Joystic_OPC) by extension 'ignore'
[0.685s] Level 1:colcon.colcon_core.package_identification:_identify(src/Omni_Mulinex_Joystic_OPC) by extension 'ignore_ament_install'
[0.686s] Level 1:colcon.colcon_core.package_identification:_identify(src/Omni_Mulinex_Joystic_OPC) by extensions ['colcon_pkg']
[0.686s] Level 1:colcon.colcon_core.package_identification:_identify(src/Omni_Mulinex_Joystic_OPC) by extension 'colcon_pkg'
[0.686s] Level 1:colcon.colcon_core.package_identification:_identify(src/Omni_Mulinex_Joystic_OPC) by extensions ['colcon_meta']
[0.687s] Level 1:colcon.colcon_core.package_identification:_identify(src/Omni_Mulinex_Joystic_OPC) by extension 'colcon_meta'
[0.687s] Level 1:colcon.colcon_core.package_identification:_identify(src/Omni_Mulinex_Joystic_OPC) by extensions ['ros']
[0.687s] Level 1:colcon.colcon_core.package_identification:_identify(src/Omni_Mulinex_Joystic_OPC) by extension 'ros'
[0.687s] Level 1:colcon.colcon_core.package_identification:_identify(src/Omni_Mulinex_Joystic_OPC) by extensions ['cmake', 'python']
[0.688s] Level 1:colcon.colcon_core.package_identification:_identify(src/Omni_Mulinex_Joystic_OPC) by extension 'cmake'
[0.688s] Level 1:colcon.colcon_core.package_identification:_identify(src/Omni_Mulinex_Joystic_OPC) by extension 'python'
[0.688s] Level 1:colcon.colcon_core.package_identification:_identify(src/Omni_Mulinex_Joystic_OPC) by extensions ['python_setup_py']
[0.688s] Level 1:colcon.colcon_core.package_identification:_identify(src/Omni_Mulinex_Joystic_OPC) by extension 'python_setup_py'
[0.689s] Level 1:colcon.colcon_core.package_identification:_identify(src/Omni_Mulinex_Joystic_OPC/omni_mulinex_joystic) by extensions ['ignore', 'ignore_ament_install']
[0.689s] Level 1:colcon.colcon_core.package_identification:_identify(src/Omni_Mulinex_Joystic_OPC/omni_mulinex_joystic) by extension 'ignore'
[0.689s] Level 1:colcon.colcon_core.package_identification:_identify(src/Omni_Mulinex_Joystic_OPC/omni_mulinex_joystic) by extension 'ignore_ament_install'
[0.690s] Level 1:colcon.colcon_core.package_identification:_identify(src/Omni_Mulinex_Joystic_OPC/omni_mulinex_joystic) by extensions ['colcon_pkg']
[0.690s] Level 1:colcon.colcon_core.package_identification:_identify(src/Omni_Mulinex_Joystic_OPC/omni_mulinex_joystic) by extension 'colcon_pkg'
[0.690s] Level 1:colcon.colcon_core.package_identification:_identify(src/Omni_Mulinex_Joystic_OPC/omni_mulinex_joystic) by extensions ['colcon_meta']
[0.690s] Level 1:colcon.colcon_core.package_identification:_identify(src/Omni_Mulinex_Joystic_OPC/omni_mulinex_joystic) by extension 'colcon_meta'
[0.690s] Level 1:colcon.colcon_core.package_identification:_identify(src/Omni_Mulinex_Joystic_OPC/omni_mulinex_joystic) by extensions ['ros']
[0.691s] Level 1:colcon.colcon_core.package_identification:_identify(src/Omni_Mulinex_Joystic_OPC/omni_mulinex_joystic) by extension 'ros'
[0.704s] DEBUG:colcon.colcon_core.package_identification:Package 'src/Omni_Mulinex_Joystic_OPC/omni_mulinex_joystic' with type 'ros.ament_cmake' and name 'omni_mulinex_joystic'
[0.705s] Level 1:colcon.colcon_core.package_identification:_identify(src/Pi3Hat_Controllers) by extensions ['ignore', 'ignore_ament_install']
[0.706s] Level 1:colcon.colcon_core.package_identification:_identify(src/Pi3Hat_Controllers) by extension 'ignore'
[0.706s] Level 1:colcon.colcon_core.package_identification:_identify(src/Pi3Hat_Controllers) by extension 'ignore_ament_install'
[0.706s] Level 1:colcon.colcon_core.package_identification:_identify(src/Pi3Hat_Controllers) by extensions ['colcon_pkg']
[0.706s] Level 1:colcon.colcon_core.package_identification:_identify(src/Pi3Hat_Controllers) by extension 'colcon_pkg'
[0.707s] Level 1:colcon.colcon_core.package_identification:_identify(src/Pi3Hat_Controllers) by extensions ['colcon_meta']
[0.707s] Level 1:colcon.colcon_core.package_identification:_identify(src/Pi3Hat_Controllers) by extension 'colcon_meta'
[0.707s] Level 1:colcon.colcon_core.package_identification:_identify(src/Pi3Hat_Controllers) by extensions ['ros']
[0.707s] Level 1:colcon.colcon_core.package_identification:_identify(src/Pi3Hat_Controllers) by extension 'ros'
[0.708s] Level 1:colcon.colcon_core.package_identification:_identify(src/Pi3Hat_Controllers) by extensions ['cmake', 'python']
[0.708s] Level 1:colcon.colcon_core.package_identification:_identify(src/Pi3Hat_Controllers) by extension 'cmake'
[0.708s] Level 1:colcon.colcon_core.package_identification:_identify(src/Pi3Hat_Controllers) by extension 'python'
[0.708s] Level 1:colcon.colcon_core.package_identification:_identify(src/Pi3Hat_Controllers) by extensions ['python_setup_py']
[0.709s] Level 1:colcon.colcon_core.package_identification:_identify(src/Pi3Hat_Controllers) by extension 'python_setup_py'
[0.709s] Level 1:colcon.colcon_core.package_identification:_identify(src/Pi3Hat_Controllers/log) by extensions ['ignore', 'ignore_ament_install']
[0.710s] Level 1:colcon.colcon_core.package_identification:_identify(src/Pi3Hat_Controllers/log) by extension 'ignore'
[0.710s] Level 1:colcon.colcon_core.package_identification:_identify(src/Pi3Hat_Controllers/log) ignored
[0.710s] Level 1:colcon.colcon_core.package_identification:_identify(src/Pi3Hat_Controllers/src) by extensions ['ignore', 'ignore_ament_install']
[0.711s] Level 1:colcon.colcon_core.package_identification:_identify(src/Pi3Hat_Controllers/src) by extension 'ignore'
[0.711s] Level 1:colcon.colcon_core.package_identification:_identify(src/Pi3Hat_Controllers/src) by extension 'ignore_ament_install'
[0.712s] Level 1:colcon.colcon_core.package_identification:_identify(src/Pi3Hat_Controllers/src) by extensions ['colcon_pkg']
[0.712s] Level 1:colcon.colcon_core.package_identification:_identify(src/Pi3Hat_Controllers/src) by extension 'colcon_pkg'
[0.712s] Level 1:colcon.colcon_core.package_identification:_identify(src/Pi3Hat_Controllers/src) by extensions ['colcon_meta']
[0.712s] Level 1:colcon.colcon_core.package_identification:_identify(src/Pi3Hat_Controllers/src) by extension 'colcon_meta'
[0.712s] Level 1:colcon.colcon_core.package_identification:_identify(src/Pi3Hat_Controllers/src) by extensions ['ros']
[0.713s] Level 1:colcon.colcon_core.package_identification:_identify(src/Pi3Hat_Controllers/src) by extension 'ros'
[0.713s] Level 1:colcon.colcon_core.package_identification:_identify(src/Pi3Hat_Controllers/src) by extensions ['cmake', 'python']
[0.713s] Level 1:colcon.colcon_core.package_identification:_identify(src/Pi3Hat_Controllers/src) by extension 'cmake'
[0.713s] Level 1:colcon.colcon_core.package_identification:_identify(src/Pi3Hat_Controllers/src) by extension 'python'
[0.713s] Level 1:colcon.colcon_core.package_identification:_identify(src/Pi3Hat_Controllers/src) by extensions ['python_setup_py']
[0.714s] Level 1:colcon.colcon_core.package_identification:_identify(src/Pi3Hat_Controllers/src) by extension 'python_setup_py'
[0.714s] Level 1:colcon.colcon_core.package_identification:_identify(src/Pi3Hat_Controllers/src/ik_quad_foot_control) by extensions ['ignore', 'ignore_ament_install']
[0.715s] Level 1:colcon.colcon_core.package_identification:_identify(src/Pi3Hat_Controllers/src/ik_quad_foot_control) by extension 'ignore'
[0.715s] Level 1:colcon.colcon_core.package_identification:_identify(src/Pi3Hat_Controllers/src/ik_quad_foot_control) by extension 'ignore_ament_install'
[0.715s] Level 1:colcon.colcon_core.package_identification:_identify(src/Pi3Hat_Controllers/src/ik_quad_foot_control) by extensions ['colcon_pkg']
[0.715s] Level 1:colcon.colcon_core.package_identification:_identify(src/Pi3Hat_Controllers/src/ik_quad_foot_control) by extension 'colcon_pkg'
[0.716s] Level 1:colcon.colcon_core.package_identification:_identify(src/Pi3Hat_Controllers/src/ik_quad_foot_control) by extensions ['colcon_meta']
[0.716s] Level 1:colcon.colcon_core.package_identification:_identify(src/Pi3Hat_Controllers/src/ik_quad_foot_control) by extension 'colcon_meta'
[0.716s] Level 1:colcon.colcon_core.package_identification:_identify(src/Pi3Hat_Controllers/src/ik_quad_foot_control) by extensions ['ros']
[0.716s] Level 1:colcon.colcon_core.package_identification:_identify(src/Pi3Hat_Controllers/src/ik_quad_foot_control) by extension 'ros'
[0.728s] DEBUG:colcon.colcon_core.package_identification:Package 'src/Pi3Hat_Controllers/src/ik_quad_foot_control' with type 'ros.ament_cmake' and name 'ik_quad_foot_control'
[0.728s] Level 1:colcon.colcon_core.package_identification:_identify(src/Pi3Hat_Controllers/src/omni_vel_controller) by extensions ['ignore', 'ignore_ament_install']
[0.729s] Level 1:colcon.colcon_core.package_identification:_identify(src/Pi3Hat_Controllers/src/omni_vel_controller) by extension 'ignore'
[0.729s] Level 1:colcon.colcon_core.package_identification:_identify(src/Pi3Hat_Controllers/src/omni_vel_controller) by extension 'ignore_ament_install'
[0.730s] Level 1:colcon.colcon_core.package_identification:_identify(src/Pi3Hat_Controllers/src/omni_vel_controller) by extensions ['colcon_pkg']
[0.730s] Level 1:colcon.colcon_core.package_identification:_identify(src/Pi3Hat_Controllers/src/omni_vel_controller) by extension 'colcon_pkg'
[0.730s] Level 1:colcon.colcon_core.package_identification:_identify(src/Pi3Hat_Controllers/src/omni_vel_controller) by extensions ['colcon_meta']
[0.730s] Level 1:colcon.colcon_core.package_identification:_identify(src/Pi3Hat_Controllers/src/omni_vel_controller) by extension 'colcon_meta'
[0.731s] Level 1:colcon.colcon_core.package_identification:_identify(src/Pi3Hat_Controllers/src/omni_vel_controller) by extensions ['ros']
[0.731s] Level 1:colcon.colcon_core.package_identification:_identify(src/Pi3Hat_Controllers/src/omni_vel_controller) by extension 'ros'
[0.735s] DEBUG:colcon.colcon_core.package_identification:Package 'src/Pi3Hat_Controllers/src/omni_vel_controller' with type 'ros.ament_cmake' and name 'omni_vel_controller'
[0.736s] Level 1:colcon.colcon_core.package_identification:_identify(src/Pi3Hat_Controllers/src/pi3hat_moteus_int_msgs) by extensions ['ignore', 'ignore_ament_install']
[0.736s] Level 1:colcon.colcon_core.package_identification:_identify(src/Pi3Hat_Controllers/src/pi3hat_moteus_int_msgs) by extension 'ignore'
[0.736s] Level 1:colcon.colcon_core.package_identification:_identify(src/Pi3Hat_Controllers/src/pi3hat_moteus_int_msgs) by extension 'ignore_ament_install'
[0.737s] Level 1:colcon.colcon_core.package_identification:_identify(src/Pi3Hat_Controllers/src/pi3hat_moteus_int_msgs) by extensions ['colcon_pkg']
[0.737s] Level 1:colcon.colcon_core.package_identification:_identify(src/Pi3Hat_Controllers/src/pi3hat_moteus_int_msgs) by extension 'colcon_pkg'
[0.737s] Level 1:colcon.colcon_core.package_identification:_identify(src/Pi3Hat_Controllers/src/pi3hat_moteus_int_msgs) by extensions ['colcon_meta']
[0.737s] Level 1:colcon.colcon_core.package_identification:_identify(src/Pi3Hat_Controllers/src/pi3hat_moteus_int_msgs) by extension 'colcon_meta'
[0.738s] Level 1:colcon.colcon_core.package_identification:_identify(src/Pi3Hat_Controllers/src/pi3hat_moteus_int_msgs) by extensions ['ros']
[0.738s] Level 1:colcon.colcon_core.package_identification:_identify(src/Pi3Hat_Controllers/src/pi3hat_moteus_int_msgs) by extension 'ros'
[0.748s] DEBUG:colcon.colcon_core.package_identification:Package 'src/Pi3Hat_Controllers/src/pi3hat_moteus_int_msgs' with type 'ros.ament_cmake' and name 'pi3hat_moteus_int_msgs'
[0.748s] Level 1:colcon.colcon_core.package_identification:_identify(src/custom_interfaces) by extensions ['ignore', 'ignore_ament_install']
[0.749s] Level 1:colcon.colcon_core.package_identification:_identify(src/custom_interfaces) by extension 'ignore'
[0.749s] Level 1:colcon.colcon_core.package_identification:_identify(src/custom_interfaces) by extension 'ignore_ament_install'
[0.749s] Level 1:colcon.colcon_core.package_identification:_identify(src/custom_interfaces) by extensions ['colcon_pkg']
[0.749s] Level 1:colcon.colcon_core.package_identification:_identify(src/custom_interfaces) by extension 'colcon_pkg'
[0.750s] Level 1:colcon.colcon_core.package_identification:_identify(src/custom_interfaces) by extensions ['colcon_meta']
[0.750s] Level 1:colcon.colcon_core.package_identification:_identify(src/custom_interfaces) by extension 'colcon_meta'
[0.750s] Level 1:colcon.colcon_core.package_identification:_identify(src/custom_interfaces) by extensions ['ros']
[0.750s] Level 1:colcon.colcon_core.package_identification:_identify(src/custom_interfaces) by extension 'ros'
[0.752s] DEBUG:colcon.colcon_core.package_identification:Package 'src/custom_interfaces' with type 'ros.ament_cmake' and name 'custom_interfaces'
[0.753s] Level 1:colcon.colcon_core.package_identification:_identify(src/mulinex_description) by extensions ['ignore', 'ignore_ament_install']
[0.753s] Level 1:colcon.colcon_core.package_identification:_identify(src/mulinex_description) by extension 'ignore'
[0.753s] Level 1:colcon.colcon_core.package_identification:_identify(src/mulinex_description) by extension 'ignore_ament_install'
[0.754s] Level 1:colcon.colcon_core.package_identification:_identify(src/mulinex_description) by extensions ['colcon_pkg']
[0.754s] Level 1:colcon.colcon_core.package_identification:_identify(src/mulinex_description) by extension 'colcon_pkg'
[0.754s] Level 1:colcon.colcon_core.package_identification:_identify(src/mulinex_description) by extensions ['colcon_meta']
[0.754s] Level 1:colcon.colcon_core.package_identification:_identify(src/mulinex_description) by extension 'colcon_meta'
[0.754s] Level 1:colcon.colcon_core.package_identification:_identify(src/mulinex_description) by extensions ['ros']
[0.755s] Level 1:colcon.colcon_core.package_identification:_identify(src/mulinex_description) by extension 'ros'
[0.757s] DEBUG:colcon.colcon_core.package_identification:Package 'src/mulinex_description' with type 'ros.ament_cmake' and name 'mulinex_description'
[0.757s] Level 1:colcon.colcon_core.package_identification:_identify(src/mulinex_ignition) by extensions ['ignore', 'ignore_ament_install']
[0.757s] Level 1:colcon.colcon_core.package_identification:_identify(src/mulinex_ignition) by extension 'ignore'
[0.758s] Level 1:colcon.colcon_core.package_identification:_identify(src/mulinex_ignition) by extension 'ignore_ament_install'
[0.767s] Level 1:colcon.colcon_core.package_identification:_identify(src/mulinex_ignition) by extensions ['colcon_pkg']
[0.768s] Level 1:colcon.colcon_core.package_identification:_identify(src/mulinex_ignition) by extension 'colcon_pkg'
[0.768s] Level 1:colcon.colcon_core.package_identification:_identify(src/mulinex_ignition) by extensions ['colcon_meta']
[0.768s] Level 1:colcon.colcon_core.package_identification:_identify(src/mulinex_ignition) by extension 'colcon_meta'
[0.768s] Level 1:colcon.colcon_core.package_identification:_identify(src/mulinex_ignition) by extensions ['ros']
[0.769s] Level 1:colcon.colcon_core.package_identification:_identify(src/mulinex_ignition) by extension 'ros'
[0.771s] DEBUG:colcon.colcon_core.package_identification:Package 'src/mulinex_ignition' with type 'ros.ament_cmake' and name 'mulinex_ignition'
[0.771s] Level 1:colcon.colcon_core.package_identification:_identify(src/mulinex_ignition_py) by extensions ['ignore', 'ignore_ament_install']
[0.772s] Level 1:colcon.colcon_core.package_identification:_identify(src/mulinex_ignition_py) by extension 'ignore'
[0.772s] Level 1:colcon.colcon_core.package_identification:_identify(src/mulinex_ignition_py) by extension 'ignore_ament_install'
[0.772s] Level 1:colcon.colcon_core.package_identification:_identify(src/mulinex_ignition_py) by extensions ['colcon_pkg']
[0.773s] Level 1:colcon.colcon_core.package_identification:_identify(src/mulinex_ignition_py) by extension 'colcon_pkg'
[0.773s] Level 1:colcon.colcon_core.package_identification:_identify(src/mulinex_ignition_py) by extensions ['colcon_meta']
[0.773s] Level 1:colcon.colcon_core.package_identification:_identify(src/mulinex_ignition_py) by extension 'colcon_meta'
[0.773s] Level 1:colcon.colcon_core.package_identification:_identify(src/mulinex_ignition_py) by extensions ['ros']
[0.773s] Level 1:colcon.colcon_core.package_identification:_identify(src/mulinex_ignition_py) by extension 'ros'
[0.775s] DEBUG:colcon.colcon_core.package_identification:Package 'src/mulinex_ignition_py' with type 'ros.ament_python' and name 'mulinex_ignition_py'
[0.776s] Level 1:colcon.colcon_core.package_identification:_identify(src/rbt_pd_cnt) by extensions ['ignore', 'ignore_ament_install']
[0.776s] Level 1:colcon.colcon_core.package_identification:_identify(src/rbt_pd_cnt) by extension 'ignore'
[0.777s] Level 1:colcon.colcon_core.package_identification:_identify(src/rbt_pd_cnt) by extension 'ignore_ament_install'
[0.777s] Level 1:colcon.colcon_core.package_identification:_identify(src/rbt_pd_cnt) by extensions ['colcon_pkg']
[0.777s] Level 1:colcon.colcon_core.package_identification:_identify(src/rbt_pd_cnt) by extension 'colcon_pkg'
[0.777s] Level 1:colcon.colcon_core.package_identification:_identify(src/rbt_pd_cnt) by extensions ['colcon_meta']
[0.778s] Level 1:colcon.colcon_core.package_identification:_identify(src/rbt_pd_cnt) by extension 'colcon_meta'
[0.778s] Level 1:colcon.colcon_core.package_identification:_identify(src/rbt_pd_cnt) by extensions ['ros']
[0.778s] Level 1:colcon.colcon_core.package_identification:_identify(src/rbt_pd_cnt) by extension 'ros'
[0.789s] DEBUG:colcon.colcon_core.package_identification:Package 'src/rbt_pd_cnt' with type 'ros.ament_cmake' and name 'rbt_pd_cnt'
[0.790s] Level 1:colcon.colcon_core.package_identification:_identify(src/rlg_quad_controller) by extensions ['ignore', 'ignore_ament_install']
[0.790s] Level 1:colcon.colcon_core.package_identification:_identify(src/rlg_quad_controller) by extension 'ignore'
[0.790s] Level 1:colcon.colcon_core.package_identification:_identify(src/rlg_quad_controller) by extension 'ignore_ament_install'
[0.791s] Level 1:colcon.colcon_core.package_identification:_identify(src/rlg_quad_controller) by extensions ['colcon_pkg']
[0.791s] Level 1:colcon.colcon_core.package_identification:_identify(src/rlg_quad_controller) by extension 'colcon_pkg'
[0.791s] Level 1:colcon.colcon_core.package_identification:_identify(src/rlg_quad_controller) by extensions ['colcon_meta']
[0.791s] Level 1:colcon.colcon_core.package_identification:_identify(src/rlg_quad_controller) by extension 'colcon_meta'
[0.791s] Level 1:colcon.colcon_core.package_identification:_identify(src/rlg_quad_controller) by extensions ['ros']
[0.792s] Level 1:colcon.colcon_core.package_identification:_identify(src/rlg_quad_controller) by extension 'ros'
[0.794s] DEBUG:colcon.colcon_core.package_identification:Package 'src/rlg_quad_controller' with type 'ros.ament_python' and name 'rlg_quad_controller'
[0.794s] Level 1:colcon.colcon_core.package_identification:_identify(src/wheels_vel_cnt) by extensions ['ignore', 'ignore_ament_install']
[0.796s] Level 1:colcon.colcon_core.package_identification:_identify(src/wheels_vel_cnt) by extension 'ignore'
[0.798s] Level 1:colcon.colcon_core.package_identification:_identify(src/wheels_vel_cnt) by extension 'ignore_ament_install'
[0.800s] Level 1:colcon.colcon_core.package_identification:_identify(src/wheels_vel_cnt) by extensions ['colcon_pkg']
[0.801s] Level 1:colcon.colcon_core.package_identification:_identify(src/wheels_vel_cnt) by extension 'colcon_pkg'
[0.802s] Level 1:colcon.colcon_core.package_identification:_identify(src/wheels_vel_cnt) by extensions ['colcon_meta']
[0.803s] Level 1:colcon.colcon_core.package_identification:_identify(src/wheels_vel_cnt) by extension 'colcon_meta'
[0.805s] Level 1:colcon.colcon_core.package_identification:_identify(src/wheels_vel_cnt) by extensions ['ros']
[0.806s] Level 1:colcon.colcon_core.package_identification:_identify(src/wheels_vel_cnt) by extension 'ros'
[0.810s] DEBUG:colcon.colcon_core.package_identification:Package 'src/wheels_vel_cnt' with type 'ros.ament_cmake' and name 'wheels_vel_cnt'
[0.811s] Level 1:colcon.colcon_core.package_discovery:discover_packages(recursive) using defaults
[0.811s] Level 1:colcon.colcon_core.package_discovery:discover_packages(ignore) discover
[0.811s] Level 1:colcon.colcon_core.package_discovery:discover_packages(ignore) using defaults
[0.811s] Level 1:colcon.colcon_core.package_discovery:discover_packages(path) discover
[0.811s] Level 1:colcon.colcon_core.package_discovery:discover_packages(path) using defaults
[0.964s] INFO:colcon.colcon_core.package_selection:Skipping not selected package 'custom_interfaces' in 'src/custom_interfaces'
[0.964s] INFO:colcon.colcon_core.package_selection:Skipping not selected package 'mulinex_description' in 'src/mulinex_description'
[0.965s] INFO:colcon.colcon_core.package_selection:Skipping not selected package 'mulinex_ignition_py' in 'src/mulinex_ignition_py'
[0.965s] INFO:colcon.colcon_core.package_selection:Skipping not selected package 'ik_quad_foot_control' in 'src/Pi3Hat_Controllers/src/ik_quad_foot_control'
[0.965s] INFO:colcon.colcon_core.package_selection:Skipping not selected package 'mulinex_ignition' in 'src/mulinex_ignition'
[0.965s] INFO:colcon.colcon_core.package_selection:Skipping not selected package 'omni_mulinex_joystic' in 'src/Omni_Mulinex_Joystic_OPC/omni_mulinex_joystic'
[0.966s] INFO:colcon.colcon_core.package_selection:Skipping not selected package 'omni_vel_controller' in 'src/Pi3Hat_Controllers/src/omni_vel_controller'
[0.966s] INFO:colcon.colcon_core.package_selection:Skipping not selected package 'rbt_pd_cnt' in 'src/rbt_pd_cnt'
[0.967s] INFO:colcon.colcon_core.package_selection:Skipping not selected package 'rlg_quad_controller' in 'src/rlg_quad_controller'
[0.967s] INFO:colcon.colcon_core.package_selection:Skipping not selected package 'wheels_vel_cnt' in 'src/wheels_vel_cnt'
[0.970s] Level 5:colcon.colcon_core.verb:set package 'pi3hat_moteus_int_msgs' build argument 'cmake_args' from command line to 'None'
[0.971s] Level 5:colcon.colcon_core.verb:set package 'pi3hat_moteus_int_msgs' build argument 'cmake_target' from command line to 'None'
[0.971s] Level 5:colcon.colcon_core.verb:set package 'pi3hat_moteus_int_msgs' build argument 'cmake_target_skip_unavailable' from command line to 'False'
[0.971s] Level 5:colcon.colcon_core.verb:set package 'pi3hat_moteus_int_msgs' build argument 'cmake_clean_cache' from command line to 'False'
[0.972s] Level 5:colcon.colcon_core.verb:set package 'pi3hat_moteus_int_msgs' build argument 'cmake_clean_first' from command line to 'False'
[0.972s] Level 5:colcon.colcon_core.verb:set package 'pi3hat_moteus_int_msgs' build argument 'cmake_force_configure' from command line to 'False'
[0.972s] Level 5:colcon.colcon_core.verb:set package 'pi3hat_moteus_int_msgs' build argument 'ament_cmake_args' from command line to 'None'
[0.972s] Level 5:colcon.colcon_core.verb:set package 'pi3hat_moteus_int_msgs' build argument 'catkin_cmake_args' from command line to 'None'
[0.972s] Level 5:colcon.colcon_core.verb:set package 'pi3hat_moteus_int_msgs' build argument 'catkin_skip_building_tests' from command line to 'False'
[0.972s] DEBUG:colcon.colcon_core.verb:Building package 'pi3hat_moteus_int_msgs' with the following arguments: {'ament_cmake_args': None, 'build_base': '/home/ros/docker_simulation_ws/build/pi3hat_moteus_int_msgs', 'catkin_cmake_args': None, 'catkin_skip_building_tests': False, 'cmake_args': None, 'cmake_clean_cache': False, 'cmake_clean_first': False, 'cmake_force_configure': False, 'cmake_target': None, 'cmake_target_skip_unavailable': False, 'install_base': '/home/ros/docker_simulation_ws/install/pi3hat_moteus_int_msgs', 'merge_install': False, 'path': '/home/ros/docker_simulation_ws/src/Pi3Hat_Controllers/src/pi3hat_moteus_int_msgs', 'symlink_install': True, 'test_result_base': None}
[0.973s] INFO:colcon.colcon_core.executor:Executing jobs using 'parallel' executor
[0.976s] DEBUG:colcon.colcon_parallel_executor.executor.parallel:run_until_complete
[0.977s] INFO:colcon.colcon_ros.task.ament_cmake.build:Building ROS package in '/home/ros/docker_simulation_ws/src/Pi3Hat_Controllers/src/pi3hat_moteus_int_msgs' with build type 'ament_cmake'
[0.978s] INFO:colcon.colcon_cmake.task.cmake.build:Building CMake package in '/home/ros/docker_simulation_ws/src/Pi3Hat_Controllers/src/pi3hat_moteus_int_msgs'
[0.991s] INFO:colcon.colcon_core.plugin_system:Skipping extension 'colcon_core.shell.bat': Not used on non-Windows systems
[0.993s] INFO:colcon.colcon_core.shell:Skip shell extension 'powershell' for command environment: Not usable outside of PowerShell
[0.993s] DEBUG:colcon.colcon_core.shell:Skip shell extension 'dsv' for command environment
[1.047s] DEBUG:colcon.colcon_core.event_handler.log_command:Invoking command in '/home/ros/docker_simulation_ws/build/pi3hat_moteus_int_msgs': CMAKE_PREFIX_PATH=/opt/ros/humble /usr/bin/cmake /home/ros/docker_simulation_ws/src/Pi3Hat_Controllers/src/pi3hat_moteus_int_msgs -DAMENT_CMAKE_SYMLINK_INSTALL=1 -DCMAKE_INSTALL_PREFIX=/home/ros/docker_simulation_ws/install/pi3hat_moteus_int_msgs
[5.834s] DEBUG:colcon.colcon_core.event_handler.log_command:Invoked command in '/home/ros/docker_simulation_ws/build/pi3hat_moteus_int_msgs' returned '0': CMAKE_PREFIX_PATH=/opt/ros/humble /usr/bin/cmake /home/ros/docker_simulation_ws/src/Pi3Hat_Controllers/src/pi3hat_moteus_int_msgs -DAMENT_CMAKE_SYMLINK_INSTALL=1 -DCMAKE_INSTALL_PREFIX=/home/ros/docker_simulation_ws/install/pi3hat_moteus_int_msgs
[5.839s] DEBUG:colcon.colcon_core.event_handler.log_command:Invoking command in '/home/ros/docker_simulation_ws/build/pi3hat_moteus_int_msgs': CMAKE_PREFIX_PATH=/opt/ros/humble /usr/bin/cmake --build /home/ros/docker_simulation_ws/build/pi3hat_moteus_int_msgs -- -j12 -l12
[15.516s] DEBUG:colcon.colcon_core.event_handler.log_command:Invoked command in '/home/ros/docker_simulation_ws/build/pi3hat_moteus_int_msgs' returned '0': CMAKE_PREFIX_PATH=/opt/ros/humble /usr/bin/cmake --build /home/ros/docker_simulation_ws/build/pi3hat_moteus_int_msgs -- -j12 -l12
[15.536s] DEBUG:colcon.colcon_core.event_handler.log_command:Invoking command in '/home/ros/docker_simulation_ws/build/pi3hat_moteus_int_msgs': CMAKE_PREFIX_PATH=/opt/ros/humble /usr/bin/cmake --install /home/ros/docker_simulation_ws/build/pi3hat_moteus_int_msgs
[17.514s] Level 1:colcon.colcon_core.environment:create_environment_scripts_only(pi3hat_moteus_int_msgs)
[17.516s] DEBUG:colcon.colcon_core.event_handler.log_command:Invoked command in '/home/ros/docker_simulation_ws/build/pi3hat_moteus_int_msgs' returned '0': CMAKE_PREFIX_PATH=/opt/ros/humble /usr/bin/cmake --install /home/ros/docker_simulation_ws/build/pi3hat_moteus_int_msgs
[17.519s] Level 1:colcon.colcon_core.environment:checking '/home/ros/docker_simulation_ws/install/pi3hat_moteus_int_msgs' for CMake module files
[17.520s] Level 1:colcon.colcon_core.environment:checking '/home/ros/docker_simulation_ws/install/pi3hat_moteus_int_msgs' for CMake config files
[17.521s] Level 1:colcon.colcon_core.shell:create_environment_hook('pi3hat_moteus_int_msgs', 'cmake_prefix_path')
[17.521s] INFO:colcon.colcon_core.shell:Creating environment hook '/home/ros/docker_simulation_ws/install/pi3hat_moteus_int_msgs/share/pi3hat_moteus_int_msgs/hook/cmake_prefix_path.ps1'
[17.523s] INFO:colcon.colcon_core.shell:Creating environment descriptor '/home/ros/docker_simulation_ws/install/pi3hat_moteus_int_msgs/share/pi3hat_moteus_int_msgs/hook/cmake_prefix_path.dsv'
[17.524s] INFO:colcon.colcon_core.shell:Creating environment hook '/home/ros/docker_simulation_ws/install/pi3hat_moteus_int_msgs/share/pi3hat_moteus_int_msgs/hook/cmake_prefix_path.sh'
[17.525s] Level 1:colcon.colcon_core.environment:checking '/home/ros/docker_simulation_ws/install/pi3hat_moteus_int_msgs/lib'
[17.525s] Level 1:colcon.colcon_core.shell:create_environment_hook('pi3hat_moteus_int_msgs', 'ld_library_path_lib')
[17.526s] INFO:colcon.colcon_core.shell:Creating environment hook '/home/ros/docker_simulation_ws/install/pi3hat_moteus_int_msgs/share/pi3hat_moteus_int_msgs/hook/ld_library_path_lib.ps1'
[17.526s] INFO:colcon.colcon_core.shell:Creating environment descriptor '/home/ros/docker_simulation_ws/install/pi3hat_moteus_int_msgs/share/pi3hat_moteus_int_msgs/hook/ld_library_path_lib.dsv'
[17.527s] INFO:colcon.colcon_core.shell:Creating environment hook '/home/ros/docker_simulation_ws/install/pi3hat_moteus_int_msgs/share/pi3hat_moteus_int_msgs/hook/ld_library_path_lib.sh'
[17.528s] Level 1:colcon.colcon_core.environment:checking '/home/ros/docker_simulation_ws/install/pi3hat_moteus_int_msgs/bin'
[17.528s] Level 1:colcon.colcon_core.environment:checking '/home/ros/docker_simulation_ws/install/pi3hat_moteus_int_msgs/lib/pkgconfig/pi3hat_moteus_int_msgs.pc'
[17.530s] Level 1:colcon.colcon_core.environment:checking '/home/ros/docker_simulation_ws/install/pi3hat_moteus_int_msgs/lib/python3.10/site-packages'
[17.530s] Level 1:colcon.colcon_core.environment:checking '/home/ros/docker_simulation_ws/install/pi3hat_moteus_int_msgs/bin'
[17.531s] INFO:colcon.colcon_core.shell:Creating package script '/home/ros/docker_simulation_ws/install/pi3hat_moteus_int_msgs/share/pi3hat_moteus_int_msgs/package.ps1'
[17.534s] INFO:colcon.colcon_core.shell:Creating package descriptor '/home/ros/docker_simulation_ws/install/pi3hat_moteus_int_msgs/share/pi3hat_moteus_int_msgs/package.dsv'
[17.535s] INFO:colcon.colcon_core.shell:Creating package script '/home/ros/docker_simulation_ws/install/pi3hat_moteus_int_msgs/share/pi3hat_moteus_int_msgs/package.sh'
[17.536s] INFO:colcon.colcon_core.shell:Creating package script '/home/ros/docker_simulation_ws/install/pi3hat_moteus_int_msgs/share/pi3hat_moteus_int_msgs/package.bash'
[17.538s] INFO:colcon.colcon_core.shell:Creating package script '/home/ros/docker_simulation_ws/install/pi3hat_moteus_int_msgs/share/pi3hat_moteus_int_msgs/package.zsh'
[17.539s] Level 1:colcon.colcon_core.environment:create_file_with_runtime_dependencies(/home/ros/docker_simulation_ws/install/pi3hat_moteus_int_msgs/share/colcon-core/packages/pi3hat_moteus_int_msgs)
[17.541s] Level 1:colcon.colcon_core.environment:create_environment_scripts_only(pi3hat_moteus_int_msgs)
[17.542s] Level 1:colcon.colcon_core.environment:checking '/home/ros/docker_simulation_ws/install/pi3hat_moteus_int_msgs' for CMake module files
[17.543s] Level 1:colcon.colcon_core.environment:checking '/home/ros/docker_simulation_ws/install/pi3hat_moteus_int_msgs' for CMake config files
[17.544s] Level 1:colcon.colcon_core.shell:create_environment_hook('pi3hat_moteus_int_msgs', 'cmake_prefix_path')
[17.544s] INFO:colcon.colcon_core.shell:Creating environment hook '/home/ros/docker_simulation_ws/install/pi3hat_moteus_int_msgs/share/pi3hat_moteus_int_msgs/hook/cmake_prefix_path.ps1'
[17.545s] INFO:colcon.colcon_core.shell:Creating environment descriptor '/home/ros/docker_simulation_ws/install/pi3hat_moteus_int_msgs/share/pi3hat_moteus_int_msgs/hook/cmake_prefix_path.dsv'
[17.545s] INFO:colcon.colcon_core.shell:Creating environment hook '/home/ros/docker_simulation_ws/install/pi3hat_moteus_int_msgs/share/pi3hat_moteus_int_msgs/hook/cmake_prefix_path.sh'
[17.546s] Level 1:colcon.colcon_core.environment:checking '/home/ros/docker_simulation_ws/install/pi3hat_moteus_int_msgs/lib'
[17.546s] Level 1:colcon.colcon_core.shell:create_environment_hook('pi3hat_moteus_int_msgs', 'ld_library_path_lib')
[17.547s] INFO:colcon.colcon_core.shell:Creating environment hook '/home/ros/docker_simulation_ws/install/pi3hat_moteus_int_msgs/share/pi3hat_moteus_int_msgs/hook/ld_library_path_lib.ps1'
[17.547s] INFO:colcon.colcon_core.shell:Creating environment descriptor '/home/ros/docker_simulation_ws/install/pi3hat_moteus_int_msgs/share/pi3hat_moteus_int_msgs/hook/ld_library_path_lib.dsv'
[17.548s] INFO:colcon.colcon_core.shell:Creating environment hook '/home/ros/docker_simulation_ws/install/pi3hat_moteus_int_msgs/share/pi3hat_moteus_int_msgs/hook/ld_library_path_lib.sh'
[17.549s] Level 1:colcon.colcon_core.environment:checking '/home/ros/docker_simulation_ws/install/pi3hat_moteus_int_msgs/bin'
[17.549s] Level 1:colcon.colcon_core.environment:checking '/home/ros/docker_simulation_ws/install/pi3hat_moteus_int_msgs/lib/pkgconfig/pi3hat_moteus_int_msgs.pc'
[17.549s] Level 1:colcon.colcon_core.environment:checking '/home/ros/docker_simulation_ws/install/pi3hat_moteus_int_msgs/lib/python3.10/site-packages'
[17.550s] Level 1:colcon.colcon_core.environment:checking '/home/ros/docker_simulation_ws/install/pi3hat_moteus_int_msgs/bin'
[17.551s] INFO:colcon.colcon_core.shell:Creating package script '/home/ros/docker_simulation_ws/install/pi3hat_moteus_int_msgs/share/pi3hat_moteus_int_msgs/package.ps1'
[17.552s] INFO:colcon.colcon_core.shell:Creating package descriptor '/home/ros/docker_simulation_ws/install/pi3hat_moteus_int_msgs/share/pi3hat_moteus_int_msgs/package.dsv'
[17.553s] INFO:colcon.colcon_core.shell:Creating package script '/home/ros/docker_simulation_ws/install/pi3hat_moteus_int_msgs/share/pi3hat_moteus_int_msgs/package.sh'
[17.554s] INFO:colcon.colcon_core.shell:Creating package script '/home/ros/docker_simulation_ws/install/pi3hat_moteus_int_msgs/share/pi3hat_moteus_int_msgs/package.bash'
[17.555s] INFO:colcon.colcon_core.shell:Creating package script '/home/ros/docker_simulation_ws/install/pi3hat_moteus_int_msgs/share/pi3hat_moteus_int_msgs/package.zsh'
[17.556s] Level 1:colcon.colcon_core.environment:create_file_with_runtime_dependencies(/home/ros/docker_simulation_ws/install/pi3hat_moteus_int_msgs/share/colcon-core/packages/pi3hat_moteus_int_msgs)
[17.557s] DEBUG:colcon.colcon_parallel_executor.executor.parallel:closing loop
[17.557s] DEBUG:colcon.colcon_parallel_executor.executor.parallel:loop closed
[17.557s] DEBUG:colcon.colcon_parallel_executor.executor.parallel:run_until_complete finished with '0'
[17.558s] DEBUG:colcon.colcon_core.event_reactor:joining thread
[17.571s] INFO:colcon.colcon_core.plugin_system:Skipping extension 'colcon_notification.desktop_notification.notify_send': Could not find 'notify-send'
[17.571s] INFO:colcon.colcon_core.plugin_system:Skipping extension 'colcon_notification.desktop_notification.terminal_notifier': Not used on non-Darwin systems
[17.571s] INFO:colcon.colcon_core.plugin_system:Skipping extension 'colcon_notification.desktop_notification.win32': Not used on non-Windows systems
[17.571s] INFO:colcon.colcon_notification.desktop_notification:Sending desktop notification using 'notify2'
[17.575s] DEBUG:colcon.colcon_notification.desktop_notification.notify2:Failed to initialize notify2: org.freedesktop.DBus.Error.Spawn.ExecFailed: /usr/bin/dbus-launch terminated abnormally without any error message
[17.575s] DEBUG:colcon.colcon_core.event_reactor:joined thread
[17.576s] INFO:colcon.colcon_core.shell:Creating prefix script '/home/ros/docker_simulation_ws/install/local_setup.ps1'
[17.577s] INFO:colcon.colcon_core.shell:Creating prefix util module '/home/ros/docker_simulation_ws/install/_local_setup_util_ps1.py'
[17.579s] INFO:colcon.colcon_core.shell:Creating prefix chain script '/home/ros/docker_simulation_ws/install/setup.ps1'
[17.580s] INFO:colcon.colcon_core.shell:Creating prefix script '/home/ros/docker_simulation_ws/install/local_setup.sh'
[17.581s] INFO:colcon.colcon_core.shell:Creating prefix util module '/home/ros/docker_simulation_ws/install/_local_setup_util_sh.py'
[17.582s] INFO:colcon.colcon_core.shell:Creating prefix chain script '/home/ros/docker_simulation_ws/install/setup.sh'
[17.585s] INFO:colcon.colcon_core.shell:Creating prefix script '/home/ros/docker_simulation_ws/install/local_setup.bash'
[17.586s] INFO:colcon.colcon_core.shell:Creating prefix chain script '/home/ros/docker_simulation_ws/install/setup.bash'
[17.587s] INFO:colcon.colcon_core.shell:Creating prefix script '/home/ros/docker_simulation_ws/install/local_setup.zsh'
[17.588s] INFO:colcon.colcon_core.shell:Creating prefix chain script '/home/ros/docker_simulation_ws/install/setup.zsh'
